@ GetLLMVersion %s "V3.0.0 Dev"
@ Command %s "/afs/cern.ch/eng/sl/lintrack/miniconda2/bin/python '/afs/cern.ch/eng/sl/lintrack/Beta-Beat.src/GetLLM/GetLLM.py' '--accel=LHCB2' '--model=/user/slops/data/LHC_DATA/OP_DATA/Betabeat/2022-04-27/models/LHCB2/LHCB2_30cm_noknowledge/twiss.dat' '--files=/user/slops/data/LHC_DATA/OP_DATA/Betabeat/2022-04-27/LHCB2/Measurements/Beam2@Turn@2022_04_27@22_23_32_100-1_6600/Beam2@Turn@2022_04_27@22_23_32_100.sdds,/user/slops/data/LHC_DATA/OP_DATA/Betabeat/2022-04-27/LHCB2/Measurements/Beam2@Turn@2022_04_27@22_24_53_620-1_6600/Beam2@Turn@2022_04_27@22_24_53_620.sdds,/user/slops/data/LHC_DATA/OP_DATA/Betabeat/2022-04-27/LHCB2/Measurements/Beam2@Turn@2022_04_27@22_27_44_180-1_6600/Beam2@Turn@2022_04_27@22_27_44_180.sdds' '--output=/user/slops/data/LHC_DATA/OP_DATA/Betabeat/2022-04-27/LHCB2/Results/b2_3files_12percent_30cm_beforecorrection' '--tbtana=SUSSIX' '--bpmu=mm' '--useerrorofmean=false' '--lhcphase=0' '--errordefs=/user/slops/data/LHC_DATA/OP_DATA/Betabeat/2022-04-27/models/LHCB2/LHCB2_30cm_noknowledge/error_deff.txt' '--calibration=/afs/cern.ch/eng/sl/lintrack/LHC_commissioning2017/Calibration_factors_2017/Calibration_factors_2017_beam2' '--range=11'"
@ CWD %s "/nfs/cs-ccr-nfsop/nfs2/vol1/u1/lhcop"
@ Date %s "28. April 2022, 00:32:15"
@ FILES %s ""
*                 NAME                    S                X1010             X1010RMS           X1010PHASE        X1010PHASERMS               X1010M          X1010MPHASE
$                   %s                  %le                  %le                  %le                  %le                  %le                  %le                  %le
        "BPMYB.5R8.B2"               16.238    0.007770997725844    0.001491602954812      -0.301006176114     0.04714273503101                    0                    0
        "BPM_A.7R8.B2"              122.586    0.005671994497547    0.001746434510529     -0.1256412266295     0.03035581718153                    0                    0
          "BPM.8R8.B2"          164.0249894    0.004870701863832    0.001501776333756     -0.2427760503489      0.1037986258342                    0                    0
          "BPM.9R8.B2"          203.0919788    0.003924954828329   0.0003429309930492      0.0490964112999     0.00468148000839                    0                    0
         "BPM.10R8.B2"          243.5569682    0.005334722549566   0.0001866349117894    -0.06608200974497     0.01638146567123                    0                    0
         "BPM.11R8.B2"          295.3976576     0.00728401505047   0.0007739530854407     -0.1976635768067     0.02669220392622                    0                    0
         "BPM.12R8.B2"          350.1241417    0.007879389725411   0.0009148911716047     -0.1288085966923       0.425389515507                    0                    0
         "BPM.13R8.B2"          403.5756258    0.003369457021278   0.0005395428537785      0.0952471821509     0.01333749134946                    0                    0
         "BPM.14R8.B2"          457.0271099    0.005095085761251   0.0004299390637089    -0.03688733284357     0.01706025278725                    0                    0
         "BPM.15R8.B2"           510.478594    0.007482871278676   0.0006918893767394     -0.2264106089854     0.04839467384484                    0                    0
         "BPM.16R8.B2"          563.9300781    0.007153437316585   0.0004150050931648      0.4825824086278     0.02253279151245                    0                    0
         "BPM.17R8.B2"          617.3815622    0.003266248771602   9.885080968157e-05       0.120149954312     0.02017254857653                    0                    0
         "BPM.18R8.B2"          670.8330463    0.004532516755883   0.0006962671407044      0.0120469220201     0.04911601485597                    0                    0
         "BPM.19R8.B2"          724.2845304    0.006685905224333   0.0005097025035326     -0.2300828866557     0.04240599330883                    0                    0
         "BPM.20R8.B2"          777.7360145    0.005936842042832   0.0009329369183977       0.393971618287      0.0894038744904                    0                    0
         "BPM.21R8.B2"          831.1874986    0.003392311907174   0.0001625419077631      0.1225172959597     0.01473103067329                    0                    0
         "BPM.22R8.B2"          884.6389827    0.004905147420428   0.0009636654207135      0.0010097504136     0.06464615851408                    0                    0
         "BPM.23R8.B2"          938.0904667    0.007028413801037   0.0005618838063219     -0.2301451966682      0.0361722462073                    0                    0
         "BPM.24R8.B2"          991.5419508    0.006542646804237   0.0005435712316983      0.4752367781675     0.04131010783642                    0                    0
         "BPM.25R8.B2"          1044.993435    0.003326917793372   0.0005225321820974      0.1177729406568     0.02982082797821                    0                    0
         "BPM.26R8.B2"          1098.444919    0.005446592392454   0.0006589462875098     -0.0616172869786      0.0169174941007                    0                    0
         "BPM.27R8.B2"          1151.896403    0.006668787174824   0.0003998622979765     -0.2240313077443     0.01681878925818                    0                    0
         "BPM.28R8.B2"          1205.347887    0.006849350316602   0.0006028780624984     0.08906830631419      0.4332753032254                    0                    0
         "BPM.29R8.B2"          1258.799371    0.003792178186873   0.0007628682717872       0.145677849864     0.02507430611936                    0                    0
         "BPM.30R8.B2"          1312.250855    0.005195502788698    0.001308709952075     -0.0261844881659     0.06802428941398                    0                    0
         "BPM.31R8.B2"           1365.70234    0.006738658518312   0.0005227307670566     -0.2250390233093     0.02957754086287                    0                    0
         "BPM.32R8.B2"          1419.153824     0.00667562096284    0.001038337269785      0.4698209058986     0.04114354192195                    0                    0
         "BPM.33R8.B2"          1472.605308    0.003250417180924   0.0002742642529277      0.1175139420114    0.007015942681428                    0                    0
         "BPM.34R8.B2"          1526.056792    0.005925559692122   0.0004676867423958     -0.0651810298229     0.03765100198386                    0                    0
         "BPM.33L1.B2"          1579.508276    0.007225023071788   0.0003239819923834     -0.2452072534529     0.01906645958274                    0                    0
         "BPM.32L1.B2"           1632.95976    0.006853421269056   0.0006085634483381      0.1605622368085      0.4199475143303                    0                    0
         "BPM.31L1.B2"          1686.411244    0.003357859170101   0.0003960300231671     0.07890239903027     0.01622891638381                    0                    0
         "BPM.30L1.B2"          1739.862728    0.005216720458272   0.0008324607616119    -0.05718507396023      0.0214393844476                    0                    0
         "BPM.29L1.B2"          1793.314212    0.007929857164227   0.0004965858232909     -0.2537454749485     0.02527892945032                    0                    0
         "BPM.28L1.B2"          1846.765696    0.005081728817476   7.390949013633e-05      0.3861058366213     0.01946106088986                    0                    0
         "BPM.27L1.B2"           1900.21718    0.003339890206907   0.0003282684176756      0.1015732109747     0.01910487933842                    0                    0
         "BPM.26L1.B2"          1953.668665    0.005739455218949   0.0007632694263192    -0.04829852570393     0.04800349261997                    0                    0
         "BPM.25L1.B2"          2007.120149    0.007958621384683   0.0006952846307499      -0.239847992995     0.02380073132848                    0                    0
         "BPM.24L1.B2"          2060.571633    0.005481782221418   0.0005081879274861      0.1076993797207      0.4013754314501                    0                    0
         "BPM.23L1.B2"          2114.023117    0.003387946012455   0.0003611922321639     0.08099711373263     0.01451541446792                    0                    0
         "BPM.22L1.B2"          2167.474601    0.004947424344467   0.0006171327335699    -0.01833822247413     0.01852046668117                    0                    0
         "BPM.21L1.B2"          2220.926085    0.007289086928152   0.0006941256271483     -0.2566565617658     0.02200909122664                    0                    0
         "BPM.20L1.B2"          2274.377569    0.005945167425009   0.0009525838442595      0.3960378440773     0.05678408194551                    0                    0
         "BPM.19L1.B2"          2327.829053    0.003432178876627   0.0001322559629753      0.1442916004178     0.04767474690696                    0                    0
         "BPM.18L1.B2"          2381.280537    0.005224257238033     0.00131580992902    -0.07488443071507     0.02236278785675                    0                    0
         "BPM.17L1.B2"          2434.732021    0.007438550512479    0.001063204201544     -0.2399927767342       0.038489795601                    0                    0
         "BPM.16L1.B2"          2488.183506    0.006960867137394    0.001831808254039      0.0749414660655      0.4028762982055                    0                    0
         "BPM.15L1.B2"           2541.63499    0.002372530611549    0.001684670055247      0.1083584842183     0.01982105681066                    0                    0
         "BPM.14L1.B2"          2595.086474    0.005583937024619   6.366906007363e-05    -0.05534069694423     0.00943827036111                    0                    0
         "BPM.13L1.B2"          2648.537958    0.007716391254401   0.0004991233116827     -0.2460796950809     0.02241587732223                    0                    0
         "BPM.12L1.B2"          2701.989442    0.005989791724578    0.000337422488326      0.4483094958889     0.02411053162783                    0                    0
         "BPM.11L1.B2"          2755.440926    0.003391913190895   0.0002089158476041      0.1015003283638     0.03731417479485                    0                    0
         "BPM.10L1.B2"          2808.223615    0.005942551860557   0.0008912845394468    -0.06012037868377     0.01967477393664                    0                    0
          "BPM.9L1.B2"          2847.290605    0.006832331209295   0.0009280650256318     -0.1806465504968       0.017628381173                    0                    0
          "BPM.8L1.B2"          2887.755594    0.006833342142536    0.001368535222711      0.4265858561744     0.07026025399046                    0                    0
        "BPMSX.7L1.B2"          2957.502084    0.005718135617728   0.0007248379296387    -0.04941042426377     0.02857157847214                    0                    0
         "BPMR.6L1.B2"          2970.007584    0.007484278981428    0.002083473851216     -0.2366735613015      0.1210377037441                    0                    0
          "BPM.5L1.B2"          3001.907584    0.005058419177715   0.0006981276480582      0.1528495551548     0.05927929408663                    0                    0
        "BPMYA.4L1.B2"          3023.025584    0.005295399827526   0.0003666192602474      0.1195332290653     0.06926902128602                    0                    0
        "BPMWB.4L1.B2"          3044.082084    0.005304260788622   0.0002079245447209      0.0763747253962     0.02019636190881                    0                    0
        "BPMSY.4L1.B2"          3136.998084    0.005063147589081   0.0002137621792056     0.08140450522553       0.029924195178                    0                    0
         "BPMS.2L1.B2"          3163.723584    0.005319183124404    0.000791911496923     0.04523413181533      0.0321360627641                    0                    0
        "BPMSW.1L1.B2"          3173.673584    0.005022485619332   0.0004269097013352     0.08728128040097     0.04526508713239                    0                    0
        "BPMSW.1R1.B2"          3216.816584     0.00480759147874   0.0001486254406106       0.104501529041     0.02932916727355                    0                    0
         "BPMS.2R1.B2"          3226.781584    0.005667109162208   0.0002372010332104      0.0488714670153      0.0253062615158                    0                    0
        "BPMSY.4R1.B2"          3253.627084    0.005196312084112   0.0004884972203636     0.08318367957007     0.03455485797438                    0                    0
        "BPMWB.4R1.B2"          3346.423084    0.004782523433427    4.91919312821e-05     0.08477735470667     0.01324388745842                    0                    0
        "BPMYA.4R1.B2"          3367.479584    0.005418215747324   0.0001726380144912      0.0555874508156    0.001704323172415                    0                    0
         "BPMR.5R1.B2"          3394.887584    0.005397821386762   0.0003361644526061      0.1023069282428      0.0529432255794                    0                    0
          "BPM.6R1.B2"          3426.787584    0.001556100596489    0.002200658568022      0.0542487582425     0.03228387506334                    0                    0
        "BPMRA.7R1.B2"          3454.511584                    0   1.483239697419e-08    -0.07735097441638     0.05983414792331                    0                    0
          "BPM.8R1.B2"          3495.948594    0.007965428303221   0.0004461387471132     -0.1524727688495     0.02416125916785                    0                    0
          "BPM.9R1.B2"          3535.013605    0.004358969694157   0.0009740016211733     -0.4620229877768     0.04634150639001                    0                    0
         "BPM.10R1.B2"          3575.476615    0.004107128456149   0.0002833287690586      0.1118245004581     0.03314663430499                    0                    0
         "BPM.11R1.B2"          3628.257326    0.005852200815938    0.000457493564829     -0.0333746667143     0.01366861354253                    0                    0
         "BPM.12R1.B2"          3682.980842     0.00786128875006   0.0002148106661979     -0.2164836260837     0.02010643796732                    0                    0
         "BPM.13R1.B2"          3736.429358    0.006508355763417    0.001096667380221       0.450598206409     0.03481784684248                    0                    0
         "BPM.14R1.B2"          3789.877874    0.003368399804037   0.0003843946423817      0.1112635372933     0.01577138422814                    0                    0
         "BPM.15R1.B2"           3843.32639     0.00557498123553   0.0005264722877444     -0.0445963774673     0.02086566846148                    0                    0
         "BPM.16R1.B2"          3896.774906    0.007999937677406    0.000450677035969     -0.2088090642959     0.01222915499131                    0                    0
         "BPM.17R1.B2"          3950.223421    0.005604020259702    0.001149545842764     0.05835837803571       0.564222097123                    0                    0
         "BPM.18R1.B2"          4003.671937     0.00261878570266    0.001886104733313     0.05768427225437     0.02691237468332                    0                    0
         "BPM.19R1.B2"          4057.120453    0.006295284808202   0.0001072015619579    -0.05859485621353     0.01113895605974                    0                    0
         "BPM.20R1.B2"          4110.568969    0.008743328792657   0.0001968616437911     -0.2130027585994    0.006733107967629                    0                    0
         "BPM.21R1.B2"          4164.017485    0.007159352788526   0.0001393891534863      0.1775805873154      0.4351042839556                    0                    0
         "BPM.22R1.B2"          4217.466001    0.004088135504542   0.0001745664658408      0.0970440802943     0.02650373279468                    0                    0
         "BPM.23R1.B2"          4270.914517    0.006563244210673   0.0008245116751134    -0.06732047950893     0.01007223958739                    0                    0
         "BPM.24R1.B2"          4324.363033    0.008048123806296   0.0003433211998412     -0.2085833536048     0.01923951472318                    0                    0
         "BPM.25R1.B2"          4377.811549    0.005876142875155    0.001813068503497      0.4016907207102      0.1840285050533                    0                    0
         "BPM.26R1.B2"          4431.260065    0.004204751204335   0.0006436147609297     0.08613280616027     0.01615135715085                    0                    0
         "BPM.27R1.B2"           4484.70858    0.005982679593612   0.0006922676339992    -0.05394132238867    0.007540235132311                    0                    0
         "BPM.28R1.B2"          4538.157096    0.007599817481002   0.0004056589683108     -0.1965368554495     0.01100252883169                    0                    0
         "BPM.29R1.B2"          4591.605612    0.006188038141976   0.0005870598765523      0.4799373493662      0.0194594827231                    0                    0
         "BPM.30R1.B2"          4645.054128    0.003908474449985   8.025383575335e-05      0.0962409740319     0.01935409509395                    0                    0
         "BPM.31R1.B2"          4698.502644    0.006067834558272   0.0002393728808423    -0.05613520488207    0.007679884769079                    0                    0
         "BPM.32R1.B2"           4751.95116    0.007792801486271   0.0003721890290159     -0.1993180161003     0.01592066687644                    0                    0
         "BPM.33R1.B2"          4805.399676    0.007384408479894   0.0003070828612567      0.4795566513498      0.0332355139933                    0                    0
         "BPM.34R1.B2"          4858.848192    0.003510815864195   0.0005172133565441     0.08264874373733     0.03630896935142                    0                    0
         "BPM.33L2.B2"          4912.296708    0.006034701943835    0.000165131367021    -0.05486276608433    0.006091797695594                    0                    0
         "BPM.32L2.B2"          4965.745224    0.008333665363155    0.000618736400184     -0.2003525345361     0.01251089741618                    0                    0
         "BPM.31L2.B2"           5019.19374    0.005602095887091    0.001254420685225      0.4103209148377       0.112228437228                    0                    0
         "BPM.30L2.B2"          5072.642255    0.003454557217794   0.0005439490631731     0.06571095099157     0.01324853418826                    0                    0
         "BPM.29L2.B2"          5126.090771    0.005644227380683    0.001081933721251     -0.0369656948694     0.02327438037153                    0                    0
         "BPM.28L2.B2"          5179.539287    0.007769033437978   0.0006611642029037     -0.1980862593378     0.02275286515377                    0                    0
         "BPM.27L2.B2"          5232.987803    0.006336844509771   0.0001793275172034       0.441891340773     0.04220805198618                    0                    0
         "BPM.26L2.B2"          5286.436319    0.003659037130892   0.0003542496981965     0.07044552567397    0.006128984135778                    0                    0
         "BPM.25L2.B2"          5339.884835     0.00588018399244   0.0001711633920737    -0.04996336031713      0.0214186420581                    0                    0
         "BPM.24L2.B2"          5393.333351    0.008306980958051   0.0003561389613135     -0.2058955681836    0.008327914274844                    0                    0
         "BPM.23L2.B2"          5446.781867    0.006037664501498    0.001778270521613       -0.24525726029       0.281749285119                    0                    0
         "BPM.22L2.B2"          5500.230383    0.004291678691147   0.0001651470678827     0.07760496397533     0.02289964469245                    0                    0
         "BPM.21L2.B2"          5553.678899    0.005923483311525   0.0003862066526427    -0.05107023405183     0.02046066815081                    0                    0
         "BPM.20L2.B2"          5607.127414    0.007966946424296   0.0004210193058749      -0.202711802233     0.00745052044763                    0                    0
         "BPM.19L2.B2"           5660.57593     0.00634843220099   0.0008532542653795     -0.2679030495545      0.5367071187351                    0                    0
         "BPM.18L2.B2"          5714.024446    0.004153269771861   0.0001811757096222     0.09660366622773    0.005316261375719                    0                    0
         "BPM.17L2.B2"          5767.472962    0.005651095169819   9.033249776308e-05     -0.0636489665149     0.01024348693616                    0                    0
         "BPM.16L2.B2"          5820.921478    0.007560966688286   0.0006580649209517     -0.1969406935388     0.01140746925252                    0                    0
         "BPM.15L2.B2"          5874.369994    0.006529017379744   0.0008500318609492     -0.1309984239328       0.448639483514                    0                    0
         "BPM.14L2.B2"           5927.81851    0.003418498012964   0.0003306246104643      0.0739674969227    0.009204026434384                    0                    0
         "BPM.13L2.B2"          5981.267026    0.006102729187053   0.0002255826922101    -0.04049866836563     0.00301636859615                    0                    0
         "BPM.12L2.B2"          6034.715542    0.008122571939577   0.0002677004307218     -0.2015615988437     0.01044614835612                    0                    0
         "BPM.11L2.B2"          6088.164058    0.007851415965947   0.0002405260963791     -0.4750066026269     0.02070785279428                    0                    0
         "BPM.10L2.B2"          6140.002768    0.003806179764717   0.0003203913292439      0.1256658952439     0.02403543643373                    0                    0
          "BPM.9L2.B2"          6179.067779    0.004604470398796   0.0001474147530456    -0.02969879852307    0.006180304571796                    0                    0
          "BPM.8L2.B2"          6219.530789    0.008172384517666   0.0001678252259933     -0.2960034088139     0.02512630883657                    0                    0
          "BPM.7L2.B2"            6258.5968    0.005555559131779    0.001489979170671     -0.2093453092126      0.4210666662507                    0                    0
          "BPM.6L2.B2"            6290.7028     0.00482913149464   0.0006210807489053      0.1271884706871     0.03540979181478                    0                    0
        "BPMYB.5L2.B2"            6362.9018    0.007462553132711   0.0008733796440259    -0.09677881591553     0.01455221995451                    0                    0
        "BPMYB.4L2.B2"            6383.4718    0.007432026810349   0.0004591652153479     -0.1483845783509     0.01435443728184                    0                    0
        "BPMWB.4L2.B2"            6407.8633    0.008162753549257    0.000453560851345     -0.1657994270302     0.01196072198025                    0                    0
         "BPMS.2L2.B2"            6496.0078    0.006950241753383   0.0003958949083722     -0.2453584615955      0.0485759363571                    0                    0
        "BPMSW.1L2.B2"            6505.9418    0.003434963338844     0.00485777174007     -0.2745912556092     0.03901776432663                    0                    0
         "BPMS.2R2.B2"            6559.0658    0.006854301601988    0.001826131783693     -0.1551471498153     0.04072432766778                    0                    0
        "BPMSX.4R2.B2"            6597.0373     0.02282378312785    0.001728232838042       0.342164456173      0.2102847178868                    0                    0
        "BPMWB.4R2.B2"            6647.1343     0.00695494167216   0.0004680139861736     -0.3173111833715     0.02119970174867                    0                    0
        "BPMYB.4R2.B2"            6671.6018    0.005171576028679   0.0007945675003027      0.2036277517384      0.4379152096973                    0                    0
          "BPM.5R2.B2"            6701.1358    0.003781647622245    0.002675202182417      0.2825876396787     0.07202533357195                    0                    0
         "BPMR.6R2.B2"            6774.4318     0.01156670322492    0.008824121388647     -0.3284522382113      0.3110201466603                    0                    0
        "BPM_A.7R2.B2"            6787.3068     0.00815086938286   0.0007030858443034     -0.1737759841223     0.03097367307223                    0                    0
          "BPM.8R2.B2"          6828.745789    0.008275936353755   0.0008174482741057     -0.3343660867995     0.03266720216543                    0                    0
          "BPM.9R2.B2"          6867.812779    0.005716968432292   0.0003018996574334    -0.02205564141953    0.005832162965436                    0                    0
         "BPM.10R2.B2"          6908.277768    0.005160585196224   0.0003788013869909     -0.1357077635628     0.00236242321414                    0                    0
         "BPM.11R2.B2"          6960.118458    0.005848511879758   0.0005363352105683     -0.2138165729797     0.02486567849954                    0                    0
         "BPM.12R2.B2"          7014.844942    0.007791827300915    0.001128130820568     -0.1545695047424      0.4432533837711                    0                    0
         "BPM.13R2.B2"          7068.296426    0.006307535431185   0.0006084156109065    -0.05405497872573    0.004207790392995                    0                    0
         "BPM.14R2.B2"           7121.74791    0.004643886573301   0.0001267791147513     -0.1223637994486     0.02261729077304                    0                    0
         "BPM.15R2.B2"          7175.199394    0.007035817197295    0.001305746522129     -0.2397808327217     0.01058386844194                    0                    0
         "BPM.16R2.B2"          7228.650878    0.005652709521597    0.001350201362958      0.2719765841487      0.1487548699129                    0                    0
         "BPM.17R2.B2"          7282.102362    0.006739852280795   0.0005617041177109    -0.05113067542467     0.00785437628662                    0                    0
         "BPM.18R2.B2"          7335.553846    0.005087332471162   0.0002672804218174     -0.1499744262977     0.01073987109346                    0                    0
         "BPM.19R2.B2"           7389.00533    0.006211758734129    0.001014998791014     -0.2322011491701     0.01834767650618                    0                    0
         "BPM.20R2.B2"          7442.456814    0.006263027254034   0.0009625225663164      0.3511589888042      0.1180261490655                    0                    0
         "BPM.21R2.B2"          7495.908299    0.006765948220663   0.0004318472204955    -0.04885154446943    0.003866129372436                    0                    0
         "BPM.22R2.B2"          7549.359783    0.005324517545896   0.0006052287077534     -0.1409832826634     0.01225664918367                    0                    0
         "BPM.23R2.B2"          7602.811267    0.006792486709672    0.000376430148499     -0.2506260443446     0.01110208145159                    0                    0
         "BPM.24R2.B2"          7656.262751    0.006537397815965    0.001139461658947      0.3880612082628       0.118285498796                    0                    0
         "BPM.25R2.B2"          7709.714235    0.006625523998114   0.0001986483732868      -0.060342000049    0.007814521721675                    0                    0
         "BPM.26R2.B2"          7763.165719    0.005223939405165   0.0004191149146249     -0.1395779175015     0.03704644115226                    0                    0
         "BPM.27R2.B2"          7816.617203       0.006880752174    0.001228804632216     -0.2515427738245     0.02025355677298                    0                    0
         "BPM.28R2.B2"          7870.068687     0.00586451932688   0.0006270278763682      0.3037847109518     0.07310977401315                    0                    0
         "BPM.29R2.B2"          7923.520171    0.006630240972919   0.0005016077459627     -0.0662421155687     0.01288694577761                    0                    0
         "BPM.30R2.B2"          7976.971655    0.006442511240792   0.0002190597288604     -0.1390242444368     0.01667548727294                    0                    0
         "BPM.31R2.B2"           8030.42314    0.005987647682546   0.0002654806663988     -0.2676636122795     0.01485595362062                    0                    0
         "BPM.32R2.B2"          8083.874624    0.005044228123549   0.0009600245369991      0.3608882620206     0.06126489621298                    0                    0
         "BPM.33R2.B2"          8137.326108    0.007097574004831   0.0003408147902542    -0.06727221131493    0.002158076703662                    0                    0
         "BPM.34R2.B2"          8190.777592     0.00649613700128   0.0004802471491933     -0.1427211494051      0.0126101274075                    0                    0
         "BPM.33L3.B2"          8244.229076    0.006215463669566    0.000491301710895     -0.2764887685508     0.01116372523089                    0                    0
         "BPM.32L3.B2"           8297.68056    0.005227668539603   0.0003876058573475      0.3015972169786      0.0596572980505                    0                    0
         "BPM.31L3.B2"          8351.132044    0.006690473783112   0.0003461573497512    -0.07655031795187     0.01600640452703                    0                    0
         "BPM.30L3.B2"          8404.583528    0.006337333967239   0.0002930260914318     -0.1453129401286     0.02444284363594                    0                    0
         "BPM.29L3.B2"          8458.035012    0.005403720035765   0.0007064179113394     -0.2817950079745     0.01617329798037                    0                    0
         "BPM.28L3.B2"          8511.486496    0.005516681799514   0.0002578855707143      0.2986137202733     0.04491119498089                    0                    0
         "BPM.27L3.B2"           8564.93798    0.007336498969953      0.0003210424484    -0.08804096428097    0.002136037145388                    0                    0
         "BPM.26L3.B2"          8618.389465     0.00687817543725   0.0002763383115201     -0.1488591875105    0.008912312294321                    0                    0
         "BPM.25L3.B2"          8671.840949    0.005518347827565   0.0006221995550526     -0.2957847363843     0.03070639204617                    0                    0
         "BPM.24L3.B2"          8725.292433    0.005192234226112   0.0006217861500543      0.1273013552361     0.04191927691471                    0                    0
         "BPM.23L3.B2"          8778.743917    0.006729181124121   5.294454319763e-05    -0.08762012945583    0.004017445460645                    0                    0
         "BPM.22L3.B2"          8832.195401    0.006885849582153   0.0005942980414824      -0.166830879356     0.01843983649078                    0                    0
         "BPM.21L3.B2"          8885.646885    0.004848160298016    0.000758126521457     -0.3244145799704     0.02694627010533                    0                    0
         "BPM.20L3.B2"          8939.098369    0.005341290458077   0.0004839004784754      0.1887395721602     0.09559112661569                    0                    0
         "BPM.19L3.B2"          8992.549853    0.007091397807514    0.000161676226496     -0.0921071053084    0.006572442464821                    0                    0
         "BPM.18L3.B2"          9046.001337    0.007159652801216    0.001016306616262     -0.1775045531282     0.01115113073619                    0                    0
         "BPM.17L3.B2"          9099.452821    0.005240258160531   0.0004093042582228     -0.3244057671331     0.02339319515111                    0                    0
         "BPM.16L3.B2"          9152.904306    0.004638011479727   0.0001059080436213      0.1596121619816     0.07054129062211                    0                    0
         "BPM.15L3.B2"           9206.35579    0.006806883469514   2.931681759055e-05     -0.0874623661589    0.003571988036014                    0                    0
         "BPM.14L3.B2"          9259.807274    0.006514837527963    0.001002847556767     -0.1633619060309     0.01645115134019                    0                    0
         "BPM.13L3.B2"          9313.258758     0.00547166878941   0.0002756613596038     -0.3353629692726     0.02690754905544                    0                    0
         "BPM.12L3.B2"          9366.710242    0.005210955578822    0.000798999695959      0.1415710803727     0.06769866829001                    0                    0
         "BPM.11L3.B2"          9420.161726    0.007135656674743   0.0004666142531524    -0.06748907491373    0.002883150041667                    0                    0
         "BPM.10L3.B2"          9472.944415    0.007107724737359    0.000514493469512      -0.126592903007    0.004712126290617                    0                    0
          "BPM.9L3.B2"          9512.011405    0.007123005227538   0.0005167176671595     -0.1749362346365     0.01146351602398                    0                    0
          "BPM.8L3.B2"          9552.476394     0.00535905545293   0.0008498068618369     -0.2677283604776     0.02040262700592                    0                    0
          "BPM.7L3.B2"          9591.542384    0.002790683041386    0.001987598068791      0.2945238202003     0.06917437839733                    0                    0
         "BPMR.6L3.B2"          9664.181384    0.007868169222041    0.001949129487839     -0.1101817583385      0.1046152913582                    0                    0
         "BPMW.5L3.B2"          9734.779884    0.007043259125475    0.001306100997412     -0.1468259837938     0.03125217514143                    0                    0
         "BPMW.4R3.B2"          9882.417884    0.007052514079893   0.0006086844243013    -0.07218693501987      0.0314217442988                    0                    0
        "BPMWE.4R3.B2"          9909.962884    0.006559409065871   0.0008238817995174     -0.0928830285392     0.01006010273867                    0                    0
         "BPMW.5R3.B2"          9985.090884    0.005572197079276   0.0006413469721772     -0.1686006760187     0.01419528795369                    0                    0
       "BPMWE.A5R3.B2"          10013.80888    0.005120611428298   0.0007100570376198       -0.20804592161     0.01555489481131                    0                    0
        "BPMWC.6R3.B2"          10053.62688    0.004944764528683   0.0006197237998673     -0.3131933084146     0.02139008502847                    0                    0
          "BPM.6R3.B2"          10065.78138    0.005230923997106   0.0006393721047258     -0.3276416624004     0.04212582782153                    0                    0
          "BPM.8R3.B2"          10160.67137    0.006032326438804   0.0001622780869902    0.002160761208367    0.004586862177907                    0                    0
          "BPM.9R3.B2"          10199.73836    0.004273754736308    0.000492011417093    -0.08271664932345     0.03664021624858                    0                    0
         "BPM.10R3.B2"          10240.20335    0.005904585870809   0.0005537550586836      -0.119837792033    0.008275321345247                    0                    0
         "BPM.11R3.B2"          10292.98604     0.00817754106766   0.0003130493234246       -0.20556981483     0.02288844246787                    0                    0
         "BPM.12R3.B2"          10347.71253     0.00581666645935   0.0003172851457493       0.323037384938     0.03531077767243                    0                    0
         "BPM.13R3.B2"          10401.16401    0.005859885597009   0.0008344488711336    -0.05554491914717     0.01055818139331                    0                    0
         "BPM.14R3.B2"          10454.61549    0.005028299615383   0.0007181949789887     -0.1457035740853     0.01266414786391                    0                    0
         "BPM.15R3.B2"          10508.06698    0.007774765118415   0.0004975710405954     -0.2156583232723      0.0418575734323                    0                    0
         "BPM.16R3.B2"          10561.51846    0.005637225903346   0.0001804645718529       0.306785368395     0.01256511350997                    0                    0
         "BPM.17R3.B2"          10614.96995    0.005790493956849   0.0003737915247581    -0.04178468207463    0.009708511934205                    0                    0
         "BPM.18R3.B2"          10668.42143    0.005393250327207   0.0004494356305605     -0.1521192209529     0.01018755999052                    0                    0
         "BPM.19R3.B2"          10721.87291    0.007379568457526   0.0007277385603416     -0.2353583166964    0.003435005702078                    0                    0
         "BPM.20R3.B2"           10775.3244    0.005796283860932   0.0008037039883964      0.2122730558557      0.0765629303403                    0                    0
         "BPM.21R3.B2"          10828.77588    0.005597060724103   9.363884768176e-05    -0.05583597255013    0.009986508588462                    0                    0
         "BPM.22R3.B2"          10882.22737    0.002921382000322    0.002125255925062     -0.1495237697169     0.01890137593796                    0                    0
         "BPM.23R3.B2"          10935.67885    0.007739846704269   0.0003665754103302     -0.2489027437315     0.01201705955197                    0                    0
         "BPM.24R3.B2"          10989.13033    0.005760330663051   1.771653060795e-05       0.285369733989    0.008699695931621                    0                    0
         "BPM.25R3.B2"          11042.58182    0.006290844777317   0.0004926818433845    -0.06121745683007    0.002524014485778                    0                    0
         "BPM.26R3.B2"           11096.0333    0.005010725444708   0.0005840962288314     -0.1466906871989     0.02058068390727                    0                    0
         "BPM.27R3.B2"          11149.48479    0.007298706732925   0.0006852666233693     -0.2666707267494     0.02017432012218                    0                    0
         "BPM.28R3.B2"          11202.93627    0.005312273770496   0.0002088033351961      0.1727674293583     0.05913647265965                    0                    0
         "BPM.29R3.B2"          11256.38775    0.005779539166465   0.0005213964083562    -0.06357758340227     0.01747738449859                    0                    0
         "BPM.30R3.B2"          11309.83924    0.004777745885617   0.0006088424930774     -0.1601150837484     0.01171552990331                    0                    0
         "BPM.31R3.B2"          11363.29072    0.007685055379971   0.0003270758555269     -0.2595302246852     0.02537377764056                    0                    0
         "BPM.32R3.B2"          11416.74221    0.005689518975666   0.0004025374047525      0.1768955633562     0.05203306107837                    0                    0
         "BPM.33R3.B2"          11470.19369     0.00612820758576   0.0003676394267677    -0.05665096477913      0.0314536048474                    0                    0
         "BPM.34R3.B2"          11523.64518    0.004571772666151   9.649332224503e-05     -0.1569970198349     0.01613116621833                    0                    0
         "BPM.33L4.B2"          11577.09666    0.007497499944378   0.0008074551159616     -0.2819453977963     0.03358519195756                    0                    0
         "BPM.32L4.B2"          11630.54814    0.005314651730573    0.000428909006161      0.1810879671308     0.05367754179217                    0                    0
         "BPM.31L4.B2"          11683.99963    0.006265812620387    0.001102881569776    -0.04471828777673    0.007890411313845                    0                    0
         "BPM.30L4.B2"          11737.45111    0.005257930319031   3.661946695038e-05     -0.1641932682229    0.009988959969688                    0                    0
         "BPM.29L4.B2"           11790.9026    0.006427235894814   0.0008580863263721      -0.272700880495     0.02035347449209                    0                    0
         "BPM.28L4.B2"          11844.35408    0.005695615829106   0.0007468689115963      0.1465079244552     0.05547210405273                    0                    0
         "BPM.27L4.B2"          11897.80556    0.006700834596507   0.0004262816722564    -0.07890002923787    0.006242984821914                    0                    0
         "BPM.26L4.B2"          11951.25705    0.005236210235788   0.0003634037020657     -0.1597742233835     0.02073100779926                    0                    0
         "BPM.25L4.B2"          12004.70853    0.006079723310335    0.001937915836847     -0.3173778193392     0.02566853903334                    0                    0
         "BPM.24L4.B2"          12058.16002    0.005423516351263   0.0002558138294455      0.1126116906894     0.02820627812544                    0                    0
         "BPM.23L4.B2"           12111.6115    0.006849502073218   0.0001439682583262    -0.08558479353207    0.006984563656773                    0                    0
         "BPM.22L4.B2"          12165.06298    0.005619421382144   0.0003421008283998     -0.1703289719682     0.02210098195853                    0                    0
         "BPM.21L4.B2"          12218.51447    0.005411070091243   0.0009622472894395     0.01168164125713      0.4221223108405                    0                    0
         "BPM.20L4.B2"          12271.96595    0.005854730446161   0.0004129579558397      0.0826565238599     0.02094117984144                    0                    0
         "BPM.19L4.B2"          12325.41744     0.00689584607812   0.0004271721559884    -0.09004091320937     0.02408754054547                    0                    0
         "BPM.18L4.B2"          12378.86892    0.005907672539969   0.0004887751674619     -0.1687981238709     0.01357244917927                    0                    0
         "BPM.17L4.B2"          12432.32041    0.004406438864176   0.0006945431805545      -0.330428814199    0.007125597784511                    0                    0
         "BPM.16L4.B2"          12485.77189    0.005957987787594   0.0004575251103873     0.05024404805213      0.0426795563249                    0                    0
         "BPM.15L4.B2"          12539.22337    0.006917954357467   0.0004318515989959    -0.09279906917753    0.007660242885017                    0                    0
         "BPM.14L4.B2"          12592.67486    0.005742943679944   0.0004128431763283     -0.1708600604645      0.0136225469739                    0                    0
         "BPM.13L4.B2"          12646.12634    0.004872330792304   0.0009054385270786     -0.3468880137122    0.009710899966607                    0                    0
         "BPM.12L4.B2"          12699.57783    0.005962249166066   0.0002939890675549     0.05233565066327     0.02829952820578                    0                    0
         "BPM.11L4.B2"          12753.02931    0.007607039186848   0.0004933861214896     -0.0980109321038    0.008283650744743                    0                    0
         "BPM.10L4.B2"             12804.87    0.006174237744173   0.0002501395662537     -0.1894359782565     0.01433625961282                    0                    0
          "BPM.9L4.B2"          12843.93699     0.00433689111068   0.0001936338673851     -0.3127244541381     0.05251087433845                    0                    0
          "BPM.8L4.B2"          12884.40198    0.005112086137394   0.0005269994763176    -0.03834835497203    0.006319008004678                    0                    0
          "BPM.7L4.B2"          12923.46797    0.006489418552635     0.00165816311463     -0.1352604505076     0.03433055438901                    0                    0
        "BPMYA.6L4.B2"          13020.07197     0.00758128960794      0.0013838919648      0.2023282477608      0.1126339833791                    0                    0
        "BPMYB.5L4.B2"          13057.07197    0.005339941122068    0.001402273163531      0.3136230661391      0.1177792480237                    0                    0
       "BPMWA.B5L4.B2"          13159.46247    0.007050533648007   0.0003343194302817     0.04147109734923     0.00991746129946                    0                    0
       "BPMWA.A5L4.B2"          13168.34747     0.00547767495199   0.0006350481167924      0.1067713697839      0.0263632502524                    0                    0
       "BPMWA.A5R4.B2"          13216.39647    0.007354635188124   0.0006520851189922    -0.03620809657133    0.007477253209323                    0                    0
       "BPMWA.B5R4.B2"          13225.28147    0.007141746601002   0.0003131767092341     -0.0219725384446     0.01000485342021                    0                    0
        "BPMYA.5R4.B2"          13327.74797    0.006099050389187   0.0007869962440787     -0.0589671390895     0.03526728142277                    0                    0
        "BPMYB.6R4.B2"          13359.31197    0.005026273698565    0.001313831108303     -0.0474976703512     0.04197746901671                    0                    0
          "BPM.7R4.B2"          13455.82797    0.007066093601934    0.002398209699147     -0.2757389333068     0.01597348434822                    0                    0
          "BPM.8R4.B2"          13493.61896    0.006941014842978   0.0003299039790759      0.4590687327943     0.03992520682068                    0                    0
          "BPM.9R4.B2"          13532.68595    0.005430151028926   0.0002264354098898       0.099701397164      0.0292511576978                    0                    0
         "BPM.10R4.B2"          13573.15094    0.005227449227647   0.0005396212899689    -0.02112483390387     0.01869679088798                    0                    0
         "BPM.11R4.B2"          13624.99162    0.005113975906234   0.0004439075141313     -0.2402460019787     0.02509544325632                    0                    0
         "BPM.12R4.B2"          13679.71811    0.004832850393586   0.0006887859020589      0.4107765879697     0.02720011975696                    0                    0
         "BPM.13R4.B2"          13733.16959    0.005470387765409   0.0004892150443864     0.08209582103257     0.02400851899367                    0                    0
         "BPM.14R4.B2"          13786.62108    0.005522628880129   0.0002995075814633    -0.01386102926227    0.001759058083199                    0                    0
         "BPM.15R4.B2"          13840.07256    0.004873863230552   0.0004958637404685     -0.1732635196132     0.01826132244527                    0                    0
         "BPM.16R4.B2"          13893.52405    0.005171880557517     0.00181840719641      0.3224522901517      0.1465514830585                    0                    0
         "BPM.17R4.B2"          13946.97553    0.005591376114747   0.0002721177202118     0.08253008847683     0.02216414739978                    0                    0
         "BPM.18R4.B2"          14000.42701    0.005762322281522   0.0002447395255689     -0.0257982251519    0.004608885409833                    0                    0
         "BPM.19R4.B2"           14053.8785    0.004822271852299   0.0001858851546951     -0.1613099005566      0.0211996994718                    0                    0
         "BPM.20R4.B2"          14107.32998    0.005150061661729   0.0004369760717968      0.4143890390472      0.0081227431595                    0                    0
         "BPM.21R4.B2"          14160.78147    0.005649095186101   0.0002736345938038      0.1016814243774     0.02151969381227                    0                    0
         "BPM.22R4.B2"          14214.23295    0.004850042673774   0.0003280708630882     0.03439044914343     0.04575825732468                    0                    0
         "BPM.23R4.B2"          14267.68443     0.00506604285471   0.0002099501702171      -0.169452301341     0.01642165812456                    0                    0
         "BPM.24R4.B2"          14321.13592    0.006033898836988    0.000250645960211      0.4268968346671     0.06607650662415                    0                    0
         "BPM.25R4.B2"           14374.5874    0.005599871066315   0.0002474645671707      0.0833035042494     0.01834864178045                    0                    0
         "BPM.26R4.B2"          14428.03889     0.00491611230191   0.0001334174648652      0.0041157985719      0.0103047230316                    0                    0
         "BPM.27R4.B2"          14481.49037     0.00520473882827   0.0005613492564923      -0.168540090177     0.01874947310826                    0                    0
         "BPM.28R4.B2"          14534.94185    0.005875813742152   0.0007630194989242      0.3789333777387     0.06152140126482                    0                    0
         "BPM.29R4.B2"          14588.39334    0.005755591019157   0.0004543937669638      0.1239119802048     0.03182314853436                    0                    0
         "BPM.30R4.B2"          14641.84482    0.005632840396349   0.0006140056530913    -0.02593257201813    0.007885963027112                    0                    0
         "BPM.31R4.B2"          14695.29631    0.004932584427611   0.0003763120981369     -0.1623322738753     0.00829978153188                    0                    0
         "BPM.32R4.B2"          14748.74779    0.006665975866337   0.0008090867148395      0.5144281836309     0.04000972874411                    0                    0
         "BPM.33R4.B2"          14802.19927    0.005390140041927   0.0004463365474794      0.1117692644127     0.01735443808103                    0                    0
         "BPM.34R4.B2"          14855.65076    0.005896980522601    0.000125734725757     -0.0170119546625     0.00986822832628                    0                    0
         "BPM.33L5.B2"          14909.10224    0.004604167641436   0.0002360016211268     -0.1758419485815    0.006180164804887                    0                    0
         "BPM.32L5.B2"          14962.55373    0.005462340338008   0.0004654357919247       0.114797591139      0.4180387177947                    0                    0
         "BPM.31L5.B2"          15016.00521    0.005141956635409   0.0004971178068684      0.1123186268579     0.01504705947509                    0                    0
         "BPM.30L5.B2"           15069.4567    0.005609898428084   0.0002781491728883    -0.02416057237233      0.0259171852689                    0                    0
         "BPM.29L5.B2"          15122.90818    0.005229896457861   0.0008529429462234     -0.1795350215216     0.01885238056428                    0                    0
         "BPM.28L5.B2"          15176.35966    0.006288789031734   0.0003005137923729      0.4203336227981     0.01634073112882                    0                    0
         "BPM.27L5.B2"          15229.81115    0.005632324389144   0.0005125067449489      0.0982306672419    0.004628600979003                    0                    0
         "BPM.26L5.B2"          15283.26263    0.005809153206021   3.997832523836e-05     -0.0422748274267     0.01039718369292                    0                    0
         "BPM.25L5.B2"          15336.71412    0.005263855621061    0.000257915739144     -0.1820221512924    0.008326921536673                    0                    0
         "BPM.24L5.B2"           15390.1656    0.005884353190021     0.00112994285773      0.4118090792692     0.04806877836292                    0                    0
         "BPM.23L5.B2"          15443.61708    0.005347004127335   0.0003364907889806      0.1033796086653      0.0141593972583                    0                    0
         "BPM.22L5.B2"          15497.06857    0.004487652592035   0.0002437577540448      0.0256640017027     0.03662324817605                    0                    0
         "BPM.21L5.B2"          15550.52005    0.005706719467023      0.0004301009915     -0.1802649419619     0.01118404610386                    0                    0
         "BPM.20L5.B2"          15603.97154    0.004848971504722   9.037835030003e-05      0.3673299627994      0.1834415720287                    0                    0
         "BPM.19L5.B2"          15657.42302    0.005236879572678   0.0002491788369708      0.1579117226385     0.02310711254293                    0                    0
         "BPM.18L5.B2"           15710.8745    0.005465544538802   0.0002513174388958    -0.02768788207073    0.009711269776754                    0                    0
         "BPM.17L5.B2"          15764.32599    0.006303976538307   0.0006954630866543      -0.181153397071    0.009455693755092                    0                    0
         "BPM.16L5.B2"          15817.77747    0.006344394223137   0.0005492104874751     -0.1689561235485      0.4474560376303                    0                    0
         "BPM.15L5.B2"          15871.22896    0.005218640527841   0.0001661728317567       0.127187057782      0.0224690799522                    0                    0
         "BPM.14L5.B2"          15924.68044    0.006141754038282    0.001008300226277     -0.0461946354034     0.04045640449142                    0                    0
         "BPM.13L5.B2"          15978.13193    0.005698882762986   0.0007082510099404     -0.1803647299057     0.01055645493164                    0                    0
         "BPM.12L5.B2"          16031.58341    0.006735320035867   0.0003652288672981       0.473673149032     0.01740809931787                    0                    0
         "BPM.11L5.B2"          16085.03489      0.0052293617335   0.0004087242723262      0.1588128647603     0.01871351024097                    0                    0
         "BPM.10L5.B2"          16137.81758    0.005559158688981   0.0004580056888818    -0.02105249000163     0.02525415293798                    0                    0
          "BPM.9L5.B2"          16176.88457    0.005660423239116   0.0008094169409855     -0.1230227870928    0.003263655867008                    0                    0
          "BPM.8L5.B2"          16217.34956    0.004851739319012    0.001440409540574      0.4882074499711     0.02316923655481                    0                    0
          "BPM.7L5.B2"          16256.41755    0.006364083882329    0.001059337320099     0.02739893955033     0.00522351701355                    0                    0
         "BPMR.6L5.B2"          16293.31155    0.005650052071567   0.0005385867990559     -0.0398172491535     0.03818293806283                    0                    0
          "BPM.5L5.B2"          16325.21155    0.005584722312802    0.001181114086947      0.3408449514973     0.09763343627119                    0                    0
        "BPMYA.4L5.B2"          16352.61755    0.004497369698764   0.0001484264454764      0.2479856163587     0.01533941049779                    0                    0
        "BPMWB.4L5.B2"          16373.67605    0.004702349897181   0.0001636940929306      0.1762665508631     0.02207618887468                    0                    0
        "BPMSY.4L5.B2"          16466.59205    0.004907964865918   0.0005865445467936      0.1434682310051     0.04534889539962                    0                    0
         "BPMS.2L5.B2"          16493.31755    0.004355663907167   9.460583349436e-05      0.1912128548874     0.01805789369331                    0                    0
        "BPMSW.1L5.B2"          16503.28255      0.0045430682285     0.00034777289734      0.1320640009384     0.02909270945109                    0                    0
        "BPMSW.1R5.B2"          16546.41055    0.004560833475937   0.0002578537184729      0.1472579609605     0.02268281868099                    0                    0
         "BPMS.2R5.B2"          16556.37555    0.004539543741111   0.0001602131282863      0.1766105697446     0.01809493310383                    0                    0
        "BPMSY.4R5.B2"          16583.22105    0.004637097843032   0.0001665118141729       0.145549273407     0.01585852485111                    0                    0
        "BPMWB.4R5.B2"          16676.01705    0.004619323292539   0.0001501501449312     0.09369690437047    0.008078837554559                    0                    0
        "BPMYA.4R5.B2"          16697.07355    0.004383610583975   0.0002019306256778      0.1240770967388    0.009395191739685                    0                    0
         "BPMR.5R5.B2"          16718.19155    0.005019259433833   0.0002004843094215     0.08960428741887     0.03559554794258                    0                    0
          "BPM.6R5.B2"          16750.09155    0.006084319251161   0.0004498100557425      0.1031181254274     0.05845508482152                    0                    0
        "BPMRA.7R5.B2"          16784.10555    0.006678688552978    0.001660576606431    -0.00805874773915     0.07004354937688                    0                    0
          "BPM.8R5.B2"          16825.54256    0.003816959765184    0.002743587494302     -0.4175493015608     0.01495350994769                    0                    0
          "BPM.9R5.B2"          16864.60757    0.006780656435808    0.001087492841961      0.3766122935623     0.05651587420732                    0                    0
         "BPM.10R5.B2"          16905.07058     0.00525473032488   0.0002197159840335      0.1245177905776     0.01018569779304                    0                    0
         "BPM.11R5.B2"          16957.85129    0.007500355615573   0.0005090413444993     -0.1242429438242     0.01318684044298                    0                    0
         "BPM.13R5.B2"          17066.02333    0.005019230333715   0.0002731101009532       0.381257376469     0.02904373305928                    0                    0
         "BPM.14R5.B2"          17119.47184    0.005421721564728   0.0001036901724754      0.1374844337476     0.03975639815815                    0                    0
         "BPM.15R5.B2"          17172.92036    0.006667121677867   0.0005996422603653     -0.1542055153488    0.006268244914552                    0                    0
         "BPM.16R5.B2"          17226.36887    0.005452012553651   0.0004645445207196      0.1686839231755      0.4500858321641                    0                    0
         "BPM.17R5.B2"          17279.81739     0.00473372927733   0.0001745839193257      0.3788218673545     0.03163431601746                    0                    0
         "BPM.18R5.B2"           17333.2659    0.005536422326295   0.0005066155218719      0.1422331334622     0.01917890450113                    0                    0
         "BPM.19R5.B2"          17386.71442    0.006797850967924    0.000702552235436     -0.1188658005852     0.02156432322343                    0                    0
         "BPM.20R5.B2"          17440.16294    0.005705061650583   0.0002434302960209     -0.4859063773231      0.0133772721884                    0                    0
         "BPM.21R5.B2"          17493.61145    0.005238477012039   0.0001399969904245      0.3895996652421      0.0260821874809                    0                    0
         "BPM.22R5.B2"          17547.05997    0.005625835566091   0.0001721097005893      0.1310821434969     0.02662502925938                    0                    0
         "BPM.23R5.B2"          17600.50848    0.007294166881957   0.0006235097527098     -0.1239372287475     0.01716761567194                    0                    0
         "BPM.24R5.B2"            17653.957    0.005587118871701   0.0002242721487253      0.1887834469183      0.4501934234759                    0                    0
         "BPM.25R5.B2"          17707.40552    0.004492540767312   0.0001417771140394      0.3653788000384     0.04531732683324                    0                    0
         "BPM.26R5.B2"          17760.85403    0.005413912714734   0.0001080798571627      0.1309339706556     0.01266919518833                    0                    0
         "BPM.27R5.B2"          17814.30255    0.005845470561299    0.001138590934144     -0.1157604094378     0.02119114772607                    0                    0
         "BPM.28R5.B2"          17867.75106    0.005981579490482   0.0002555782171994     -0.1542553743582      0.4570140600376                    0                    0
         "BPM.29R5.B2"          17921.19958    0.004544189451311   0.0003043347673047      0.3340021217654     0.03977516418669                    0                    0
         "BPM.30R5.B2"           17974.6481    0.005329878499037   0.0002931184246813      0.1524690269746     0.01409950503158                    0                    0
         "BPM.31R5.B2"          18028.09661    0.005917077206738    0.001692711997279     -0.1109539086665     0.02606594358503                    0                    0
         "BPM.32R5.B2"          18081.54513    0.005832620453339   0.0003463708100701      0.5153933667567     0.02637909950441                    0                    0
         "BPM.33R5.B2"          18134.99364     0.00437194384589   0.0002108251561963      0.3560947276289     0.04220851497999                    0                    0
         "BPM.34R5.B2"          18188.44216    0.005158185461277   0.0002451146356022      0.1684183446478     0.01796379509382                    0                    0
         "BPM.33L6.B2"          18241.89067    0.006242658910517    0.001117378479548     -0.1156073565853     0.03330067026192                    0                    0
         "BPM.32L6.B2"          18295.33919    0.005773906522468   0.0001111965705222     -0.1593893091362      0.4532710240964                    0                    0
         "BPM.31L6.B2"          18348.78771    0.004881542716512   0.0002105970607566      0.3530921006357     0.01498751943359                    0                    0
         "BPM.30L6.B2"          18402.23622    0.005122788900219   0.0005469012328858      0.1484299910457     0.02571937907759                    0                    0
         "BPM.29L6.B2"          18455.68474    0.006776464888534   0.0008419275058199      -0.100595497533     0.02798860328452                    0                    0
         "BPM.28L6.B2"          18509.13325    0.005143939405356   0.0001070511346733      0.1873922373833      0.4698330659946                    0                    0
         "BPM.27L6.B2"          18562.58177    0.005504246511327   0.0007507652453411      0.3842932136534     0.02038332286323                    0                    0
         "BPM.26L6.B2"          18616.03029    0.005555574527161    0.000632301234852      0.1855859851183      0.0435452836883                    0                    0
         "BPM.25L6.B2"           18669.4788    0.006541262783675   0.0007205290740702     -0.1021167043946     0.02832397068844                    0                    0
         "BPM.24L6.B2"          18722.92732    0.005615051562603   0.0004194039745627     -0.1380768680909      0.4570469389271                    0                    0
         "BPM.23L6.B2"          18776.37583    0.005268789459564   0.0008323719951802      0.3734033701389     0.03477361481736                    0                    0
         "BPM.22L6.B2"          18829.82435      0.0052084639074   0.0005414493952253       0.195378987718    0.009182368497947                    0                    0
         "BPM.21L6.B2"          18883.27287     0.00654208308854   0.0003756810182172       -0.10469705486     0.01632459923466                    0                    0
         "BPM.20L6.B2"          18936.72138    0.005785227463027   0.0004632559594116     -0.4701704515324     0.01749892590123                    0                    0
         "BPM.19L6.B2"           18990.1699    0.005321976004442   0.0003772261019209      0.4073068471947     0.01062348514909                    0                    0
         "BPM.18L6.B2"          19043.61841    0.005440008040844   0.0001054486440331      0.1807798240284     0.02551303012697                    0                    0
         "BPM.17L6.B2"          19097.06693    0.005410923988809   0.0006181646186948     -0.1138028351894    0.004610186636625                    0                    0
         "BPM.16L6.B2"          19150.51545    0.005639882809579   0.0002748530234663     -0.1396882483202      0.4486136722964                    0                    0
         "BPM.15L6.B2"          19203.96396    0.004950332364781   0.0007221308219489      0.3866044260178      0.0499948838672                    0                    0
         "BPM.14L6.B2"          19257.41248    0.005170386179651   0.0004261439784659      0.2295069354455     0.02449863965346                    0                    0
         "BPM.13L6.B2"          19310.86099    0.005937316779283   0.0004882847589845    -0.09555481651613     0.01731542533935                    0                    0
         "BPM.12L6.B2"          19364.30951     0.00630904378933    0.000250668675815      0.5217247031273     0.02234974343873                    0                    0
         "BPM.11L6.B2"          19417.75802    0.004593044322312   0.0003933510411309      0.3889521451949     0.01815783550862                    0                    0
         "BPM.10L6.B2"          19469.59674    0.004998415318466   0.0004861351982394       0.190919954552     0.04659104367622                    0                    0
          "BPM.9L6.B2"          19508.66175    0.005419342095782    0.001011114742992     -0.0738279240137     0.02342978742365                    0                    0
          "BPM.8L6.B2"          19549.12476    0.006270292202038   0.0007274697585472     -0.2012552109231      0.4509746525232                    0                    0
        "BPMYB.5L6.B2"          19646.21277    0.009137644102172     0.00308362807349      -0.299786612372     0.01477097171534                    0                    0
        "BPMYA.4L6.B2"          19682.61277    0.008692030654628   0.0003903342851828     -0.3205104450633      0.0192118301018                    0                    0
        "BPMSA.4L6.B2"          19810.82827    0.008997893815706    0.000496831853338     -0.4014074795938     0.01729792508963                    0                    0
       "BPMSX.A4R6.B2"          19995.52327    0.004278259601657   0.0003435168193153      0.4412339876182     0.01820019878485                    0                    0
       "BPMSX.B4R6.B2"          19996.10827    0.004158567348683   0.0004912980369381      0.4513171092534     0.01829526247906                    0                    0
        "BPMYB.4R6.B2"          20026.21277    0.003998360179964   0.0002098700954706       0.403742034981    0.009440822219736                    0                    0
        "BPMYA.5R6.B2"          20062.61277                    0   1.483239697419e-08      0.4138505755153     0.02094643984541                    0                    0
          "BPM.8R6.B2"          20158.33778    0.006041089355887    0.001094528466803     -0.2068099535219    0.007045777481951                    0                    0
          "BPM.9R6.B2"          20197.40279    0.007896088704004   0.0007590090256581     -0.1479032463965      0.4500518955572                    0                    0
         "BPM.10R6.B2"           20237.8658    0.005342107789505   0.0003754167806045     0.09463970778733       0.452340902462                    0                    0
         "BPM.11R6.B2"          20289.70451    0.003736964589019   0.0003643862462067     0.05320819744867     0.04242898580931                    0                    0
         "BPM.12R6.B2"          20344.42803    0.009246183935764   0.0004314772573179     -0.3277797244305    0.004308180451685                    0                    0
         "BPM.13R6.B2"          20397.87654    0.008378145170763   0.0006452934630082     -0.4772988516325      0.0211768810959                    0                    0
         "BPM.14R6.B2"          20451.32506    0.004531507171335   0.0001586247718184      0.4345963332876     0.03630645114522                    0                    0
         "BPM.15R6.B2"          20504.77357    0.003801507642321   0.0001105291603437      0.1741605211391     0.03130365858883                    0                    0
         "BPM.16R6.B2"          20558.22209    0.007761549923897    0.001327295674215     -0.2615447298833      0.0312963010171                    0                    0
         "BPM.17R6.B2"          20611.67061    0.008261832623109   1.880658359396e-05     -0.4718888997048     0.01663844562863                    0                    0
         "BPM.18R6.B2"          20665.11912    0.004085096821284   0.0005090469659489     0.09910535881461      0.4497483777019                    0                    0
         "BPM.19R6.B2"          20718.56764    0.003841798234971    0.000248408307595      0.2041301277508     0.03914137571846                    0                    0
         "BPM.20R6.B2"          20772.01615     0.00875558393682    0.001048409277873     -0.2505633777432     0.02399383255552                    0                    0
         "BPM.21R6.B2"          20825.46467    0.007993156787969   0.0003094899020784     -0.4664929030975     0.02226592929998                    0                    0
         "BPM.22R6.B2"          20878.91318     0.00436187898183   0.0002661300483075      0.4352501553285     0.01618596455518                    0                    0
         "BPM.23R6.B2"           20932.3617    0.003748129601558   0.0001602933397174      0.1844602718854     0.06363191738938                    0                    0
         "BPM.24R6.B2"          20985.81022    0.007817595247322   0.0009499641536421     -0.2682849212549     0.01469068634601                    0                    0
         "BPM.25R6.B2"          21039.25873    0.008888968243469   0.0006171963277916     -0.1296094361197      0.4525540683643                    0                    0
         "BPM.26R6.B2"          21092.70725    0.004240736272899   0.0001552732584637      0.4306271058298     0.01337433622346                    0                    0
         "BPM.27R6.B2"          21146.15576     0.00393424465654   0.0001723377512684      0.1780526282131     0.05299072491392                    0                    0
         "BPM.28R6.B2"          21199.60428    0.006070850459086    0.004294077972929      -0.283420311733     0.04772790946982                    0                    0
         "BPM.29R6.B2"           21253.0528    0.007750212402543   0.0005454476180278     -0.4628763377968      0.0261414576249                    0                    0
         "BPM.30R6.B2"          21306.50131    0.004136236081636   0.0002459913691643      0.4485889142802     0.01625114173494                    0                    0
         "BPM.31R6.B2"          21359.94983    0.004060136846097   0.0005885798603555      0.1849256586659     0.05696584606036                    0                    0
         "BPM.32R6.B2"          21413.39834    0.008267177526455   0.0009425129053086     -0.2514123768982     0.01211979946781                    0                    0
         "BPM.33R6.B2"          21466.84686    0.007769735764538   0.0002524817889111     -0.4710017025477     0.02341724827917                    0                    0
         "BPM.34R6.B2"          21520.29538    0.003673216299624   0.0001250882003089       0.396004459009     0.01922885992172                    0                    0
         "BPM.33L7.B2"          21573.74389    0.004599705296316   4.338976610606e-05      0.1677124766088     0.02604680361116                    0                    0
         "BPM.32L7.B2"          21627.19241    0.008073913154419    0.002224711833923     -0.2626571045483     0.03337118507306                    0                    0
         "BPM.31L7.B2"          21680.64092    0.006954232853439   0.0001733576460711     -0.4684956819123     0.02119827904267                    0                    0
         "BPM.30L7.B2"          21734.08944    0.004272593055291   0.0001024017821822      0.4316376006894     0.01992951999787                    0                    0
         "BPM.29L7.B2"          21787.53795    0.004239488404778   0.0002523234282645      0.1609058197971     0.03861027286688                    0                    0
         "BPM.28L7.B2"          21840.98647    0.008966906804485   0.0001728995332711     -0.2864738359559     0.03712966945761                    0                    0
         "BPM.27L7.B2"          21894.43499    0.007085957668616   0.0008815121895045     -0.1420021548144      0.4546770230233                    0                    0
         "BPM.26L7.B2"           21947.8835    0.004418961325438   0.0004529226705916      0.4267546742619     0.00529465659329                    0                    0
         "BPM.25L7.B2"          22001.33202    0.004404014732951   0.0005416143607068       0.198893175795     0.01419266430386                    0                    0
         "BPM.24L7.B2"          22054.78053      0.0097442490164    0.000678725385385     -0.2944436974939     0.01062197227085                    0                    0
         "BPM.23L7.B2"          22108.22905    0.006459903220734   8.260249275986e-05      -0.474090668211      0.0160593988848                    0                    0
         "BPM.22L7.B2"          22161.67757    0.005191309866649   0.0004203547388933      0.4564459866706      0.0327661555354                    0                    0
         "BPM.21L7.B2"          22215.12608    0.004673440436235   0.0002436842984633      0.2373233455891    0.002406129586944                    0                    0
         "BPM.20L7.B2"           22268.5746    0.007868294756958    0.001151509347561      -0.278012236279     0.02332428992841                    0                    0
         "BPM.19L7.B2"          22322.02311    0.006399679740425   0.0001639635771903     -0.4663104471494     0.02018380966474                    0                    0
         "BPM.18L7.B2"          22375.47163    0.005154493369217   0.0002748118158138      0.1101921232171      0.4363284659618                    0                    0
         "BPM.17L7.B2"          22428.92015    0.005389138612086   8.089734619487e-05      0.2533401607607     0.05286518912271                    0                    0
         "BPM.16L7.B2"          22482.36866     0.00910498751715   0.0004991683333816     -0.2668059993935    0.004415068711984                    0                    0
         "BPM.15L7.B2"          22535.81718    0.006214038015494   0.0006162713104052     -0.4634692940531     0.03095512864358                    0                    0
         "BPM.14L7.B2"          22589.26569     0.00558522398151    0.001043118968555      0.4506612845767     0.01788476723083                    0                    0
         "BPM.13L7.B2"          22642.71421    0.005532437577322   0.0006193461832703      0.2725760252207     0.01858907048814                    0                    0
         "BPM.12L7.B2"          22696.16273    0.007079062698536    0.001302861887999      -0.251858129458     0.01142026554283                    0                    0
         "BPM.11L7.B2"          22749.61124    0.005394847040147    0.000311589949397      -0.469402615147     0.02135652198411                    0                    0
         "BPM.10L7.B2"          22802.39195    0.005837632307672   0.0003309803318087      0.1191405743977      0.4492001828003                    0                    0
          "BPM.9L7.B2"          22841.45696    0.005210630372577   6.175455244064e-05      0.3136080589523     0.04126474336631                    0                    0
          "BPM.8L7.B2"          22881.91997    0.007335256794484    0.001714892606729     -0.3291980704689     0.04091268391248                    0                    0
          "BPM.7L7.B2"          22920.98398    0.008076748952341    0.001036821927668      0.5054240143345     0.02637688878177                    0                    0
         "BPMR.6L7.B2"          22955.80198    0.009233315911345   0.0002476933729212      0.4997689589172     0.04645320394397                    0                    0
        "BPMWC.6L7.B2"          22967.98048    0.006988860746319    0.000558861517038      0.4345388489061    0.008412027539806                    0                    0
        "BPMWE.5L7.B2"          23045.03448    0.001810826357969    0.002560895194585      0.3634555075024     0.05578949023701                    0                    0
         "BPMW.5L7.B2"          23068.23948    0.004881453872213    0.003658494422556      0.3464861178868     0.04202998314343                    0                    0
        "BPMWE.4L7.B2"          23103.32448    0.003347751428451     0.00264430373687       0.315043973179     0.05256087056298                    0                    0
         "BPMW.4L7.B2"          23131.42948    0.004425676934355    0.003140554021403      0.0772019911816      0.2160193906628                    0                    0
         "BPMW.4R7.B2"          23247.47648     0.00765273181135   0.0005189467989629     -0.1709699616065      0.4631018287827                    0                    0
        "BPMWE.4R7.B2"          23275.58148    0.009160737709169   0.0007618846325383     -0.1748497518341      0.4474862268168                    0                    0
         "BPMW.5R7.B2"          23310.66648    0.007802883753603    0.001173571009842     -0.5214931256119    0.004597676545302                    0                    0
        "BPMWE.5R7.B2"          23333.87148    0.005159960684148    0.001124491890324       0.267167733656      0.1431881499046                    0                    0
          "BPM.6R7.B2"          23413.01098                    0   1.483239697419e-08     -0.2889596339979     0.06591813612089                    0                    0
        "BPM_A.7R7.B2"          23451.04698    0.005753903030859   0.0007408198716948     -0.3620195418006     0.04595115222072                    0                    0
          "BPM.8R7.B2"          23490.11099    0.007108850768899   0.0002696019496946     -0.4761890526919     0.01967442309595                    0                    0
          "BPM.9R7.B2"            23529.176    0.006737063568294   0.0007236051358787      0.4336451968023     0.03179105866093                    0                    0
         "BPM.10R7.B2"          23569.63902     0.00563355384191    0.000339130043884    -0.03481475959713     0.02050781828723                    0                    0
         "BPM.11R7.B2"          23622.41973    0.006418217089393   0.0004404901759724     -0.3854489335891      0.0193156769334                    0                    0
         "BPM.12R7.B2"          23677.14324    0.003247995159565    0.002371522831398     -0.1828980529772      0.4561479361621                    0                    0
         "BPM.13R7.B2"          23730.59176    0.006487030655865   0.0003450887562859     -0.2650719375912      0.4333231155929                    0                    0
         "BPM.14R7.B2"          23784.04027     0.00508576781046    0.001143221719656    -0.02801319289107     0.06596348947186                    0                    0
         "BPM.15R7.B2"          23837.48879    0.005953290320024   0.0009511027545973     -0.3908230637396    0.009282026888158                    0                    0
         "BPM.16R7.B2"          23890.93731    0.005855692774243   0.0001744806660347      0.4969539526787     0.02368966328501                    0                    0
         "BPM.17R7.B2"          23944.38582    0.006838825764896   0.0008018938616108      0.4014091694003      0.0345740884371                    0                    0
         "BPM.18R7.B2"          23997.83434    0.005101011895505   0.0004202818340108   -0.004089700162367     0.03713286295009                    0                    0
         "BPM.19R7.B2"          24051.28285    0.005745373874261   0.0009935348951791     -0.3913525039722     0.01713079628769                    0                    0
         "BPM.20R7.B2"          24104.73137    0.005301050590202   0.0004914417419869      0.1567554913484      0.4465969262492                    0                    0
         "BPM.21R7.B2"          24158.17989    0.006868295748085   0.0005288007232878     0.08851495870779      0.4618597709752                    0                    0
         "BPM.22R7.B2"           24211.6284    0.005742256234103   0.0001702915603735    -0.02115131003877     0.02041834192908                    0                    0
         "BPM.23R7.B2"          24265.07692    0.005474035447573   0.0003436300184678     -0.3991063825444     0.03291821785128                    0                    0
         "BPM.24R7.B2"          24318.52543    0.005375591552396   0.0003580575597686      0.4901496306799     0.02911561687795                    0                    0
         "BPM.25R7.B2"          24371.97395    0.007172225481224   0.0004727205361924      0.4102016281722     0.02558837636626                    0                    0
         "BPM.26R7.B2"          24425.42246    0.004955324518681   0.0008379237714364      0.0078612723881     0.08717538534109                    0                    0
         "BPM.27R7.B2"          24478.87098    0.005485713786696   0.0004781605318433     -0.3878978257912     0.02234549915008                    0                    0
         "BPM.28R7.B2"           24532.3195    0.006018881801304   0.0001497302186829      -0.176057636333       0.450639691806                    0                    0
         "BPM.29R7.B2"          24585.76801    0.006185325333442   0.0005137206004922      0.3751192412356     0.02257483750895                    0                    0
         "BPM.30R7.B2"          24639.21653    0.005272413521367   0.0005031277794412   -0.009860028916067     0.07165282766895                    0                    0
         "BPM.31R7.B2"          24692.66504    0.004871461637968   0.0007000976223596     -0.3880748151899     0.02829496646569                    0                    0
         "BPM.32R7.B2"          24746.11356    0.005961267624866   0.0006341493269992      0.4897161915072     0.02447285062177                    0                    0
         "BPM.33R7.B2"          24799.56208    0.006428384702816   0.0003969204047351       0.379057761896     0.02601188661007                    0                    0
         "BPM.34R7.B2"          24853.01059    0.005087880117851   0.0008412968274119     -0.0254707524082      0.0705012796618                    0                    0
         "BPM.33L8.B2"          24906.45911    0.005540101628117   0.0001984103441809       -0.37683659709     0.03984392079235                    0                    0
         "BPM.32L8.B2"          24959.90762    0.006352332596343    0.000604940800414     -0.1821553410091      0.4515174067873                    0                    0
         "BPM.31L8.B2"          25013.35614    0.006970775704803   0.0004136157220643      0.4038185031771    0.004580147353148                    0                    0
         "BPM.30L8.B2"          25066.80466    0.004401158815828   0.0008839707077845    0.008813073068433     0.08956543351521                    0                    0
         "BPM.29L8.B2"          25120.25317    0.004294277300032   0.0006496345487852     -0.4232246189492     0.02952088698911                    0                    0
         "BPM.28L8.B2"          25173.70169    0.006166751477937   0.0001416182882461       0.489579942726     0.02182499015444                    0                    0
         "BPM.27L8.B2"           25227.1502    0.007021212758856    0.001212435503952      0.3853569739036     0.05815794411517                    0                    0
         "BPM.26L8.B2"          25280.59872     0.00515168535177   0.0008013667022222    -0.08618968411283     0.02169360230263                    0                    0
         "BPM.25L8.B2"          25334.04723    0.005168214566228   0.0005248037498394     -0.3933373170388     0.03835724213283                    0                    0
         "BPM.24L8.B2"          25387.49575    0.006403683177799   0.0002432961408188      -0.189366410841      0.4471785469758                    0                    0
         "BPM.23L8.B2"          25440.94427    0.006570961378322   0.0001292466486815     0.06246401268229      0.4381027728778                    0                    0
         "BPM.22L8.B2"          25494.39278     0.00511961891509    0.000377481865475    -0.08699089500433     0.02796291618184                    0                    0
         "BPM.21L8.B2"           25547.8413    0.005418422676509    0.000605240120854     -0.4139910717364     0.04445045706526                    0                    0
         "BPM.20L8.B2"          25601.28981    0.006244037041578   0.0009131766111982      0.4659006020893     0.02060899604104                    0                    0
         "BPM.19L8.B2"          25654.73833    0.006097168672002   0.0005266254370557      0.3599253391092     0.07243589373574                    0                    0
         "BPM.18L8.B2"          25708.18685    0.004673456901814     0.00126811339411     -0.1047296805277     0.01195491215759                    0                    0
         "BPM.17L8.B2"          25761.63536    0.004513538365897   0.0005658885914395    -0.06347998733449        0.43721946509                    0                    0
         "BPM.16L8.B2"          25815.08388    0.006117828150671    0.000440793133054      0.1373350027525      0.4529158372625                    0                    0
         "BPM.15L8.B2"          25868.53239    0.006569360914765   0.0004499329540993      0.3749755889048     0.01143992803771                    0                    0
         "BPM.14L8.B2"          25921.98091    0.004495435387887   0.0007866948883327    -0.07555554336363     0.02980876729206                    0                    0
         "BPM.13L8.B2"          25975.42943    0.004899478151184   0.0007137226681085     -0.3935992290841     0.03730146354902                    0                    0
         "BPM.12L8.B2"          26028.87794    0.006179934102197   0.0006501113230688       0.478198047809     0.02808481386297                    0                    0
         "BPM.11L8.B2"          26082.32646     0.00647164480571   0.0004503855375663      0.3820358255888     0.01938243103056                    0                    0
         "BPM.10L8.B2"          26134.16517    0.003990695722868   0.0004177532305504    -0.01376874102547     0.04452334774103                    0                    0
          "BPM.9L8.B2"          26173.23018    0.006516006406523   0.0006759885324015     -0.3575433160495     0.02638108203342                    0                    0
          "BPM.8L8.B2"          26213.69319    0.005759901079487   0.0001315478420723     0.09643105161179      0.4416915495481                    0                    0
          "BPM.7L8.B2"           26252.7592    0.007867105520296   0.0009251628612855     0.06089758180421      0.4515050430548                    0                    0
          "BPM.6L8.B2"           26285.2282    0.005663484172816    0.008009376127496     -0.5887776601452     0.04248069203653                    0                    0
       "BPMWI.A5L8.B2"           26347.1487    0.003328937733822     0.00470782889149      0.2123815297336      0.2161424741809                    0                    0
        "BPMYB.4L8.B2"           26366.4142    0.004217654263238   0.0003738210645858      0.3889793231183     0.02676944952765                    0                    0
        "BPMWB.4L8.B2"           26395.6867    0.004335528488985   0.0002126917993758      0.3787647268502     0.03594506312273                    0                    0
        "BPMSX.4L8.B2"           26441.0987    0.004198690497873   0.0004571072360747      0.3623838809205     0.03106407422012                    0                    0
         "BPMS.2L8.B2"           26478.9502    0.004381551439358   0.0003951453697753      0.3692172555518     0.02009762853793                    0                    0
        "BPMSW.1L8.B2"           26488.8842     0.00590510611299    0.008351081152256      0.4480136996102     0.02172197659419                    0                    0
        "BPMSW.1R8.B2"           26532.0742    0.007713632840281      0.0109087241779     -0.2257244479641      0.4373411678677                    0                    0
         "BPMS.2R8.B2"           26542.0082    0.004504007998324   0.0006200509720218      0.3868538070309     0.02089870498237                    0                    0
        "BPMSX.4R8.B2"           26579.9797     0.02208500686948    0.008194519782289     -0.5411377437478     0.01957836726878                    0                    0