@ GetLLMVersion %s "V3.0.0 Dev"
@ Command %s "/afs/cern.ch/eng/sl/lintrack/miniconda2/bin/python '/afs/cern.ch/eng/sl/lintrack/Beta-Beat.src/GetLLM/GetLLM.py' '--accel=LHCB2' '--model=/user/slops/data/LHC_DATA/OP_DATA/Betabeat/2022-04-27/models/LHCB2/LHCB2_30cm_noknowledge/twiss.dat' '--files=/user/slops/data/LHC_DATA/OP_DATA/Betabeat/2022-04-27/LHCB2/Measurements/Beam2@Turn@2022_04_27@22_23_32_100-1_6600/Beam2@Turn@2022_04_27@22_23_32_100.sdds,/user/slops/data/LHC_DATA/OP_DATA/Betabeat/2022-04-27/LHCB2/Measurements/Beam2@Turn@2022_04_27@22_24_53_620-1_6600/Beam2@Turn@2022_04_27@22_24_53_620.sdds,/user/slops/data/LHC_DATA/OP_DATA/Betabeat/2022-04-27/LHCB2/Measurements/Beam2@Turn@2022_04_27@22_27_44_180-1_6600/Beam2@Turn@2022_04_27@22_27_44_180.sdds' '--output=/user/slops/data/LHC_DATA/OP_DATA/Betabeat/2022-04-27/LHCB2/Results/b2_3files_12percent_30cm_beforecorrection' '--tbtana=SUSSIX' '--bpmu=mm' '--useerrorofmean=false' '--lhcphase=0' '--errordefs=/user/slops/data/LHC_DATA/OP_DATA/Betabeat/2022-04-27/models/LHCB2/LHCB2_30cm_noknowledge/error_deff.txt' '--calibration=/afs/cern.ch/eng/sl/lintrack/LHC_commissioning2017/Calibration_factors_2017/Calibration_factors_2017_beam2' '--range=11'"
@ CWD %s "/nfs/cs-ccr-nfsop/nfs2/vol1/u1/lhcop"
@ Date %s "28. April 2022, 00:32:15"
@ TABLE %s "ORBIT"
@ TYPE %s "ORBIT"
@ SEQUENCE %s "LHCB2"
@ Q1 %le 0.2699882059850884
@ Q2 %le 0.3219860194100735
@ FILES %s "/user/slops/data/LHC_DATA/OP_DATA/Betabeat/2022-04-27/LHCB2/Measurements/Beam2@Turn@2022_04_27@22_23_32_100-1_6600/Beam2@Turn@2022_04_27@22_23_32_100.sdds.linx,/user/slops/data/LHC_DATA/OP_DATA/Betabeat/2022-04-27/LHCB2/Measurements/Beam2@Turn@2022_04_27@22_24_53_620-1_6600/Beam2@Turn@2022_04_27@22_24_53_620.sdds.linx,/user/slops/data/LHC_DATA/OP_DATA/Betabeat/2022-04-27/LHCB2/Measurements/Beam2@Turn@2022_04_27@22_27_44_180-1_6600/Beam2@Turn@2022_04_27@22_27_44_180.sdds.linx"
*                 NAME                    S                COUNT                    X                 STDX                 XMDL               MUXMDL
$                   %s                  %le                  %le                  %le                  %le                  %le                  %le
        "BPMYB.5R8.B2"               16.238                    3      0.5567105632367   0.0003460874205436                    0        0.01043463339
        "BPM_A.7R8.B2"              122.586                    3       0.241265242334    0.000260238957301                    0         0.3186035649
          "BPM.8R8.B2"          164.0249894                    3     -0.1182639226628    0.001965799313074                    0          0.503197187
          "BPM.9R8.B2"          203.0919788                    3     -0.3171709840312     0.00222056273834                    0         0.7124951037
         "BPM.10R8.B2"          243.5569682                    3  -0.0005996402538337    0.001326455358882                    0         0.7670496408
         "BPM.11R8.B2"          295.3976576                    3     -0.5328684104878    0.003000989640828                    0         0.9214429809
         "BPM.12R8.B2"          350.1241417                    3     -0.1448966080169   0.0004882064240222                    0          1.106724044
         "BPM.13R8.B2"          403.5756258                    3      0.2568142132908    0.002200136943515                    0          1.197044623
         "BPM.14R8.B2"          457.0271099                    3     -0.9041724273056    0.001260640576664                    0           1.26478427
         "BPM.15R8.B2"           510.478594                    3      0.1606076848267    0.003289146144856                    0          1.462137835
         "BPM.16R8.B2"          563.9300781                    3     -0.5401481674288    0.001529030864073                    0          1.617516314
         "BPM.17R8.B2"          617.3815622                    3      0.1236578756562   0.0002161285143929                    0          1.697044822
         "BPM.18R8.B2"          670.8330463                    3     -0.5575033809906   0.0003844246904648                    0           1.76478427
         "BPM.19R8.B2"          724.2845304                    3     -0.2216421715918   0.0005393074039248                    0          1.962137835
         "BPM.20R8.B2"          777.7360145                    3    0.003790217979731   0.0008137373100869                    0          2.117516314
         "BPM.21R8.B2"          831.1874986                    3   -0.001846182339978    0.003378350800157                    0          2.197044822
         "BPM.22R8.B2"          884.6389827                    3     -0.1527601573005    0.001591486081379                    0           2.26478427
         "BPM.23R8.B2"          938.0904667                    3     -0.1006726820837      0.0013500698424                    0          2.462137835
         "BPM.24R8.B2"          991.5419508                    3     -0.1578755170804   0.0004030929452743                    0          2.617516314
         "BPM.25R8.B2"          1044.993435                    3     -0.2299221081693    0.003802896610843                    0          2.697044822
         "BPM.26R8.B2"          1098.444919                    3    -0.01470800479664   0.0005004271755013                    0           2.76478427
         "BPM.27R8.B2"          1151.896403                    3    -0.09491931147915    0.001680799083274                    0          2.962137835
         "BPM.28R8.B2"          1205.347887                    3     -0.6106189663942    0.001148577467673                    0          3.117516314
         "BPM.29R8.B2"          1258.799371                    3     0.03212447701094    0.002102969045372                    0          3.197044822
         "BPM.30R8.B2"          1312.250855                    3     0.08533529503582    0.001262101112031                    0           3.26478427
         "BPM.31R8.B2"           1365.70234                    3    -0.07869158627596   0.0008561385178938                    0          3.462137835
         "BPM.32R8.B2"          1419.153824                    3     -0.2179737987356    0.003513046911166                    0          3.617516314
         "BPM.33R8.B2"          1472.605308                    3     -0.1924698137011    0.002958250515139                    0          3.697044822
         "BPM.34R8.B2"          1526.056792                    3     -0.2426595951817      0.0017659810537                    0           3.76478427
         "BPM.33L1.B2"          1579.508276                    3    -0.01746728853932    0.002158184954245                    0          3.962137835
         "BPM.32L1.B2"           1632.95976                    3     -0.6532577571618    0.004363178116072                    0          4.117516314
         "BPM.31L1.B2"          1686.411244                    3      0.1044864075458    0.001175355375843                    0          4.197044822
         "BPM.30L1.B2"          1739.862728                    3     -0.3483001779473   0.0008910113618985                    0           4.26478427
         "BPM.29L1.B2"          1793.314212                    3      0.1096182233034   0.0008178494318848                    0          4.462137835
         "BPM.28L1.B2"          1846.765696                    3     -0.3482186241721    0.001369848830414                    0          4.617516314
         "BPM.27L1.B2"           1900.21718                    3     -0.1336002179119    0.002845958957191                    0          4.697044822
         "BPM.26L1.B2"          1953.668665                    3      -0.437688698347    0.002481763601169                    0           4.76478427
         "BPM.25L1.B2"          2007.120149                    3     -0.1232673420801    0.002550697331526                    0          4.962137834
         "BPM.24L1.B2"          2060.571633                    3    -0.08308689347157    0.001630628027951                    0          5.117516314
         "BPM.23L1.B2"          2114.023117                    3     -0.2719818171069    0.003131247290018                    0          5.197044822
         "BPM.22L1.B2"          2167.474601                    3      0.2610842943329    0.001069516763244                    0           5.26478427
         "BPM.21L1.B2"          2220.926085                    3    -0.04319320871574    0.002096196469803                    0          5.462137834
         "BPM.20L1.B2"          2274.377569                    3     -0.3867291473425    0.002227038785981                    0          5.617516314
         "BPM.19L1.B2"          2327.829053                    3     -0.2632199919744    0.001624504026289                    0          5.697044822
         "BPM.18L1.B2"          2381.280537                    3    -0.03631073496746    0.001809261193515                    0           5.76478427
         "BPM.17L1.B2"          2434.732021                    3     -0.2235773196902   0.0006223413401375                    0          5.962137834
         "BPM.16L1.B2"          2488.183506                    3     -0.2006861293492    0.003621232681366                    0          6.117516314
         "BPM.15L1.B2"           2541.63499                    3    -0.06830867460965    0.002024865977725                    0          6.197044822
         "BPM.14L1.B2"          2595.086474                    3     -0.2577194963386    0.002057804124083                    0           6.26478427
         "BPM.13L1.B2"          2648.537958                    3  -0.0001293864202614    0.001646687939067                    0          6.462137834
         "BPM.12L1.B2"          2701.989442                    3     -0.2882134005696    0.001849298814367                    0          6.615303952
         "BPM.11L1.B2"          2755.440926                    3     -0.2196082349952    0.003521810618677                    0          6.693776633
         "BPM.10L1.B2"          2808.223615                    3     -0.4730456615532    0.001382520461596                    0          6.755282491
          "BPM.9L1.B2"          2847.290605                    3     0.03071777768541     0.00264046339832                    0          6.879669561
          "BPM.8L1.B2"          2887.755594                    3     -0.3294200065955    0.001927025466068                    0          7.106632631
          "BPM.7L1.B2"          2926.823584                    3     -0.2986679337403    0.002960160907854                    0          7.215470983
        "BPMSX.7L1.B2"          2957.502084                    3      0.2906850500204    0.001007735998651                    0          7.251965741
         "BPMR.6L1.B2"          2970.007584                    3     0.03827585410655    0.001506799662094                    0          7.373277573
          "BPM.5L1.B2"          3001.907584                    3     0.07622004825536    0.001583619787486                    0          7.665862715
        "BPMYA.4L1.B2"          3023.025584                    3      0.2301227860162    0.002143525836474                    0          7.680169138
        "BPMWB.4L1.B2"          3044.082084                    3       0.127132524091    0.001833338665195                    0          7.686107516
        "BPMSY.4L1.B2"          3136.998084                    3      -0.494206381657    0.006914045522577                    0          7.692040086
         "BPMS.2L1.B2"          3163.723584                    3     -0.4008631699595    0.003116550410133                    0          7.693286116
        "BPMSW.1L1.B2"          3173.673584                    3     -0.1908889192878    0.004879109948555                    0          7.694089026
        "BPMSW.1R1.B2"          3216.816584                    3     -0.6926538289438    0.001358863021218                    0          8.189673703
         "BPMS.2R1.B2"          3226.781584                    3      0.4710201127054    0.006366180178061                    0          8.190299578
        "BPMSY.4R1.B2"          3253.627084                    3     -0.2238494110107    0.003687684648398                    0          8.191142949
        "BPMWB.4R1.B2"          3346.423084                    3     -0.8244722408887    0.004222442153403                    0          8.196178075
        "BPMYA.4R1.B2"          3367.479584                    3      0.5773703588677     0.00447112686842                    0          8.197584824
         "BPMR.5R1.B2"          3394.887584                    3     -0.2215418720551    0.002222534174127                    0          8.200828077
          "BPM.6R1.B2"          3426.787584                    3     0.01034845978085    0.003869773466104                    0          8.210153039
        "BPMRA.7R1.B2"          3454.511584                    3      0.5071795112028    0.003290345741294                    0          8.241344322
          "BPM.8R1.B2"          3495.948594                    3    -0.06138817898857   0.0005078360548315                    0          8.387023843
          "BPM.9R1.B2"          3535.013605                    3      0.4527970589748     0.00471344059321                    0          8.596324036
         "BPM.10R1.B2"          3575.476615                    3     -0.5697787777722   0.0009620109855986                    0          8.698612175
         "BPM.11R1.B2"          3628.257326                    3      0.1413796162953    0.001429676725383                    0          8.770393109
         "BPM.12R1.B2"          3682.980842                    3     -0.2483328592371    0.002783388701412                    0          8.966213149
         "BPM.13R1.B2"          3736.429358                    3     0.03109910902385    0.002065320979928                    0          9.118335353
         "BPM.14R1.B2"          3789.877874                    3     -0.2342756438703    0.003216322175145                    0          9.197549923
         "BPM.15R1.B2"           3843.32639                    3    -0.05561020648762    0.002514903689612                    0          9.265580908
         "BPM.16R1.B2"          3896.774906                    3     -0.1087726868505   0.0007293812221716                    0          9.464099505
         "BPM.17R1.B2"          3950.223421                    3      0.3387582343018    0.001277017913745                    0          9.618305568
         "BPM.18R1.B2"          4003.671937                    3     -0.3531773653512   0.0004619136876425                    0          9.697531876
         "BPM.19R1.B2"          4057.120453                    3     -0.3297047768915     0.00168473645104                    0          9.765552131
         "BPM.20R1.B2"          4110.568969                    3     -0.3636664298513    0.003033688363187                    0           9.96402825
         "BPM.21R1.B2"          4164.017485                    3      0.5322837211975    0.001977522891903                    0          10.11827674
         "BPM.22R1.B2"          4217.466001                    3     -0.2726644048032    0.001264721297524                    0          10.19751383
         "BPM.23R1.B2"          4270.914517                    3     -0.1309215782936    0.002817054835734                    0          10.26552336
         "BPM.24R1.B2"          4324.363033                    3     -0.1377162387126    0.003619637028756                    0          10.46395699
         "BPM.25R1.B2"          4377.811549                    3       0.302702758189    0.003108107081633                    0          10.61824791
         "BPM.26R1.B2"          4431.260065                    3     -0.3649176681746    0.001471698749216                    0          10.69749578
         "BPM.27R1.B2"           4484.70858                    3      0.1738566058441    0.002076121554816                    0           10.7654946
         "BPM.28R1.B2"          4538.157096                    3     -0.2456696845696    0.001451312490372                    0          10.96388572
         "BPM.29R1.B2"          4591.605612                    3     -0.5191561009494    0.002993270806815                    0          11.11821907
         "BPM.30R1.B2"          4645.054128                    3     -0.1194413035116   0.0003155178747314                    0          11.19747774
         "BPM.31R1.B2"          4698.502644                    3      0.5994470195582    0.001560677834167                    0          11.26546584
         "BPM.32R1.B2"           4751.95116                    3     -0.2041290125789    0.002280649840139                    0          11.46381445
         "BPM.33R1.B2"          4805.399676                    3     -0.3947374401406    0.001832003380789                    0          11.61819022
         "BPM.34R1.B2"          4858.848192                    3     -0.1421516124688   0.0006807915043354                    0          11.69745969
         "BPM.33L2.B2"          4912.296708                    3      0.2315086963517    0.003758975622632                    0           11.7654371
         "BPM.32L2.B2"          4965.745224                    3     -0.4510759978418    0.004146837460557                    0          11.96374317
         "BPM.31L2.B2"           5019.19374                    3     -0.1412042024074     0.00203163995507                    0          12.11816137
         "BPM.30L2.B2"          5072.642255                    3    -0.04423937009815    0.001671425515391                    0          12.19744165
         "BPM.29L2.B2"          5126.090771                    3     0.09606402491666    0.003247008010187                    0          12.26540836
         "BPM.28L2.B2"          5179.539287                    3     -0.1923022444126    0.003313486015066                    0          12.46367188
         "BPM.27L2.B2"          5232.987803                    3    -0.03180885994905     0.00202083664269                    0          12.61813251
         "BPM.26L2.B2"          5286.436319                    3     -0.1363153978342     0.00249712615715                    0          12.69742361
         "BPM.25L2.B2"          5339.884835                    3     -0.2360995430107    0.003110407394023                    0          12.76537963
         "BPM.24L2.B2"          5393.333351                    3     -0.3118187179918   0.0008604919139785                    0          12.96360058
         "BPM.23L2.B2"          5446.781867                    3      0.1306289054369    0.001285155113679                    0          13.11810363
         "BPM.22L2.B2"          5500.230383                    3    -0.06766462533602    0.002567335049979                    0          13.19740556
         "BPM.21L2.B2"          5553.678899                    3     -0.3481785214361    0.002226292339869                    0          13.26535091
         "BPM.20L2.B2"          5607.127414                    3     0.01419074786179    0.002854027196108                    0          13.46352928
         "BPM.19L2.B2"           5660.57593                    3     -0.0528797654222    0.001342449862791                    0          13.61807475
         "BPM.18L2.B2"          5714.024446                    3     -0.1823012152217    0.000879895491039                    0          13.69738752
         "BPM.17L2.B2"          5767.472962                    3     -0.3020190846121    0.001207241206691                    0          13.76532219
         "BPM.16L2.B2"          5820.921478                    3     -0.0892170489629    0.003838593749265                    0          13.96345798
         "BPM.15L2.B2"          5874.369994                    3     -0.3551726183158    0.001234066154659                    0          14.11804587
         "BPM.14L2.B2"           5927.81851                    3     -0.1023061746261    0.002881641071628                    0          14.19736948
         "BPM.13L2.B2"          5981.267026                    3      0.1160438695932   0.0007589835688689                    0          14.26529348
         "BPM.12L2.B2"          6034.715542                    3     -0.1648157749145    0.002027390047982                    0           14.4695694
         "BPM.11L2.B2"          6088.164058                    3      0.2456143568163    0.001100999873074                    0          14.61248595
         "BPM.10L2.B2"          6140.002768                    3     -0.3053827618814    0.001481727547619                    0          14.68682411
          "BPM.9L2.B2"          6179.067779                    3      0.1583161107548    0.003973031747813                    0          14.75571498
          "BPM.8L2.B2"          6219.530789                    3    -0.04695783041404    0.002709644599453                    0          15.04990211
          "BPM.7L2.B2"            6258.5968                    3     -0.2885913590553    0.001024059157078                    0            15.128344
          "BPM.6L2.B2"            6290.7028                    3     0.05762633077855    0.001339688996856                    0          15.17664065
        "BPMYB.5L2.B2"            6362.9018                    3       1.032319879161    0.001934834061315                    0          15.32277363
        "BPMYB.4L2.B2"            6383.4718                    3      0.9803963857651   0.0008600484428413                    0          15.37039683
        "BPMWB.4L2.B2"            6407.8633                    3      -2.163086445088    0.002354555156235                    0          15.40514012
        "BPMSX.4L2.B2"            6458.1563                    3      0.3758147384129    0.005759424097637                    0          15.48691524
         "BPMS.2L2.B2"            6496.0078                    3      0.4127844396227    0.001545342853592                    0          15.53050145
        "BPMSW.1L2.B2"            6505.9418                    3       3.236872651354    0.001225406450217                    0          15.54850491
         "BPMS.2R2.B2"            6559.0658                    3     0.06593500135851    0.004087344857698                    0          15.93351896
        "BPMSX.4R2.B2"            6597.0373                    3     -0.6147910167054    0.008710024342937                    0           15.9841279
        "BPMWB.4R2.B2"            6647.1343                    3     -0.7870189834608    0.003923675666601                    0          16.05336868
        "BPMYB.4R2.B2"            6671.6018                    3     -0.4478228028859    0.005131906992626                    0           16.1048729
          "BPM.5R2.B2"            6701.1358                    3      0.7028795578338     0.00378563554679                    0          16.14185967
         "BPMR.6R2.B2"            6774.4318                    3     -0.5127536078528    0.004760360629242                    0          16.40632567
        "BPM_A.7R2.B2"            6787.3068                    3      0.1101991826853    0.001868022672063                    0          16.43497823
          "BPM.8R2.B2"          6828.745789                    3      0.3778420793136    0.001714500860192                    0          16.56496371
          "BPM.9R2.B2"          6867.812779                    3     0.02390491052368    0.005214445509825                    0          16.75542788
         "BPM.10R2.B2"          6908.277768                    3     -0.4868817047663    0.001808920441139                    0           16.8597603
         "BPM.11R2.B2"          6960.118458                    3     -0.3431486408732    0.004456603841548                    0          16.99488909
         "BPM.12R2.B2"          7014.844942                    3      0.1371162173654   0.0007552733353858                    0          17.11478055
         "BPM.13R2.B2"          7068.296426                    3     -0.1044838981628    0.005023732632105                    0          17.25879239
         "BPM.14R2.B2"           7121.74791                    3     -0.2885459307613    0.002579532868832                    0          17.37425793
         "BPM.15R2.B2"          7175.199394                    3      0.1913089367144    0.005026877538342                    0          17.51125233
         "BPM.16R2.B2"          7228.650878                    3     -0.6773235933238   0.0008199727432058                    0          17.62753303
         "BPM.17R2.B2"          7282.102362                    3     -0.1123520874628    0.003625588894658                    0          17.76794864
         "BPM.18R2.B2"          7335.553846                    3     0.06478572204091    0.002193708158745                    0           17.8832451
         "BPM.19R2.B2"           7389.00533                    3     -0.2591294393783    0.002645075192688                    0          18.02030313
         "BPM.20R2.B2"          7442.456814                    3     -0.1288601671481    0.003057748893334                    0          18.13675191
         "BPM.21R2.B2"          7495.908299                    3     -0.2281811167759    0.003943667961573                    0          18.27709043
         "BPM.22R2.B2"          7549.359783                    3      0.1857449453736    0.002584665966987                    0          18.39222525
         "BPM.23R2.B2"          7602.811267                    3    -0.07626094292406    0.005322194375643                    0          18.53010237
         "BPM.24R2.B2"          7656.262751                    3    -0.05956360736653    0.002021412743996                    0          18.64519026
         "BPM.25R2.B2"          7709.714235                    3     -0.1557649557916    0.004066359102774                    0          18.78269343
         "BPM.26R2.B2"          7763.165719                    3     -0.4721970898054    0.003085368225457                    0          18.89783962
         "BPM.27R2.B2"          7816.617203                    3     -0.1121427406839    0.001924461030092                    0          19.03571437
         "BPM.28R2.B2"          7870.068687                    3   -0.005897640292745    0.002104942684322                    0          19.15079088
         "BPM.29R2.B2"          7923.520171                    3    -0.09807443127392     0.00589824686724                    0          19.28829687
         "BPM.30R2.B2"          7976.971655                    3     -0.2969220451894    0.002035369802237                    0          19.40345436
         "BPM.31R2.B2"           8030.42314                    3     0.04132841912977    0.003859481672702                    0          19.54132583
         "BPM.32R2.B2"          8083.874624                    3     0.05350480450916    0.003327635731753                    0          19.65639115
         "BPM.33R2.B2"          8137.326108                    3     -0.3257121905623    0.003415525166331                    0          19.79390086
         "BPM.34R2.B2"          8190.777592                    3     -0.1286121076178    0.002837633483224                    0          19.90906944
         "BPM.33L3.B2"          8244.229076                    3      -0.345836825819    0.001902832283739                    0          20.04693672
         "BPM.32L3.B2"           8297.68056                    3      0.1910800686735   0.0009552714583213                    0          20.16199109
         "BPM.31L3.B2"          8351.132044                    3       1.142091128125    0.006115678357169                    0          20.29950543
         "BPM.30L3.B2"          8404.583528                    3      -0.486356180416    0.001696847411136                    0          20.41468483
         "BPM.29L3.B2"          8458.035012                    3      0.2800577231772    0.005857541275279                    0          20.55254703
         "BPM.28L3.B2"          8511.486496                    3     -0.6410202423307    0.002027208865425                    0          20.66759076
         "BPM.27L3.B2"           8564.93798                    3    -0.04304598044817    0.005344770937829                    0          20.80511058
         "BPM.26L3.B2"          8618.389465                    3     -0.1411943166866    0.003884173511953                    0          20.92030048
         "BPM.25L3.B2"          8671.840949                    3      -0.262199481904    0.005299737500395                    0          21.05815675
         "BPM.24L3.B2"          8725.292433                    3     -0.1848001801065      0.0020525655488                    0          21.17319018
         "BPM.23L3.B2"          8778.743917                    3     -0.1460998381724    0.004819032947883                    0          21.31071633
         "BPM.22L3.B2"          8832.195401                    3      0.3890493247891    0.003261915375445                    0          21.42591635
         "BPM.21L3.B2"          8885.646885                    3     -0.2407196356696    0.007377577035087                    0          21.56376586
         "BPM.20L3.B2"          8939.098369                    3   9.507942424533e-05    0.004522392569454                    0          21.68089752
         "BPM.19L3.B2"          8992.549853                    3     -0.3377344369147    0.005205850444415                    0          21.82038138
         "BPM.18L3.B2"          9046.001337                    3      0.3165033159604    0.002188480744521                    0           21.9348951
         "BPM.17L3.B2"          9099.452821                    3     -0.3671370504147    0.005592050777014                    0          22.07291472
         "BPM.16L3.B2"          9152.904306                    3     -0.1961395673039   0.0009223749360996                    0          22.19012049
         "BPM.15L3.B2"           9206.35579                    3    -0.06580251023715     0.00653139090692                    0          22.32942604
         "BPM.14L3.B2"          9259.807274                    3     -0.1543650184817    0.002530768463368                    0          22.44387703
         "BPM.13L3.B2"          9313.258758                    3      0.2538329072284    0.008770016224781                    0          22.58207674
         "BPM.12L3.B2"          9366.710242                    3     -0.2714143349688    0.002699958690368                    0          22.68021272
         "BPM.11L3.B2"          9420.161726                    3     -0.8482157337213    0.005274469779573                    0          22.79134417
         "BPM.10L3.B2"          9472.944415                    3      0.1728144455575    0.003926786901605                    0          22.87608882
          "BPM.9L3.B2"          9512.011405                    3      0.1364195209872    0.003907953350191                    0          22.95608567
          "BPM.8L3.B2"          9552.476394                    3      0.2283236000349     0.00317029358907                    0          23.04670779
          "BPM.7L3.B2"          9591.542384                    3     -0.5372252779319    0.002322213314736                    0          23.16877389
         "BPMR.6L3.B2"          9664.181384                    3     -0.7721586584737    0.004512265224464                    0          23.40412947
         "BPMW.5L3.B2"          9734.779884                    3      0.2203465328221    0.005277844194403                    0          23.46809945
         "BPMW.4R3.B2"          9882.417884                    3    0.003954089282308     0.00307520583735                    0          23.81511391
        "BPMWE.4R3.B2"          9909.962884                    3     -0.3892786860301    0.002332677369075                    0          23.83035322
         "BPMW.5R3.B2"          9985.090884                    3    -0.05262802354679     0.00116852770717                    0          23.93396429
       "BPMWE.A5R3.B2"          10013.80888                    3     -0.2205916500285    0.004835216204448                    0          24.01674885
        "BPMWC.6R3.B2"          10053.62688                    3      0.2215493236014    0.004229572841766                    0          24.07263515
          "BPM.6R3.B2"          10065.78138                    3    0.005250597515097    0.002956153792735                    0          24.08167609
          "BPM.8R3.B2"          10160.67137                    3    -0.01350472586003    0.008964330312197                    0          24.23864082
          "BPM.9R3.B2"          10199.73836                    3     0.04691707864162    0.003311524150086                    0          24.29772889
         "BPM.10R3.B2"          10240.20335                    3     -0.2735868922442    0.006935245672123                    0          24.37179058
         "BPM.11R3.B2"          10292.98604                    3     -0.2727734182329   0.0004551411959772                    0          24.49790378
         "BPM.12R3.B2"          10347.71253                    3      0.2931242981157     0.00652620776356                    0          24.65955601
         "BPM.13R3.B2"          10401.16401                    3     -0.8075668612122    0.001302005242363                    0          24.77459056
         "BPM.14R3.B2"          10454.61549                    3    -0.06049995287658    0.000584702263303                    0          24.91207621
         "BPM.15R3.B2"          10508.06698                    3     -0.3503720649969    0.001308817119531                    0          25.02890585
         "BPM.16R3.B2"          10561.51846                    3     0.03349006054552    0.003097338458779                    0          25.16878133
         "BPM.17R3.B2"          10614.96995                    3     -0.4805203671711    0.001451318692591                    0           25.2835691
         "BPM.18R3.B2"          10668.42143                    3      0.1227566246067    0.006461489097748                    0          25.42118731
         "BPM.19R3.B2"          10721.87291                    3     -0.4371470648779    0.002260906157161                    0          25.53813076
         "BPM.20R3.B2"           10775.3244                    3    -0.01176150557299    0.009083744727305                    0          25.67786286
         "BPM.21R3.B2"          10828.77588                    3     0.03514751758652    0.002409926341186                    0          25.79254716
         "BPM.22R3.B2"          10882.22737                    3     -0.2571238367361    0.003640884227524                    0          25.93031242
         "BPM.23R3.B2"          10935.67885                    3     -0.5142836407274    0.002548204197891                    0          26.04524737
         "BPM.24R3.B2"          10989.13033                    3     0.09859079597597     0.00255526458654                    0          26.18286751
         "BPM.25R3.B2"          11042.58182                    3     0.08712371126382    0.001293769981455                    0          26.29816344
         "BPM.26R3.B2"           11096.0333                    3     -0.4316924747998    0.002973025418338                    0          26.43591478
         "BPM.27R3.B2"          11149.48479                    3      0.7087709976996   0.0006959451971539                    0          26.55084572
         "BPM.28R3.B2"          11202.93627                    3       6.072735659894    0.002326099152326                    0          26.68848063
         "BPM.29R3.B2"          11256.38775                    3      0.4912610218532    0.002105371512515                    0          26.80378014
         "BPM.30R3.B2"          11309.83924                    3     -0.3566058822088     0.00351162162832                    0          26.94151653
         "BPM.31R3.B2"          11363.29072                    3     -0.5030490187617    0.001504973998574                    0          27.05644437
         "BPM.32R3.B2"          11416.74221                    3     0.02039002877248    0.002184830582608                    0          27.19409434
         "BPM.33R3.B2"          11470.19369                    3      0.1745731593395    0.005820315795172                    0           27.3093965
         "BPM.34R3.B2"          11523.64518                    3     -0.3029506005581     0.01292254127307                    0          27.44711772
         "BPM.33L4.B2"          11577.09666                    3      0.5169800752882    0.003747852998045                    0          27.56204338
         "BPM.32L4.B2"          11630.54814                    3     -0.2874363952679    0.002805392827435                    0           27.6997086
         "BPM.31L4.B2"          11683.99963                    3      -0.202629610395    0.002255515507246                    0          27.81501248
         "BPM.30L4.B2"          11737.45111                    3    -0.02528949918593    0.004500378060067                    0          27.95271837
         "BPM.29L4.B2"           11790.9026                    3     -0.5334574145748    0.003577921859771                    0          28.06764279
         "BPM.28L4.B2"          11844.35408                    3     -0.1295910482538    0.002025101935043                    0          28.20532338
         "BPM.27L4.B2"          11897.80556                    3     -0.1292228198469    0.003652452890824                    0          28.32062804
         "BPM.26L4.B2"          11951.25705                    3      0.1339727103994    0.003681620309548                    0          28.45831852
         "BPM.25L4.B2"          12004.70853                    3     -0.2876997955484    0.000782769310641                    0          28.57324264
         "BPM.24L4.B2"          12058.16002                    3     -0.1788519312778    0.002194470939452                    0          28.71093865
         "BPM.23L4.B2"           12111.6115                    3     0.02016239852308    0.001195604883476                    0          28.82624313
         "BPM.22L4.B2"          12165.06298                    3     -0.1829007211484    0.002420881990038                    0          28.96391821
         "BPM.21L4.B2"          12218.51447                    3     -0.2454441204017    0.002319218623311                    0          29.07884296
         "BPM.20L4.B2"          12271.96595                    3     -0.2943647756907    0.002543182683975                    0          29.21581981
         "BPM.19L4.B2"          12325.41744                    3      0.1421388621261    0.001077184491241                    0          29.33264676
         "BPM.18L4.B2"          12378.86892                    3     -0.1136811320175     0.00477637649978                    0          29.47303864
         "BPM.17L4.B2"          12432.32041                    3      0.1825480454903   0.0003845721594469                    0          29.58779609
         "BPM.16L4.B2"          12485.77189                    3     -0.2894080656589   0.0006655518812604                    0          29.72490675
         "BPM.15L4.B2"          12539.22337                    3      0.1129387136673    0.001937224071883                    0          29.84189918
         "BPM.14L4.B2"          12592.67486                    3     -0.3202855963892     0.00197843508829                    0          29.98214164
         "BPM.13L4.B2"          12646.12634                    3      0.1031886102518   0.0007449646730331                    0          30.09674591
         "BPM.12L4.B2"          12699.57783                    3     -0.2720190564684     0.00166937962221                    0           30.2344486
         "BPM.11L4.B2"          12753.02931                    3      0.3168803501773   0.0009419261316572                    0          30.35548744
         "BPM.10L4.B2"             12804.87                    3     0.02846705993008    0.001967493254425                    0          30.49870838
          "BPM.9L4.B2"          12843.93699                    3      0.3254864756517   0.0009986862230642                    0          30.59723422
          "BPM.8L4.B2"          12884.40198                    3      0.2380093823831    0.001557008569194                    0          30.80542219
          "BPM.7L4.B2"          12923.46797                    3     0.03039228997707    0.001624755655137                    0          30.93597065
        "BPMYA.6L4.B2"          13020.07197                    3     0.09987326475354    0.002000388300626                    0          31.13913515
        "BPMYB.5L4.B2"          13057.07197                    3      0.4492454255909    0.002754381595523                    0          31.15710151
       "BPMWA.B5L4.B2"          13159.46247                    3     -0.9045654225278    0.001080411194602                    0          31.24276642
       "BPMWA.A5L4.B2"          13168.34747                    3    -0.03189037437447   0.0009315021613583                    0          31.24959262
       "BPMWA.A5R4.B2"          13216.39647                    3     -0.5222682659809    0.002291696775472                    0           31.2826405
       "BPMWA.B5R4.B2"          13225.28147                    3     -0.4707572459523    0.004115915877963                    0          31.28799731
        "BPMYA.5R4.B2"          13327.74797                    3       1.022196702136    0.003147680571265                    0          31.33473008
        "BPMYB.6R4.B2"          13359.31197                    3     -0.2868326379218    0.008753495531011                    0          31.35749895
          "BPM.7R4.B2"          13455.82797                    3     -0.1944202956455    0.002526754117739                    0          31.58056101
          "BPM.8R4.B2"          13493.61896                    3      0.1447089315871    0.003959133868163                    0          31.66996617
          "BPM.9R4.B2"          13532.68595                    3      0.2300102358219    0.005606824824208                    0          31.73808311
         "BPM.10R4.B2"          13573.15094                    3      -0.234033364741    0.003333497691642                    0          31.81308927
         "BPM.11R4.B2"          13624.99162                    3     -0.3535837615603    0.002941120029579                    0          32.06412048
         "BPM.12R4.B2"          13679.71811                    3     -0.2304394540822    0.006948599080195                    0          32.17678382
         "BPM.13R4.B2"          13733.16959                    3    -0.03691412348793    0.002211051581108                    0          32.24378508
         "BPM.14R4.B2"          13786.62108                    3    -0.05206199150333    0.002198791861492                    0          32.31172595
         "BPM.15R4.B2"          13840.07256                    3     -0.1845251424665    0.004037465810345                    0          32.50935553
         "BPM.16R4.B2"          13893.52405                    3      0.1850545639063    0.005982043581104                    0          32.66424606
         "BPM.17R4.B2"          13946.97553                    3     -0.1729681288038    0.001681676946433                    0          32.74378478
         "BPM.18R4.B2"          14000.42701                    3     -0.1264434507007    0.001271477629338                    0          32.81172595
         "BPM.19R4.B2"           14053.8785                    3     -0.1307298211203     0.00449870571001                    0          33.00935553
         "BPM.20R4.B2"          14107.32998                    3     -0.5602295229006    0.004906015057352                    0          33.16424606
         "BPM.21R4.B2"          14160.78147                    3     0.07657735626675       0.001213441265                    0          33.24378478
         "BPM.22R4.B2"          14214.23295                    3     -0.3112733819533    0.005421990545933                    0          33.31172595
         "BPM.23R4.B2"          14267.68443                    3     0.03365719945329    0.001757013392558                    0          33.50935553
         "BPM.24R4.B2"          14321.13592                    3    -0.09219706770469    0.003562932330488                    0          33.66424606
         "BPM.25R4.B2"           14374.5874                    3    -0.08719921761737    0.000953123968121                    0          33.74378478
         "BPM.26R4.B2"          14428.03889                    3     -0.2236247689869    0.002498537243092                    0          33.81172595
         "BPM.27R4.B2"          14481.49037                    3      -0.161049399556    0.003490118959919                    0          34.00935553
         "BPM.28R4.B2"          14534.94185                    3     -0.3231294374357    0.003799048917492                    0          34.16424606
         "BPM.29R4.B2"          14588.39334                    3     0.06197347958177   0.0007875201773058                    0          34.24378478
         "BPM.30R4.B2"          14641.84482                    3     -0.5211821799187    0.002096162262769                    0          34.31172595
         "BPM.31R4.B2"          14695.29631                    3     0.06486316989842    0.003210893239984                    0          34.50935553
         "BPM.32R4.B2"          14748.74779                    3     0.04422176068078   0.0004335953349749                    0          34.66424606
         "BPM.33R4.B2"          14802.19927                    3     -0.1644788671493    0.003237214271938                    0          34.74378478
         "BPM.34R4.B2"          14855.65076                    3     -0.1068981818288    0.003689060170315                    0          34.81172595
         "BPM.33L5.B2"          14909.10224                    3    -0.09943318476187    0.001899589383286                    0          35.00935553
         "BPM.32L5.B2"          14962.55373                    3     -0.6768811011243    0.002162032123251                    0          35.16424606
         "BPM.31L5.B2"          15016.00521                    3     0.02596120185073    0.001862624234391                    0          35.24378478
         "BPM.30L5.B2"           15069.4567                    3    -0.05811436451135     0.00132519975018                    0          35.31172595
         "BPM.29L5.B2"          15122.90818                    3     0.09279813889807    0.002845178268096                    0          35.50935553
         "BPM.28L5.B2"          15176.35966                    3       -0.58072356027    0.003047173992027                    0          35.66424606
         "BPM.27L5.B2"          15229.81115                    3     0.08206826162077   0.0009635229958067                    0          35.74378478
         "BPM.26L5.B2"          15283.26263                    3     -0.1838830296192    0.001752795777816                    0          35.81172595
         "BPM.25L5.B2"          15336.71412                    3     -0.2964799922922    0.001058430380265                    0          36.00935553
         "BPM.24L5.B2"           15390.1656                    3     -0.1692787498622   0.0005835050081317                    0          36.16424606
         "BPM.23L5.B2"          15443.61708                    3    -0.02403410577524   0.0005590077877997                    0          36.24378478
         "BPM.22L5.B2"          15497.06857                    3     -0.1929581878535   0.0006749847634338                    0          36.31172595
         "BPM.21L5.B2"          15550.52005                    3      -0.200920866342   0.0005068595133794                    0          36.50935553
         "BPM.20L5.B2"          15603.97154                    3      0.2686402744295    0.002755175279826                    0          36.66424606
         "BPM.19L5.B2"          15657.42302                    3     0.03306379409713    0.001328608066255                    0          36.74378478
         "BPM.18L5.B2"           15710.8745                    3     -0.6588178831108   0.0009798147538866                    0          36.81172595
         "BPM.17L5.B2"          15764.32599                    3    -0.08138468613907     0.00195983521177                    0          37.00935553
         "BPM.16L5.B2"          15817.77747                    3     -0.5050874623731   0.0009056460014232                    0          37.16424606
         "BPM.15L5.B2"          15871.22896                    3     0.01718567778152    0.002212840186031                    0          37.24378478
         "BPM.14L5.B2"          15924.68044                    3  -0.0002827905509456    0.001243796610416                    0          37.31172595
         "BPM.13L5.B2"          15978.13193                    3     -0.1551750792276    0.002449615519645                    0          37.50935553
         "BPM.12L5.B2"          16031.58341                    3     0.01247024278652    0.001950619556872                    0          37.66203749
         "BPM.11L5.B2"          16085.03489                    3     -0.3042688265394   0.0001502139763265                    0          37.74051057
         "BPM.10L5.B2"          16137.81758                    3      0.3801511053518    0.002282609553434                    0          37.80218966
          "BPM.9L5.B2"          16176.88457                    3      -0.318819456606      0.0022093409451                    0          37.92694873
          "BPM.8L5.B2"          16217.34956                    3     -0.3266286585427    0.001624848005817                    0          38.15338298
          "BPM.7L5.B2"          16256.41755                    3       3.827033971287   0.0008690363433663                    0          38.26225265
         "BPMR.6L5.B2"          16293.31155                    3      0.5257970181268    0.002515654002451                    0          38.33092205
          "BPM.5L5.B2"          16325.21155                    3     -0.2237400564719    0.001206899982984                    0          38.70449107
        "BPMYA.4L5.B2"          16352.61755                    3      0.3978413653992    0.001487514745106                    0          38.72688199
        "BPMWB.4L5.B2"          16373.67605                    3      0.1419473467265    0.001180020080785                    0          38.73282907
        "BPMSY.4L5.B2"          16466.59205                    3     -0.1887981248596    0.003681845611094                    0            38.738771
         "BPMS.2L5.B2"          16493.31755                    3     -0.2916207711415    0.001527486102774                    0          38.74001918
        "BPMSW.1L5.B2"          16503.28255                    3     -0.6208636698273    0.001462791356224                    0          38.74082505
        "BPMSW.1R5.B2"          16546.41055                    3      -0.623167255048    0.002305001932427                    0           39.2364007
         "BPMS.2R5.B2"          16556.37555                    3      -1.992773712847    0.009098428685895                    0          39.23702759
        "BPMSY.4R5.B2"          16583.22105                    3     0.04269000814441    0.001028646869892                    0          39.23787235
        "BPMWB.4R5.B2"          16676.01705                    3     -0.6083946113765      0.0103405370761                    0          39.24291639
        "BPMYA.4R5.B2"          16697.07355                    3      0.4581005984784    0.004785233474648                    0          39.24432582
         "BPMR.5R5.B2"          16718.19155                    3     -0.4525249209793    0.009160714450827                    0            39.246534
          "BPM.6R5.B2"          16750.09155                    3      0.2427009150557    0.002001332980998                    0          39.25425952
        "BPMRA.7R5.B2"          16784.10555                    3      -0.216715054653    0.006813451702219                    0          39.28820329
          "BPM.8R5.B2"          16825.54256                    3      0.1089190920997    0.002106897448672                    0          39.43431012
          "BPM.9R5.B2"          16864.60757                    3      0.2264797518657    0.003397117890985                    0          39.64309812
         "BPM.10R5.B2"          16905.07058                    3     -0.2292620305239   0.0009639849898412                    0          39.74535517
         "BPM.11R5.B2"          16957.85129                    3      -0.108457493309    0.003363497672711                    0          39.81735556
         "BPM.13R5.B2"          17066.02333                    3      0.3480849230161    0.001167444388344                    0          40.16506374
         "BPM.14R5.B2"          17119.47184                    3     -0.1146880847501    0.003930586170482                    0          40.24429085
         "BPM.15R5.B2"          17172.92036                    3     -0.6138250374762    0.001953035592293                    0          40.31252553
         "BPM.16R5.B2"          17226.36887                    3     0.09368736361948    0.002770262883039                    0          40.51131226
         "BPM.17R5.B2"          17279.81739                    3      -0.213494741524    0.003321501539001                    0            40.665034
         "BPM.18R5.B2"           17333.2659                    3    -0.05289634400999    0.003391384299428                    0          40.74427277
         "BPM.19R5.B2"          17386.71442                    3     0.05309233406361    0.007786491541104                    0          40.81249664
         "BPM.20R5.B2"          17440.16294                    3     -0.3652351476993   0.0008007730849087                    0          41.01124119
         "BPM.21R5.B2"          17493.61145                    3     -0.1017377427507    0.003531958725804                    0          41.16500523
         "BPM.22R5.B2"          17547.05997                    3     -0.0728930759604    0.001318366606827                    0          41.24425468
         "BPM.23R5.B2"          17600.50848                    3     -0.0467267426488    0.000738269891109                    0          41.31246777
         "BPM.24R5.B2"            17653.957                    3    -0.08976794087356    0.001579591462822                    0          41.51117011
         "BPM.25R5.B2"          17707.40552                    3     -0.4056427783875    0.001168131394877                    0          41.66497644
         "BPM.26R5.B2"          17760.85403                    3     0.05959771511314    0.001092480182137                    0           41.7442366
         "BPM.27R5.B2"          17814.30255                    3     0.00131300317513    0.002410754255785                    0           41.8124389
         "BPM.28R5.B2"          17867.75106                    3     -0.2963967203721    0.003135145565249                    0          42.01109902
         "BPM.29R5.B2"          17921.19958                    3     -0.3664974231239    0.002386981011768                    0          42.16494765
         "BPM.30R5.B2"           17974.6481                    3    -0.02187536653398    0.004292654165426                    0          42.24421852
         "BPM.31R5.B2"          18028.09661                    3   -0.009946576772453     0.00530721072833                    0          42.31241004
         "BPM.32R5.B2"          18081.54513                    3     -0.1548398828557    0.003108922033017                    0          42.51102793
         "BPM.33R5.B2"          18134.99364                    3    -0.01961418133828    0.008858490217654                    0          42.66491885
         "BPM.34R5.B2"          18188.44216                    3     -0.1041137756604    0.003882149683685                    0          42.74420044
         "BPM.33L6.B2"          18241.89067                    3    -0.03324641899349    0.002903914482239                    0          42.81238118
         "BPM.32L6.B2"          18295.33919                    3     -0.3679344621966    0.002367689229576                    0          43.01095683
         "BPM.31L6.B2"          18348.78771                    3      0.1572584611234    0.000856996692107                    0          43.16489004
         "BPM.30L6.B2"          18402.23622                    3     -0.2836917678065   0.0005773796527805                    0          43.24418237
         "BPM.29L6.B2"          18455.68474                    3    -0.05987607178158   0.0007722478717986                    0          43.31235234
         "BPM.28L6.B2"          18509.13325                    3     0.09914825155746    0.001367033512892                    0          43.51088573
         "BPM.27L6.B2"          18562.58177                    3       -0.53391244391   0.0001468111119492                    0          43.66486123
         "BPM.26L6.B2"          18616.03029                    3     -0.1007193611721    0.004130203402543                    0          43.74416429
         "BPM.25L6.B2"           18669.4788                    3     0.06264226361913    0.001012177598171                    0           43.8123235
         "BPM.24L6.B2"          18722.92732                    3     -0.2393479991944    0.001912254174115                    0          44.01081461
         "BPM.23L6.B2"          18776.37583                    3     -0.1379387063041    0.001532200463231                    0           44.1648324
         "BPM.22L6.B2"          18829.82435                    3     -0.2322600531975    0.001986253831867                    0          44.24414621
         "BPM.21L6.B2"          18883.27287                    3    -0.03364381648378   0.0004771811004101                    0          44.31229467
         "BPM.20L6.B2"          18936.72138                    3    -0.02727756115914   0.0004660911126768                    0          44.51074349
         "BPM.19L6.B2"           18990.1699                    3     -0.1306417723294    0.001129974243382                    0          44.66480357
         "BPM.18L6.B2"          19043.61841                    3      0.1219335122424    0.002297116074322                    0          44.74412813
         "BPM.17L6.B2"          19097.06693                    3     -0.9194114889727   0.0005434361593383                    0          44.81226585
         "BPM.16L6.B2"          19150.51545                    3    -0.04172717595924    0.001007630547248                    0          45.01067237
         "BPM.15L6.B2"          19203.96396                    3   -0.002138130331855    0.002477814393629                    0          45.16477473
         "BPM.14L6.B2"          19257.41248                    3     -0.2443864292157    0.002031193467098                    0          45.24411005
         "BPM.13L6.B2"          19310.86099                    3    -0.02687019687007    0.001886301006009                    0          45.31223704
         "BPM.12L6.B2"          19364.30951                    3      -0.106539867204    0.002405670600118                    0          45.51708428
         "BPM.11L6.B2"          19417.75802                    3      0.1039285254646    0.001943808597104                    0          45.67520642
         "BPM.10L6.B2"          19469.59674                    3    -0.09204826416071   0.0008520108187855                    0          45.75434584
          "BPM.9L6.B2"          19508.66175                    3     -0.1167602184972    0.002510102749826                    0          45.81317675
          "BPM.8L6.B2"          19549.12476                    3     0.06341340057959    0.001437068644321                    0          46.08951816
        "BPMYB.5L6.B2"          19646.21277                    3      -0.220954594857      0.0027670103886                    0          46.36676568
        "BPMYA.4L6.B2"          19682.61277                    3      0.2537536607845    0.002577350313186                    0          46.39275785
        "BPMSA.4L6.B2"          19810.82827                    3     -0.1662987300121     0.00235400311153                    0          46.44577143
       "BPMSX.A4R6.B2"          19995.52327                    3      -1.031920857563    0.003587026553733                    0          46.62212892
       "BPMSX.B4R6.B2"          19996.10827                    3      -1.151520924971     0.00285509109125                    0          46.62268911
        "BPMYB.4R6.B2"          20026.21277                    3     -0.1164129465627    0.002072859935635                    0          46.64926689
        "BPMYA.5R6.B2"          20062.61277                    3      0.3428430184884    0.004559405583228                    0          46.66743995
          "BPM.8R6.B2"          20158.33778                    3     -0.4197342989739    0.000310574116961                    0          46.84627523
          "BPM.9R6.B2"          20197.40279                    3     0.08072891407026     0.00152178069418                    0          47.02048607
         "BPM.10R6.B2"           20237.8658                    3     -0.2991117437243    0.001137404427311                    0          47.12469517
         "BPM.11R6.B2"          20289.70451                    3     -0.1091446757981    0.002161039751501                    0          47.28109055
         "BPM.12R6.B2"          20344.42803                    3     -0.1974211528906    0.001670265942789                    0          47.38894655
         "BPM.13R6.B2"          20397.87654                    3     -0.1585836215566   0.0002413126876555                    0          47.51599761
         "BPM.14R6.B2"          20451.32506                    3      0.3095944701623   0.0006947426351155                    0          47.63054133
         "BPM.15R6.B2"          20504.77357                    3     -0.2221494034148    0.001260442864664                    0          47.76865794
         "BPM.16R6.B2"          20558.22209                    3     -0.2370314928193    0.001240596034616                    0          47.88013372
         "BPM.17R6.B2"          20611.67061                    3     -0.1983274699609     0.00187387303688                    0          48.01255515
         "BPM.18R6.B2"          20665.11912                    3    -0.09285829819661   0.0004443172499046                    0          48.12698927
         "BPM.19R6.B2"          20718.56764                    3     -0.1959069841507     0.00432201041753                    0          48.26518239
         "BPM.20R6.B2"          20772.01615                    3     -0.2482817870948    0.002130001566892                    0          48.37676468
         "BPM.21R6.B2"          20825.46467                    3     0.03797084573063    0.002458217781351                    0          48.50911695
         "BPM.22R6.B2"          20878.91318                    3     -0.1325612707073   0.0003255419073024                    0          48.62343867
         "BPM.23R6.B2"           20932.3617                    3    -0.08267919137714    0.001212193710389                    0          48.76074779
         "BPM.24R6.B2"          20985.81022                    3     -0.4433982377688    0.001164387544925                    0          48.87541624
         "BPM.25R6.B2"          21039.25873                    3    -0.01041197525828    0.001543011069043                    0          49.01281014
         "BPM.26R6.B2"          21092.70725                    3     -0.2831746517855   0.0007310970918026                    0          49.12713031
         "BPM.27R6.B2"          21146.15576                    3     -0.2690745239349    0.001947032976629                    0          49.26444876
         "BPM.28R6.B2"          21199.60428                    3    -0.04769852371753    0.001357024174624                    0          49.37911873
         "BPM.29R6.B2"           21253.0528                    3     0.06172621356242    0.001766895385378                    0          49.51650326
         "BPM.30R6.B2"          21306.50131                    3     -0.1695748277956    0.001944670988121                    0           49.6308221
         "BPM.31R6.B2"          21359.94983                    3    -0.08602476006443    0.001619702278532                    0          49.76814995
         "BPM.32R6.B2"          21413.39834                    3      -0.562615189512    0.001701236240641                    0          49.88282107
         "BPM.33R6.B2"          21466.84686                    3     0.06026292991684    0.002745198695592                    0          50.02019616
         "BPM.34R6.B2"          21520.29538                    3     -0.3190642277713   0.0001989251373028                    0          50.13451406
         "BPM.33L7.B2"          21573.74389                    3      -0.439413865437    0.002752655650975                    0          50.27185137
         "BPM.32L7.B2"          21627.19241                    3      0.5140315614553    0.001952754459987                    0          50.38652324
         "BPM.31L7.B2"          21680.64092                    3     -0.1691876329382    0.001421017507057                    0          50.52388885
         "BPM.30L7.B2"          21734.08944                    3     0.05737378494343   0.0006867872180587                    0          50.63820618
         "BPM.29L7.B2"          21787.53795                    3     -0.1196325066402   0.0006192861672852                    0          50.77555298
         "BPM.28L7.B2"          21840.98647                    3     -0.5315688764881   0.0004385201241448                    0          50.89022524
         "BPM.27L7.B2"          21894.43499                    3    -0.07941461503246   0.0003323270268169                    0          51.02758134
         "BPM.26L7.B2"           21947.8835                    3       -0.10564271838    0.001961917491381                    0          51.14189848
         "BPM.25L7.B2"          22001.33202                    3      -0.165286042847    0.001904422225169                    0           51.2792548
         "BPM.24L7.B2"          22054.78053                    3     -0.2505188004243    0.000487010818648                    0          51.39392705
         "BPM.23L7.B2"          22108.22905                    3    -0.08598548820972   0.0004725952240376                    0          51.53127364
         "BPM.22L7.B2"          22161.67757                    3      0.1965509337975   0.0006821556471572                    0          51.64559098
         "BPM.21L7.B2"          22215.12608                    3      -0.137755740854    0.002109668397612                    0           51.7829568
         "BPM.20L7.B2"           22268.5746                    3     -0.3721706803453    0.002335099327569                    0          51.89389496
         "BPM.19L7.B2"          22322.02311                    3     -0.2803819325832    0.001295554606502                    0          52.02701793
         "BPM.18L7.B2"          22375.47163                    3     0.09487385793301    0.001597641235633                    0           52.1420375
         "BPM.17L7.B2"          22428.92015                    3     -0.4581873881324    0.003094200890793                    0          52.27950897
         "BPM.16L7.B2"          22482.36866                    3       0.675539397298   0.0006727197595293                    0          52.39052671
         "BPM.15L7.B2"          22535.81718                    3     -0.3632739623738    0.003209982487087                    0          52.52355188
         "BPM.14L7.B2"          22589.26569                    3       -0.21503662729   0.0009282558222438                    0          52.63848513
         "BPM.13L7.B2"          22642.71421                    3    -0.02115128538305    0.001224487968205                    0          52.77605716
         "BPM.12L7.B2"          22696.16273                    3     -0.3798403245454    0.001035554515972                    0          52.88858388
         "BPM.11L7.B2"          22749.61124                    3       -0.28874836389   0.0004836427867778                    0          53.02195174
         "BPM.10L7.B2"          22802.39195                    3     -0.8245992389495    0.001390904960376                    0          53.14098207
          "BPM.9L7.B2"          22841.45696                    3     0.05687378502136    0.002378030583856                    0          53.27125334
          "BPM.8L7.B2"          22881.91997                    3    -0.01081977622626    0.001292192096996                    0          53.40498726
          "BPM.7L7.B2"          22920.98398                    3     -0.1570026404548    0.002717085393681                    0          53.56235517
         "BPMR.6L7.B2"          22955.80198                    3     0.07576127576161    0.001514358865445                    0          53.63002846
        "BPMWC.6L7.B2"          22967.98048                    3      -0.358222904683    0.001801717807643                    0          53.66811424
        "BPMWE.5L7.B2"          23045.03448                    3      0.3935673188966    0.001762284638246                    0          53.76720348
         "BPMW.5L7.B2"          23068.23948                    3     -0.2133470596882    0.001095062319335                    0          53.77798553
        "BPMWE.4L7.B2"          23103.32448                    3     -0.1878760026999    0.003557990020613                    0          53.81104756
         "BPMW.4L7.B2"          23131.42948                    3      0.1331486608444   0.0003362474106724                    0          53.88740063
         "BPMW.4R7.B2"          23247.47648                    3     -0.4890563552222    0.002905479305995                    0           54.0751722
        "BPMWE.4R7.B2"          23275.58148                    3      0.2102393755959    0.001367824665608                    0          54.08841114
         "BPMW.5R7.B2"          23310.66648                    3      0.2785507794352    0.001795615890041                    0          54.13010804
        "BPMWE.5R7.B2"          23333.87148                    3     -0.3020407928483     0.00535969377148                    0          54.22320753
          "BPM.6R7.B2"          23413.01098                    3      0.6204937997671    0.001727909319015                    0          54.41009453
        "BPM_A.7R7.B2"          23451.04698                    3     -0.1263246158675    0.001291571181836                    0          54.45214597
          "BPM.8R7.B2"          23490.11099                    3      -1.857952019344     0.00194605413674                    0          54.53468839
          "BPM.9R7.B2"            23529.176                    3      0.1046551592621    0.000558957318462                    0          54.69871288
         "BPM.10R7.B2"          23569.63902                    3      0.4719864280568    0.002151551208345                    0          54.84409311
         "BPM.11R7.B2"          23622.41973                    3    -0.05588436640114    0.002176545801025                    0          54.95874806
         "BPM.12R7.B2"          23677.14324                    3     -0.1008032026115   0.0005760570747933                    0          55.09542115
         "BPM.13R7.B2"          23730.59176                    3     0.04877569061019   0.0006168297843011                    0          55.20943861
         "BPM.14R7.B2"          23784.04027                    3     0.08067113315082    0.001115481834998                    0          55.34705042
         "BPM.15R7.B2"          23837.48879                    3     0.07492037151593    0.001408320464513                    0          55.45785586
         "BPM.16R7.B2"          23890.93731                    3    -0.01844052914871    0.002344284896078                    0          55.59073103
         "BPM.17R7.B2"          23944.38582                    3      -0.254496872592   0.0008666064663915                    0          55.70587639
         "BPM.18R7.B2"          23997.83434                    3     0.06080698572288    0.002432176776919                    0          55.84360131
         "BPM.19R7.B2"          24051.28285                    3     -0.3913412220239    0.001899285647914                    0          55.95449533
         "BPM.20R7.B2"          24104.73137                    3    -0.09798001985296    0.001024869753083                    0           56.0872669
         "BPM.21R7.B2"          24158.17989                    3      -0.288290062403   0.0004209662246583                    0          56.20231593
         "BPM.22R7.B2"           24211.6284                    3    -0.02040582357893    0.002168898480738                    0          56.34014787
         "BPM.23R7.B2"          24265.07692                    3     -0.1002658480062   0.0009214846002841                    0          56.45486003
         "BPM.24R7.B2"          24318.52543                    3    -0.02736858799807    0.001640750190336                    0          56.59173197
         "BPM.25R7.B2"          24371.97395                    3    -0.04143120007794    0.001094390940639                    0          56.70601781
         "BPM.26R7.B2"          24425.42246                    3     -0.1001271497621    0.001864778767504                    0           56.8438603
         "BPM.27R7.B2"          24478.87098                    3      -0.518064917922   0.0009168954982297                    0          56.95855285
         "BPM.28R7.B2"           24532.3195                    3      0.1823917731163    0.003157069682729                    0          57.09541395
         "BPM.29R7.B2"          24585.76801                    3     -0.7559528360391    0.001919189980339                    0          57.20971951
         "BPM.30R7.B2"          24639.21653                    3     -0.3182674755231    0.004146588482651                    0          57.34757241
         "BPM.31R7.B2"          24692.66504                    3      0.9590184869905    0.002122756510654                    0          57.46224494
         "BPM.32R7.B2"          24746.11356                    3     -0.4228391039662   0.0005662038300879                    0          57.59909625
         "BPM.33R7.B2"          24799.56208                    3      0.5011813470021    0.002080386905957                    0          57.71342194
         "BPM.34R7.B2"          24853.01059                    3     -0.4054170016746    0.003851677213731                    0          57.85128418
         "BPM.33L8.B2"          24906.45911                    3     -0.2616011738671    0.003747800449944                    0          57.96593629
         "BPM.32L8.B2"          24959.90762                    3     -0.1271108998303    0.005589226250244                    0          58.10277891
         "BPM.31L8.B2"          25013.35614                    3     -0.1232087269796    0.001013150744123                    0          58.21712509
         "BPM.30L8.B2"          25066.80466                    3     -0.1694129227229    0.001742828415574                    0          58.35499558
         "BPM.29L8.B2"          25120.25317                    3    -0.04996409904205   0.0002849219520357                    0          58.46962694
         "BPM.28L8.B2"          25173.70169                    3     -0.0442841453981    0.001481041025259                    0          58.60646196
         "BPM.27L8.B2"           25227.1502                    3     0.00762790928501     0.00149184866979                    0          58.72082896
         "BPM.26L8.B2"          25280.59872                    3     -0.1839271247745    0.001293831259705                    0          58.85870656
         "BPM.25L8.B2"          25334.04723                    3     -0.4658830535614    8.13132247392e-05                    0          58.97331688
         "BPM.24L8.B2"          25387.49575                    3     0.01317195321765     0.00142451923897                    0          59.11014542
         "BPM.23L8.B2"          25440.94427                    3     -0.4593888509545   0.0006717148520704                    0          59.22453352
         "BPM.22L8.B2"          25494.39278                    3    -0.09424362953389    0.001538891977846                    0          59.36241711
         "BPM.21L8.B2"           25547.8413                    3      0.1576905325561   0.0005667130133776                    0          59.47700614
         "BPM.20L8.B2"          25601.28981                    3     -0.1230567920868     0.00272447432094                    0          59.61477993
         "BPM.19L8.B2"          25654.73833                    3    -0.05719748531869    0.001349765752482                    0          59.72621526
         "BPM.18L8.B2"          25708.18685                    3    -0.08347993498941   0.0009723554810188                    0          59.85896736
         "BPM.17L8.B2"          25761.63536                    3     -0.4335003320804   0.0008900012198755                    0          59.97345935
         "BPM.16L8.B2"          25815.08388                    3     -0.3660248850317    0.001219856323469                    0           60.1113119
         "BPM.15L8.B2"          25868.53239                    3      0.4992030928267    0.002093332529073                    0          60.22284127
         "BPM.14L8.B2"          25921.98091                    3     -0.3126411216486    0.001864638408412                    0          60.35552126
         "BPM.13L8.B2"          25975.42943                    3    -0.05321498858004    0.003004873296577                    0          60.46991361
         "BPM.12L8.B2"          26028.87794                    3     0.06457146443391    0.001563688215767                    0          60.61006137
         "BPM.11L8.B2"          26082.32646                    3     -0.4085027642806     0.00218985388775                    0          60.72395795
         "BPM.10L8.B2"          26134.16517                    3     -0.1977886790739   0.0007342704972891                    0          60.84700976
          "BPM.9L8.B2"          26173.23018                    3    -0.05472005844114   0.0006557355507087                    0          60.94900308
          "BPM.8L8.B2"          26213.69319                    3     -0.1402113473883     0.00304072408414                    0           61.1788708
          "BPM.7L8.B2"           26252.7592                    3      0.1257025876593   0.0006287036067399                    0          61.25015461
          "BPM.6L8.B2"           26285.2282                    3     -0.1869438990147    0.004753045675559                    0           61.3076097
       "BPMWI.A5L8.B2"           26347.1487                    3      -0.409802535823    0.002786239419028                    0          61.70175059
        "BPMYB.4L8.B2"           26366.4142                    3     -0.2905900150966    0.002953481009387                    0          61.71949232
        "BPMWB.4L8.B2"           26395.6867                    3      0.5342356240839    0.002889304489672                    0          61.73109846
        "BPMSX.4L8.B2"           26441.0987                    3      0.0613171214273    0.002195353408788                    0          61.74675104
         "BPMS.2L8.B2"           26478.9502                    3      -1.234408718079    0.003059592408572                    0          61.75581637
        "BPMSW.1L8.B2"           26488.8842                    3    -0.05266893992329    0.004546617840327                    0          61.75996325
        "BPMSW.1R8.B2"           26532.0742                    3    -0.02417497215013    0.001770278974956                    0          62.23047485
         "BPMS.2R8.B2"           26542.0082                    3       1.462458393966    0.001185666179121                    0          62.23582193
        "BPMSX.4R8.B2"           26579.9797                    3      0.4590357344621   0.0009727407613642                    0           62.2461929
        "BPMWI.4R8.B2"           26625.1677                    3     -0.7097840871018    0.002404488520926                    0          62.25895069
        "BPMYB.4R8.B2"           26654.5442                    3     -0.1889638604341    0.002897297982606                    0          62.27685462