@ GetLLMVersion %s "V3.0.0 Dev"
@ Command %s "/afs/cern.ch/eng/sl/lintrack/miniconda2/bin/python '/afs/cern.ch/eng/sl/lintrack/Beta-Beat.src/GetLLM/GetLLM.py' '--accel=LHCB2' '--model=/user/slops/data/LHC_DATA/OP_DATA/Betabeat/2022-04-27/models/LHCB2/LHCB2_30cm_noknowledge/twiss.dat' '--files=/user/slops/data/LHC_DATA/OP_DATA/Betabeat/2022-04-27/LHCB2/Measurements/Beam2@Turn@2022_04_27@22_23_32_100-1_6600/Beam2@Turn@2022_04_27@22_23_32_100.sdds,/user/slops/data/LHC_DATA/OP_DATA/Betabeat/2022-04-27/LHCB2/Measurements/Beam2@Turn@2022_04_27@22_24_53_620-1_6600/Beam2@Turn@2022_04_27@22_24_53_620.sdds,/user/slops/data/LHC_DATA/OP_DATA/Betabeat/2022-04-27/LHCB2/Measurements/Beam2@Turn@2022_04_27@22_27_44_180-1_6600/Beam2@Turn@2022_04_27@22_27_44_180.sdds' '--output=/user/slops/data/LHC_DATA/OP_DATA/Betabeat/2022-04-27/LHCB2/Results/b2_3files_12percent_30cm_beforecorrection' '--tbtana=SUSSIX' '--bpmu=mm' '--useerrorofmean=false' '--lhcphase=0' '--errordefs=/user/slops/data/LHC_DATA/OP_DATA/Betabeat/2022-04-27/models/LHCB2/LHCB2_30cm_noknowledge/error_deff.txt' '--calibration=/afs/cern.ch/eng/sl/lintrack/LHC_commissioning2017/Calibration_factors_2017/Calibration_factors_2017_beam2' '--range=11'"
@ CWD %s "/nfs/cs-ccr-nfsop/nfs2/vol1/u1/lhcop"
@ Date %s "28. April 2022, 00:32:15"
@ f2h_factor %le 0.46436155914081356
@ p_f2h_factor %le 586.975059863754
@ FILES %s ""
*                 NAME                    S               AMP_20            AMP_20std             PHASE_20          PHASE_20std                f3000             f3000std         phase_f_3000      phase_f_3000std                h3000            h3000_std         phase_h_3000     phase_h_3000_std
$                   %s                  %le                  %le                  %le                  %le                  %le                  %le                  %le                  %le                  %le                  %le                  %le                  %le                  %le
           BPM.11L8.B2          26082.32646   0.0001685002512131                    0      0.9697113041777      0.9697113041777      0.1243107264111                    0     0.09556262093087                    0      0.2677024485857                    0      0.1205027571768                    0
          BPMWB.4R5.B2          16676.01705    0.000290978888151                    0      0.9042974905898                    0      0.2146690980929                    0      0.1532413083374                    0      0.4622886926517                    0      0.1781814445833                    0
           BPM.24R5.B2            17653.957    0.000100250249798                    0      0.8266789928449      0.8266789928449      0.0739594231199                    0    0.001123972775967                    0      0.1592712007789                    0     0.02606410902195                    0
           BPM.14L4.B2          12592.67486   0.0002079819680626                    0      0.7673922886178      0.7673922886178      0.1534382847749                    0      0.9096768512727                    0      0.3304284813298                    0      0.9346169875187                    0
           BPM.25L2.B2          5339.884835   0.0001166740013138                    0      0.1343232672898      0.1343232672898     0.08607601325331                    0      0.2974220961478                    0      0.1853642093298                    0      0.3223622323937                    0
           BPM.12R4.B2          13679.71811   0.0001161587346997                    0      0.9762597268883      0.9762597268883      0.0856958763299                    0      0.1379317151285                    0      0.1845455866081                    0      0.1628718513745                    0
            BPM.9R5.B2          16864.60757   9.724461867238e-05                    0      0.4720428602978      0.4720428602978     0.07174202471333                    0       0.653418329393                    0      0.1544960458098                    0       0.678358465639                    0
           BPM.22R8.B2          884.6389827   0.0001139559098983                    0      0.3250390891441                    0     0.08407074669803                    0      0.4644985104469                    0      0.1810458791067                    0      0.4894386466929                    0
           BPM.30L5.B2           15069.4567   6.890566232964e-05                    0      0.0848943015409                    0     0.05083501583153                    0      0.2454789172403                    0      0.1094729200358                    0      0.2704190534863                    0
           BPM.16L2.B2          5820.921478   0.0002912352102469                    0      0.1593391359809      0.1593391359809      0.2148581992111                    0       0.203345454186                    0      0.4626959208438                    0      0.2282855904319                    0
           BPM.25R7.B2          24371.97395   0.0001692425290112                    0      0.6170503265497                    0      0.1248583403857                    0      0.7295888527109                    0      0.2688817321931                    0      0.7545289889568                    0
           BPM.14L6.B2          19257.41248   0.0001408825597698                    0     0.08218780900857     0.08218780900857      0.1039358292795                    0      0.2399657919408                    0      0.2238252224664                    0      0.2649059281867                    0
           BPM.11L4.B2          12753.02931   6.870179350838e-05                    0      0.5441660873972      0.5441660873972     0.05068461201266                    0       0.733512087865                    0      0.1091490262597                    0       0.758452224111                    0
           BPM.21R4.B2          14160.78147   0.0001124102691921    2.75475550679e-05      0.3873383573893     0.06239762186243      0.0829304533301     0.02032315415963      0.5949259072287      0.3249407355269      0.1785902637667     0.04376579792099      0.6198660434746      0.3249407355269
          BPMRA.7R1.B2          3454.511584   0.0001277970698142                    0      0.5968684842546      0.5968684842546     0.09428203499664                    0      0.7685313668748                    0      0.2030358308967                    0      0.7934715031207                    0
           BPM.31L6.B2          18348.78771   8.922898092411e-05                    0      0.7583102636544                    0     0.06582850384934                    0      0.9429598821632                    0      0.1417613119638                    0      0.9679000184092                    0
           BPM.14R8.B2          457.0271099   0.0001460859138781                    0       0.644795946244       0.644795946244      0.1077745934612                    0      0.7830519259473                    0      0.2320919794925                    0      0.8079920621933                    0
           BPM.17L7.B2          22428.92015   0.0003031101260759                    0      0.1137943630925                    0      0.2236188948312                    0      0.1758745241297                    0      0.4815620294776                    0      0.2008146603757                    0
           BPM.22L3.B2          8832.195401   0.0001011619685266                    0      0.3452378855842      0.3452378855842     0.07463204180514                    0      0.4845937895262                    0       0.160719681326                    0      0.5095339257721                    0
           BPM.20L7.B2           22268.5746    8.76923858598e-05                    0      0.7319047409817      0.7319047409817     0.06469488388576                    0      0.8412879930236                    0      0.1393200677624                    0      0.8662281292696                    0
           BPM.20R4.B2          14107.32998    0.000189578972125                    0      0.2443149392321      0.2443149392321      0.1398615109916                    0      0.3675036625025                    0        0.30119097552                    0      0.3924437987484                    0
         BPMSX.A4R6.B2          19995.52327   0.0001624566888432                    0      0.4617648595588      0.4617648595588      0.1198521002493                    0      0.7063119797591                    0      0.2581008222797                    0      0.7312521160051                    0
           BPM.24L8.B2          25387.49575     0.00017466200671                    0      0.9567193922842      0.9567193922842       0.128856549318                    0       0.148515752364                    0       0.277491852591                    0        0.17345588861                    0
            BPM.8L8.B2          26213.69319   0.0001420067481506   1.805273930686e-05      0.7157178773541                    0      0.1047651970296     0.01331837264805      0.4170765885238      0.3388068373948       0.225611261241      0.0286810404218      0.4420167247698      0.3388068373949
           BPM.17R8.B2          617.3815622   0.0001176512409543                    0      0.6335345322918      0.6335345322918     0.08679696986148                    0      0.8261589930534                    0      0.1869167853215                    0      0.8510991292993                    0
            BPM.7R4.B2          13455.82797   0.0002185476422361                    0      0.7247630168877      0.7247630168877      0.1612330899581                    0       0.781927624241                    0      0.3472145503525                    0       0.806867760487                    0
            BPM.7L1.B2          2926.823584   5.917332664979e-05                    0      0.3592350187772                    0     0.04365500447055                    0       0.572339459457                    0     0.09401080604372                    0       0.597279595703                    0
            BPM.8L7.B2          22881.91997   0.0002080279540195                    0      0.7700781797516      0.7700781797516      0.1534722108235                    0       0.861632271956                    0      0.3305015408842                    0      0.8865724082019                    0
           BPM.23L4.B2           12111.6115   0.0001766133632291                    0      0.0787324434446      0.0787324434446      0.1302961587229                    0      0.2737927799343                    0      0.2805920433293                    0      0.2987329161803                    0
           BPM.15L6.B2          19203.96396   0.0001267258317349                    0      0.4244098260763      0.4244098260763     0.09349173122652                    0      0.6146110894998                    0      0.2013339161827                    0      0.6395512257457                    0
           BPM.11L1.B2          2755.440926   0.0001263276405758                    0      0.2193306200405      0.2193306200405     0.09319796648795                    0      0.4130243378692                    0      0.2007012954741                    0      0.4379644741151                    0
           BPM.20R2.B2          7442.456814   0.0002992715063696                    0      0.4547518156175      0.4547518156175      0.2207869607499                    0      0.5258081053561                    0      0.4754634753972                    0       0.550748241602                    0
           BPM.15L3.B2           9206.35579   0.0001119559761458                    0      0.4585674050539      0.4585674050539     0.08259529953549                    0      0.6573073865986                    0      0.1778685119593                    0      0.6822475228445                    0
           BPM.14R6.B2          20451.32506   0.0001408293385035                    0      0.2067069962998      0.2067069962998      0.1038965653958                    0         0.3526655958                    0      0.2237406679141                    0      0.3776057320459                    0
           BPM.25R2.B2          7709.714235   0.0001376951198258                    0      0.6544939630824      0.6544939630824      0.1015843017775                    0      0.8553398813075                    0      0.2187612212462                    0      0.8802800175534                    0
           BPM.13L2.B2          5981.267026   8.079787830579e-05                    0      0.1008867222376      0.1008867222376     0.05960847460082                    0      0.2550569798788                    0      0.1283665140394                    0      0.2799971161247                    0
           BPM.28R8.B2          1205.347887   0.0001754333088065   1.082546160149e-05       0.786150828394      0.8511237334974      0.1294255759112    0.007986462843394      0.9082109372384     0.06497290510345      0.2787172481517      0.0171988027135      0.9331510734844     0.06497290510345
           BPM.20L1.B2          2274.377569   0.0001698626839316    4.35262065257e-06      0.0995849496841      0.0856502840533      0.1253158584492     0.00321113726073      0.2345335717995      0.0139346656308      0.2698669947638    0.006915165989777      0.2594737080455     0.01393466563076
          BPM_A.7R8.B2              122.586   0.0002850530114735                    0      0.2666830184764                    0      0.2102972943175                    0      0.4144809959428                    0      0.4528740378653                    0      0.4394211321887                    0
           BPM.10R4.B2          13573.15094   0.0001611635931655                    0      0.1253292568983      0.1253292568983      0.1188981214757                    0      0.2372606454982                    0      0.2560464343684                    0      0.2622007817442                    0
           BPM.12R3.B2          10347.71253   0.0001068086197654                    0      0.7755959189065                    0     0.07879784756647                    0      0.8920405414472                    0      0.1696907205503                    0      0.9169806776931                    0
           BPM.30R8.B2          1312.250855   0.0001126082023002   2.614118401538e-05      0.2544773835072      0.1179911227051      0.0830764780883     0.01928560670267      0.3961277626857      0.1364862608021      0.1789047272604     0.04153144532109      0.4210678989317      0.1364862608021
           BPMS.2L8.B2           26478.9502   0.0008381951526631                    0      0.1817268440497                    0      0.6183768128038                    0      0.4255302326192                    0       1.331670980578                    0      0.4504703688652                    0
           BPM.15R1.B2           3843.32639   9.824996987988e-05                    0      0.2861690073503                    0     0.07248372057433                    0      0.4423003903972                    0      0.1560932836655                    0      0.4672405266432                    0
           BPM.16L7.B2          22482.36866   0.0003675348784921                    0      0.7262028193097      0.7262028193097       0.271148128254                    0      0.8244822774897                    0      0.5839159657308                    0      0.8494224137356                    0
           BPM.10L8.B2          26134.16517   0.0003772271122327                    0      0.5211390618994      0.5211390618994      0.2782985544888                    0      0.5725668196212                    0      0.5993143683205                    0      0.5975069558671                    0
            BPM.8R1.B2          3495.948594   0.0004213647986737                    0      0.1399325528005      0.1399325528005      0.3108610451918                    0      0.1829966213463                    0      0.6694375084944                    0      0.2079367575923                    0
          BPM_A.7R7.B2          23451.04698   0.0001481880129245                    0      0.4883486088029      0.4883486088029       0.109325412867                    0      0.6691362671937                    0      0.2354316603408                    0      0.6940764034397                    0
           BPM.10R1.B2          3575.476615   0.0001288962563166   1.112907301523e-06      0.4325515705455      0.2704253102428     0.09509295766045   0.0008210451562206      0.6231222665601      0.1621262603027       0.204782148282    0.001768116115683      0.6480624028061      0.1621262603027
           BPM.13R1.B2          3736.429358   8.684282547783e-05                    0      0.8080284987695      0.8080284987695     0.06406812239756                    0      0.9143696521577                    0      0.1379703404306                    0      0.9393097884036                    0
            BPM.6L8.B2           26285.2282    0.001341755814521                    0      0.6670108211573                    0      0.9898776931699                    0      0.5075019735995                    0       2.131696032293                    0      0.5324421098454                    0
           BPM.33L3.B2          8244.229076    0.002652882104605                    0       0.727212825477       0.727212825477       1.957158515386                    0      0.7362772973593                    0       4.214729830366                    0      0.7612174336052                    0
           BPM.33R1.B2          4805.399676   0.0001076789286083                    0      0.3507966000409      0.3507966000409     0.07943991619061                    0      0.4650566947016                    0      0.1710734117131                    0      0.4899968309476                    0
           BPM.22R7.B2           24211.6284   0.0007598534506058                    0     0.01968610834047     0.01968610834047      0.5605803773629                    0     0.05148956883423                    0       1.207206682655                    0     0.07642970508016                    0
           BPM.33R8.B2          1472.605308   9.268098891271e-05                    0      0.5975641042496      0.5975641042496       0.068375215902                    0       0.787648749463                    0      0.1472456420133                    0       0.812588885709                    0
           BPM.25R5.B2          17707.40552   9.598702228706e-05                    0      0.5163102424797      0.5163102424797     0.07081423547227                    0      0.7059414921146                    0      0.1524980569091                    0      0.7308816283605                    0
           BPM.23L3.B2          8778.743917   8.082574687706e-05                    0      0.7058819816423      0.7058819816423     0.05962903458404                    0      0.9113686007961                    0      0.1284107898474                    0      0.9363087370421                    0
           BPM.25R1.B2          4377.811549   0.0001500170874644                    0       0.289484924317       0.289484924317       0.110674808984                    0      0.3966112168766                    0      0.2383375772724                    0      0.4215513531226                    0
           BPM.23R8.B2          938.0904667    0.000106924148786                    0      0.0995393248301                    0     0.07888307887244                    0      0.1436409841701                    0      0.1698742656873                    0      0.1685811204161                    0
          BPMSX.4R2.B2            6597.0373    0.002296197468869                    0      0.1301683705732                    0       1.694015132223                    0      0.3111939224802                    0       3.648052038065                    0      0.3361340587261                    0
          BPMRA.7R5.B2          16784.10555    0.003351413353139                    0     0.06432030295693                    0       2.472498559694                    0     0.05645938999697                    0       5.324511710807                    0     0.08139952624288                    0
           BPM.25R3.B2          11042.58182   0.0001776602598182                    0      0.5983884426167      0.5983884426167      0.1310685046069                    0      0.7936537901323                    0      0.2822552858367                    0      0.8185939263782                    0
           BPM.31L5.B2          15016.00521   9.185079897781e-05    3.10946719684e-05      0.2867565046098       0.149203323378     0.06776274492273     0.02294003262356      0.4914801432877      0.1375531812317       0.145926689212     0.04940123094169      0.5164202795337      0.1375531812317
           BPM.22R4.B2          14214.23295   0.0001185631308225   2.291324089859e-05         0.4965103871      0.6172419194402      0.0874697148046     0.01690419806516      0.6600101489435      0.1207315323402      0.1883655377642     0.03640309524423      0.6849502851895      0.1207315323402
           BPM.24R2.B2          7656.262751   0.0002614659551819                    0      0.9536480448574      0.9536480448574      0.1928959902815                    0      0.0372958590645                    0      0.4154004277149                    0     0.06223599531052                    0
            BPM.7L8.B2           26252.7592   0.0005743792990256   0.0004520390100675      0.7107371751014                    0      0.4237471895935      0.3334908838597      0.4192635810235        0.37470027078      0.9125371841235      0.7181707385011      0.4442037172695      0.3747002707801
           BPM.19R7.B2          24051.28285   8.999240910766e-05                    0      0.4193362588916                    0     0.06639172147885                    0      0.5767054218057                    0      0.1429741979541                    0      0.6016455580516                    0
           BPM.27L8.B2           25227.1502   0.0001526511919539                    0       0.083037209864       0.083037209864      0.1126181143511                    0      0.1779842043069                    0      0.2425224744259                    0      0.2029243405528                    0
           BPM.31L3.B2          8351.132044   0.0002303875496258                    0      0.3318068681384      0.3318068681384      0.1699679581714                    0      0.5370831169861                    0      0.3660250398113                    0       0.562023253232                    0
           BPM.20L3.B2          8939.098369   0.0001716778401597                    0      0.1049011667423      0.1049011667423      0.1266549863594                    0      0.2546575098018                    0      0.2727507991697                    0      0.2795976460477                    0
           BPM.32L3.B2           8297.68056   0.0002502456983105                    0      0.5259258275778      0.5259258275778      0.1846182680101                    0      0.6458180751689                    0      0.3975743994651                    0      0.6707582114149                    0
           BPM.22R3.B2          10882.22737   0.0001580955062801                    0      0.8575662011268      0.8575662011268      0.1166346464561                    0     0.03824584718312                    0      0.2511720536729                    0     0.06318598342909                    0
           BPM.30L3.B2          8404.583528   0.0001572507474273                    0      0.1289067662269      0.1289067662269      0.1160114272866                    0      0.2856064337507                    0      0.2498299547043                    0      0.3105465699966                    0
           BPM.28L5.B2          15176.35966   8.400078466351e-05                    0      0.3879189621207      0.3879189621207     0.06197141241894                    0      0.5243230858297                    0      0.1334550873108                    0      0.5492632220756                    0
           BPM.23L8.B2          25440.94427   0.0001709457121793                    0        0.48762067441        0.48762067441      0.1261148603927                    0      0.5809803228994                    0      0.2715876409452                    0      0.6059204591453                    0
           BPM.20R7.B2          24104.73137   0.0001126495309493                    0      0.4350414079397                    0     0.08310696821732                    0      0.6278552156402                    0      0.1789703875814                    0      0.6527953518861                    0
           BPM.34R2.B2          8190.777592   6.941703683574e-05                    0      0.1444420491253      0.1444420491253        0.05121228136                    0       0.309531117234                    0      0.1102853592247                    0      0.3344712534799                    0
           BPM.18R6.B2          20665.11912    9.87070117372e-05                    0      0.4346358923352      0.4346358923352     0.07282090229884                    0      0.5839136813733                    0      0.1568194026086                    0      0.6088538176193                    0
           BPM.28R7.B2           24532.3195   0.0001432444998582   2.894304169322e-05      0.2691087415449      0.1684311606821       0.105678345899     0.02135267165199       0.460412872839      0.1006775808628      0.2275777221839     0.04598285803737       0.485353009085      0.1006775808628
           BPM.27L4.B2          11897.80556   0.0001897095329171                    0      0.5896899762566      0.5896899762566      0.1399578319572                    0      0.7832102287191                    0      0.3013984021765                    0      0.8081503649651                    0
           BPM.29R3.B2          11256.38775   0.0001680032501775                    0      0.1392108806674      0.1392108806674       0.123944064882                    0      0.3315082118675                    0      0.2669128450497                    0      0.3564483481134                    0
           BPM.29R1.B2          4591.605612    0.000249291070317                    0      0.4582185310327      0.4582185310327      0.1839139930997                    0      0.5631051862898                    0      0.3960577474155                    0      0.5880453225358                    0
           BPM.29R5.B2          17921.19958   0.0001193346194099   8.108585199408e-06      0.4562969055562      0.7128360516751     0.08803887898108    0.005982092661867      0.6506623204833      0.2565391461189      0.1895912296099     0.01288240282623      0.6756024567293      0.2565391461189
           BPM.14R7.B2          23784.04027   0.0003779382899133                    0      0.9665434270614      0.9665434270614      0.2788232244133                    0    0.007933812973067                    0      0.6004442420454                    0     0.03287394921904                    0
           BPM.14L2.B2           5927.81851   6.866175339046e-05                    0      0.1448636336445      0.1448636336445     0.05065507249501                    0      0.3467143380003                    0       0.109085413075                    0      0.3716544742463                    0
           BPM.33L2.B2          4912.296708   0.0001503834649417                    0      0.0964699350277      0.0964699350277      0.1109451032418                    0      0.2586743043608                    0      0.2389196544329                    0      0.2836144406067                    0
           BPM.22L8.B2          25494.39278   0.0003189414068727                    0      0.0355603668113      0.0355603668113      0.2352983908658                    0      0.0835000592126                    0      0.5067137583505                    0      0.1084401954586                    0
           BPMS.2R1.B2          3226.781584   0.0005616043243937                    0        0.16898390364        0.16898390364      0.4143224773754                    0      0.4170018113165                    0      0.8922411194889                    0      0.4419419475624                    0
           BPM.10L6.B2          19469.59674   0.0001476785659557                    0      0.7109194919841                    0      0.1089495693753                    0      0.8761276190442                    0      0.2346222835002                    0      0.9010677552901                    0
           BPM.34R4.B2          14855.65076   7.999735048426e-05                    0      0.1802343248871      0.1802343248871     0.05901788678691                    0      0.3376421808652                    0      0.1270946865113                    0      0.3625823171112                    0
           BPM.32L6.B2          18295.33919   9.075778474971e-05                    0      0.0736606451456                    0     0.06695637584201                    0      0.2524026523817                    0      0.1441901779422                    0      0.2773427886276                    0
          BPMWE.5L7.B2          23045.03448   0.0004954714656996   0.0001828069506573     0.05079317001252       0.060266126545       0.365533091931      0.1348654655741      0.2887226166732    0.009472956532482      0.7871734529606      0.2904320198761      0.3136627529192    0.009472956532477
           BPM.14R2.B2           7121.74791   0.0001350635631377                    0      0.6213141196184      0.6213141196184     0.09964287604585                    0      0.8016804536849                    0      0.2145803718771                    0      0.8266205899308                    0
           BPM.10L3.B2          9472.944415   9.293733119025e-05   7.355520841994e-06      0.6111305913598      0.7914871812926     0.06856433190925    0.005426520924552      0.3315439508146      0.3196434100672      0.1476529022689     0.01168598222168      0.3564840870606      0.3196434100672
           BPM.21L7.B2          22215.12608   0.0001955594322597                    0      0.4839260468442      0.4839260468442      0.1442735836043                    0      0.5368472051529                    0      0.3106923490205                    0      0.5617873413988                    0
           BPM.30L1.B2          1739.862728   8.184860930394e-05                    0      0.5830408990107      0.5830408990107     0.06038364931244                    0      0.7111030447835                    0      0.1300358484112                    0      0.7360431810295                    0
           BPM.30R4.B2          14641.84482    0.000200800045741                    0      0.3947625145144      0.3947625145144      0.1481398358147                    0      0.5572859529744                    0      0.3190183013615                    0      0.5822260892204                    0
           BPM.15L8.B2          25868.53239   0.0001874344056473    2.44933827427e-05      0.5600265429212      0.5211097251364      0.1382793613226     0.01806994457925      0.6655369841217     0.03891681778485      0.2977838251264     0.03891352379099      0.6904771203676     0.03891681778487
           BPM.28L2.B2          5179.539287   0.0007120284708347                    0     0.08679584632303     0.08679584632303      0.5252975933127                    0      0.1149409131496                    0       1.131225406092                    0      0.1398810493955                    0
            BPM.8R4.B2          13493.61896   9.370325219842e-05                    0      0.3777271844491      0.3777271844491     0.06912938861518                    0      0.5306913520105                    0      0.1488697486999                    0      0.5556314882565                    0
           BPM.27L7.B2          21894.43499   8.420719109702e-05                    0      0.3712366423854      0.3712366423854     0.06212368835622                    0      0.5561742357311                    0      0.1337830126834                    0       0.581114371977                    0
           BPM.10L2.B2          6140.002768    0.000126368021612   4.815308440077e-05      0.6840130906888      0.5590355395708     0.09322775751739     0.03552484259043      0.3756218726838       0.375022448882      0.2007654502881     0.07650254826468      0.4005620089297       0.375022448882
           BPM.30R3.B2          11309.83924   7.017756241316e-05                    0      0.8351019723929      0.8351019723929     0.05177335759759                    0    0.009719943409629                    0      0.1114936337396                    0     0.03466007965562                    0
           BPM.29R4.B2          14588.39334   7.443904580445e-05                    0     0.03979639721712     0.03979639721712     0.05491725852442                    0      0.2444079652803                    0      0.1182640066633                    0      0.2693481015262                    0
           BPM.17L6.B2          19097.06693   0.0005733858193471                    0      0.8632036981372      0.8632036981372      0.4230142519296                    0      0.8495212795166                    0      0.9109588069957                    0      0.8744614157625                    0
           BPM.27R2.B2          7816.617203   0.0002608983757743                    0      0.0854811022962                    0      0.1924772596983                    0      0.1168296783725                    0      0.4144986937645                    0      0.1417698146184                    0
           BPM.13R5.B2          17066.02333   0.0001411586290813                    0      0.4660210217299      0.4660210217299      0.1041394988669                    0       0.656952989139                    0      0.2242638237748                    0       0.681893125385                    0
           BPM.22L6.B2          18829.82435   0.0001391069147789                    0      0.1894306544468      0.1894306544468      0.1026258507063                    0      0.3460209673663                    0      0.2210041909933                    0      0.3709611036122                    0
           BPM.19R4.B2           14053.8785    0.002435384620662                    0      0.4222649481967      0.4222649481967       1.796700177628                    0      0.4282163105264                    0       3.869183704509                    0      0.4531564467724                    0
           BPM.32L5.B2          14962.55373   0.0001593301719212                    0      0.4444796847001      0.4444796847001      0.1175455185861                    0      0.5772150826229                    0      0.2531336116701                    0      0.6021552188688                    0
           BPM.22L4.B2          12165.06298   0.0002160062550382                    0      0.7184542835976      0.7184542835976      0.1593581865892                    0      0.8581761237505                    0      0.3431769565165                    0      0.8831162599965                    0
           BPM.18R7.B2          23997.83434   0.0003773540145257   0.0001154815105966      0.6387155362287      0.5154639764798       0.278392176404     0.08519625558986      0.6850561129486      0.1232515597488      0.5995159825871      0.1834696561608      0.7099962491945      0.1232515597488
           BPM.33R3.B2          11470.19369   0.0001656500455258                    0      0.6239556501341      0.6239556501341      0.1222079928136                    0      0.8188457644446                    0      0.2631742236367                    0      0.8437859006905                    0
           BPM.14L7.B2          22589.26569   2.630120601513e-05                    0    0.002361622891452    0.002361622891452     0.01940366261587                    0      0.1595521939087                    0     0.04178567806467                    0      0.1844923301546                    0
            BPM.9R3.B2          10199.73836   0.0001544987289595                    0      0.6508265466492      0.6508265466492      0.1139811311157                    0      0.8700755267295                    0       0.245457723345                    0      0.8950156629755                    0
           BPM.31L8.B2          25013.35614   0.0001099135735157   8.943090913517e-05      0.5758380397641      0.5808962151044      0.0810885210426     0.06597747598689      0.6762115065154    0.005058175340312      0.1746236729686      0.1420821226222      0.7011516427614    0.005058175340309
           BPM.27R8.B2          1151.896403   0.0004703862467297                    0      0.6442035856522      0.6442035856522       0.347026521348                    0      0.6896424887967                    0      0.7473196575317                    0      0.7145826250426                    0
           BPM.22L7.B2          22161.67757     0.00013758110204                    0      0.9952230083829      0.9952230083829      0.1015001853819                    0      0.1395968245135                    0      0.2185800770627                    0      0.1645369607595                    0
           BPM.24R8.B2          991.5419508   8.210800820185e-05   3.977186706747e-05      0.5822982570441      0.4436602094821     0.06057502033531     0.02934161611207      0.7036952368202       0.138638047562      0.1304479648302     0.06318700489842      0.7286353730661       0.138638047562
          BPMWE.5R7.B2          23333.87148    0.001937808338277                    0      0.2892737976786                    0       1.429614261358                    0       0.264820607364                    0       3.078666253088                    0        0.28976074361                    0
           BPM.12R1.B2          3682.980842   0.0001997602608001                    0      0.2016873453813      0.2016873453813      0.1473727365351                    0      0.2450896925435                    0      0.3173663573871                    0      0.2700298287895                    0
           BPM.29R8.B2          1258.799371   0.0001589355805973   3.433024080701e-05      0.5338716933737      0.5152481452199      0.1172544096188     0.02532706712223      0.7207329369028     0.01862354815372      0.2525067101501     0.05454169627884      0.7456730731488      0.0186235481537
           BPM.11L6.B2          19417.75802   0.0001390491452552                    0      0.0457113649241                    0      0.1025832313546                    0      0.2295633498672                    0      0.2209124104597                    0      0.2545034861131                    0
            BPM.9L7.B2          22841.45696   0.0007222580225849                    0      0.5337959948969      0.5337959948969      0.5328444248443                    0      0.5598233470411                    0       1.147477465254                    0       0.584763483287                    0
           BPM.20L4.B2          12271.96595   0.0001170767027404                    0      0.0165429171932                    0     0.08637310543276                    0      0.1867641194621                    0      0.1860039956636                    0      0.2117042557081                    0
          BPMSX.7L1.B2          2957.502084   6.179888333632e-05                    0     0.05016010749967                    0      0.0455920037129                    0      0.2410851962221                    0     0.09818212299325                    0      0.2660253324681                    0
           BPM.16R8.B2          563.9300781   0.0001592812463387                    0      0.9409100715302      0.9409100715302      0.1175094238346                    0       0.062359821128                    0      0.2530558818262                    0     0.08729995737394                    0
            BPM.5L5.B2          16325.21155   0.0001695504895357                    0      0.9273108937908      0.9273108937908      0.1250855376523                    0        0.14454870869                    0      0.2693710002261                    0      0.1694888449359                    0
          BPMWC.6L7.B2          22967.98048   0.0003715255964202                    0       0.269357397039                    0      0.2740922724969                    0      0.4526364555627                    0      0.5902561637619                    0      0.4775765918087                    0
           BPM.24L1.B2          2060.571633   0.0001396485630382                    0      0.6504671047324      0.6504671047324      0.1030254506362                    0      0.7729617043047                    0      0.2218647271898                    0      0.7979018405507                    0
           BPM.30L7.B2          21734.08944   6.916441660012e-05                    0      0.1809888565123      0.1809888565123     0.05102591128179                    0      0.3347267814287                    0      0.1098840123119                    0      0.3596669176746                    0
           BPM.25L3.B2          8671.840949   0.0007821263621479                    0      0.7425975645339                    0      0.5770121737142                    0      0.7523321709874                    0       1.242592463471                    0      0.7772723072333                    0
           BPM.34R8.B2          1526.056792   0.0002356477046145                    0      0.1707004720824      0.1707004720824      0.1738486270901                    0      0.3055944684092                    0      0.3743820384524                    0      0.3305346046552                    0
           BPM.15R8.B2           510.478594   0.0003434788455788                    0       0.197430758696       0.197430758696      0.2534008376447                    0      0.2500655711479                    0      0.5456972754454                    0      0.2750057073939                    0
           BPM.28R4.B2          14534.94185   0.0001780862839857                    0      0.3784824129419      0.3784824129419      0.1313828030921                    0      0.5130166309472                    0       0.282932125853                    0      0.5379567671931                    0
           BPM.29L2.B2          5126.090771   0.0001496723960851                    0      0.5586507794965      0.5586507794965      0.1104205136021                    0      0.7164670400621                    0      0.2377899536008                    0       0.741407176308                    0
           BPM.27L1.B2           1900.21718   8.444776031986e-05                    0      0.9784366991935                    0     0.06230116782363                    0       0.172472874603                    0       0.134165213716                    0       0.197413010849                    0
           BPM.29R7.B2          24585.76801   0.0002116047969212   4.499912993694e-05      0.6662990850195      0.7789495641567      0.1561110195858     0.03319801893502       0.776817488494      0.1126504791372       0.336184200679     0.07149174663907      0.8017576247399      0.1126504791372
           BPM.18L6.B2          19043.61841   6.029104353027e-05                    0      0.8768861167579      0.8768861167579     0.04447959788411                    0      0.0289540642455                    0     0.09578656331159                    0     0.05389420049141                    0
           BPM.15R4.B2          13840.07256    0.001936188979527                    0      0.1747596152376                    0       1.428419582649                    0      0.1818884414241                    0       3.076093519222                    0      0.2068285776701                    0
           BPM.33L8.B2          24906.45911   0.0001916508205153                    0      0.3006399627862      0.3006399627862      0.1413900130357                    0      0.4541912381533                    0      0.3044825960557                    0      0.4791313743993                    0
           BPM.17R4.B2          13946.97553   0.0001269945920082                    0      0.6137398403017      0.6137398403017     0.09369000858553                    0      0.8169470366547                    0      0.2017609053576                    0      0.8418871729007                    0
          BPMYA.4L5.B2          16352.61755   0.0001733726179224                    0      0.4104280409555      0.4104280409555      0.1279053052952                    0      0.6550322711518                    0        0.27544335395                    0      0.6799724073978                    0
           BPM.33R7.B2          24799.56208   0.0001718002698405                    0      0.0027352328637      0.0027352328637      0.1267453086137                    0      0.1044212338161                    0      0.2729453076354                    0       0.129361370062                    0
           BPM.11R6.B2          20289.70451   0.0005310623015183                    0      0.9255077053032                    0       0.391790160525                    0      0.9761545367237                    0      0.8437179021664                    0    0.001094672969657                    0
           BPM.27R7.B2          24478.87098   0.0001952516095223                    0      0.6784821911137                    0      0.1440464879898                    0      0.8322150695343                    0      0.3102032998949                    0      0.8571552057803                    0
           BPM.10L1.B2          2808.223615   0.0001418427340751                    0      0.0402940764393      0.0402940764393      0.1046441959704                    0      0.2146841756168                    0      0.2253506861422                    0      0.2396243118627                    0
           BPM.18R8.B2          670.8330463   0.0002807830742097                    0      0.0445886393469      0.0445886393469       0.207147156563                    0      0.1821676122959                    0      0.4460902339682                    0      0.2071077485418                    0
           BPM.14L3.B2          9259.807274    0.000168639875217                    0      0.2539769808629                    0      0.1244137337433                    0      0.3890320859907                    0      0.2679242742949                    0      0.4139722222367                    0
           BPM.16L3.B2          9152.904306   0.0001284042965489                    0      0.7598274235093      0.7598274235093     0.09473001531675                    0      0.9148241839316                    0      0.2040005539908                    0      0.9397643201776                    0
            BPM.8R2.B2          6828.745789   0.0003076738690442                    0      0.5579961070929      0.5579961070929      0.2269857871619                    0      0.5106246618265                    0      0.4888126131325                    0      0.5355647980724                    0
           BPM.24R4.B2          14321.13592   0.0001277253319311                    0      0.4831176543747      0.4831176543747      0.0942291105155                    0      0.6086159043706                    0      0.2029218583249                    0      0.6335560406166                    0
          BPMYB.4R2.B2            6671.6018   0.0001657396729554                    0      0.9929133003889      0.9929133003889      0.1222741152722                    0      0.1454005432583                    0      0.2633166179786                    0      0.1703406795042                    0
            BPM.7L7.B2          22920.98398   0.0002106939413934                    0      0.4177451534848      0.4177451534848      0.1554390377253                    0       0.639263520381                    0      0.3347370915303                    0      0.6642036566269                    0
           BPM.19L1.B2          2327.829053   0.0001368699999578   3.507204612247e-06      0.7899686526903      0.7760339870595        0.10097557123    0.002587433252366      0.9803523556966      0.0139346656308      0.2174503234437    0.005572022923588      0.5052924919426      0.4860653343692
           BPM.26L6.B2          18616.03029   0.0001642326190102                    0      0.4030764755264                    0      0.1211622892107                    0      0.5658591000535                    0      0.2609223068224                    0      0.5907992362994                    0
           BPM.21L4.B2          12218.51447    0.002637906801321                    0      0.8463217149243                    0       1.946110515065                    0      0.8401254740131                    0       4.190938023953                    0      0.8650656102591                    0
           BPM.16R2.B2          7228.650878   0.0001564679090594                    0    0.003363144423667                    0       0.115433889832                    0     0.08217454391563                    0      0.2485862310515                    0      0.1071146801615                    0
          BPMYA.5R6.B2          20062.61277    0.003252798634755                    0      0.6468878402407                    0       2.399745746634                    0      0.6795905258516                    0       5.167838937991                    0      0.7045306620976                    0
          BPMYB.5L2.B2            6362.9018   0.0001680734057732    2.74259259013e-05      0.4957242668552      0.5974617675003      0.1239958220337       0.020233422483      0.7288329915553      0.1017375006451      0.2670243037842     0.04357256126119      0.7537731278013      0.1017375006451
           BPM.23L1.B2          2114.023117   0.0001042259260222                    0      0.3416099259868      0.3416099259868     0.07689247037565                    0      0.5327527472411                    0      0.1655875015105                    0      0.5576928834871                    0
            BPM.8L2.B2          6219.530789   0.0002010798546218                    0      0.6763479921544      0.6763479921544       0.148346264262                    0      0.7627606706677                    0      0.3194628438591                    0      0.7877008069137                    0
            BPM.9L1.B2          2847.290605     0.00118953200395                    0      0.5572022700209      0.5572022700209      0.8775748785874                    0      0.5741104636024                    0       1.889852554142                    0      0.5990505998484                    0
           BPM.15L2.B2          5874.369994   9.898005565846e-05                    0      0.4715881759159      0.4715881759159     0.07302233991064                    0      0.5689021234604                    0      0.1572531973701                    0      0.5938422597064                    0
           BPM.19R6.B2          20718.56764   0.0001937680669378                    0    0.002003629276167    0.002003629276167      0.1429520073881                    0     0.06937136621713                    0      0.3078463420887                    0     0.09431150246314                    0
           BPM.30L8.B2          25066.80466   0.0004217306036161   2.044815519602e-05      0.1650938451563      0.1282122709501      0.3111309170631     0.01508558597321      0.2124099010019      0.0368815742062       0.670018676048     0.03248672435575      0.2373500372479     0.03688157420618
           BPM.13R3.B2          10401.16401    0.000127525224203   5.065476212022e-05      0.2675133989404      0.0700701523847     0.09408148143564     0.03737045037032      0.4568741255299      0.1974432465557      0.2026039399336     0.08047705421495      0.4818142617758      0.1974432465557
           BPM.14R5.B2          17119.47184   0.0001633405610613                    0      0.1150351024829      0.1150351024829      0.1205041752267                    0      0.2640491832358                    0      0.2595050620678                    0      0.2889893194817                    0
           BPM.33L1.B2          1579.508276   0.0003664848101213                    0      0.5863836016765      0.5863836016765      0.2703734423944                    0      0.6345330430169                    0      0.5822476840992                    0      0.6594731792628                    0
            BPM.9R8.B2          203.0919788   0.0001051222819025                    0      0.6924516006466      0.6924516006466     0.07755375514999                    0      0.9003164500933                    0      0.1670115745444                    0      0.9252565863392                    0
           BPM.26L5.B2          15283.26263   0.0001284674999414                    0      0.1875742022516      0.1875742022516     0.09477664349432                    0      0.3443381990293                    0      0.2041009675083                    0      0.3692783352752                    0
          BPMSX.4L8.B2           26441.0987   0.0002212027516071   1.254287680471e-05      0.7775659537283      0.5648386902817      0.1631918916348    0.009253482506123      0.5197826451636      0.2872727365534      0.3514328187217     0.01992732241498      0.5447227814096      0.2872727365533
           BPM.12L4.B2          12699.57783   7.214700138265e-05                    0      0.8548200869294      0.8548200869294     0.05322630729444                    0     0.02737577213007                    0      0.1146225527215                    0     0.05231590837604                    0
           BPM.25L5.B2          15336.71412    0.004492688976321                    0        0.18378167745        0.18378167745       3.314472389001                    0      0.1799891526483                    0       7.137697606007                    0      0.2049292888943                    0
           BPM.28L6.B2          18509.13325   0.0001418899068309                    0      0.4203861989851      0.4203861989851      0.1046789975775                    0      0.5930574437234                    0      0.2254256312068                    0      0.6179975799694                    0
           BPM.16R4.B2          13893.52405   0.0001418030314995   2.373058728385e-05      0.8582641950351      0.9105326439487       0.104614905474     0.01750719374113       0.489500325919      0.4477315510864      0.2252876092231     0.03770164303334      0.5144404621649      0.4477315510864
            BPM.9R6.B2          20197.40279   0.0001431392384964                    0      0.9368628533084      0.9368628533084      0.1056006895379                    0      0.1269050551232                    0       0.227410489648                    0      0.1518451913691                    0
           BPM.14L8.B2          25921.98091   0.0004136374806819   5.405294239379e-05      0.1050077483826      0.0660909305977      0.3051602316568     0.03987745113288      0.1499889538439     0.03891681778485      0.6571608386823     0.08587586622515      0.1749290900898     0.03891681778487
          BPMWB.4L2.B2            6407.8633    0.001615347307727     0.00135054558516      0.3470047646566      0.2370331679748       1.191719275099      0.9963623290399      0.5502718207025      0.1099715966818       2.566360741195       2.145660659085      0.5752119569485      0.1099715966818
           BPM.19L3.B2          8992.549853   0.0001313131449945                    0      0.6959015983137      0.6959015983137     0.09687601249295                    0      0.8925435157636                    0      0.2086219468127                    0      0.9174836520095                    0
           BPM.16R3.B2          10561.51846   8.462759598033e-05                    0      0.4992963618819      0.4992963618819     0.06243384122575                    0      0.6306675368151                    0      0.1344509251396                    0       0.655607673061                    0
           BPM.31L1.B2          1686.411244   6.252954004764e-05                    0      0.3480754326599      0.3480754326599     0.04613104425371                    0      0.5409669513987                    0     0.09934294375931                    0      0.5659070876446                    0
           BPM.22R6.B2          20878.91318   8.779035358338e-05                    0      0.1269878916312      0.1269878916312     0.06476715937969                    0      0.2845978129582                    0      0.1394757126312                    0      0.3095379492042                    0
           BPM.29L4.B2           11790.9026   0.0007275831976721                    0      0.8327642517328      0.8327642517328      0.5367730622118                    0      0.8118748825172                    0       1.155937763679                    0      0.8368150187631                    0
           BPM.21R3.B2          10828.77588   0.0001550991159638                    0      0.1768865550705      0.1768865550705      0.1144240654383                    0      0.3645001858452                    0       0.246411579912                    0      0.3894403220912                    0
          BPMYB.4R8.B2           26654.5442   0.0001864236922169                    0      0.4455043108817                    0      0.1375337094923                    0      0.6800682190849                    0      0.2961780681131                    0      0.7050083553308                    0
           BPM.15R6.B2          20504.77357   0.0003364446115422                    0      0.7606164708529      0.7606164708529      0.2482113454241                    0      0.8145259454061                    0      0.5345217332016                    0      0.8394660816521                    0
           BPM.31R7.B2          24692.66504   0.0002410639887481                    0      0.7958412073179      0.7958412073179       0.177844479976                    0      0.9527414292251                    0      0.3829870851177                    0       0.977681565471                    0
           BPM.26R3.B2           11096.0333   0.0002069868282387                    0      0.3351431481975      0.3351431481975      0.1527041223418                    0      0.5087866870207                    0      0.3288474666688                    0      0.5337268232666                    0
           BPM.18L4.B2          12378.86892   0.0001046143535323   4.851681705016e-06        0.66738181957      0.5492526854766     0.07717903200146     0.00357931856317      0.8163392345172      0.1181291340934      0.1662046103563     0.00770804234914      0.8412793707632      0.1181291340934
           BPM.14L5.B2          15924.68044   0.0001533231896745                    0      0.5510597093508      0.5510597093508      0.1131138793378                    0       0.704955964769                    0      0.2435901015301                    0       0.729896101015                    0
           BPM.13R2.B2          7068.296426   0.0001417699546926                    0      0.9298230152044                    0      0.1045905031252                    0      0.1259303351927                    0      0.2252350589027                    0      0.1508704714387                    0
            BPM.6R7.B2          23413.01098   0.0002315680381178   8.713796600647e-05      0.6435786142792       0.807560950412      0.1708388612169     0.06428586173767       0.833901094747      0.1639823361328      0.3679005246107      0.1384392408722      0.3588412309929      0.3360176638672
           BPM.27R1.B2           4484.70858    4.90083801561e-05                    0      0.8962937735635      0.8962937735635     0.03615583533897                    0     0.05749657405215                    0     0.07786138759174                    0     0.08243671029811                    0
           BPM.20L2.B2          5607.127414   0.0004016689341653                    0      0.2100414801956      0.2100414801956      0.2963304601825                    0      0.2477216097202                    0      0.6381459755859                    0      0.2726617459662                    0
           BPM.18R3.B2          10668.42143   0.0001691432027823                    0       0.307751458244       0.307751458244      0.1247850626571                    0      0.4947004915602                    0      0.2687239290176                    0      0.5196406278062                    0
           BPM.21L2.B2          5553.678899   0.0001110265835001                    0      0.6723613506711      0.6723613506711     0.08190964195293                    0      0.8336182399155                    0      0.1763919522203                    0      0.8585583761615                    0
           BPMR.5R1.B2          3394.887584   0.0002014397316006                    0       0.136540078856       0.136540078856      0.1486117627899                    0       0.374607446863                    0      0.3200345934424                    0       0.399547583109                    0
           BPM.32R8.B2          1419.153824   8.229603175552e-05                    0      0.4992018276239      0.4992018276239     0.06071373433943                    0      0.6260729098493                    0      0.1307466846562                    0      0.6510130460953                    0
           BPMW.5L7.B2          23068.23948    0.000343574441004   2.089689576013e-05      0.7756747347701      0.7687582303025      0.2534713629802     0.01541664343511      0.9841668385276     0.00691650446755      0.5458491513578     0.03319965473377    0.009106974773545     0.00691650446754
           BPM.30R6.B2          21306.50131   0.0001394428387978   3.610490786223e-05      0.2374291122315      0.3582366380699      0.1028736779856     0.02663632422532       0.392929578501      0.1208075258385      0.2215378856422     0.05736117407005       0.417869714747      0.1208075258385
          BPMYB.4L2.B2            6383.4718    0.000260856955138   6.580335719758e-05      0.2989129741703      0.4668785483181       0.192446701706     0.04854629636827      0.5358736079825      0.1679655741479      0.4144328873002      0.1045441755732      0.5608137442285      0.1679655741479
           BPM.13L5.B2          15978.13193    0.001737507975537                    0     0.06263067177083     0.06263067177083       1.281843065687                    0     0.07420163419087                    0       2.760441816197                    0     0.09914177043686                    0
           BPM.29L7.B2          21787.53795   0.0003921793495196                    0      0.5495284040745      0.5495284040745      0.2893295379159                    0      0.5909858037183                    0      0.6230695289491                    0      0.6159259399642                    0
            BPM.9L2.B2          6179.067779   0.0002489434880382   9.869078962923e-05      0.2515784358332      0.1134098266329      0.1836575649623     0.07280893447083        0.33233483906      0.1381686092003      0.3955055308672      0.1567936299584       0.357274975306      0.1381686092004
           BPM.11L3.B2          9420.161726   9.419065020481e-05   7.454714718289e-06       0.390717231905      0.0710738218378     0.06948896552851    0.005499701010213      0.6014342211024      0.3196434100673      0.1496440955558     0.01184357512364      0.6263743573483      0.3196434100673
           BPM.24R7.B2          24318.52543   0.0001167142358086                    0      0.0045118003886                    0     0.08610569617214                    0      0.2000424165721                    0      0.1854281313282                    0      0.2249825528181                    0
           BPM.31R1.B2          4698.502644   0.0001265649223086                    0      0.5576362824698      0.5576362824698     0.09337302061615                    0      0.7213137925109                    0      0.2010782735524                    0      0.7462539287569                    0
           BPM.34R6.B2          21520.29538    0.000114250702091   2.027597515804e-05      0.9067007065108      0.9045476580274     0.08428822905399     0.01495856049141     0.06376302219171    0.002153048483399      0.1815142261344     0.03221317569673     0.08870315843768    0.002153048483422
           BPM.32L2.B2          4965.745224   0.0005957717924372                    0      0.6309536464153      0.6309536464153      0.4395294592139                    0      0.6654373578028                    0      0.9465242127861                    0      0.6903774940488                    0
            BPM.9L4.B2          12843.93699   0.0001605581347082   1.124443051726e-05      0.5000663254956      0.4497520453572      0.1184514456987    0.008295556330728      0.4238501661895     0.05031428013835      0.2550845206004     0.01786443379611      0.4487903024354     0.05031428013837
           BPM.11L5.B2          16085.03489   0.0001349230762869                    0      0.6286873113552      0.6286873113552     0.09953923215005                    0      0.8307054162222                    0      0.2143571753317                    0      0.8556455524682                    0
           BPMS.2R5.B2          16556.37555   0.0004332897436753                    0      0.4142075836879      0.4142075836879      0.3196586497348                    0      0.6644331844092                    0      0.6883831002856                    0      0.6893733206551                    0
           BPM.15L7.B2          22535.81718    0.000208528720486                    0      0.4928702830024      0.4928702830024      0.1538416502917                    0      0.6808122769279                    0      0.3312971266965                    0      0.7057524131739                    0
           BPM.31R6.B2          21359.94983   0.0002360029157416   5.997684013343e-06      0.7211766610708      0.7650013968746      0.1741106833952    0.004424779495076      0.7819069999448     0.04382473580382      0.3749463752283    0.009528737700129      0.8068471361908     0.04382473580381
           BPM.21R7.B2          24158.17989   0.0001916779950342   3.393630566181e-05      0.2697314679407      0.4878826478467      0.1414100609831     0.02503644224953      0.3862703480356       0.218151179906      0.3045257691976     0.05391583725375      0.4112104842815       0.218151179906
           BPM.32L7.B2          21627.19241   0.0002401846691269                    0      0.7781910354806      0.7781910354806      0.1771957636681                    0      0.8825347038643                    0      0.3815900782054                    0      0.9074748401102                    0
           BPM.12R6.B2          20344.42803   9.635058950538e-05                    0      0.6807402191856                    0      0.0710824564671                    0      0.8096563644961                    0      0.1530756693095                    0       0.834596500742                    0
          BPMWC.6R3.B2          10053.62688   0.0001536050180806                    0      0.0349238828368      0.0349238828368      0.1133217976859                    0       0.265975200765                    0      0.2440378525207                    0      0.2909153370109                    0
            BPM.8R6.B2          20158.33778   0.0005265234717741                    0      0.2468206514936      0.2468206514936      0.3884416478759                    0      0.2874952384058                    0      0.8365068990522                    0      0.3124353746517                    0
           BPM.27R3.B2          11149.48479    0.001554848124226                    0      0.3535132853052      0.3535132853052       1.147086122364                    0      0.3378424837067                    0       2.470243498378                    0      0.3627826199527                    0
           BPM.33R2.B2          8137.326108   0.0001157475508032                    0      0.8717330993669      0.8717330993669      0.0853925262251                    0     0.07089629189725                    0      0.1838923238674                    0     0.09583642814323                    0
           BPM.30R1.B2          4645.054128   0.0001626932784239                    0       0.152009558644       0.152009558644      0.1200266437437                    0      0.3458005862552                    0      0.2584767007109                    0      0.3707407225012                    0
          BPMSY.4R5.B2          16583.22105   0.0002912378795545                    0      0.1553536728422                    0      0.2148601684876                    0      0.3985586097962                    0      0.4627001616696                    0      0.4234987460421                    0
           BPM.12L1.B2          2701.989442   0.0002585907744905                    0      0.5243912003698      0.5243912003698      0.1907748314242                    0      0.6566855078923                    0      0.4108325240728                    0      0.6816256441383                    0
           BPM.30R5.B2           17974.6481   0.0001354588436547   9.204198917457e-06      0.6114688711892      0.3680080173081     0.09993449346389    0.006790379511151      0.2666408368221      0.2565391461189       0.215208368343     0.01462304399984      0.2915809730681      0.2565391461189
           BPM.21R8.B2          831.1874986   0.0001081067354996   1.449001361857e-05      0.5157996517744      0.3460196357076     0.07975552987689     0.01068997883186      0.7082232670422      0.1697800160669      0.1717530840073     0.02302080915491      0.7331634032881      0.1697800160669
          BPMYB.4R6.B2          20026.21277   0.0006638922686944                    0      0.1141851546299                    0      0.4897852055765                    0      0.3601804233544                    0       1.054749679286                    0      0.3851205596003                    0
           BPM.31L7.B2          21680.64092   0.0001630589520038                    0      0.5699795425773      0.5699795425773      0.1202964187026                    0      0.7650989261074                    0      0.2590576595641                    0      0.7900390623533                    0
           BPM.19L5.B2          15657.42302   9.572700606985e-05                    0      0.7536533167562                    0      0.0706224090233                    0      0.9527716753969                    0      0.1520849597326                    0      0.9777118116428                    0
           BPM.15L4.B2          12539.22337   0.0001343515421762   3.840091910582e-05      0.2751665575811      0.1251077259629     0.09911758399248     0.02833020197021      0.4690882692685      0.1500588316182      0.2134491584012     0.06100893024527      0.4940284055144      0.1500588316183
           BPM.32L1.B2           1632.95976   7.612870788999e-05                    0     0.02094970927072     0.02094970927072     0.05616380337957                    0      0.1449943934471                    0      0.1209484339821                    0      0.1699345296931                    0
          BPMWI.4R8.B2           26625.1677   0.0001859423402743                    0      0.7109404026785                    0      0.1371785930506                    0      0.9505676145167                    0      0.2954133268576                    0      0.9755077507626                    0
           BPM.15R2.B2          7175.199394   0.0003901055922876   9.517573158187e-05      0.2932135326706      0.1618753204096      0.2877996276277     0.07021570736228      0.3337747334618      0.1313382122611      0.6197748757674      0.1512091299982      0.3587148697078      0.1313382122611
           BPM.31R3.B2          11363.29072   0.0007670216049719                    0      0.2800703807501      0.2800703807501      0.5658686690411                    0      0.2601923527364                    0       1.218594988974                    0      0.2851324889823                    0
           BPM.10R5.B2          16905.07058   6.098766559494e-05                    0      0.3145694474503      0.3145694474503     0.04499352943181                    0      0.4654542822658                    0     0.09689331200252                    0      0.4903944185118                    0
           BPM.28L4.B2          11844.35408   0.0001130836458421                    0      0.9920913391868      0.9920913391868     0.08342723561915                    0      0.1514184266408                    0      0.1796600816259                    0      0.1763585628868                    0
           BPM.32L8.B2          24959.90762   0.0001479275829187   2.045892550625e-05      0.7777786723413      0.9931597439917      0.1091332811463     0.01509353174824      0.4702984535468      0.2846189283496      0.2350179057633     0.03250383553749      0.4952385897928      0.2846189283496
           BPM.13L7.B2          22642.71421   0.0003182093380746   6.155368878321e-05      0.6179291376115      0.4608751829618      0.2347583085607     0.04541111191725      0.6685838827944      0.1570539546497       0.505550694151     0.09779257353101      0.6935240190404      0.1570539546497
           BPM.14R1.B2          3789.877874   8.579197523552e-05                    0      0.6300376243033                    0     0.06329285971379                    0      0.8303878612592                    0      0.1363008166113                    0      0.8553279975052                    0
          BPMSA.4L6.B2          19810.82827   0.0002042612112747                    0      0.7172177393584      0.7172177393584      0.1506933038281                    0      0.8634485428543                    0      0.3245171803344                    0      0.8883886791003                    0
           BPM.17R3.B2          10614.96995    0.000110723037049                    0      0.5822005964096      0.5822005964096     0.08168570116017                    0      0.7680479650203                    0      0.1759096969855                    0      0.7929881012662                    0
           BPM.18R1.B2          4003.671937   9.242865176093e-05   6.956267279988e-06      0.6292330186022      0.5788750306819     0.06818905466834    0.005131972400393      0.8267882298926     0.05035798792023       0.146844744846     0.01105167363528      0.8517283661386     0.05035798792028
           BPM.29L1.B2          1793.314212   0.0003537792736112                    0      0.0805675692183      0.0805675692183       0.260999958013                    0      0.1313419808623                    0      0.5620619383221                    0      0.1562821171083                    0
           BPM.13L3.B2          9313.258758   0.0006319464839945                    0      0.7860621186225                    0       0.466217266222                    0      0.8181472563822                    0       1.003996254739                    0      0.8430873926281                    0
           BPM.23L6.B2          18776.37583   0.0001241886848708                    0      0.5328403415274      0.5328403415274     0.09161995615547                    0       0.724107911429                    0      0.1973030591184                    0      0.7490480476749                    0
           BPM.13L1.B2          2648.537958   0.0002552189533399                    0      0.8900618960011      0.8900618960011      0.1882872770524                    0       0.935931734812                    0      0.4054755897555                    0       0.960871871058                    0
           BPMW.4R3.B2          9882.417884   0.0002152618852781                    0      0.1870432771259      0.1870432771259      0.1588090292738                    0      0.4272654884307                    0      0.3419943493334                    0      0.4522056246767                    0
           BPM.24L3.B2          8725.292433   6.316731939965e-05                    0      0.3792297983763                    0     0.04660156470675                    0      0.5158620322187                    0      0.1003562069026                    0      0.5408021684647                    0
           BPM.11L2.B2          6088.164058   0.0001511607535107                    0      0.8605018312245      0.8605018312245      0.1115185463433                    0       0.968968078077                    0      0.2401545609194                    0       0.993908214323                    0
           BPM.15L1.B2           2541.63499   0.0001048582958128                    0      0.4595799238296      0.4595799238296     0.07735899993546                    0       0.652583353872                    0      0.1665921702877                    0       0.677523490118                    0
            BPM.6R3.B2          10065.78138   0.0007627790275898                    0    0.002884901615333    0.002884901615333      0.5627387159851                    0      0.9708459203939                    0       1.211854652711                    0      0.9957860566399                    0
           BPM.11R5.B2          16957.85129    9.29049850254e-05                    0      0.2250607587004      0.2250607587004     0.06854046859024                    0      0.1355520699506                    0      0.1476015127459                    0      0.1604922061966                    0
            BPM.9R2.B2          6867.812779   9.464999178859e-05                    0      0.7591710666828      0.7591710666828     0.06982784387165                    0      0.9603460262726                    0      0.1503738681575                    0      0.9852861625186                    0
           BPM.26R4.B2          14428.03889   7.223926076951e-05                    0      0.9459041506329      0.9459041506329     0.05329437147427                    0      0.1044210418577                    0       0.114769128549                    0      0.1293611781036                    0
           BPM.32R2.B2          8083.874624   0.0002110633732818                    0      0.0422906392016      0.0422906392016      0.1557115853688                    0      0.1543503189978                    0      0.3353240213443                    0      0.1792904552437                    0
            BPM.6R5.B2          16750.09155   0.0001729277078689                    0      0.0721812159169                    0      0.1275770737849                    0       0.275251659454                    0      0.2747365092427                    0         0.3001917957                    0
           BPM.10R6.B2           20237.8658   0.0001711649680929                    0      0.3109783570111                    0      0.1262766160084                    0      0.4445109446811                    0      0.2719359807518                    0       0.469451080927                    0
           BPM.19L7.B2          22322.02311   0.0001218534143936                    0      0.6278395845737                    0     0.08989711498875                    0       0.822097259222                    0      0.1935929303775                    0       0.847037395468                    0
           BPM.25L8.B2          25334.04723   0.0001322300630464                    0      0.3022550563049      0.3022550563049     0.09755246696866                    0      0.4534711049757                    0       0.210078687713                    0      0.4784112412217                    0
            BPM.9R1.B2          3535.013605   0.0002941839240722    2.54002285595e-06      0.7419808745308      0.5798546142281      0.2170336069922    0.001873896828347      0.8088600283834      0.1621262603027      0.4673806492377    0.004035426256675      0.8338001646293      0.1621262603027
           BPM.13R7.B2          23730.59176   0.0001592086946957                    0      0.4251530411498      0.4251530411498      0.1174558990037                    0      0.5296521871642                    0      0.2529406164046                    0      0.5545923234101                    0
          BPMSW.1L8.B2           26488.8842    0.000902173048173                    0    0.003016807977437                    0      0.6655763784296                    0      0.7783242793874                    0       1.433314979089                    0      0.8032644156333                    0
           BPM.29L5.B2          15122.90818     0.00476388159462                    0      0.2515148384116      0.2515148384116       3.514544205722                    0      0.2493934070036                    0       7.568551135509                    0      0.2743335432496                    0
           BPM.14R3.B2          10454.61549   0.0001792001598973                    0      0.7572077133287      0.7572077133287      0.1322045628385                    0      0.9443452742728                    0      0.2847017808347                    0      0.9692854105188                    0
           BPM.23R4.B2          14267.68443     0.00405852020317                    0     0.01528708450359     0.01528708450359       2.994165237012                    0     0.02093962574033                    0       6.447917959773                    0     0.04587976198627                    0
          BPMYB.5R8.B2               16.238   0.0003212037838024                    0      0.1188850410101                    0      0.2369674549622                    0      0.9930791232368                    0      0.5103080784737                    0     0.01801925948268                    0
           BPM.18L7.B2          22375.47163   0.0001846801414031                    0      0.4169480879638                    0      0.1362474083346                    0      0.5700261861499                    0      0.2934080258209                    0      0.5949663223959                    0
           BPM.26L7.B2           21947.8835   0.0001362642492104   4.334799555413e-05      0.3778955396076      0.2734679857883      0.1005286798165      0.0319798978162      0.5331727907613      0.1044275538193      0.2164879453039     0.06886852967624      0.5581129270072      0.1044275538193
           BPM.17R7.B2          23944.38582   0.0001968862469711   3.141387239641e-05      0.8997443139192      0.9691233997599      0.1452524385282     0.02317552210675      0.5061176993754      0.4306209141593      0.3128003075815     0.04990835621629      0.5310578356214      0.4306209141593
           BPM.17L4.B2          12432.32041   0.0005780760388892   2.680933205901e-05      0.6441088577625      0.5259797236692       0.426474452102     0.01977853159777      0.6208358959551      0.1181291340934      0.9184103285619     0.04259295630407      0.6457760322011      0.1181291340934
           BPM.10R3.B2          10240.20335   0.0001630995222081                    0      0.3407675467245      0.3407675467245      0.1203263492904                    0      0.5307085467997                    0      0.2591221149163                    0      0.5556486830457                    0
          BPMWB.4L5.B2          16373.67605   0.0006962013299311                    0      0.9218644206696      0.9218644206696      0.5136211514762                    0      0.1660447946243                    0       1.106080254417                    0      0.1909849308703                    0
           BPM.24L2.B2          5393.333351   0.0004164248264786                    0      0.6728055204539      0.6728055204539      0.3072165904945                    0       0.711287773618                    0      0.6615891958476                    0      0.7362279098639                    0
           BPMW.5R3.B2          9985.090884   0.0001749366783777                    0      0.7165914885024      0.7165914885024      0.1290591877965                    0      0.9195797141456                    0      0.2779282334121                    0      0.9445198503915                    0
           BPM.12L7.B2          22696.16273     0.00013428341384                    0      0.3770211494343                    0     0.09906732244751                    0      0.4790592066075                    0      0.2133409204474                    0      0.5039993428535                    0
           BPM.19R1.B2          4057.120453   9.831953952027e-05                    0      0.3333186138082                    0     0.07253504543866                    0      0.4870462210941                    0      0.1562038114715                    0        0.51198635734                    0
          BPMSW.1R5.B2          16546.41055   0.0004332907482669                    0      0.6639819829667      0.6639819829667      0.3196593908702                    0      0.9135716744916                    0      0.6883846963165                    0      0.9385118107376                    0
           BPM.21L1.B2          2220.926085   0.0005128831159113                    0       0.144642254447       0.144642254447      0.3783785023696                    0      0.1879427737999                    0      0.8148359719304                    0      0.2128829100459                    0
           BPM.33R6.B2          21466.84686   0.0001030197087286   1.828282029556e-05      0.2496383908299      0.2474853423465     0.07600258595769      0.0134881144415      0.4377097486542      0.0021530484834      0.1636711404327     0.02904657841716      0.4626498849001    0.002153048483422
           BPM.28R1.B2          4538.157096   0.0005189090790179                    0      0.6383179808803      0.6383179808803      0.3828241447097                    0      0.6753693875147                    0      0.8244096376496                    0      0.7003095237607                    0
           BPM.11R4.B2          13624.99162   0.0008291932163601                    0      0.4872029569316      0.4872029569316      0.6117356521356                    0      0.5070435038667                    0       1.317369278515                    0      0.5319836401127                    0
           BPM.20R8.B2          777.7360145    0.000236866063904                    0      0.7209364517617      0.7209364517617      0.1747474692415                    0      0.8482007048984                    0      0.3763176899587                    0      0.8731408411444                    0
           BPM.26R1.B2          4431.260065    0.000122047979827                    0      0.9963661815853      0.9963661815853     0.09004065525165                    0      0.1929733447459                    0      0.1939020435245                    0      0.2179134809919                    0
           BPM.25R8.B2          1044.993435   9.059887074741e-05                    0      0.1335288379363      0.1335288379363     0.06683913735173                    0      0.3233974663904                    0      0.1439377055142                    0      0.3483376026364                    0
          BPMYA.4R1.B2          3367.479584   0.0002009076458159                    0      0.3984727108489      0.3984727108489      0.1482192175567                    0      0.6455524072212                    0      0.3191892494956                    0      0.6704925434672                    0
           BPM.32R1.B2           4751.95116   0.0005155868039119                    0      0.9723348672006      0.9723348672006      0.3803731428341                    0      0.9998246331815                    0      0.8191314189268                    0     0.02476476942752                    0
           BPM.17R1.B2          3950.223421   0.0001404074739246                    0      0.8813198193915      0.8813198193915      0.1035853356387                    0      0.9981189941283                    0      0.2230704363866                    0     0.02305913037435                    0
           BPM.31R4.B2          14695.29631     0.01643978397968                    0      0.9488219208714      0.9488219208714       12.12841805186                    0      0.9500262847899                    0       26.11847990669                    0      0.9749664210358                    0
           BPM.26L1.B2          1953.668665   0.0001078973574059                    0      0.6097934923653                    0     0.07960106160314                    0      0.7411502855371                    0      0.1714204374506                    0       0.766090421783                    0
           BPM.34R3.B2          11523.64518   0.0001808696657779                    0      0.2891911085652      0.2891911085652      0.1334362374935                    0      0.4544265669964                    0       0.287354185261                    0      0.4793667032424                    0
           BPMS.2L5.B2          16493.31755   0.0002593628472358                    0      0.9820898924061      0.9820898924061       0.191344426562                    0      0.2282245456766                    0      0.4120591439912                    0      0.2531646819225                    0
           BPM.22L1.B2          2167.474601   0.0001888771383249                    0       0.601341735094       0.601341735094      0.1393437344964                    0      0.7315105621717                    0      0.3000759467563                    0      0.7564506984177                    0
           BPM.19R8.B2          724.2845304   0.0005634050561397                    0      0.5394655042875      0.5394655042875      0.4156509636524                    0       0.584487013413                    0      0.8951020071977                    0      0.6094271496589                    0
           BPM.24L7.B2          22054.78053   0.0001042785340939                    0      0.2475059520915      0.2475059520915     0.07693128187623                    0      0.3511445006376                    0      0.1656710818582                    0      0.3760846368835                    0
           BPM.26L8.B2          25280.59872   0.0001367460385454                    0      0.7673256198781      0.7673256198781      0.1008841189436                    0      0.8221450546737                    0      0.2172533814605                    0      0.8470851909196                    0
           BPM.26L4.B2          11951.25705   0.0002084812831613                    0      0.2523791528967      0.2523791528967      0.1538066534994                    0      0.4150683295368                    0      0.3312217613016                    0      0.4400084657827                    0
           BPM.10L4.B2             12804.87   8.553752869184e-05   5.990483133988e-06      0.5762824848017      0.5259682046633     0.06310514228044    0.004419467060602      0.7425971060445     0.05031428013835      0.1358965681767    0.009517297402435      0.7675372422904     0.05031428013837
            BPM.8R5.B2          16825.54256   0.0001227947208893                    0      0.7906673912026      0.7906673912026     0.09059156199056                    0      0.9184693791811                    0      0.1950884180813                    0      0.9434095154271                    0
           BPM.16L4.B2          12485.77189    0.000100387505071                    0       0.731303677512                    0     0.07406068292558                    0      0.9084623378132                    0      0.1594892631996                    0      0.9334024740592                    0
           BPM.12L5.B2          16031.58341   0.0001731998289673                    0      0.9266692064881      0.9266692064881       0.127777830586                    0     0.06017466602023                    0      0.2751688378823                    0     0.08511480226616                    0
           BPM.27L6.B2          18562.58177    0.000149080185437                    0      0.7402938509994                    0      0.1099836113701                    0       0.935032260326                    0      0.2368490871069                    0       0.959972396572                    0
           BPM.28R2.B2          7870.068687   9.362244889417e-05                    0      0.6772831805894                    0     0.06906977613761                    0      0.7690852588826                    0      0.1487413735655                    0      0.7940253951286                    0
           BPM.23R6.B2           20932.3617   0.0001841580834974                    0      0.6922432702082      0.6922432702082      0.1358622611493                    0      0.7574986487853                    0      0.2925786135283                    0      0.7824387850312                    0
           BPM.26R8.B2          1098.444919   0.0001688865104655                    0      0.0987646825078      0.0987646825078      0.1245956884091                    0      0.2422855354631                    0      0.2683161126421                    0      0.2672256717091                    0
          BPMSY.4L5.B2          16466.59205   0.0003841494693082                    0      0.5466108613892      0.5466108613892       0.283405509703                    0      0.7953003461404                    0      0.6103121675863                    0      0.8202404823863                    0
           BPM.28R3.B2          11202.93627   0.0001571465571458                    0      0.4229537009501      0.4229537009501      0.1159345611128                    0      0.5680969250522                    0      0.2496644238325                    0      0.5930370612981                    0
           BPM.33R4.B2          14802.19927   8.771775009211e-05                    0      0.7674120624891      0.7674120624891     0.06471359629788                    0      0.9745997530634                    0      0.1393603648364                    0      0.9995398893094                    0
           BPM.29L6.B2          18455.68474     0.00114833760786                    0      0.2477149542467      0.2477149542467      0.8471837945081                    0       0.230290701684                    0       1.824405525891                    0        0.25523083793                    0
           BPM.16R7.B2          23890.93731   0.0001096475616231                    0      0.2239918426223                    0     0.08089227129596                    0      0.4163872239041                    0      0.1742010502455                    0        0.44132736015                    0
           BPM.14L1.B2          2595.086474   0.0001322308157302                    0     0.09280388078977     0.09280388078977     0.09755302225967                    0      0.2260278377499                    0      0.2100798835291                    0      0.2509679739959                    0
           BPMS.2R2.B2            6559.0658    0.002127678939369                    0      0.4491428186663                    0       1.569690921042                    0      0.6668079418558                    0       3.380320550105                    0      0.6917480781018                    0
           BPM.18L3.B2          9046.001337    0.000114946881653                    0      0.1091205346496      0.1091205346496     0.08480183414621                    0      0.2451905110171                    0      0.1826202718053                    0       0.270130647263                    0
           BPM.25L7.B2          22001.33202   0.0003724972270582   6.831402138493e-05      0.4477597672081      0.8584228041039      0.2748090910746     0.05039853389704      0.5025334040936      0.4106630368957      0.5917998285282      0.1085329586503      0.5274735403395      0.4106630368957
           BPM.12R2.B2          7014.844942   0.0003827232926645                    0      0.2337156952161                    0      0.2823533507104                    0      0.2905211970434                    0      0.6080463491268                    0      0.3154613332894                    0
            BPM.8R8.B2          164.0249894   0.0002246951867095                    0         0.4845867512         0.4845867512      0.1657684287106                    0      0.4100234207592                    0      0.3569813767903                    0      0.4349635570052                    0
          BPMSX.4L2.B2            6458.1563    0.002884774834767                    0       0.178570573471                    0       2.128236917516                    0      0.4001647856037                    0       4.583146204981                    0      0.4251049218497                    0
          BPMWB.4R2.B2            6647.1343   0.0001594437769299                    0      0.3404260575195      0.3404260575195      0.1176293304561                    0      0.5022484151564                    0      0.2533141000597                    0      0.5271885514024                    0
          BPMSW.1R1.B2          3216.816584   0.0005615631577172                    0      0.4209659959634      0.4209659959634      0.4142921067414                    0      0.6705021680249                    0      0.8921757164997                    0      0.6954423042708                    0
          BPMWE.4R3.B2          9909.962884   0.0003685487239582                    0       0.948997447566       0.948997447566      0.2718960907374                    0      0.1611913986098                    0      0.5855266987227                    0      0.1861315348558                    0
           BPM.25R4.B2           14374.5874   6.269009698024e-05                    0       0.287387259408       0.287387259408     0.04624949481256                    0      0.4964756555171                    0     0.09959802637008                    0       0.521415791763                    0
           BPM.33L5.B2          14909.10224     0.01222841401631                    0     0.03196191680727     0.03196191680727       9.021488207159                    0     0.03058243631733                    0       19.42772399992                    0     0.05552257256329                    0
           BPM.18L5.B2           15710.8745   0.0001088088598447                    0      0.4109757257793                    0     0.08027352072103                    0      0.5682981348025                    0      0.1728685743703                    0      0.5932382710484                    0
           BPM.29R6.B2           21253.0528    0.000129031620324                    0      0.8087914825745      0.8087914825745     0.09519282218867                    0      0.9990427400939                    0      0.2049972059806                    0     0.02398287633991                    0
           BPM.30R7.B2          24639.21653      0.0006446474037                    0     0.09464129151477                    0      0.4755873445649                    0      0.1356339771472                    0       1.024174665631                    0      0.1605741133932                    0
           BPM.32R7.B2          24746.11356   0.0002149095608205                    0      0.4882302673264      0.4882302673264      0.1585491026034                    0      0.6806193273349                    0      0.3414345987139                    0      0.7055594635808                    0
           BPM.24R1.B2          4324.363033   0.0003873148273017                    0      0.6823586317573      0.6823586317573      0.2857407462899                    0      0.7211721335795                    0      0.6153410864124                    0      0.7461122698255                    0
           BPM.34R7.B2          24853.01059   0.0003334196138613                    0      0.5524422180266      0.5524422180266      0.2459796593798                    0      0.6021492031895                    0       0.529715809885                    0      0.6270893394354                    0
           BPM.31R8.B2           1365.70234   0.0002110537120828                    0      0.8723307453984      0.8723307453984      0.1557044578384                    0      0.9173229423676                    0      0.3353086722477                    0      0.9422630786136                    0
          BPMWB.4L8.B2           26395.6867   0.0002470420845947   1.318860925021e-05      0.4454656779326      0.8226219988464      0.1822548083399     0.00972987033813       0.186304544831      0.1228436790862      0.3924847023882     0.02095322092581      0.2112446810769      0.1228436790862
           BPM.21R2.B2          7495.908299    0.000135838079113                    0      0.1548591884666      0.1548591884666      0.1002142736717                    0      0.3549665613156                    0      0.2158108734434                    0      0.3799066975616                    0