@ GetLLMVersion %s "V3.0.0 Dev"
@ Command %s "/afs/cern.ch/eng/sl/lintrack/miniconda2/bin/python '/afs/cern.ch/eng/sl/lintrack/Beta-Beat.src/GetLLM/GetLLM.py' '--accel=LHCB1' '--model=/user/slops/data/LHC_DATA/OP_DATA/Betabeat/2022-04-27/models/LHCB1/b1_30cm_forlocal_2022/twiss.dat' '--files=/user/slops/data/LHC_DATA/OP_DATA/Betabeat/2022-04-27/LHCB1/Measurements/Beam1@Turn@2022_04_27@22_45_02_462-1_6600/Beam1@Turn@2022_04_27@22_45_02_462.sdds.clean,/user/slops/data/LHC_DATA/OP_DATA/Betabeat/2022-04-27/LHCB1/Measurements/Beam1@Turn@2022_04_27@22_47_00_319-1_6600/Beam1@Turn@2022_04_27@22_47_00_319.sdds.clean,/user/slops/data/LHC_DATA/OP_DATA/Betabeat/2022-04-27/LHCB1/Measurements/Beam1@Turn@2022_04_27@22_48_29_082-1_6600/Beam1@Turn@2022_04_27@22_48_29_082.sdds.clean,/user/slops/data/LHC_DATA/OP_DATA/Betabeat/2022-04-27/LHCB1/Measurements/Beam1@Turn@2022_04_27@22_50_43_853-1_6600/Beam1@Turn@2022_04_27@22_50_43_853.sdds.clean,/user/slops/data/LHC_DATA/OP_DATA/Betabeat/2022-04-27/LHCB1/Measurements/Beam1@Turn@2022_04_27@22_52_01_475-1_6600/Beam1@Turn@2022_04_27@22_52_01_475.sdds.clean' '--output=/user/slops/data/LHC_DATA/OP_DATA/Betabeat/2022-04-27/LHCB1/Results/b1_30cm_beforeKmod' '--tbtana=SUSSIX' '--bpmu=mm' '--useerrorofmean=false' '--lhcphase=0' '--errordefs=/user/slops/data/LHC_DATA/OP_DATA/Betabeat/2022-04-27/models/LHCB1/b1_30cm_forlocal_2022/error_deff.txt' '--calibration=/afs/cern.ch/eng/sl/lintrack/LHC_commissioning2017/Calibration_factors_2017/Calibration_factors_2017_beam1' '--range=11'"
@ CWD %s "/nfs/cs-ccr-nfsop/nfs2/vol1/u1/lhcop"
@ Date %s "28. April 2022, 01:17:57"
@ FILES %s ""
*                 NAME                    S                X1010             X1010RMS           X1010PHASE        X1010PHASERMS               X1010M          X1010MPHASE
$                   %s                  %le                  %le                  %le                  %le                  %le                  %le                  %le
        "BPMYB.5L2.B1"               28.288     0.01596882278348    0.002807039608832          -0.11366414      0.4442050180972                    0                    0
        "BPMYB.4L2.B1"               48.858     0.01846276514721    0.001229784127656            0.1063048       0.208901959593                    0                    0
         "BPMS.2L2.B1"              161.394      0.0195894111246    0.001093408594553         -0.362127228      0.2039818040423                    0                    0
        "BPMSW.1L2.B1"              171.328     0.01669921001783    0.004499727697817         -0.336486162       0.167191880022                    0                    0
        "BPMSW.1R2.B1"              214.518      0.0291735636264    0.003385761317742          0.319499256      0.2217256874744                    0                    0
         "BPMS.2R2.B1"              224.452     0.02067459054649   0.0009097767665506          0.395009978      0.2089476889577                    0                    0
        "BPMSX.4R2.B1"             262.3035     0.02705232041049    0.005648141241081          0.188722822      0.2035096005238                    0                    0
        "BPMWB.4R2.B1"             312.5965     0.01405588657472   0.0005225935564107         -0.166032396      0.3755006243842                    0                    0
        "BPMYB.4R2.B1"              336.988     0.01516090957784     0.00290089870015         -0.283036768       0.445362006165                    0                    0
         "BPMR.5R2.B1"              366.522     0.01051425503026    0.002669113157987          -0.04996706      0.4376649312456                    0                    0
          "BPM.6R2.B1"              439.818     0.03453008941806    0.007219795465127          -0.00036058      0.1878780936813                    0                    0
        "BPM_A.7R2.B1"              452.693      0.0228414453769    0.002108033375584          0.087440142       0.197160057101                    0                    0
          "BPM.8R2.B1"               494.13     0.01576572188458    0.001340693284407          0.043742298      0.4427392476122                    0                    0
          "BPM.9R2.B1"              533.195     0.01140399080684    0.001487402243953        -0.2785016234      0.1939158458212                    0                    0
         "BPM.11R2.B1"             625.4967     0.01910463397422    0.001375469636974          0.325098078       0.214464422722                    0                    0
         "BPM.12R2.B1"             680.2203     0.01615267189214    0.001551969104129         -0.246809834      0.3636596432686                    0                    0
         "BPM.13R2.B1"             733.6688     0.01249911315243    0.001100103520995         -0.226363862      0.4528482288768                    0                    0
         "BPM.14R2.B1"             787.1173     0.01495152414931    0.001790840320795          -0.06609056      0.2045564273973                    0                    0
         "BPM.15R2.B1"             840.5658     0.01892762399086   0.0005175638588265         -0.072386624      0.4353341236812                    0                    0
         "BPM.16R2.B1"             894.0143      0.0186454904263    0.001346178067486          0.152067669      0.4343009927774                    0                    0
         "BPM.17R2.B1"             947.4628     0.01438074446399    0.001944717545925         -0.221907386      0.2076628995441                    0                    0
         "BPM.19R2.B1"              1054.36     0.02024822108357     0.00156585156289          0.333091744      0.2034250991474                    0                    0
         "BPM.20R2.B1"             1107.808     0.01759150564818   0.0009571189821858        -0.2417233162      0.3630304224014                    0                    0
         "BPM.21R2.B1"             1161.257     0.01551591765891    0.002223076161191         -0.230410826      0.4390164077988                    0                    0
         "BPM.22R2.B1"             1214.705     0.01367484868884    0.002704793692329          -0.10471892       0.197913818723                    0                    0
         "BPM.23R2.B1"             1268.154     0.02093003744311    0.001342391547895          0.132526514      0.2146425566497                    0                    0
         "BPM.24R2.B1"             1321.602     0.01618492455773   0.0009676640005436          0.140995936      0.4404837291284                    0                    0
         "BPM.25R2.B1"             1375.051     0.01356303911071    0.002213577396236          -0.06433026      0.2031500558245                    0                    0
         "BPM.26R2.B1"             1428.499     0.01698162732897    0.001761057123593          0.161725274      0.2091581212007                    0                    0
         "BPM.27R2.B1"             1481.948     0.02057072718499    0.002184131697181           0.31524571      0.2202080240146                    0                    0
         "BPM.28R2.B1"             1535.397    0.009154585086785     0.00249769209143        -0.4432348384      0.4212234972249                    0                    0
         "BPM.29R2.B1"             1588.845     0.02010219868611    0.001424734803244          -0.10694668      0.1826980477901                    0                    0
         "BPM.31R2.B1"             1695.742     0.02002016467542    0.002366938231129           0.12786939      0.1905806659672                    0                    0
         "BPM.32R2.B1"             1749.191    0.008143536571001   0.0009652108543081          0.203375248      0.1955611331163                    0                    0
         "BPM.33R2.B1"             1802.639     0.02082259485008    0.001498538923104          0.017178644      0.2092976647815                    0                    0
         "BPM.34R2.B1"             1856.088     0.02667887515425    0.001710342393252           0.20336098      0.2104917332167                    0                    0
         "BPM.33L3.B1"             1909.536     0.01828887674211    0.002210305648161          0.297216798      0.2027249603567                    0                    0
         "BPM.32L3.B1"             1962.985    0.007605571229051    0.001307637016787         -0.340814236      0.3728439072553                    0                    0
         "BPM.31L3.B1"             2016.433     0.02282374489667    0.001016569151526           0.03686476      0.4420487150423                    0                    0
         "BPM.30L3.B1"             2069.882     0.02351336830908    0.002866651049897          -0.01076904      0.2021280360486                    0                    0
         "BPM.29L3.B1"              2123.33     0.02061001236331    0.001436987991013          0.096417354       0.204079484532                    0                    0
         "BPM.28L3.B1"             2176.779    0.008631860685922   0.0008099691929119          0.038083818      0.2148653860502                    0                    0
         "BPM.27L3.B1"             2230.227     0.02102577194786    0.001786219264907          0.041555354      0.2103578758135                    0                    0
         "BPM.26L3.B1"             2283.676     0.02912364431607    0.001421675288052          0.250241682      0.2089498989482                    0                    0
         "BPM.25L3.B1"             2337.124    0.009838575734558    0.001872188381495          0.401686926      0.2020125358862                    0                    0
         "BPM.24L3.B1"             2390.573     0.01354672174158    0.001352249671904         -0.326691268      0.4465375469866                    0                    0
         "BPM.23L3.B1"             2444.021     0.01810880139198    0.002422581990562           0.01883372      0.4455795258266                    0                    0
         "BPM.22L3.B1"              2497.47     0.02910801197039    0.002280388851702          -0.10306672      0.4366491268847                    0                    0
         "BPM.21L3.B1"             2550.918     0.01606704624579    0.001634458411804         -0.115327592      0.4582184865326                    0                    0
         "BPM.20L3.B1"             2604.367     0.01513423995648    0.002423641463134          -0.29931058      0.2025431574411                    0                    0
         "BPM.19L3.B1"             2657.815     0.01917993681596    0.001679132107361         -0.026204406      0.2124801724548                    0                    0
         "BPM.18L3.B1"             2711.264     0.02733061655547    0.001863935457773          0.298720518      0.2052354419988                    0                    0
         "BPM.17L3.B1"             2764.712     0.01790380683736    0.001012875788721         0.4915193634      0.1905490260044                    0                    0
         "BPM.16L3.B1"             2818.161     0.01153997003289    0.001305508402386         -0.288686014      0.4567407396462                    0                    0
         "BPM.15L3.B1"             2871.609     0.01893657440822    0.001854365399956           0.05969508       0.450597447809                    0                    0
         "BPM.14L3.B1"             2925.058     0.02450709161911    0.001147648598294          -0.11132774      0.4377600309204                    0                    0
         "BPM.13L3.B1"             2978.506     0.01999444040712    0.001578364128054          0.078373944      0.4219918141539                    0                    0
         "BPM.12L3.B1"             3031.955     0.01281244510042     0.00121850591502         -0.278565068       0.217370902593                    0                    0
         "BPM.11L3.B1"             3085.403     0.01907459526504    0.002347889382013           0.02776999      0.2401658297941                    0                    0
         "BPM.10L3.B1"             3138.184     0.02458208623022   0.0005811188256191           0.33632081      0.2110719101814                    0                    0
          "BPM.9L3.B1"             3177.249      0.0237746494171    0.001635356719469          0.431217352      0.2141569089046                    0                    0
          "BPM.8L3.B1"             3217.712      0.0115683293448    0.001210167969213         0.5406456292       0.204284066848                    0                    0
          "BPM.7L3.B1"             3256.776     0.01662489933686    0.002557712297059         -0.168435878      0.3409848162008                    0                    0
          "BPM.6L3.B1"             3329.415     0.02148435825236    0.002567022916396          -0.08374042      0.4470923164509                    0                    0
       "BPMWG.A5L3.B1"              3371.12     0.02255427340057    0.001190039814832           0.03337382      0.4521999530012                    0                    0
         "BPMW.5L3.B1"              3400.09     0.01779145243905    0.001605016823097           -0.1629849      0.3069408732449                    0                    0
        "BPMWE.4L3.B1"             3475.218     0.01827001587607    0.004055287614382         -0.026071446      0.4543936435326                    0                    0
         "BPMW.4R3.B1"             3547.728     0.01627149265811    0.003993911903205         0.0793943716      0.4171410190741                    0                    0
        "BPMWE.4R3.B1"             3575.273     0.01573071017282    0.005225968816134          -0.12828918      0.2471557074072                    0                    0
         "BPMW.5R3.B1"             3650.401     0.02091411199258    0.002018210915317         0.1513928248      0.2037246437706                    0                    0
       "BPMWJ.A5R3.B1"             3679.119     0.02816974640531    0.002702099238325          0.145075546      0.2168812688785                    0                    0
        "BPMWC.6R3.B1"             3718.937     0.02481029376095    0.001738396157749         0.2666545832      0.2191971954144                    0                    0
         "BPMR.6R3.B1"             3731.015     0.02590658660979    0.001764292601177          0.381980994      0.2173252757791                    0                    0
          "BPM.8R3.B1"             3825.903      0.0171057500148    0.002155769381899           -0.0643018      0.4581440033754                    0                    0
          "BPM.9R3.B1"             3864.968     0.01831413651895    0.003403465853418          -0.00555726      0.1993360166129                    0                    0
         "BPM.10R3.B1"             3905.431     0.01148340639224    0.001084286622062           -0.0820908      0.4324750377227                    0                    0
         "BPM.11R3.B1"             3958.212     0.01749791258536    0.001215666829154           0.04624189      0.4383566019552                    0                    0
         "BPM.12R3.B1"             4012.935     0.01681823526732   0.0007914146932672        -0.3752093784      0.2100570279918                    0                    0
         "BPM.13R3.B1"             4066.384     0.01762779270455    0.001134795009741          -0.04761688      0.2095745198343                    0                    0
         "BPM.15R3.B1"             4173.281     0.01703326595938    0.002087278108892           0.42616014      0.2086898870832                    0                    0
         "BPM.16R3.B1"              4226.73     0.01802524436301    0.001141952982057         0.3749683578      0.2036591170521                    0                    0
         "BPM.17R3.B1"             4280.178     0.01714183973245   0.0009844051502945           0.00943854      0.4531276114848                    0                    0
         "BPM.18R3.B1"             4333.627     0.02281396024506    0.002412417751748            0.0520509      0.2035762475452                    0                    0
         "BPM.19R3.B1"             4387.075     0.01138667673232    0.002087480390824          0.038214676      0.4397131682758                    0                    0
         "BPM.20R3.B1"             4440.524     0.01706808713081    0.001174855347706       -0.19777784152      0.4021795022837                    0                    0
         "BPM.21R3.B1"             4493.972     0.01568798587699    0.001109712917763          0.004186188      0.2121362972952                    0                    0
         "BPM.22R3.B1"             4547.421     0.02769999594623    0.001442145429154          0.251614662      0.2030185500554                    0                    0
         "BPM.23R3.B1"             4600.869     0.01313013394142    0.003664546586981          0.449020768       0.209519179782                    0                    0
         "BPM.24R3.B1"             4654.318     0.01373451138343    0.001028646354494          0.256848386      0.6151825894112                    0                    0
         "BPM.25R3.B1"             4707.766     0.02794923120701   0.0008446535272102          -0.08979588      0.1991804562604                    0                    0
         "BPM.26R3.B1"             4761.215     0.04398968499123    0.001596105182135          -0.12755982      0.4333640834532                    0                    0
         "BPM.27R3.B1"             4814.663     0.01098235107714    0.003725965795604          0.062420094      0.4369130638032                    0                    0
         "BPM.28R3.B1"             4868.112      0.0166526926021    0.002188105919882        -0.1193930594      0.2250059396916                    0                    0
         "BPM.29R3.B1"              4921.56     0.04300784463178    0.001472585514062          0.149639502      0.2125397183818                    0                    0
         "BPM.30R3.B1"             4975.009       0.057882016293    0.001753489104499           0.29029847      0.2125766686572                    0                    0
         "BPM.31R3.B1"             5028.457     0.01572478586271   0.0006887350261339           0.46838686      0.2110239578608                    0                    0
         "BPM.32R3.B1"             5081.906      0.0195495596487    0.001414673362509         -0.141159166      0.1956750961896                    0                    0
         "BPM.33R3.B1"             5135.354     0.04290100355594   0.0009699340217562          -0.04420243       0.196986738644                    0                    0
         "BPM.34R3.B1"             5188.803     0.05786682933225    0.002911434818939         -0.103773606       0.435505972809                    0                    0
         "BPM.33L4.B1"             5242.251     0.01742274206777    0.004174315549492          0.075405454      0.4385486632362                    0                    0
         "BPM.32L4.B1"               5295.7     0.01574856473392    0.001983159378379        -0.0407774624      0.2029320186784                    0                    0
         "BPM.31L4.B1"             5349.148     0.04615806947126    0.001686043310473          0.155487318       0.208860617565                    0                    0
         "BPM.30L4.B1"             5402.597      0.0563802640233    0.001691035940145          0.309743692      0.2095636324201                    0                    0
         "BPM.29L4.B1"             5456.045     0.02008118515184    0.003314111346169         0.4843859326      0.2111669271979                    0                    0
         "BPM.28L4.B1"             5509.494     0.01821184210252    0.002275488134756          -0.24540212      0.2140490211439                    0                    0
         "BPM.27L4.B1"             5562.942     0.04560971115607    0.001054044052822         -0.040584638      0.1964134288535                    0                    0
         "BPM.26L4.B1"             5616.391     0.06749429774594    0.002429276892917           -0.0681916      0.4338872007087                    0                    0
         "BPM.25L4.B1"             5669.839     0.04699376246553     0.00351137984302        -0.4625214126      0.2117116186847                    0                    0
         "BPM.24L4.B1"             5723.288     0.01942826091162   0.0006682622472081         -0.198301926      0.2024438121287                    0                    0
         "BPM.23L4.B1"             5776.736     0.04322277305448     0.00105030093739             0.170393      0.2071818843735                    0                    0
         "BPM.22L4.B1"             5830.185     0.07429409480366    0.003116154184076       0.359930965424      0.2132794605524                    0                    0
         "BPM.21L4.B1"             5883.634     0.07100986718777    0.001969557219106          0.361464884       0.193363417448                    0                    0
         "BPM.20L4.B1"             5937.082     0.02732592684166    0.001238570517434          -0.24822744      0.4657949940614                    0                    0
         "BPM.19L4.B1"             5990.531     0.04331345667922   0.0007989152938138         -0.028625404      0.1953370510824                    0                    0
         "BPM.18L4.B1"             6043.979     0.07180002509113    0.001221398484235         -0.431609538      0.4145488639757                    0                    0
         "BPM.17L4.B1"             6097.428     0.07642682844004    0.002396223845888         -0.433599494      0.2149176520009                    0                    0
         "BPM.16L4.B1"             6150.876     0.02854864717423    0.001804313069855         -0.232983108       0.219400360298                    0                    0
         "BPM.15L4.B1"             6204.325     0.04435178592391     0.00111316805747          0.173097234       0.207767355758                    0                    0
         "BPM.14L4.B1"             6257.773     0.06925013119224    0.002001017430827         0.3691989812      0.2145451077238                    0                    0
         "BPM.13L4.B1"             6311.222     0.07539921963468    0.001997506507621          0.371639138      0.1970629300236                    0                    0
         "BPM.12L4.B1"              6364.67       0.031075224356    0.004186779893171           -0.1683386      0.4705366867265                    0                    0
         "BPM.11L4.B1"             6418.119     0.04580227225386   0.0006776217609665          0.045717076      0.1995429235031                    0                    0
         "BPM.10L4.B1"             6469.957     0.06581198593332     0.00194733088212         -0.599102642      0.2120605312066                    0                    0
          "BPM.9L4.B1"             6509.022     0.06760592945357    0.001296209018992         -0.446690582      0.2154076363851                    0                    0
          "BPM.8L4.B1"             6549.485     0.05287913728572    0.006345637523048          0.026804914       0.230198655671                    0                    0
          "BPM.7L4.B1"             6588.549        0.10145022451    0.002270421338095          0.383934664      0.2079715912092                    0                    0
        "BPMYB.6L4.B1"             6685.153     0.08639891277442    0.002491026069873          0.330839768       0.198647472032                    0                    0
        "BPMYA.5L4.B1"             6722.153     0.06439562827828    0.001665027037839          0.336409178      0.1929687201383                    0                    0
       "BPMWA.B5L4.B1"              6824.62     0.04428822182294    0.001743953562319          0.402853422      0.1957875853919                    0                    0
       "BPMWA.A5L4.B1"             6833.505     0.04311967780976    0.001946274370427          0.412062072      0.1940932501525                    0                    0
       "BPMWA.A5R4.B1"             6881.554     0.03721296469235    0.002502375769731          0.259383786      0.5935840761723                    0                    0
       "BPMWA.B5R4.B1"             6890.439     0.04146844068663    0.001709214614334          0.267981166      0.5936519558618                    0                    0
        "BPMYB.5R4.B1"             6992.829     0.04204648658651    0.001550620781629          -0.16398056      0.4559449077986                    0                    0
        "BPMYA.6R4.B1"             7024.393      0.0403518563691    0.001253453323971           -0.0953869      0.4562015359022                    0                    0
          "BPM.7R4.B1"             7120.909     0.07913649256759      0.0025414960814         -0.020652504        0.19079938259                    0                    0
          "BPM.8R4.B1"             7158.698      0.0656747923982    0.001172290998433          -0.61323611      0.2127301490733                    0                    0
          "BPM.9R4.B1"             7197.763     0.02631464516417    0.001672780277575         -0.245148276      0.2160152268556                    0                    0
         "BPM.10R4.B1"             7238.226     0.03773644185942   0.0004809832851643          0.141552422      0.2098325843485                    0                    0
         "BPM.11R4.B1"             7290.065     0.06700311682369    0.001359054182415          0.257319136      0.2073209550404                    0                    0
         "BPM.12R4.B1"             7344.789     0.07513137163558    0.001670228689115          0.313598864       0.192738780283                    0                    0
         "BPM.13R4.B1"             7398.237      0.0240676461782    0.001896981276388          -0.13440862       0.457925882196                    0                    0
         "BPM.14R4.B1"             7451.686     0.03623438926239    0.001680370788231          -0.06266514      0.1972781258537                    0                    0
         "BPM.15R4.B1"             7505.134     0.06671216218554    0.001339361689341          0.048172428       0.194297662929                    0                    0
         "BPM.16R4.B1"             7558.583     0.06810547079855    0.002071629932106        -0.4931625784      0.2140082957741                    0                    0
         "BPM.17R4.B1"             7612.031     0.02519145048612    0.002293922768621           -0.1060192      0.1982852823231                    0                    0
         "BPM.18R4.B1"              7665.48     0.03552169291575    0.001338119854262          0.139145322      0.2111368888615                    0                    0
         "BPM.19R4.B1"             7718.928     0.06474797579521    0.001350531302963           0.25325155      0.2103726112877                    0                    0
         "BPM.20R4.B1"             7772.377     0.06206878094232    0.003125910901694          0.307815636      0.1907479645233                    0                    0
         "BPM.21R4.B1"             7825.825     0.02263236715411    0.002722810228982          -0.14569722      0.4623337459982                    0                    0
         "BPM.22R4.B1"             7879.274     0.03550956289766    0.001309190575849          -0.05964682      0.1964562744245                    0                    0
         "BPM.23R4.B1"             7932.722     0.06079063828581    0.001467464817655          0.046104086       0.196106486287                    0                    0
         "BPM.24R4.B1"             7986.171     0.06028925865623    0.003477443902794        -0.5016165168      0.2129357043366                    0                    0
         "BPM.25R4.B1"             8039.619      0.0231713706088    0.001683867568105          -0.09911868      0.2072003074721                    0                    0
         "BPM.26R4.B1"             8093.068     0.03375002855915    0.001299808528335          0.132175986      0.2083989866385                    0                    0
         "BPM.27R4.B1"             8146.516     0.05878381576533    0.001563796392164          0.242989246      0.2173161724053                    0                    0
         "BPM.28R4.B1"             8199.965     0.05815164087883    0.002231911814238          0.495363602      0.2097768631079                    0                    0
         "BPM.29R4.B1"             8253.413     0.02123928187443    0.002290366018518          -0.13617332      0.4583508404469                    0                    0
         "BPM.30R4.B1"             8306.862     0.03372738478718    0.001115250157337          -0.06480906      0.1974938733844                    0                    0
         "BPM.31R4.B1"              8360.31     0.05931237414629    0.001244850745849          0.045052512      0.2003547478026                    0                    0
         "BPM.32R4.B1"             8413.759     0.05836317623538    0.001403627966168         -0.518334494      0.2108027070696                    0                    0
         "BPM.33R4.B1"             8467.208     0.02087335706263    0.002550250929025         -0.182694156      0.2088402595109                    0                    0
         "BPM.34R4.B1"             8520.656     0.03254250914629    0.001957997041002           0.13006416      0.2119195974734                    0                    0
         "BPM.33L5.B1"             8574.105     0.05631442333136   0.0009865789440192           0.24226065       0.211584531039                    0                    0
         "BPM.32L5.B1"             8627.553     0.04837361984232     0.00415274670853          0.467959692      0.2119024000449                    0                    0
         "BPM.31L5.B1"             8681.002     0.01937227491988    0.001275974767653          -0.15188348      0.4711295794633                    0                    0
         "BPM.30L5.B1"              8734.45     0.03360263364625   0.0008831958659203          -0.07092142      0.2006616916906                    0                    0
         "BPM.29L5.B1"             8787.899     0.05489350842497    0.002612658704241          0.042175496       0.201221930175                    0                    0
         "BPM.28L5.B1"             8841.347     0.05164372333374    0.002111171756455         -0.536160188      0.2126464264132                    0                    0
         "BPM.27L5.B1"             8894.796     0.01839502890278   0.0009544535831634         -0.146840954      0.2090039236772                    0                    0
         "BPM.26L5.B1"             8948.244     0.03083377667334   0.0009442296448635          0.128993084      0.2090319066387                    0                    0
         "BPM.25L5.B1"             9001.693      0.0553165395802   0.0006627294797197          0.230998482      0.2117638178542                    0                    0
         "BPM.24L5.B1"             9055.141     0.05231978864186    0.001247116832561          0.458155522      0.2135991909818                    0                    0
         "BPM.23L5.B1"              9108.59      0.0180045889333   0.0009779780186302          -0.17361686      0.4469226249226                    0                    0
         "BPM.22L5.B1"             9162.038     0.03037822405324    0.001208313415749          -0.07092532      0.1953464012901                    0                    0
         "BPM.21L5.B1"             9215.487     0.05618453608986    0.001250894542916          0.031053866      0.1941970858284                    0                    0
         "BPM.20L5.B1"             9268.935     0.05229277350968    0.002229949492138        -0.5409547798      0.2133356346677                    0                    0
         "BPM.19L5.B1"             9322.384     0.01820905409303    0.001805607664361          -0.16810446      0.1950190685927                    0                    0
         "BPM.18L5.B1"             9375.832     0.03132302186171    0.002358425494686          0.127203382      0.2095511877634                    0                    0
         "BPM.17L5.B1"             9429.281      0.0531324715041    0.001569515080778            0.2357645      0.2083595049587                    0                    0
         "BPM.16L5.B1"             9482.729     0.04755606124614    0.002072565099724          0.457270932       0.212323971989                    0                    0
         "BPM.15L5.B1"             9536.178     0.01694403225951    0.002226244032989           -0.1339064      0.4681708733827                    0                    0
         "BPM.14L5.B1"             9589.626     0.03130633635773   0.0005181263505744          -0.06858234      0.1983549915752                    0                    0
         "BPM.13L5.B1"             9643.075     0.05384554999007   0.0009913046452698          0.030331172      0.1960179752732                    0                    0
         "BPM.12L5.B1"             9696.523      0.0484828687629    0.002275662654345          -0.53895583      0.2119856120141                    0                    0
         "BPM.11L5.B1"             9749.972     0.01759697467293   0.0009818305740546         -0.201701122      0.2116411240052                    0                    0
         "BPM.10L5.B1"             9802.753     0.02858581375448    0.000852275751518          0.118624904      0.2113714406018                    0                    0
          "BPM.9L5.B1"             9841.818     0.04013731833334    0.001721709404032          0.215118608      0.2157101260917                    0                    0
          "BPM.8L5.B1"             9882.281     0.04544356478899    0.003774103385503          0.367082384      0.1910215449799                    0                    0
         "BPMR.7L5.B1"             9921.347     0.01915230421336      0.0027943682643          -0.08653196      0.4551995657618                    0                    0
          "BPM.6L5.B1"             9958.241     0.03133719180794    0.007394782681859          -0.09807458      0.2001709831291                    0                    0
         "BPMR.5L5.B1"             9990.141     0.03065009968437    0.002407251563242           -0.0810793      0.1991822452647                    0                    0
        "BPMYA.4L5.B1"             10017.55     0.02592520800419    0.004110030227187          -0.07471136      0.1982632489527                    0                    0
        "BPMWB.4L5.B1"             10038.68      0.0269824080044    0.000662147676176          -0.07084352      0.1995591423059                    0                    0
        "BPMSY.4L5.B1"              10131.4     0.03273763089271   0.0005195714527459         -0.054297814      0.1960725646682                    0                    0
         "BPMS.2L5.B1"             10158.25      0.0262893047838   0.0005707686712339          -0.05617686      0.1984903943372                    0                    0
        "BPMSW.1L5.B1"             10168.21     0.02766772225113   0.0004992239597433          -0.05324086      0.1971902705696                    0                    0
        "BPMSW.1R5.B1"             10211.34     0.02631675340179   0.0006389264077728          0.133747888      0.2077250095974                    0                    0
         "BPMS.2R5.B1"              10221.3     0.02686649012971   0.0006523260082143          0.134537444      0.2105548360518                    0                    0
        "BPMSY.4R5.B1"             10248.03     0.02697629627694   0.0005821743098093          0.129972604      0.2094696556341                    0                    0
        "BPMWB.4R5.B1"             10340.87     0.02743039541282   0.0005519014680034           0.14631075      0.2092949018664                    0                    0
        "BPMYA.4R5.B1"                10362     0.02814373834426    0.001347732823935          0.163469028      0.2110765515979                    0                    0
          "BPM.5R5.B1"             10383.12     0.02975232159509   0.0008797097121952           0.19504872      0.2063749046057                    0                    0
         "BPMR.6R5.B1"             10415.02     0.02878381739321   0.0006151968864318          0.357536478       0.163556337928                    0                    0
        "BPM_A.7R5.B1"             10449.03     0.03248570155235    0.003996546646427           -0.1175512      0.1907502121059                    0                    0
          "BPM.8R5.B1"             10490.47     0.04191055609566   0.0009951928576366         -0.001412074      0.1994050165508                    0                    0
          "BPM.9R5.B1"             10529.54     0.03352651057672    0.002733282209849        -0.5114647442      0.2123672179589                    0                    0
         "BPM.10R5.B1"             10570.01     0.01512334309422    0.001749266963787         -0.108270292       0.210634660833                    0                    0
         "BPM.11R5.B1"             10622.79     0.03355895836067   0.0009385474043301          0.123822078      0.2097028915141                    0                    0
         "BPM.12R5.B1"             10677.51     0.04246494053284    0.001582444727823          0.219410338      0.2121753459492                    0                    0
         "BPM.13R5.B1"             10730.97      0.0319690860777    0.002183263868989         0.4060584312      0.2169879935754                    0                    0
         "BPM.14R5.B1"             10784.42     0.01653949046069    0.002382206821875           -0.2098292      0.4751539705023                    0                    0
         "BPM.15R5.B1"             10837.87     0.03417266447803    0.002228956669891          -0.08619512      0.2006884151674                    0                    0
         "BPM.16R5.B1"             10891.32     0.03854657090126    0.001430949089836          0.014828514      0.1951886302137                    0                    0
         "BPM.17R5.B1"             10944.77     0.03276872010192   0.0008253060639714         -0.201269608      0.4654694320988                    0                    0
         "BPM.18R5.B1"             10998.22     0.01757581986333   0.0008138787890488        -0.2814062896      0.2433235264099                    0                    0
         "BPM.19R5.B1"             11051.68      0.0300655735762    0.002197059969514           0.10829657      0.2128707754149                    0                    0
         "BPM.20R5.B1"             11105.13     0.03672177238913    0.001709644653434          0.210118162      0.2102982323711                    0                    0
         "BPM.21R5.B1"             11158.58     0.03066000494441    0.001391293683347         0.3944845094      0.2108596718575                    0                    0
         "BPM.22R5.B1"             11212.03     0.01575537973214    0.001562359651749         -0.247606858       0.479334058053                    0                    0
         "BPM.23R5.B1"             11265.48     0.02856697293965    0.002600825099159           -0.0958478      0.2023972497191                    0                    0
         "BPM.24R5.B1"             11318.93     0.03434614949793    0.001662887616214          0.007577892      0.1953408805018                    0                    0
         "BPM.25R5.B1"             11372.38     0.02642211543629     0.00217346975428         -0.011091234      0.4319664584937                    0                    0
         "BPM.26R5.B1"             11425.84     0.01400440841186    0.001459748223471        -0.2548878988      0.1990412312874                    0                    0
         "BPM.27R5.B1"             11479.29     0.03063818529082     0.00191847587972          0.102204892      0.2082605627742                    0                    0
         "BPM.28R5.B1"             11532.74     0.03380272201006   0.0005323799870683          0.202181784      0.2094795372034                    0                    0
         "BPM.29R5.B1"             11586.19     0.02644722438411    0.001177365438188          0.385539508      0.2066245931875                    0                    0
         "BPM.30R5.B1"             11639.64     0.01356034366719    0.001063895415411           -0.2463248      0.4292694587839                    0                    0
         "BPM.31R5.B1"             11693.09     0.03121972595384    0.001927830886944          -0.10279002      0.1946613167414                    0                    0
         "BPM.32R5.B1"             11746.54     0.03125413849868    0.001153549415465         -0.002386414      0.1969606251588                    0                    0
         "BPM.33R5.B1"                11800     0.02409449693411    0.001109781767141         -0.011452892      0.4350301242934                    0                    0
         "BPM.34R5.B1"             11853.45     0.01366638101529   0.0007637603241899         -0.238894654      0.2107732001341                    0                    0
         "BPM.33L6.B1"              11906.9     0.02983776898086    0.002279888775266          0.102810446      0.2069954063336                    0                    0
         "BPM.32L6.B1"             11960.35     0.03337895874484      0.0014064030848          0.210815432      0.2049756465213                    0                    0
         "BPM.31L6.B1"              12013.8     0.02703681736877    0.001871923834255         0.3950192918      0.2139040424452                    0                    0
         "BPM.29L6.B1"              12120.7       0.026129915952   0.0006187892770577          -0.10345514      0.2029813859558                    0                    0
         "BPM.28L6.B1"             12174.16      0.0318516679672    0.001886450637276           0.00358568      0.2023623303233                    0                    0
         "BPM.27L6.B1"             12227.61      0.0248545040674    0.000929407514229         -0.007749804      0.4372940698251                    0                    0
         "BPM.26L6.B1"             12281.06     0.01349310695691   0.0009693538770092        -0.2873752112      0.2308897254767                    0                    0
         "BPM.25L6.B1"             12334.51     0.02649140182159   0.0009040902226286          0.093018988      0.2063051826275                    0                    0
         "BPM.24L6.B1"             12387.96     0.03053686095217   0.0008341856252021          0.187151462      0.2062650680261                    0                    0
         "BPM.23L6.B1"             12441.41     0.02322299646624    0.002707724149627         -0.015330198      0.4368194243372                    0                    0
         "BPM.22L6.B1"             12494.87     0.01187432038969    0.001240291416861          -0.21709458       0.457452018819                    0                    0
         "BPM.21L6.B1"             12548.32     0.02762584235794    0.001097149370085          -0.10461396      0.2006794439468                    0                    0
         "BPM.20L6.B1"             12601.77     0.02881978763797    0.001275765479601          0.001878348      0.1929660704357                    0                    0
         "BPM.19L6.B1"             12655.22     0.02374399802273    0.001788190905478         -0.023969742      0.4311875360139                    0                    0
         "BPM.18L6.B1"             12708.67     0.01139125966321    0.001216710772108        -0.2490144806      0.2282134258323                    0                    0
         "BPM.17L6.B1"             12762.12     0.02793489326607    0.002287612344239          0.089093834       0.209879724693                    0                    0
         "BPM.16L6.B1"             12815.57     0.02921742715026   0.0005194999768824          0.185088816       0.206283331935                    0                    0
         "BPM.15L6.B1"             12869.03     0.02121085810858    0.002091687830019          0.364285226      0.2132570442523                    0                    0
         "BPM.14L6.B1"             12922.48     0.01231296949291    0.001341289129197           -0.2783529      0.4273798413134                    0                    0
         "BPM.13L6.B1"             12975.93     0.02676746260686    0.001203681405622          -0.10830726      0.1990492601775                    0                    0
         "BPM.12L6.B1"             13029.38     0.02720636637034     0.00126878341675          -0.00546892      0.2053005346905                    0                    0
         "BPM.11L6.B1"             13082.83     0.02101877776538    0.002470135122141         -0.048866198      0.4326437346383                    0                    0
         "BPM.10L6.B1"             13134.67     0.01586108321574    0.001791842708378         -0.330906474      0.2056223121845                    0                    0
          "BPM.8L6.B1"              13214.2     0.01789723572435    0.001645370932002          0.177079532      0.2240432928412                    0                    0
        "BPMYA.5L6.B1"             13311.29     0.01935574051958    0.002392243413222          0.218379544      0.5825097812965                    0                    0
        "BPMYB.4L6.B1"             13347.69     0.01706653124844    0.001128482544447          0.240343508      0.5922764680973                    0                    0
       "BPMSX.B4L6.B1"             13383.23     0.01451311799449    0.001208486418413           -0.2099316      0.4595792393769                    0                    0
       "BPMSX.A4L6.B1"             13383.82     0.01533211967883    0.001411108054509          -0.22970488      0.4476387402813                    0                    0
        "BPMSA.4R6.B1"             13568.51     0.03657983602537     0.00579711122613           0.01456098      0.1990076472178                    0                    0
        "BPMYA.4R6.B1"             13691.29      0.0244902411849   0.0008827378726918          -0.10482893      0.4318205789561                    0                    0
        "BPMYB.5R6.B1"             13727.69     0.02644751513845    0.001110236203826         -0.076971588      0.4506493775663                    0                    0
          "BPM.8R6.B1"             13823.42     0.01629783363831    0.001500675365515         0.0279143284      0.2093624094959                    0                    0
          "BPM.9R6.B1"             13862.49     0.03174771257398    0.002602958936599         0.2608718478      0.2104254858973                    0                    0
         "BPM.10R6.B1"             13902.95      0.0234535662766    0.002631153504804          0.415263212       0.214170930778                    0                    0
         "BPM.11R6.B1"             13954.79     0.01562202808046    0.000545329904126           0.41053838      0.2138083791745                    0                    0
         "BPM.12R6.B1"             14009.52     0.01502699008659    0.001923167074876          -0.06918018      0.1945068975288                    0                    0
         "BPM.13R6.B1"             14062.97     0.02973240118109    0.002034361600044          -0.09732674      0.4384267854491                    0                    0
         "BPM.14R6.B1"             14116.42     0.02341334089906    0.002384958862809           0.04627866      0.4318545502985                    0                    0
         "BPM.15R6.B1"             14169.87     0.01365199186486    0.001346428234112          -0.33379111      0.2005413128267                    0                    0
         "BPM.16R6.B1"             14223.33     0.01394846369099    0.001880767695419           0.14247669      0.2074341203942                    0                    0
         "BPM.17R6.B1"             14276.78     0.02647672278243   0.0008955272968052          0.302453704      0.2049949707086                    0                    0
         "BPM.18R6.B1"             14330.23     0.02142002167159    0.002583613820549          0.459389596      0.2121502498813                    0                    0
         "BPM.19R6.B1"             14383.68     0.01102887692916    0.001516011464911         -0.268518376      0.4396780562024                    0                    0
         "BPM.20R6.B1"             14437.13      0.0184205448785    0.003195808621022           -0.0318931      0.2000348573898                    0                    0
         "BPM.21R6.B1"             14490.58     0.02427722817984    0.002004262738079          -0.09974448      0.4347828196529                    0                    0
         "BPM.22R6.B1"             14544.04     0.01737442143596   0.0008762270312427         -0.129730878      0.4701174546232                    0                    0
         "BPM.23R6.B1"             14597.49    0.009626030047131   0.0009101349795725         -0.213466814      0.2010143872026                    0                    0
         "BPM.24R6.B1"             14650.94     0.01487637532538   0.0005024342088735          0.040814884      0.2054374434649                    0                    0
         "BPM.26R6.B1"             14757.84    0.004463753510401    0.002718812234708          0.517504432      0.2132276248291                    0                    0
         "BPM.27R6.B1"             14811.29    0.008155613485628    0.001730424598256         -0.267691934      0.4797122132376                    0                    0
         "BPM.28R6.B1"             14864.74     0.01797074339467    0.001919288164225          -0.17807899      0.4435304073226                    0                    0
         "BPM.29R6.B1"              14918.2     0.01775674048694    0.001327101217895         -0.333255218      0.1717513246839                    0                    0
         "BPM.30R6.B1"             14971.65    0.007894608797849      0.0015759687019          -0.13084122      0.2004416167681                    0                    0
         "BPM.31R6.B1"              15025.1     0.01034008822329    0.002033380159608         -0.252803144      0.2192706892823                    0                    0
         "BPM.32R6.B1"             15078.55     0.02542346515454    0.001084620666394         -0.178163768      0.2052832490676                    0                    0
         "BPM.33R6.B1"                15132     0.01658195074709    0.002681490948524          0.068421392      0.4155057621614                    0                    0
         "BPM.34R6.B1"             15185.45    0.005615115328197    0.002072137937224           0.66369458      0.1859572576744                    0                    0
         "BPM.33L7.B1"              15238.9    0.008880359445136   0.0006540055085422          -0.09237392      0.4799941892318                    0                    0
         "BPM.32L7.B1"             15292.36     0.02461420621864    0.002830327854107         -0.188948558      0.4473975149398                    0                    0
         "BPM.31L7.B1"             15345.81      0.0183072018183     0.00115708476486        -0.3113464488       0.190004351758                    0                    0
         "BPM.30L7.B1"             15399.26    0.004274652533707   0.0008565808896937         -0.085031946      0.2289918726607                    0                    0
         "BPM.29L7.B1"             15452.71     0.01115268345406   0.0008042020435186         -0.307825574      0.2190125071877                    0                    0
         "BPM.28L7.B1"             15506.16     0.02436974194117     0.00195366419621         -0.197266984      0.2097517069119                    0                    0
         "BPM.27L7.B1"             15559.61     0.01853814532505   0.0009453200975277          0.270754446      0.4618629982364                    0                    0
         "BPM.26L7.B1"             15613.06     0.01404701927378     0.00414940876271         0.3696990386      0.2124008260892                    0                    0
         "BPM.25L7.B1"             15666.52     0.02454594819547    0.001446058210049         -0.217231298      0.3467645085204                    0                    0
         "BPM.24L7.B1"             15719.97     0.03614913725727    0.002201213060096         -0.044940654      0.3642328792069                    0                    0
         "BPM.23L7.B1"             15773.42     0.01760053510505    0.001686670141425         -0.113074288      0.2057208847561                    0                    0
         "BPM.22L7.B1"             15826.87     0.01781665845421    0.001912557201377         -0.002305188      0.4369202591774                    0                    0
         "BPM.21L7.B1"             15880.32      0.0436363515006    0.002198615546648          0.163390434      0.4410236495148                    0                    0
         "BPM.20L7.B1"             15933.77     0.05053219476121    0.001420090188886           0.33688354      0.4359812678169                    0                    0
         "BPM.19L7.B1"             15987.23     0.01736724369965    0.001404076573143          0.287364564      0.4597825157999                    0                    0
         "BPM.18L7.B1"             16040.68     0.01935836811914    0.001956909400801          0.409386552      0.2066667623592                    0                    0
         "BPM.17L7.B1"             16094.13     0.04805713559064    0.001236343695813         -0.205017506      0.3620782644017                    0                    0
         "BPM.16L7.B1"             16147.58      0.0501088995115    0.004567595982681         -0.049337172      0.3599243598666                    0                    0
         "BPM.15L7.B1"             16201.03     0.01662555353409    0.001150835991005        -0.0848762028      0.2138037223358                    0                    0
         "BPM.14L7.B1"             16254.48     0.02629562671496    0.002608944770555          0.022648604      0.4374112424057                    0                    0
         "BPM.13L7.B1"             16307.93      0.0512455559761    0.001708062436961          0.196254784      0.4420926253412                    0                    0
         "BPM.12L7.B1"             16361.39     0.04657537748092    0.002503440537668          0.362101538      0.4362538001751                    0                    0
         "BPM.11L7.B1"             16414.84     0.01449992818408    0.001512536056491         0.1270460062      0.4022685116888                    0                    0
         "BPM.10L7.B1"             16467.62     0.02905113149698    0.002161762495388          0.260432552      0.2024007289751                    0                    0
          "BPM.9L7.B1"             16506.69     0.04470028368431    0.002680785544069         -0.205037328      0.3613545701562                    0                    0
          "BPM.8L7.B1"             16547.15     0.04464735450046    0.001686469182025         -0.176705912       0.203922990078                    0                    0
          "BPM.7L7.B1"             16586.22     0.05487090365031    0.007165430436533          -0.15833565      0.2063128820258                    0                    0
          "BPM.6L7.B1"             16621.04     0.02679154043274    0.001730173365515          0.067968594      0.2015146945866                    0                    0
        "BPMWC.6L7.B1"             16633.14     0.03032843459989    0.001877510490817          0.064799042      0.2033321155106                    0                    0
        "BPMWE.5L7.B1"             16710.19     0.03899275474393    0.002280963172148           0.22482406       0.423500532265                    0                    0
        "BPMWE.4L7.B1"             16768.48     0.04101956209857    0.003523185041435          0.387902664      0.4373978624712                    0                    0
         "BPMW.4L7.B1"             16796.59     0.04248747246272    0.002700842720164          0.406326988      0.4284953690757                    0                    0
         "BPMW.4R7.B1"             16912.63     0.04203803044652    0.002514081905088         0.3565836552      0.1937580869753                    0                    0
        "BPMWE.4R7.B1"             16940.74     0.06249654929429    0.002149736166248          -0.32056696      0.3637338514992                    0                    0
         "BPMW.5R7.B1"             16975.82     0.06216138698538    0.001442278780474         -0.269819402      0.3639869992319                    0                    0
        "BPMWE.5R7.B1"             16999.03     0.04995702392428    0.004368990474817         -0.250170476       0.358880994883                    0                    0
         "BPMR.6R7.B1"             17078.24     0.03737585220477    0.000567927022236         -0.093358432      0.3607892217168                    0                    0
        "BPM_A.7R7.B1"             17116.28      0.0325504549035    0.002450474068557        -0.1867687288      0.2146516535813                    0                    0
          "BPM.8R7.B1"             17155.35     0.02008471018392    0.004579210147846            -0.027945      0.1804092807488                    0                    0
          "BPM.9R7.B1"             17194.41     0.05490206137789    0.002454917842195          0.139032056      0.4390766704607                    0                    0
         "BPM.10R7.B1"             17234.88     0.05847567293861    0.001905703975138          0.283875494      0.4354114972192                    0                    0
         "BPM.11R7.B1"             17287.66     0.02521812004094    0.001677565855996          0.442116312      0.4362176890298                    0                    0
         "BPM.12R7.B1"             17342.39     0.01206993365729    0.003115855242521           0.22700976      0.2210437923039                    0                    0
         "BPM.13R7.B1"             17395.84     0.04383825457248    0.002068636911247         -0.274956318      0.3620657614516                    0                    0
         "BPM.14R7.B1"             17449.29     0.05462614763626   0.0006769582727698         -0.114456616      0.3690280318372                    0                    0
         "BPM.15R7.B1"             17502.74     0.02120268312665    0.001644215791581         -0.147369078      0.2120196627212                    0                    0
         "BPM.16R7.B1"             17556.19     0.01573305742345    0.002170587798332           0.05345789      0.1945078232231                    0                    0
         "BPM.17R7.B1"             17609.65     0.04672265522147    0.001010449622876           0.14431691       0.440456732773                    0                    0
         "BPM.18R7.B1"              17663.1     0.04734119737484    0.001699784729007          0.294992612      0.4396057452155                    0                    0
         "BPM.19R7.B1"             17716.55     0.01515935886838    0.001314110919888          0.457467556      0.4396799699289                    0                    0
         "BPM.20R7.B1"                17770     0.01895868067039    0.002405210105375          0.361320102      0.1943195823247                    0                    0
         "BPM.21R7.B1"             17823.45     0.04793119404181    0.001418783581169         -0.241315916      0.3593788458687                    0                    0
         "BPM.22R7.B1"              17876.9     0.04302839608768    0.001580647485528         -0.090456864      0.3648674237438                    0                    0
         "BPM.23R7.B1"             17930.35      0.0155994909331   0.0009198013651844     -0.1233910974794      0.2085714957339                    0                    0
         "BPM.24R7.B1"             17983.81     0.01361958225959    0.002137765109119         -0.038066828      0.4422694629996                    0                    0
         "BPM.25R7.B1"             18037.26     0.04761812973864    0.001900076434928          0.173391008      0.4388793631586                    0                    0
         "BPM.26R7.B1"             18090.71     0.03860508456304    0.001401876395912          0.325465232       0.435278971954                    0                    0
         "BPM.27R7.B1"             18144.16     0.01278822935891    0.001381633474541          0.481224782      0.4356132425616                    0                    0
         "BPM.28R7.B1"             18197.61     0.01510498991047   0.0009265381783414          0.328656444      0.2134077883481                    0                    0
         "BPM.29R7.B1"             18251.06     0.04011425739504    0.002024900137708         -0.223624538      0.3627491362863                    0                    0
         "BPM.30R7.B1"             18304.51      0.0328873238499    0.001789656319261         -0.065261116      0.3658990205846                    0                    0
         "BPM.31R7.B1"             18357.97     0.01359164017192    0.001251101568786        -0.1043745672      0.2132800864982                    0                    0
         "BPM.32R7.B1"             18411.42     0.01286749503375   0.0007468959615205          0.134860856      0.1945130710614                    0                    0
         "BPM.33R7.B1"             18464.87     0.03883217612454    0.001905822007594          0.183837378       0.439333954188                    0                    0
         "BPM.34R7.B1"             18518.32     0.02907976943611    0.001412481632818          0.336711862      0.4327666847948                    0                    0
         "BPM.33L8.B1"             18571.77    0.009358774460371    0.001906239823775          0.289783684      0.4668890072418                    0                    0
         "BPM.32L8.B1"             18625.22     0.01675765053786    0.001368511717818          0.358637366      0.2091248537536                    0                    0
         "BPM.31L8.B1"             18678.68     0.04321636667605    0.002239442222448         -0.205835716      0.3621193181258                    0                    0
         "BPM.30L8.B1"             18732.13     0.02662176067024     0.00219439677643         -0.054480124      0.3554162055258                    0                    0
         "BPM.29L8.B1"             18785.58       0.009633194811    0.001603796437293        -0.1103767656      0.2145744575341                    0                    0
         "BPM.28L8.B1"             18839.03     0.01442758172376    0.001603230863758         -0.023198306      0.4149600581468                    0                    0
         "BPM.27L8.B1"             18892.48     0.03749537389804    0.003268990993576          0.208651358       0.438883306427                    0                    0
         "BPM.26L8.B1"             18945.93     0.02010020130677    0.001668496368485          0.343078156      0.4504830603859                    0                    0
         "BPM.25L8.B1"             18999.38    0.006794425878163    0.002285757775971          0.443780364      0.4317283241987                    0                    0
         "BPM.24L8.B1"             19052.84     0.01459501226157    0.001625609219042         0.4640594776       0.211278075282                    0                    0
         "BPM.23L8.B1"             19106.29     0.03197230211886    0.001645080340047         -0.180299724      0.3666218202462                    0                    0
         "BPM.22L8.B1"             19159.74     0.01306285311277     0.00108979361283         -0.071640338      0.3523338591175                    0                    0
         "BPM.21L8.B1"             19213.19     0.01210571531528    0.001319685567531         -0.169392162       0.198934662721                    0                    0
         "BPM.20L8.B1"             19266.64     0.01572440639902    0.001013659307819         -0.218759506      0.3651857707868                    0                    0
         "BPM.19L8.B1"             19320.09     0.03433240958433    0.001896928399497          0.236745532      0.4352503681936                    0                    0
         "BPM.18L8.B1"             19373.54     0.01096011758762    0.001235935535099          0.334254278      0.4449056506421                    0                    0
         "BPM.17L8.B1"                19427     0.01239128200776   0.0009785591617611          0.425397444      0.4394761593997                    0                    0
         "BPM.16L8.B1"             19480.45     0.01694177464562    0.002098853153941            0.5821209      0.1724997419095                    0                    0
         "BPM.15L8.B1"              19533.9     0.03004952280459    0.001248103709646         -0.149493234      0.3650961588641                    0                    0
         "BPM.14L8.B1"             19587.35    0.009204626430144    0.002044965036624         -0.054334036      0.3668282181544                    0                    0
         "BPM.13L8.B1"              19640.8     0.01404397414003    0.001245241234923         -0.186801794      0.2108899311223                    0                    0
         "BPM.12L8.B1"             19694.25     0.01252456509135    0.003099093389212         -0.260363282      0.3856327262359                    0                    0
         "BPM.11L8.B1"              19747.7     0.02938619226423    0.002846469672656           0.23425914      0.4396659200129                    0                    0
         "BPM.10L8.B1"             19799.55    0.006145175725537    0.001507234170082          0.310175996      0.4444515466849                    0                    0
          "BPM.9L8.B1"             19838.61     0.01239232632403    0.001126886120963          0.394695104      0.4371235752571                    0                    0
          "BPM.8L8.B1"             19879.08     0.01617426727142    0.001810636670039          0.521699154      0.1953646994751                    0                    0
          "BPM.7L8.B1"             19918.15      0.0288753381522    0.002807680388165         -0.154241834      0.3684163804718                    0                    0
         "BPMR.6L8.B1"             19950.61     0.03580224829829     0.00730075217137         -0.238617856      0.2832510351458                    0                    0
          "BPM.5L8.B1"             20011.03     0.01932174896112    0.001040590202446         0.1490954448      0.4218289696156                    0                    0
        "BPMYB.4L8.B1"              20031.8     0.02026824412604    0.002054137959688         -0.045818435       0.470965784147                    0                    0
        "BPMWB.4L8.B1"                20061     0.02386424996804   0.0006373890444346           0.17046023      0.4403102889617                    0                    0
        "BPMSX.4L8.B1"             20106.36     0.02673314143886   0.0009221484188505           0.14642165      0.4350791125797                    0                    0
         "BPMS.2L8.B1"             20144.34     0.03010848155662   0.0007189226552048          0.182201468      0.4382023133353                    0                    0
        "BPMSW.1L8.B1"             20154.27     0.03289138006864     0.00682130454737           0.12346386      0.4415172959194                    0                    0
         "BPMS.2R8.B1"             20207.39     0.02406744680484   0.0006876978270541          -0.23572461      0.3615823512066                    0                    0
        "BPMWB.4R8.B1"             20290.66     0.02344234172377   0.0009505638237286         -0.207276218      0.3618835499124                    0                    0
        "BPMYB.4R8.B1"             20319.93     0.02404013754297     0.00108815646597         -0.218274428      0.3660033957896                    0                    0
        "BPMYB.5R8.B1"             20340.51      0.0259268439247    0.001296061414742         -0.210177136       0.366577271951                    0                    0
          "BPM.6R8.B1"             20424.62     0.01265445171305    0.003857440601103         0.1215303502      0.4481315635202                    0                    0
        "BPM_A.7R8.B1"             20446.86     0.01654362191373    0.002573832948864           0.10358062      0.4240139903388                    0                    0
          "BPM.8R8.B1"             20488.29     0.02546315547346    0.002950302323752            0.2393424      0.4317622871688                    0                    0
          "BPM.9R8.B1"             20527.36    0.007541117970351    0.001163627828725           0.38933312      0.2069360220283                    0                    0
         "BPM.10R8.B1"             20567.82    0.008838292991721    0.002011838719271          0.360431436      0.2026297397648                    0                    0
         "BPM.11R8.B1"             20619.66     0.02027560920382   0.0009376155191934         -0.214990562      0.3678129898615                    0                    0
         "BPM.12R8.B1"             20674.38     0.02564470904018    0.002158000014791        -0.1291958706      0.3627702265432                    0                    0
         "BPM.13R8.B1"             20727.83    0.008491688311099    0.002100434042422         -0.376547008       0.202919647456                    0                    0
         "BPM.14R8.B1"             20781.28    0.006479120981832    0.001572790489258         -0.043001768      0.4529386044703                    0                    0
         "BPM.15R8.B1"             20834.73     0.01934396836627    0.001013879606835          0.010216328        0.45355780959                    0                    0
         "BPM.16R8.B1"             20888.18     0.02008093614116    0.001804928716699          0.489674136      0.1973759795155                    0                    0
         "BPM.17R8.B1"             20941.63    0.008125675461542   0.0009639249111525          0.541851382      0.1927304883438                    0                    0
         "BPM.18R8.B1"             20995.07    0.005646270038973    0.003715721443929          0.355435926      0.1991043302393                    0                    0
         "BPM.19R8.B1"             21048.52     0.01808695178689    0.001757474866563          -0.19506308      0.3621549438486                    0                    0
         "BPM.20R8.B1"             21101.97      0.0166281661103    0.001760806932965         -0.171734936      0.3605780407251                    0                    0
         "BPM.21R8.B1"             21155.42    0.008441037644233   0.0008671678073679         -0.494503756      0.2377956632191                    0                    0
         "BPM.22R8.B1"             21208.87     0.01064164029694    0.001779360792462         -0.225977826       0.407348355509                    0                    0
         "BPM.23R8.B1"             21262.32     0.01975638629333    0.001242350183662          0.183480698      0.4403744324278                    0                    0
         "BPM.24R8.B1"             21315.76      0.0226844225246    0.001056644801039          0.498579522      0.2001171708362                    0                    0
         "BPM.25R8.B1"             21369.21    0.009886743056385     0.00167657557632           0.44371856      0.2222570730312                    0                    0
         "BPM.26R8.B1"             21422.66    0.006551717977784    0.001323915425308          0.203362882      0.5840787136409                    0                    0
         "BPM.27R8.B1"             21476.11     0.01985129250586    0.001868315313242        -0.1828716626      0.3481395158928                    0                    0
         "BPM.28R8.B1"             21529.56     0.02404083081029     0.00285537736279          -0.08309963      0.3555543844915                    0                    0
         "BPM.29R8.B1"             21583.01     0.01009762917493    0.001774615396693         -0.287275456      0.2435722908054                    0                    0
         "BPM.30R8.B1"             21636.46    0.006739748025369      0.0019770897326          -0.38577181      0.2090173611391                    0                    0
         "BPM.31R8.B1"              21689.9     0.01831418564691     0.00152768772516          0.024501424       0.442874267171                    0                    0
         "BPM.32R8.B1"             21743.35     0.02502175269279    0.001531812444736           0.33405529      0.4435077556752                    0                    0
         "BPM.33R8.B1"              21796.8      0.0115132101039    0.001834842634494           0.53529212      0.1777444482945                    0                    0
         "BPM.34R8.B1"             21850.25    0.007543029024969   0.0008765713928583          0.234057258      0.5993896237815                    0                    0
         "BPM.33L1.B1"              21903.7      0.0157862628865    0.001138114088855        -0.1684694812      0.3591529632228                    0                    0
         "BPM.32L1.B1"             21957.15     0.02313969373159    0.002293623994305         -0.062657972      0.3645229282905                    0                    0
         "BPM.31L1.B1"              22010.6     0.01308063978901    0.001207865916822          -0.28130203      0.2252033811263                    0                    0
         "BPM.30L1.B1"             22064.04     0.01127311739243    0.001842672130239        -0.3583246802      0.2077943687965                    0                    0
         "BPM.29L1.B1"             22117.49     0.01588947612419   0.0009237085799941          -0.13301505      0.4054183481792                    0                    0
         "BPM.28L1.B1"             22170.94     0.01602291529602    0.002478863568939          0.357948264      0.4306796862988                    0                    0
         "BPM.27L1.B1"             22224.39    0.009235592706386    0.001140841264737          0.391700582      0.2269783878027                    0                    0
         "BPM.26L1.B1"             22277.84    0.007001847505977    0.002142878780019          0.204735642      0.5961048346968                    0                    0
         "BPM.25L1.B1"             22331.29      0.0170266008192   0.0009796722221359          -0.16157056      0.3552350437271                    0                    0
         "BPM.24L1.B1"             22384.74     0.01679582220038    0.001396831242333          -0.07760089      0.3324249258833                    0                    0
         "BPM.23L1.B1"             22438.18     0.01001200659284    0.001590556580293         -0.438354966      0.2154153241441                    0                    0
         "BPM.22L1.B1"             22491.63    0.007759159530857    0.001056285505822        -0.4250023516      0.2142513402578                    0                    0
         "BPM.21L1.B1"             22545.08     0.02047277075996   0.0008648160295425          0.206764198      0.4230396324442                    0                    0
         "BPM.20L1.B1"             22598.53     0.02161919922073    0.003120914131146          0.454104624      0.2054917150064                    0                    0
         "BPM.19L1.B1"             22651.98     0.01061780176461    0.001682662536825            0.4131717      0.1877184736844                    0                    0
         "BPM.18L1.B1"             22705.43    0.007205158257008    0.002398561855089         0.3734970668      0.2031924948969                    0                    0
         "BPM.17L1.B1"             22758.87     0.01932948937939    0.000373621548053       -0.21312723298      0.3572242357468                    0                    0
         "BPM.16L1.B1"             22812.32     0.02231575143551    0.002654415518841          -0.12123399      0.3792723581047                    0                    0
         "BPM.15L1.B1"             22865.77     0.01009515428845    0.001241063058738         -0.355275942      0.2061323177096                    0                    0
         "BPM.14L1.B1"             22919.22    0.008623991543958    0.001495129506844        -0.4076910008       0.214936556368                    0                    0
         "BPM.13L1.B1"             22972.67     0.01632364046741    0.001409533469101         -0.164146098      0.3969517400133                    0                    0
         "BPM.12L1.B1"             23026.12     0.01965963322731   0.0009258989049129          0.107999704      0.4558256619618                    0                    0
         "BPM.11L1.B1"             23079.57    0.009188348410231    0.002714032175541          0.526413696      0.1814682963979                    0                    0
         "BPM.10L1.B1"             23132.35    0.006117362788751    0.001086894950424          0.189235316      0.5918516994233                    0                    0
          "BPM.9L1.B1"             23171.41       0.014770559609    0.001149361084227       -0.17253870516      0.3790700298358                    0                    0
          "BPM.8L1.B1"             23211.87     0.01743264298957    0.001398086885738         -0.295807996      0.1987413607618                    0                    0
         "BPMR.7L1.B1"             23250.94     0.01319025261837    0.001611841219126         -0.182583764      0.2921116110596                    0                    0
         "BPMR.5L1.B1"             23326.02     0.01632678906308    0.001302481085079      -0.402468642412      0.2087790411689                    0                    0
        "BPMYA.4L1.B1"             23347.14     0.01329284884154   0.0009645201319195        -0.4049825702      0.2151554989223                    0                    0
        "BPMWB.4L1.B1"             23368.28     0.01116925049591   0.0003051239107415         -0.382502388       0.211817532941                    0                    0
        "BPMSY.4L1.B1"                23461     0.01629004789487   0.0002449242350273            0.1374316        0.43308350981                    0                    0
         "BPMS.2L1.B1"             23487.84     0.01748486441335    0.000928170092073         -0.390311116      0.2067388449283                    0                    0
        "BPMSW.1L1.B1"             23497.79     0.01525349543166   0.0003730221952837       -0.39562708544      0.2098119384859                    0                    0
        "BPMSW.1R1.B1"             23540.93      0.0135889096461   0.0009047928081804           0.39093335      0.1938864390571                    0                    0
         "BPMS.2R1.B1"              23550.9     0.01600108417316   0.0007635897791608          0.260181886      0.5900430805701                    0                    0
        "BPMSY.4R1.B1"             23577.62     0.01363639196686   0.0005518393265079          0.213894564       0.594492534611                    0                    0
        "BPMWB.4R1.B1"             23670.46     0.01481243130429    0.001272252080704          0.235657992      0.6002940143672                    0                    0
        "BPMYA.4R1.B1"              23691.6     0.01370172659055    0.000738293439415           0.22609094      0.3890240600183                    0                    0
          "BPM.5R1.B1"                23719     0.01404640891378    0.001509009123087        -0.1645167876       0.346535433347                    0                    0
         "BPMR.6R1.B1"              23750.9    0.009831669293476    0.003311319654776          0.022838166      0.2802834541775                    0                    0
        "BPMSX.7R1.B1"             23757.12     0.01060781804206    0.001392625986914         -0.102177114      0.4401341399294                    0                    0
        "BPM_A.7R1.B1"             23778.63     0.01264843556093    0.006570027262603          -0.44768782      0.2023184167372                    0                    0
          "BPM.8R1.B1"             23820.07    0.009556150602839    0.001241971145745         -0.160262844      0.3944528401903                    0                    0
          "BPM.9R1.B1"             23859.13    0.008644539944946    0.002406912026855          0.073540772      0.2022275439569                    0                    0
         "BPM.10R1.B1"              23899.6     0.01008358767359   0.0009359358016823         0.4572563352      0.2062415199046                    0                    0
         "BPM.11R1.B1"             23952.38     0.01264475102792    0.001191628076943          0.207826308      0.5955188284255                    0                    0
         "BPM.12R1.B1"             24007.11     0.01090961723679    0.001525389684603         -0.299569314       0.467630904202                    0                    0
         "BPM.13R1.B1"             24060.56        0.01284775731    0.001719652761703          -0.02052088      0.4647786605436                    0                    0
         "BPM.14R1.B1"             24114.01     0.01112564284217     0.00090102464261          0.022829692      0.4231499867053                    0                    0
         "BPM.15R1.B1"             24167.46    0.008006588358444    0.001568105422319         -0.407235361       0.216998748938                    0                    0
         "BPM.16R1.B1"             24220.91    0.008591048864572    0.001564848800332         -0.280164118      0.2037496862124                    0                    0
         "BPM.17R1.B1"             24274.37      0.0120458027374    0.003768535920909           0.01243711      0.2098095180453                    0                    0
         "BPM.18R1.B1"             24327.82     0.01076261610554    0.001571497898093          0.401508326       0.219876508791                    0                    0
         "BPM.19R1.B1"             24381.27     0.01397022891216    0.001213317250466          0.201609174      0.5870956858719                    0                    0
         "BPM.20R1.B1"             24434.72     0.01240279475632    0.002094821744199         -0.296582704      0.4437099557174                    0                    0
         "BPM.21R1.B1"             24488.17     0.01172841064273     0.00241671132294           0.02782534      0.4573091700197                    0                    0
         "BPM.22R1.B1"             24541.62     0.01130007488445   0.0009553763848255          0.004665146       0.431271239006                    0                    0
         "BPM.23R1.B1"             24595.08      0.0153074949145    0.002291748769228        -0.3872511434      0.2120306617828                    0                    0
         "BPM.24R1.B1"             24648.53     0.01273599686346   0.0008688391052982         -0.294028044      0.2029329745063                    0                    0
         "BPM.25R1.B1"             24701.98     0.01170954468692    0.001585892160437          -0.00793638      0.2069745008715                    0                    0
         "BPM.26R1.B1"             24755.43     0.01157945581207    0.001151701842268          0.455273786      0.2207118512204                    0                    0
         "BPM.27R1.B1"             24808.88     0.01534446121547    0.001263983921962          0.211736106      0.5925494435421                    0                    0
         "BPM.28R1.B1"             24862.33     0.01206120742949    0.000740456204552         -0.331252302       0.454399408177                    0                    0
         "BPM.29R1.B1"             24915.78     0.01360867610651    0.001616716562138          0.058045086      0.3571801026747                    0                    0
         "BPM.30R1.B1"             24969.24     0.01158924242607    0.001169850113767          -0.48776911      0.2155850370717                    0                    0
         "BPM.31R1.B1"             25022.69     0.01437102014212    0.001522357633332        -0.3805338082      0.2120494109303                    0                    0
         "BPM.32R1.B1"             25076.14     0.01411591487188   0.0007256574653705          -0.32149336      0.2058752379729                    0                    0
         "BPM.33R1.B1"             25129.59     0.01123036197946    0.002696060581974         -0.077318438      0.2181173641635                    0                    0
         "BPM.34R1.B1"             25183.04      0.0123416780198    0.001222056662809          0.294155134      0.1833521405245                    0                    0
         "BPM.33L2.B1"             25236.49     0.01570925867985    0.001921784269687          0.221091204      0.5902529149918                    0                    0
         "BPM.32L2.B1"             25289.94     0.01507372649201   0.0008485601331748          -0.26935706      0.4603820505397                    0                    0
         "BPM.31L2.B1"              25343.4     0.01183237530999    0.001090619514801          -0.01099338      0.4571502309751                    0                    0
         "BPM.30L2.B1"             25396.85     0.01334491748026   0.0005047143980697         -0.143408908      0.4666912883266                    0                    0
         "BPM.29L2.B1"              25450.3     0.01583063259783   0.0005713056992281        -0.3782261542      0.2134294560697                    0                    0
         "BPM.28L2.B1"             25503.75     0.01613545048112    0.001540853759659         -0.282301524      0.2217600305597                    0                    0
         "BPM.27L2.B1"              25557.2     0.01005557978604     0.00343278059952         -0.018115908      0.2144573177991                    0                    0
         "BPM.26L2.B1"             25610.65     0.01135695394469   0.0009386256990333          0.461495486      0.1949404753566                    0                    0
         "BPM.25L2.B1"              25664.1     0.01391420255352   0.0005375562306366          0.217593718      0.5907307085474                    0                    0
         "BPM.24L2.B1"             25717.56     0.01644953677291    0.001997439089168          -0.25470226      0.4499990782584                    0                    0
         "BPM.23L2.B1"             25771.01     0.01104529327426     0.00473853657565           0.04447826      0.4614161037737                    0                    0
         "BPM.22L2.B1"             25824.46    0.007719442105878    0.002205791343091         -0.519770628      0.2348285427275                    0                    0
         "BPM.21L2.B1"             25877.91     0.01398027160085    0.001072775459733        -0.3764178732      0.2113048529901                    0                    0
         "BPM.20L2.B1"             25931.36     0.01393236155401   0.0009360339331999         -0.248572326      0.2332571355436                    0                    0
         "BPM.19L2.B1"             25984.81     0.01228691084866    0.003231433732161          0.058136402       0.211621034767                    0                    0
         "BPM.18L2.B1"             26038.27     0.00913748251623   0.0005505692166413         0.4242081734      0.2182797137991                    0                    0
         "BPM.17L2.B1"             26091.72     0.01265923350672    0.001747169321718          0.226794594      0.5945616079143                    0                    0
         "BPM.16L2.B1"             26145.17     0.01540737059089   0.0009903381495091          -0.21659442      0.4651476023386                    0                    0
         "BPM.15L2.B1"             26198.62     0.01319194262719    0.003304362494651           0.05772038       0.446598463566                    0                    0
         "BPM.14L2.B1"             26252.07     0.01023078001361   0.0005494469593642         -0.015045496      0.4284230087257                    0                    0
         "BPM.13L2.B1"             26305.52     0.01530727241907     0.00149399600414        -0.3803111338      0.2097962572806                    0                    0
         "BPM.12L2.B1"             26358.97     0.01680523103691    0.001118708058682         -0.251055644      0.2169916745721                    0                    0
         "BPM.11L2.B1"             26412.43     0.01323924163892    0.002794772308088          0.096439276      0.2157620629564                    0                    0
         "BPM.10L2.B1"             26464.27     0.01126997019913    0.001218256159464           0.40653189      0.2322586866898                    0                    0
          "BPM.9L2.B1"             26503.33     0.01155360803543   0.0007177606575679           0.40612745       0.186430991394                    0                    0
          "BPM.8L2.B1"              26543.8      0.0167557858541    0.001046091425374           -0.1908861      0.4710133243746                    0                    0