@ GetLLMVersion %s "V3.0.0 Dev"
@ Command %s "/afs/cern.ch/eng/sl/lintrack/miniconda2/bin/python '/afs/cern.ch/eng/sl/lintrack/Beta-Beat.src/GetLLM/GetLLM.py' '--accel=LHCB1' '--model=/user/slops/data/LHC_DATA/OP_DATA/Betabeat/2022-04-27/models/LHCB1/b1_30cm_forlocal_2022/twiss.dat' '--files=/user/slops/data/LHC_DATA/OP_DATA/Betabeat/2022-04-27/LHCB1/Measurements/Beam1@Turn@2022_04_27@22_45_02_462-1_6600/Beam1@Turn@2022_04_27@22_45_02_462.sdds.clean,/user/slops/data/LHC_DATA/OP_DATA/Betabeat/2022-04-27/LHCB1/Measurements/Beam1@Turn@2022_04_27@22_47_00_319-1_6600/Beam1@Turn@2022_04_27@22_47_00_319.sdds.clean,/user/slops/data/LHC_DATA/OP_DATA/Betabeat/2022-04-27/LHCB1/Measurements/Beam1@Turn@2022_04_27@22_48_29_082-1_6600/Beam1@Turn@2022_04_27@22_48_29_082.sdds.clean,/user/slops/data/LHC_DATA/OP_DATA/Betabeat/2022-04-27/LHCB1/Measurements/Beam1@Turn@2022_04_27@22_50_43_853-1_6600/Beam1@Turn@2022_04_27@22_50_43_853.sdds.clean,/user/slops/data/LHC_DATA/OP_DATA/Betabeat/2022-04-27/LHCB1/Measurements/Beam1@Turn@2022_04_27@22_52_01_475-1_6600/Beam1@Turn@2022_04_27@22_52_01_475.sdds.clean' '--output=/user/slops/data/LHC_DATA/OP_DATA/Betabeat/2022-04-27/LHCB1/Results/b1_30cm_beforeKmod' '--tbtana=SUSSIX' '--bpmu=mm' '--useerrorofmean=false' '--lhcphase=0' '--errordefs=/user/slops/data/LHC_DATA/OP_DATA/Betabeat/2022-04-27/models/LHCB1/b1_30cm_forlocal_2022/error_deff.txt' '--calibration=/afs/cern.ch/eng/sl/lintrack/LHC_commissioning2017/Calibration_factors_2017/Calibration_factors_2017_beam1' '--range=11'"
@ CWD %s "/nfs/cs-ccr-nfsop/nfs2/vol1/u1/lhcop"
@ Date %s "28. April 2022, 01:17:57"
@ TABLE %s "ORBIT"
@ TYPE %s "ORBIT"
@ SEQUENCE %s "LHCB1"
@ Q1 %le 0.26998810745173746
@ Q2 %le 0.3219859684952381
@ FILES %s "/user/slops/data/LHC_DATA/OP_DATA/Betabeat/2022-04-27/LHCB1/Measurements/Beam1@Turn@2022_04_27@22_45_02_462-1_6600/Beam1@Turn@2022_04_27@22_45_02_462.sdds.clean_linx,/user/slops/data/LHC_DATA/OP_DATA/Betabeat/2022-04-27/LHCB1/Measurements/Beam1@Turn@2022_04_27@22_47_00_319-1_6600/Beam1@Turn@2022_04_27@22_47_00_319.sdds.clean_linx,/user/slops/data/LHC_DATA/OP_DATA/Betabeat/2022-04-27/LHCB1/Measurements/Beam1@Turn@2022_04_27@22_48_29_082-1_6600/Beam1@Turn@2022_04_27@22_48_29_082.sdds.clean_linx,/user/slops/data/LHC_DATA/OP_DATA/Betabeat/2022-04-27/LHCB1/Measurements/Beam1@Turn@2022_04_27@22_50_43_853-1_6600/Beam1@Turn@2022_04_27@22_50_43_853.sdds.clean_linx,/user/slops/data/LHC_DATA/OP_DATA/Betabeat/2022-04-27/LHCB1/Measurements/Beam1@Turn@2022_04_27@22_52_01_475-1_6600/Beam1@Turn@2022_04_27@22_52_01_475.sdds.clean_linx"
*                 NAME                    S                COUNT                    X                 STDX                 XMDL               MUXMDL
$                   %s                  %le                  %le                  %le                  %le                  %le                  %le
        "BPMYB.5L2.B1"               28.288                    5           0.23977866     0.00577430255413                    0        0.02850035689
        "BPMYB.4L2.B1"               48.858                    5           0.19997118    0.002803187486028                    0        0.05528819485
         "BPMS.2L2.B1"              161.394                    5            1.0261048    0.006190812819015                    0         0.2259694338
        "BPMSW.1L2.B1"              171.328                    5            3.2439626    0.005322992188821                    0         0.2493408462
        "BPMSW.1R2.B1"              214.518                    5            1.2385166     0.00509790363195                    0         0.6114563603
         "BPMS.2R2.B1"              224.452                    5          -0.23652536    0.008241659653652                    0         0.6294099833
        "BPMSX.4R2.B1"             262.3035                    5           -0.2161851    0.004151030360311                    0         0.6728227315
        "BPMWB.4R2.B1"             312.5965                    5           0.80350164    0.009060125865052                    0         0.7542339749
        "BPMYB.4R2.B1"              336.988                    5          -0.54160596    0.007596670624337                    0          0.789002014
         "BPMR.5R2.B1"              366.522                    5          -0.19994438    0.002457648362525                    0         0.8893043057
          "BPM.6R2.B1"              439.818                    5           -0.2672089    0.004945417109631                    0          1.055201055
        "BPM_A.7R2.B1"              452.693                    5         -0.029849464     0.00462777883039                    0          1.072400914
          "BPM.8R2.B1"               494.13                    5           0.12875524    0.006375449926917                    0          1.153834211
          "BPM.9R2.B1"              533.195                    5           0.29135592    0.002059306157379                    0          1.303087395
         "BPM.11R2.B1"             625.4967                    5          0.033976996    0.002106944827983                    0           1.58287562
         "BPM.12R2.B1"             680.2203                    5          -0.05826765    0.009621632482631                    0          1.719570564
         "BPM.13R2.B1"             733.6688                    5           -0.5480439    0.003201546038447                    0          1.832297266
         "BPM.14R2.B1"             787.1173                    5          0.016644546    0.004652986581008                    0          1.970047759
         "BPM.15R2.B1"             840.5658                    5          -0.10960762    0.002608164887008                    0           2.08165613
         "BPM.16R2.B1"             894.0143                    5          -0.41291382    0.008843055820577                    0          2.215090242
         "BPM.17R2.B1"             947.4628                    5            0.3513423    0.004095032283169                    0          2.330684812
         "BPM.18R2.B1"             1000.911                    5          0.060651126    0.003019997773252                    0          2.468484949
         "BPM.19R2.B1"              1054.36                    5          -0.79845624    0.002517404786427                    0           2.58012965
         "BPM.20R2.B1"             1107.808                    5         -0.046264998     0.00769360961171                    0          2.713520129
         "BPM.21R2.B1"             1161.257                    5         -0.020674778    0.004514663439429                    0          2.829075832
         "BPM.22R2.B1"             1214.705                    5           0.15205398     0.00148107527757                    0          2.966921332
         "BPM.23R2.B1"             1268.154                    5           -0.7139843    0.003698429949624                    0          3.082355874
         "BPM.24R2.B1"             1321.602                    5           0.04122691    0.009793537357928                    0          3.219855843
         "BPM.25R2.B1"             1375.051                    5          -0.63534196    0.003650899702614                    0          3.334640443
         "BPM.26R2.B1"             1428.499                    5          0.086051478    0.001324438211333                    0          3.472511246
         "BPM.27R2.B1"             1481.948                    5          0.015796714    0.003130025358594                    0           3.58793445
         "BPM.28R2.B1"             1535.397                    5          -0.20959394    0.009291917250525                    0          3.725408761
         "BPM.29R2.B1"             1588.845                    5          -0.19098234    0.004454811657816                    0          3.840205376
         "BPM.31R2.B1"             1695.742                    5          -0.25232948     0.00270584663974                    0          4.093511769
         "BPM.32R2.B1"             1749.191                    5           -0.2700045     0.01125823132291                    0           4.23096143
         "BPM.33R2.B1"             1802.639                    5          -0.09243487    0.004172736655911                    0          4.345771575
         "BPM.34R2.B1"             1856.088                    5         -0.060708494    0.001333556163468                    0          4.483691878
         "BPM.33L3.B1"             1909.536                    5         -0.057394214    0.002049176909143                    0          4.599087804
         "BPM.32L3.B1"             1962.985                    5         -0.024838974    0.009149384644218                    0          4.736513942
         "BPM.31L3.B1"             2016.433                    5          -0.52904052    0.003027276404604                    0          4.851339067
         "BPM.30L3.B1"             2069.882                    5         -0.046499688    0.001773475862366                    0           4.98928241
         "BPM.29L3.B1"              2123.33                    5            0.1123822     0.00491096361911                    0          5.104662531
         "BPM.28L3.B1"             2176.779                    5          -0.29006584     0.01018641482557                    0          5.242066388
         "BPM.27L3.B1"             2230.227                    5        -0.0141951498     0.00363439507746                    0          5.356907871
         "BPM.26L3.B1"             2283.676                    5          -0.31832222   0.0009933749170517                    0          5.494872961
         "BPM.25L3.B1"             2337.124                    5           0.38417554    0.001299480198631                    0          5.610235937
         "BPM.24L3.B1"             2390.573                    5         -0.095577268    0.009438011560656                    0          5.747618862
         "BPM.23L3.B1"             2444.021                    5          -0.36947626    0.002748005122015                    0             5.862478
         "BPM.22L3.B1"              2497.47                    5          -0.17229208    0.002312658668681                    0          6.000463437
         "BPM.21L3.B1"             2550.918                    5          0.019793478    0.005289082004923                    0          6.115808011
         "BPM.20L3.B1"             2604.367                    5            -0.045157     0.01028111664768                    0          6.254116269
         "BPM.19L3.B1"             2657.815                    5          -0.43683564    0.003249893239252                    0          6.365995529
         "BPM.18L3.B1"             2711.264                    5           0.21700556    0.004063256251657                    0          6.498900594
         "BPM.17L3.B1"             2764.712                    5          -0.94899648    0.001248162684082                    0          6.614197544
         "BPM.16L3.B1"             2818.161                    5          0.027455974    0.009974505186817                    0          6.752545662
         "BPM.15L3.B1"             2871.609                    5           0.45284978    0.001465955413311                    0            6.8644704
         "BPM.14L3.B1"             2925.058                    5          -0.40091678    0.001872388447354                    0          6.997338432
         "BPM.13L3.B1"             2978.506                    5            0.2312778     0.00509584276918                    0          7.112587289
         "BPM.12L3.B1"             3031.955                    5          -0.18715282     0.01070412665461                    0          7.249448805
         "BPM.11L3.B1"             3085.403                    5           -0.9570213    0.003901579108072                    0          7.375789649
         "BPM.10L3.B1"             3138.184                    5           0.73779676    0.002890757905225                    0          7.525141462
          "BPM.9L3.B1"             3177.249                    5           -0.4172479    0.002026837904764                    0          7.586149576
          "BPM.8L3.B1"             3217.712                    5          -0.45592404    0.007404042212373                    0          7.662792964
          "BPM.7L3.B1"             3256.776                    5          -0.33122862    0.003956784350689                    0          7.721622985
          "BPM.6L3.B1"             3329.415                    5          -0.06012279      0.0074743501267                    0          7.833586906
       "BPMWG.A5L3.B1"              3371.12                    5           0.07891568    0.002416472252541                    0          7.890689035
         "BPMW.5L3.B1"              3400.09                    5           0.42950104    0.001897105572866                    0           7.97419919
        "BPMWE.4L3.B1"             3475.218                    5         -0.046959018     0.01394642689335                    0          8.077745249
         "BPMW.4R3.B1"             3547.728                    5           0.62633792    0.007349565215838                    0          8.163055045
        "BPMWE.4R3.B1"             3575.273                    5           -0.7555908     0.01417460896506                    0          8.310416848
         "BPMW.5R3.B1"             3650.401                    5           0.82174134    0.004554541748941                    0          8.440023674
       "BPMWJ.A5R3.B1"             3679.119                    5          -0.33538964     0.01255012166963                    0          8.452676858
        "BPMWC.6R3.B1"             3718.937                    5            1.0788446    0.003600801499766                    0          8.498671416
         "BPMR.6R3.B1"             3731.015                    5           0.49137082    0.008074417157035                    0          8.538858375
          "BPM.8R3.B1"             3825.903                    5          -0.27541976     0.01061698312566                    0          8.838031371
          "BPM.9R3.B1"             3864.968                    5          -0.65521064    0.003987424277737                    0          8.942266215
         "BPM.10R3.B1"             3905.431                    5           0.28073214     0.01164347665015                    0          9.017160309
         "BPM.11R3.B1"             3958.212                    5          -0.20800984     0.01080803290163                    0          9.110303215
         "BPM.12R3.B1"             4012.935                    5             0.345872     0.01325364032831                    0          9.210942643
         "BPM.13R3.B1"             4066.384                    5          -0.35269144    0.008917985068536                    0          9.327552311
         "BPM.15R3.B1"             4173.281                    5          -0.11048186    0.006104186592382                    0           9.58162233
         "BPM.16R3.B1"              4226.73                    5           0.21391956    0.006369269250599                    0           9.69363842
         "BPM.17R3.B1"             4280.178                    5           -0.3408447    0.006601674639076                    0          9.825995242
         "BPM.18R3.B1"             4333.627                    5           0.42439998    0.005905751328818                    0          9.941128655
         "BPM.19R3.B1"             4387.075                    5            -0.210209    0.007483600787871                    0           10.0800453
         "BPM.20R3.B1"             4440.524                    5          -0.41776656     0.01382286521307                    0          10.19211632
         "BPM.21R3.B1"             4493.972                    5           -0.1491556     0.01190469524802                    0          10.32443971
         "BPM.22R3.B1"             4547.421                    5         -0.057966858    0.009348429131081                    0           10.4395154
         "BPM.23R3.B1"             4600.869                    5          -0.25023682    0.006334922522166                    0          10.57751751
         "BPM.24R3.B1"             4654.318                    5            0.3027524    0.009994665683864                    0          10.69264439
         "BPM.25R3.B1"             4707.766                    5          -0.22493276    0.005027087798976                    0          10.83000036
         "BPM.26R3.B1"             4761.215                    5           0.15886278    0.007685898997893                    0          10.94509588
         "BPM.27R3.B1"             4814.663                    5          -0.13282266    0.009923146663363                    0          11.08309926
         "BPM.28R3.B1"             4868.112                    5          -0.47788428    0.009904084296788                    0          11.19820643
         "BPM.29R3.B1"              4921.56                    5          -0.21357908    0.008644528390249                    0          11.33556193
         "BPM.30R3.B1"             4975.009                    5           0.27926914    0.004038776429391                    0          11.45067717
         "BPM.31R3.B1"             5028.457                    5          -0.49144638    0.004133858604959                    0          11.58868022
         "BPM.32R3.B1"             5081.906                    5           0.66556326    0.003748081647775                    0          11.70376769
         "BPM.33R3.B1"             5135.354                    5          -0.10988002    0.006969971949572                    0           11.8411243
         "BPM.34R3.B1"             5188.803                    5          -0.48094314    0.008357518624249                    0          11.95625922
         "BPM.33L4.B1"             5242.251                    5         -0.070488648    0.006964098123053                    0          12.09426035
         "BPM.32L4.B1"               5295.7                    5           -0.2504141    0.005347388032695                    0          12.20932821
         "BPM.31L4.B1"             5349.148                    5           -0.1142321     0.00755604420555                    0          12.34668751
         "BPM.30L4.B1"             5402.597                    5          -0.13337824   0.0009408481379139                    0          12.46184198
         "BPM.29L4.B1"             5456.045                    5           -0.1356077    0.007339782306051                    0          12.59983962
         "BPM.28L4.B1"             5509.494                    5         -0.033272292    0.003609878005445                    0          12.71488806
         "BPM.27L4.B1"             5562.942                    5          -0.15820888    0.008038251685399                    0          12.85225161
         "BPM.26L4.B1"             5616.391                    5           0.19930884    0.001715054903674                    0           12.9674254
         "BPM.25L4.B1"             5669.839                    5           -0.2456124    0.007729617966511                    0          13.10541797
         "BPM.24L4.B1"             5723.288                    5          -0.19616072     0.00426193697159                    0          13.22044728
         "BPM.23L4.B1"             5776.736                    5         -0.106150088    0.007091156321673                    0          13.35781664
         "BPM.22L4.B1"             5830.185                    5          -0.36614398    0.001921366415287                    0          13.47300941
         "BPM.21L4.B1"             5883.634                    5           0.22039834    0.006230831735702                    0          13.61099538
         "BPM.20L4.B1"             5937.082                    5          -0.47597912    0.004296846185491                    0          13.72226734
         "BPM.19L4.B1"             5990.531                    5     -0.0038923296734    0.005332150372168                    0          13.85545991
         "BPM.18L4.B1"             6043.979                    5          -0.20670366    0.001330663636919                    0          13.97139342
         "BPM.17L4.B1"             6097.428                    5           0.11726042    0.009822881186384                    0          14.10943449
         "BPM.16L4.B1"             6150.876                    5            1.4266626     0.00651643646787                    0          14.22074659
         "BPM.15L4.B1"             6204.325                    5          -0.35812996    0.006129179196157                    0          14.35388825
         "BPM.14L4.B1"             6257.773                    5           0.16503306    0.001288890365631                    0          14.46977836
         "BPM.13L4.B1"             6311.222                    5            0.4402118    0.008672004108404                    0          14.60787268
         "BPM.12L4.B1"              6364.67                    5           0.29249212    0.002243470738347                    0          14.73727541
         "BPM.11L4.B1"             6418.119                    5           -0.2648226    0.003914993882528                    0          14.89248364
         "BPM.10L4.B1"             6469.957                    5           0.41482762    0.001064336060583                    0          14.99133037
          "BPM.9L4.B1"             6509.022                    5            1.1026438    0.008271683683509                    0          15.09973586
          "BPM.8L4.B1"             6549.485                    5            0.4135751    0.002865598620926                    0          15.29852758
          "BPM.7L4.B1"             6588.549                    5           -0.1941834   0.0005766516246552                    0          15.47287468
        "BPMYB.6L4.B1"             6685.153                    5           0.21539482    0.003209612760101                    0           15.5601647
        "BPMYA.5L4.B1"             6722.153                    5           0.42382174    0.009121898768053                    0          15.58291969
       "BPMWA.B5L4.B1"              6824.62                    5          -0.06450376    0.009074116825687                    0          15.62889526
       "BPMWA.A5L4.B1"             6833.505                    5            0.4084295    0.009644337888119                    0          15.63410528
       "BPMWA.A5R4.B1"             6881.554                    5           0.45985954     0.01110092221587                    0          15.66604267
       "BPMWA.B5R4.B1"             6890.439                    5            0.2885624     0.00757235103546                    0          15.67260621
        "BPMYB.5R4.B1"             6992.829                    5          0.031409414    0.008564681516031                    0          15.75495927
        "BPMYA.6R4.B1"             7024.393                    5          0.000636688     0.01348109879492                    0          15.76969669
          "BPM.7R4.B1"             7120.909                    5          -0.60028762    0.003367473724582                    0          15.87051304
          "BPM.8R4.B1"             7158.698                    5            0.2778744    0.002520114060951                    0          15.98705603
          "BPM.9R4.B1"             7197.763                    5          -0.38485786    0.004523934036948                    0           16.2323271
         "BPM.10R4.B1"             7238.226                    5          -0.28947536     0.01019956846963                    0           16.3476643
         "BPM.11R4.B1"             7290.065                    5            0.0572551    0.003214569895519                    0          16.40977378
         "BPM.12R4.B1"             7344.789                    5          -0.28311484    0.003487338679655                    0          16.57519743
         "BPM.13R4.B1"             7398.237                    5           0.37723696    0.004104994863165                    0          16.75811535
         "BPM.14R4.B1"             7451.686                    5          -0.15116682    0.008427198754142                    0          16.84945757
         "BPM.15R4.B1"             7505.134                    5          -0.41718318     0.00192642703413                    0          16.91090693
         "BPM.16R4.B1"             7558.583                    5          -0.20889462    0.006823031648309                    0           17.0715877
         "BPM.17R4.B1"             7612.031                    5           0.35996668     0.00588488645819                    0          17.25807613
         "BPM.18R4.B1"              7665.48                    5          -0.25246032     0.01135971986494                    0          17.34943939
         "BPM.19R4.B1"             7718.928                    5          -0.47111886    0.003134011189293                    0          17.41088335
         "BPM.20R4.B1"             7772.377                    5        0.00012533764    0.003151038470549                    0          17.57151836
         "BPM.21R4.B1"             7825.825                    5          0.048687172    0.002972192449879                    0          17.75803912
         "BPM.22R4.B1"             7879.274                    5          -0.22135522    0.006522053995009                    0          17.84942122
         "BPM.23R4.B1"             7932.722                    5           0.26283118    0.001996185754336                    0          17.91085978
         "BPM.24R4.B1"             7986.171                    5          -0.18540186    0.008667098087978                    0          18.07144904
         "BPM.25R4.B1"             8039.619                    5          -0.35235756    0.006046144237992                    0          18.25800209
         "BPM.26R4.B1"             8093.068                    5          -0.32205636     0.01167000770499                    0          18.34940304
         "BPM.27R4.B1"             8146.516                    5           0.45036794    0.005160351215043                    0          18.41083621
         "BPM.28R4.B1"             8199.965                    5         -0.071696578     0.00451319314902                    0          18.57137972
         "BPM.29R4.B1"             8253.413                    5          -0.68579022    0.002283831257768                    0          18.75796505
         "BPM.30R4.B1"             8306.862                    5           0.06605449     0.01009341551881                    0          18.84938486
         "BPM.31R4.B1"              8360.31                    5           0.16967538    0.001841081181759                    0          18.91081265
         "BPM.32R4.B1"             8413.759                    5          -0.18869456    0.005396449150934                    0          19.07131042
         "BPM.33R4.B1"             8467.208                    5          -0.50693404    0.003916728199741                    0            19.257928
         "BPM.34R4.B1"             8520.656                    5         0.0218582292      0.0120294095115                    0          19.34936668
         "BPM.33L5.B1"             8574.105                    5          -0.28588744    0.002690279368136                    0          19.41078909
         "BPM.32L5.B1"             8627.553                    5          -0.11334636     0.00400175099458                    0          19.57124112
         "BPM.31L5.B1"             8681.002                    5         0.0024584428    0.004128494461956                    0          19.75789094
         "BPM.30L5.B1"              8734.45                    5        -0.0127531678    0.008616618430809                    0           19.8493485
         "BPM.29L5.B1"             8787.899                    5          -0.19636842    0.003676696108986                    0          19.91076554
         "BPM.28L5.B1"             8841.347                    5          -0.15796854    0.005013780688325                    0          20.07117184
         "BPM.27L5.B1"             8894.796                    5           -0.2516161    0.006389578667503                    0          20.25785387
         "BPM.26L5.B1"             8948.244                    5          -0.18425194     0.01069209281753                    0          20.34933032
         "BPM.25L5.B1"             9001.693                    5         -0.072755312     0.00368550206125                    0          20.41074199
         "BPM.24L5.B1"             9055.141                    5           -0.1745743    0.003200164700169                    0          20.57110257
         "BPM.23L5.B1"              9108.59                    5           0.24045148    0.004160971267602                    0          20.75781678
         "BPM.22L5.B1"             9162.038                    5         -0.051726914    0.008409886747747                    0          20.84931213
         "BPM.21L5.B1"             9215.487                    5          -0.58526308    0.004518118903446                    0          20.91071845
         "BPM.20L5.B1"             9268.935                    5          0.028812696      0.0043078922127                    0          21.07103331
         "BPM.19L5.B1"             9322.384                    5         -0.101434816     0.00615129132983                    0          21.25777969
         "BPM.18L5.B1"             9375.832                    5          -0.49873788    0.009922383940858                    0          21.34929395
         "BPM.17L5.B1"             9429.281                    5           0.42185976    0.001241450475273                    0          21.41069491
         "BPM.16L5.B1"             9482.729                    5         -0.020890548    0.004262975411747                    0          21.57096406
         "BPM.15L5.B1"             9536.178                    5          -0.35330106    0.003734524996113                    0          21.75774258
         "BPM.14L5.B1"             9589.626                    5             0.104969    0.008854797492861                    0          21.84927577
         "BPM.13L5.B1"             9643.075                    5          -0.45873324    0.002304885943095                    0          21.91067138
         "BPM.12L5.B1"             9696.523                    5         -0.036908676    0.003434379713771                    0          22.07232275
         "BPM.11L5.B1"             9749.972                    5            0.1152005    0.005072931442492                    0          22.25432658
         "BPM.10L5.B1"             9802.753                    5          -0.25830268    0.009450529862067                    0          22.34586829
          "BPM.9L5.B1"             9841.818                    5         -0.028659674    0.005622847628286                    0          22.40140007
          "BPM.8L5.B1"             9882.281                    5         -0.057510956    0.005523466476176                    0          22.65457483
         "BPMR.7L5.B1"             9921.347                    5           0.22125308    0.005149433034987                    0          22.77898748
          "BPM.6L5.B1"             9958.241                    5            0.1172371     0.01013104642908                    0          22.84055372
         "BPMR.5L5.B1"             9990.141                    5           0.52489674     0.01447637659577                    0          22.85003547
        "BPMYA.4L5.B1"             10017.55                    5          0.090494902     0.02263838639964                    0          22.85333595
        "BPMWB.4L5.B1"             10038.68                    5          -0.46206194     0.02518327195093                    0          22.85474828
        "BPMSY.4L5.B1"              10131.4                    5          0.076273564     0.02848182633162                    0          22.85977996
         "BPMS.2L5.B1"             10158.25                    5           0.42386388     0.03583786429342                    0          22.86062357
        "BPMSW.1L5.B1"             10168.21                    5          -0.24217444     0.01732878159741                    0          22.86124962
        "BPMSW.1R5.B1"             10211.34                    5           -1.1035816     0.01690856311577                    0          23.35683152
         "BPMS.2R5.B1"              10221.3                    5           -1.9869258     0.02261226346386                    0          23.35763618
        "BPMSY.4R5.B1"             10248.03                    5         -0.012180956     0.03884296392715                    0          23.35888256
        "BPMWB.4R5.B1"             10340.87                    5          -0.56010386     0.01482256551393                    0          23.36480368
        "BPMYA.4R5.B1"                10362                    5          -0.51809782      0.0073464586787                    0          23.37075584
          "BPM.5R5.B1"             10383.12                    5          -0.68020676    0.004674736809113                    0          23.38486433
         "BPMR.6R5.B1"             10415.02                    5           0.54118872    0.002233487537893                    0           23.6774171
        "BPM_A.7R5.B1"             10449.03                    5           0.63646408    0.007766025829579                    0          23.83154809
          "BPM.8R5.B1"             10490.47                    5          -0.18577046     0.00297050350187                    0          23.89375006
          "BPM.9R5.B1"             10529.54                    5          -0.47960216     0.00516846271097                    0          24.13882839
         "BPM.10R5.B1"             10570.01                    5           0.16802734    0.001026930115745                    0          24.27181348
         "BPM.11R5.B1"             10622.79                    5          -0.26810158     0.01107036676907                    0          24.35194285
         "BPM.12R5.B1"             10677.51                    5          0.047055954    0.005498030048314                    0          24.41268259
         "BPM.13R5.B1"             10730.97                    5          -0.23324842    0.007778943691133                    0          24.57287302
         "BPM.14R5.B1"             10784.42                    5          -0.14698488    0.002535041432762                    0          24.75876689
         "BPM.15R5.B1"             10837.87                    5          0.062794722    0.007314775825377                    0          24.84978479
         "BPM.16R5.B1"             10891.32                    5          -0.17907664    0.003976050974351                    0          24.91133743
         "BPM.17R5.B1"             10944.77                    5          -0.18978364    0.005441516092655                    0          25.07287289
         "BPM.18R5.B1"             10998.22                    5          0.010698753    0.001804537613255                    0          25.25876689
         "BPM.19R5.B1"             11051.68                    5          -0.25607212    0.008762302397533                    0          25.34978479
         "BPM.20R5.B1"             11105.13                    5          -0.22888596     0.00515192001982                    0          25.41133743
         "BPM.21R5.B1"             11158.58                    5        -0.0189086598    0.007186976212448                    0          25.57287289
         "BPM.22R5.B1"             11212.03                    5          -0.17339498    0.001723152306041                    0          25.75876689
         "BPM.23R5.B1"             11265.48                    5         -0.065270926     0.00699315891683                    0          25.84978479
         "BPM.24R5.B1"             11318.93                    5         -0.021334944    0.005863132449482                    0          25.91133742
         "BPM.25R5.B1"             11372.38                    5          -0.11813368    0.005355708783142                    0          26.07287289
         "BPM.26R5.B1"             11425.84                    5          -0.13673642    0.002336063667328                    0          26.25876689
         "BPM.27R5.B1"             11479.29                    5           -0.2405063    0.008229226494648                    0          26.34978479
         "BPM.28R5.B1"             11532.74                    5          -0.43320122    0.004278691559092                    0          26.41133742
         "BPM.29R5.B1"             11586.19                    5        0.00644074618    0.007318740069369                    0          26.57287289
         "BPM.30R5.B1"             11639.64                    5          0.090232466    0.003430632788721                    0          26.75876689
         "BPM.31R5.B1"             11693.09                    5           -0.1179056    0.006667648422661                    0          26.84978479
         "BPM.32R5.B1"             11746.54                    5          -0.23559424    0.004964763456864                    0          26.91133742
         "BPM.33R5.B1"                11800                    5         0.0071926164      0.0067433274355                    0          27.07287289
         "BPM.34R5.B1"             11853.45                    5          -0.17953038    0.001664566851112                    0          27.25876689
         "BPM.33L6.B1"              11906.9                    5          -0.43529478    0.009257747443834                    0          27.34978479
         "BPM.32L6.B1"             11960.35                    5          0.070814108      0.0040182091151                    0          27.41133742
         "BPM.31L6.B1"              12013.8                    5         -0.062913236    0.007928843014837                    0          27.57287289
         "BPM.30L6.B1"             12067.25                    5          -0.16950068    0.004107726158086                    0          27.75876689
         "BPM.29L6.B1"              12120.7                    5           -0.1098741    0.008033454933727                    0          27.84978479
         "BPM.28L6.B1"             12174.16                    5          0.021647114    0.004875933494576                    0          27.91133742
         "BPM.27L6.B1"             12227.61                    5          -0.12687068    0.005475943013018                    0          28.07287289
         "BPM.26L6.B1"             12281.06                    5         -0.103430768    0.004763978652273                    0          28.25876689
         "BPM.25L6.B1"             12334.51                    5          -0.41344376     0.01080402256914                    0          28.34978479
         "BPM.24L6.B1"             12387.96                    5           0.13570732    0.006267376418074                    0          28.41133742
         "BPM.23L6.B1"             12441.41                    5           -1.0844098    0.007180585251924                    0          28.57287289
         "BPM.22L6.B1"             12494.87                    5          -0.15689288    0.002230422540645                    0          28.75876689
         "BPM.21L6.B1"             12548.32                    5          0.049595156    0.007423197974383                    0          28.84978479
         "BPM.20L6.B1"             12601.77                    5           -0.2239881    0.004137486157587                    0          28.91133742
         "BPM.19L6.B1"             12655.22                    5          -0.20610556     0.00553079040668                    0          29.07287289
         "BPM.18L6.B1"             12708.67                    5          0.103861482     0.00702932790938                    0          29.25876689
         "BPM.17L6.B1"             12762.12                    5          -0.34369724    0.009309834717898                    0          29.34978479
         "BPM.16L6.B1"             12815.57                    5          -0.11334596    0.007693137272831                    0          29.41133742
         "BPM.15L6.B1"             12869.03                    5          -0.14989488    0.006919857101257                    0          29.57287289
         "BPM.14L6.B1"             12922.48                    5          -0.26092422    0.003782243960115                    0          29.75876689
         "BPM.13L6.B1"             12975.93                    5         -0.021664982      0.0066177569659                    0          29.84978479
         "BPM.12L6.B1"             13029.38                    5        -0.0050003792    0.005615063662459                    0           29.9097877
         "BPM.11L6.B1"             13082.83                    5          -0.14659664    0.006490329161038                    0          30.05519538
         "BPM.10L6.B1"             13134.67                    5          -0.18836214    0.002713188044094                    0          30.24565391
          "BPM.8L6.B1"              13214.2                    5           0.46134708    0.002967282989169                    0          30.40550145
        "BPMYA.5L6.B1"             13311.29                    5         -0.029887144    0.003622298708015                    0          30.73372648
        "BPMYB.4L6.B1"             13347.69                    5          -0.08472959    0.002899514587841                    0          30.74890392
       "BPMSX.B4L6.B1"             13383.23                    5           0.22089324    0.002308973075333                    0          30.77921992
       "BPMSX.A4L6.B1"             13383.82                    5           0.20679038    0.008658842952139                    0          30.77977137
        "BPMSA.4R6.B1"             13568.51                    5          -0.15990726     0.01158064171014                    0          30.95522706
        "BPMYA.4R6.B1"             13691.29                    5           0.12679064     0.01558044370956                    0          31.00741359
        "BPMYB.5R6.B1"             13727.69                    5          -0.24392614    0.006795907673784                    0          31.02828681
          "BPM.8R6.B1"             13823.42                    5           -0.4260693     0.00430717062539                    0          31.34260896
          "BPM.9R6.B1"             13862.49                    5           -0.4593033    0.003626785409724                    0          31.48282412
         "BPM.10R6.B1"             13902.95                    5          -0.33997678    0.007812556447529                    0          31.62218306
         "BPM.11R6.B1"             13954.79                    5          -0.17614704    0.002414990716054                    0          31.73502635
         "BPM.12R6.B1"             14009.52                    5           -0.1667934    0.005497050120586                    0           31.8875593
         "BPM.13R6.B1"             14062.97                    5          0.062279748    0.003170772265823                    0          32.00392343
         "BPM.14R6.B1"             14116.42                    5           -0.2306022    0.005276366557038                    0          32.14124517
         "BPM.15R6.B1"             14169.87                    5          -0.24272694   0.0008910246745319                    0          32.25731782
         "BPM.16R6.B1"             14223.33                    5          -0.38290662    0.008595047356111                    0          32.39670641
         "BPM.17R6.B1"             14276.78                    5           0.37785924    0.003884122947931                    0          32.51102287
         "BPM.18R6.B1"             14330.23                    5          -0.30555906    0.006782995897583                    0          32.64843271
         "BPM.19R6.B1"             14383.68                    5         -0.054169942    0.001643836246709                    0          32.76458372
         "BPM.20R6.B1"             14437.13                    5          -0.02104299    0.006663973119755                    0           32.9038759
         "BPM.21R6.B1"             14490.58                    5          -0.13723006    0.003072685698638                    0          33.01811969
         "BPM.22R6.B1"             14544.04                    5           0.00077258    0.004249681843728                    0          33.15562784
         "BPM.23R6.B1"             14597.49                    5          -0.72698644    0.002297609469607                    0          33.26977491
         "BPM.24R6.B1"             14650.94                    5          0.084333006    0.008699874934432                    0          33.40700381
         "BPM.26R6.B1"             14757.84                    5           0.16851912    0.004776932881863                    0          33.65935472
         "BPM.27R6.B1"             14811.29                    5          -0.54082126    0.002883656344075                    0          33.77349652
         "BPM.28R6.B1"             14864.74                    5            0.2014329    0.005801621447167                    0          33.91074486
         "BPM.29R6.B1"              14918.2                    5           -0.4577427    0.004206947898918                    0          34.02561117
         "BPM.30R6.B1"             14971.65                    5         -0.079004022    0.002643827211192                    0          34.16308108
         "BPM.31R6.B1"              15025.1                    5          -0.15055942    0.001497848715263                    0          34.27721839
         "BPM.32R6.B1"             15078.55                    5          -0.20033126    0.007533346219484                    0          34.41448643
         "BPM.33R6.B1"                15132                    5           -0.2343053    0.008304361233245                    0          34.52935687
         "BPM.34R6.B1"             15185.45                    5         -0.039243236    0.005133575608303                    0          34.66680693
         "BPM.33L7.B1"              15238.9                    5           -0.1952056    0.002155377604092                    0          34.78094056
         "BPM.32L7.B1"             15292.36                    5           0.05756884    0.005345612100231                    0          34.91822851
         "BPM.31L7.B1"             15345.81                    5          -0.31154852    0.003679277216766                    0          35.03310226
         "BPM.30L7.B1"             15399.26                    5          -0.09228654     0.00438716136732                    0          35.17053228
         "BPM.29L7.B1"             15452.71                    5          -0.18465622    0.001018656506295                    0          35.28466304
         "BPM.28L7.B1"             15506.16                    5           -0.2257874    0.007567642466992                    0          35.42197107
         "BPM.27L7.B1"             15559.61                    5          -0.09870296     0.00422546076034                    0          35.53684732
         "BPM.26L7.B1"             15613.06                    5          -0.20240882    0.003651252660913                    0          35.67425717
         "BPM.25L7.B1"             15666.52                    5           0.13862218    0.001842990260914                    0          35.78838586
         "BPM.24L7.B1"             15719.97                    5          0.011244052    0.005280154945411                    0          35.92571411
         "BPM.23L7.B1"             15773.42                    5           -0.3426045      0.0030944017225                    0          36.04059203
         "BPM.22L7.B1"             15826.87                    5          -0.28590202    0.003164167201308                    0          36.17798159
         "BPM.21L7.B1"             15880.32                    5           0.43313526    0.001174024445514                    0          36.29210904
         "BPM.20L7.B1"             15933.77                    5          -0.46947266    0.006153997112012                    0          36.42871412
         "BPM.19L7.B1"             15987.23                    5          0.098736746    0.001880887961779                    0          36.54507676
         "BPM.18L7.B1"             16040.68                    5        -0.0130293652    0.003514805064804                    0          36.68517073
         "BPM.17L7.B1"             16094.13                    5          -0.68200362    0.003932639388749                    0          36.79916399
         "BPM.16L7.B1"             16147.58                    5             0.268235     0.00815118330626                    0           36.9358902
         "BPM.15L7.B1"             16201.03                    5           -0.4502402    0.002762951602951                    0          37.05238681
         "BPM.14L7.B1"             16254.48                    5           -0.1606749    0.003280874771798                    0          37.19234827
         "BPM.13L7.B1"             16307.93                    5          0.050941476    0.002740294732142                    0          37.30621724
         "BPM.12L7.B1"             16361.39                    5          -0.31162098    0.007824704316829                    0          37.44323544
         "BPM.11L7.B1"             16414.84                    5          0.103363668    0.002307859057984                    0          37.56627088
         "BPM.10L7.B1"             16467.62                    5           -0.1615898    0.002485686207109                    0          37.71535738
          "BPM.9L7.B1"             16506.69                    5          -0.24506658    0.001680787576655                    0          37.80463829
          "BPM.8L7.B1"             16547.15                    5           0.27502804     0.00552754104631                    0          37.99623946
          "BPM.7L7.B1"             16586.22                    5         -0.107413548     0.00565909281428                    0           38.0869732
          "BPM.6L7.B1"             16621.04                    5           0.41275186    0.006806081653831                    0           38.1400806
        "BPMWC.6L7.B1"             16633.14                    5          -0.52550774    0.008155960489279                    0          38.14831142
        "BPMWE.5L7.B1"             16710.19                    5           0.54388658    0.004448627673551                    0          38.33304919
        "BPMWE.4L7.B1"             16768.48                    5          -0.36145972    0.009070661395832                    0          38.46789379
         "BPMW.4L7.B1"             16796.59                    5           0.46039158      0.0119794109719                    0          38.48118803
         "BPMW.4R7.B1"             16912.63                    5          -0.42425402    0.002451452659517                    0          38.66951043
        "BPMWE.4R7.B1"             16940.74                    5           0.59719402    0.001422613107582                    0          38.74560556
         "BPMW.5R7.B1"             16975.82                    5          0.069799398    0.005075299585596                    0          38.77850712
        "BPMWE.5R7.B1"             16999.03                    5          -0.05367036    0.005672670466017                    0          38.78923721
         "BPMR.6R7.B1"             17078.24                    5        -0.0103433824    0.003873882368538                    0          38.89443529
        "BPM_A.7R7.B1"             17116.28                    5           0.22271292    0.006231862762754                    0          38.98443818
          "BPM.8R7.B1"             17155.35                    5          -0.33993352    0.003054040292105                    0          39.10818626
          "BPM.9R7.B1"             17194.41                    5           0.16939832    0.002426090682934                    0          39.27092089
         "BPM.10R7.B1"             17234.88                    5          -0.70411878    0.003841101328754                    0          39.37800331
         "BPM.11R7.B1"             17287.66                    5         -0.015545728    0.008630736666206                    0          39.50822729
         "BPM.12R7.B1"             17342.39                    5          -0.17113558    0.002131008558833                    0           39.6243032
         "BPM.13R7.B1"             17395.84                    5          0.090038182    0.001251936378159                    0          39.76265798
         "BPM.14R7.B1"             17449.29                    5          -0.58845454    0.003249895328568                    0          39.87746236
         "BPM.15R7.B1"             17502.74                    5         -0.022529698    0.007597688368589                    0          40.01394631
         "BPM.16R7.B1"             17556.19                    5           0.17992542    0.002765053363288                    0          40.12962699
         "BPM.17R7.B1"             17609.65                    5          -0.28916878   0.0009893536869278                    0          40.26988784
         "BPM.18R7.B1"              17663.1                    5         -0.069198396     0.00269469265023                    0          40.38454554
         "BPM.19R7.B1"             17716.55                    5          -0.14226852    0.009170100476975                    0           40.5210817
         "BPM.20R7.B1"                17770                    5          -0.35775328    0.002325653510276                    0          40.63690917
         "BPM.21R7.B1"             17823.45                    5           0.13969208    0.003243381298865                    0          40.77710798
         "BPM.22R7.B1"              17876.9                    5          -0.42815352    0.003667612410525                    0          40.89162367
         "BPM.23R7.B1"             17930.35                    5          0.068574392     0.00799039132251                    0          41.02896819
         "BPM.24R7.B1"             17983.81                    5          -0.35013324    0.002014293405297                    0          41.14345788
         "BPM.25R7.B1"             18037.26                    5          0.086721604    0.002501621272856                    0          41.28084266
         "BPM.26R7.B1"             18090.71                    5          -0.74219514    0.003492124585783                    0          41.39535745
         "BPM.27R7.B1"             18144.16                    5        -0.0144379312    0.007189231205256                    0          41.53270129
         "BPM.28R7.B1"             18197.61                    5          -0.12966148    0.001861738600829                    0          41.64719181
         "BPM.29R7.B1"             18251.06                    5          -0.56040188    0.003792874263909                    0          41.78457725
         "BPM.30R7.B1"             18304.51                    5          0.090958042    0.002475038595698                    0          41.89909119
         "BPM.31R7.B1"             18357.97                    5         -0.100816184    0.007119785110561                    0           42.0364344
         "BPM.32R7.B1"             18411.42                    5           -0.2797003    0.002405686439292                    0          42.15092577
         "BPM.33R7.B1"             18464.87                    5          -0.44861056    0.003429911459293                    0          42.28831183
         "BPM.34R7.B1"             18518.32                    5          -0.59692074    0.004131119655312                    0           42.4028249
         "BPM.33L8.B1"             18571.77                    5          0.049595446    0.007591083374313                    0          42.54016752
         "BPM.32L8.B1"             18625.22                    5           -0.4946837     0.01509639986859                    0          42.65465978
         "BPM.31L8.B1"             18678.68                    5           0.03921621    0.003213747208276                    0          42.79204639
         "BPM.30L8.B1"             18732.13                    5           -0.1751112    0.002797300985635                    0          42.90655857
         "BPM.29L8.B1"             18785.58                    5           -0.1256252    0.008282405283746                    0          43.04390065
         "BPM.28L8.B1"             18839.03                    5           -0.0641691    0.001026032719409                    0          43.15839381
         "BPM.27L8.B1"             18892.48                    5            0.1144781    0.003738881588419                    0          43.29578094
         "BPM.26L8.B1"             18945.93                    5           -1.0455242    0.005213569771352                    0           43.4102922
         "BPM.25L8.B1"             18999.38                    5         0.0059445708    0.008802668963764                    0          43.54763379
         "BPM.24L8.B1"             19052.84                    5          0.029986636    0.002928143884143                    0          43.66212788
         "BPM.23L8.B1"             19106.29                    5          -0.14367908    0.003843772307229                    0          43.79951548
         "BPM.22L8.B1"             19159.74                    5          0.081279228     0.00365281103998                    0           43.9140258
         "BPM.21L8.B1"             19213.19                    5         0.0047314556    0.006696392973832                    0          44.05136695
         "BPM.20L8.B1"             19266.64                    5          -0.51331856    0.000913281130056                    0          44.16794367
         "BPM.19L8.B1"             19320.09                    5          0.070669738    0.002581597231079                    0            44.307277
         "BPM.18L8.B1"             19373.54                    5           -0.5587415    0.003156921356044                    0          44.42109992
         "BPM.17L8.B1"                19427                    5          0.027274954    0.007715715579289                    0          44.55858222
         "BPM.16L8.B1"             19480.45                    5          -0.36452344    0.002985749155335                    0          44.67523275
         "BPM.15L8.B1"              19533.9                    5           -0.0436337    0.004263851515471                    0          44.81441759
         "BPM.14L8.B1"             19587.35                    5           0.16628132    0.003577902521564                    0          44.92817523
         "BPM.13L8.B1"              19640.8                    5          -0.12898944    0.007912442666751                    0          45.06580681
         "BPM.12L8.B1"             19694.25                    5         -0.062275928   0.0009609400133804                    0          45.17454433
         "BPM.11L8.B1"              19747.7                    5          -0.16194518    0.004591195191431                    0          45.30503584
         "BPM.10L8.B1"             19799.55                    5          0.017252584    0.004698176071959                    0          45.41860143
          "BPM.9L8.B1"             19838.61                    5          -0.21808684    0.005237376749731                    0          45.54318663
          "BPM.8L8.B1"             19879.08                    5           0.50103016    0.001292009706862                    0          45.67541332
          "BPM.7L8.B1"             19918.15                    5         0.0135097346    0.005065098529126                    0          45.84066379
         "BPMR.6L8.B1"             19950.61                    5           -0.1225213    0.003113536970748                    0          46.00673672
          "BPM.5L8.B1"             20011.03                    5            0.1450354    0.002393420166253                    0          46.20877629
        "BPMYB.4L8.B1"              20031.8                    5           0.13822864    0.001277287580235                    0          46.22217689
        "BPMWB.4L8.B1"                20061                    5           -0.7265205    0.001856862467784                    0          46.23995849
        "BPMSX.4L8.B1"             20106.36                    5           0.82238588    0.004810236880012                    0          46.25277673
         "BPMS.2L8.B1"             20144.34                    5          -0.75422864    0.003918498201429                    0          46.26313877
        "BPMSW.1L8.B1"             20154.27                    5          -0.55926878    0.003795400991455                    0          46.26848271
         "BPMS.2R8.B1"             20207.39                    5            1.6392558    0.002538971082944                    0          46.74316478
        "BPMWB.4R8.B1"             20290.66                    5           0.38698276    0.004504761032795                    0          46.76785942
        "BPMYB.4R8.B1"             20319.93                    5          -0.36249304    0.002972721530618                    0          46.77947144
        "BPMYB.5R8.B1"             20340.51                    5           0.12471736    0.003336388062355                    0          46.80051425
          "BPM.6R8.B1"             20424.62                    5          -0.11966274    0.001650735028591                    0          47.21557427
        "BPM_A.7R8.B1"             20446.86                    5           0.27185366    0.001348512525198                    0          47.23967587
          "BPM.8R8.B1"             20488.29                    5           -0.4019165     0.00512109310325                    0          47.33508376
          "BPM.9R8.B1"             20527.36                    5          0.080457434     0.00209399715379                    0          47.57195005
         "BPM.10R8.B1"             20567.82                    5          -0.12042844     0.00203213597641                    0          47.70541853
         "BPM.11R8.B1"             20619.66                    5           -0.1593225    0.001502253364857                    0          47.76475959
         "BPM.12R8.B1"             20674.38                    5          -0.08532432    0.007601406185404                    0          47.92567047
         "BPM.13R8.B1"             20727.83                    5         -0.044410536    0.002157662082376                    0          48.10982432
         "BPM.14R8.B1"             20781.28                    5          -0.25976138    0.002291232384075                    0          48.20144468
         "BPM.15R8.B1"             20834.73                    5          -0.12937186    0.002307361926231                    0          48.26308895
         "BPM.16R8.B1"             20888.18                    5         -0.043394614    0.007080213452633                    0          48.42362831
         "BPM.17R8.B1"             20941.63                    5          -0.38489702     0.00244941925153                    0          48.60978602
         "BPM.18R8.B1"             20995.07                    5          -0.14597856    0.003241677888782                    0          48.70142644
         "BPM.19R8.B1"             21048.52                    5          -0.15670014    0.001438431199125                    0          48.76306531
         "BPM.20R8.B1"             21101.97                    5           0.15524044    0.006429431852553                    0          48.92355922
         "BPM.21R8.B1"             21155.42                    5          -0.28904004    0.003260240606861                    0          49.10974894
         "BPM.22R8.B1"             21208.87                    5          -0.15638728    0.003145088112251                    0          49.20140819
         "BPM.23R8.B1"             21262.32                    5          -0.35457828   0.0006767063453571                    0          49.26304169
         "BPM.24R8.B1"             21315.76                    5           0.10754164    0.006190712238072                    0          49.42349014
         "BPM.25R8.B1"             21369.21                    5          -0.53701918    0.002835422212983                    0          49.60971185
         "BPM.26R8.B1"             21422.66                    5          -0.18293702    0.004537089662969                    0          49.70138995
         "BPM.27R8.B1"             21476.11                    5            0.1353513    0.002326102395042                    0          49.76301806
         "BPM.28R8.B1"             21529.56                    5         0.0134748648    0.004840990537273                    0          49.92342106
         "BPM.29R8.B1"             21583.01                    5          -0.20561048    0.003766246742557                    0          50.10967475
         "BPM.30R8.B1"             21636.46                    5          0.036457608    0.003026702210783                    0           50.2013717
         "BPM.31R8.B1"              21689.9                    5          -0.74815328    0.002118327088443                    0          50.26299444
         "BPM.32R8.B1"             21743.35                    5          -0.12136354    0.006173789356515                    0            50.423352
         "BPM.33R8.B1"              21796.8                    5           0.11769154     0.00406592174133                    0          50.60963764
         "BPM.34R8.B1"             21850.25                    5             -0.17547    0.002484027115035                    0          50.70135346
         "BPM.33L1.B1"              21903.7                    5          -0.10650854    0.002381059237109                    0          50.76297083
         "BPM.32L1.B1"             21957.15                    5         -0.071777088    0.005476245018452                    0          50.92328295
         "BPM.31L1.B1"              22010.6                    5         -0.062184698    0.003102539680261                    0          51.10960051
         "BPM.30L1.B1"             22064.04                    5         -0.039340184    0.003742264288519                    0          51.20133521
         "BPM.29L1.B1"             22117.49                    5          -0.35469334    0.002107021953998                    0          51.26294722
         "BPM.28L1.B1"             22170.94                    5          -0.27652626    0.006953201985463                    0          51.42321391
         "BPM.27L1.B1"             22224.39                    5          0.039830774     0.00339246972592                    0          51.60956337
         "BPM.26L1.B1"             22277.84                    5         -0.057706082    0.002930520969936                    0          51.70131696
         "BPM.25L1.B1"             22331.29                    5          -0.18297666     0.00186812056212                    0          51.76292361
         "BPM.24L1.B1"             22384.74                    5          -0.18244056    0.005907391673032                    0          51.92314488
         "BPM.23L1.B1"             22438.18                    5           0.25372904    0.003864572691334                    0          52.10952622
         "BPM.22L1.B1"             22491.63                    5          -0.28492972    0.003826662609879                    0          52.20129871
         "BPM.21L1.B1"             22545.08                    5           0.17759908    0.001754289669868                    0          52.26290001
         "BPM.20L1.B1"             22598.53                    5          -0.37303848    0.008438581727152                    0          52.42307587
         "BPM.19L1.B1"             22651.98                    5            -0.044085    0.003802149549197                    0          52.60948906
         "BPM.18L1.B1"             22705.43                    5           -0.1674174    0.005374618048589                    0          52.70128047
         "BPM.17L1.B1"             22758.87                    5          0.039174096    0.002907279496465                    0          52.76287642
         "BPM.16L1.B1"             22812.32                    5         -0.079514378    0.002368243050744                    0          52.92300686
         "BPM.15L1.B1"             22865.77                    5          -0.17538808    0.003191344021227                    0          53.10945188
         "BPM.14L1.B1"             22919.22                    5          -0.20920618    0.001594878783424                    0          53.20126222
         "BPM.13L1.B1"             22972.67                    5            0.1094381    0.002485915778989                    0          53.26285283
         "BPM.12L1.B1"             23026.12                    5          -0.48803506    0.006661040733598                    0          53.42436079
         "BPM.11L1.B1"             23079.57                    5           0.50420832    0.002333361827473                    0          53.60603019
         "BPM.10L1.B1"             23132.35                    5           -0.2131987    0.003734410286003                    0          53.69784234
          "BPM.9L1.B1"             23171.41                    5          -0.17454906    0.001995301146848                    0          53.75355784
          "BPM.8L1.B1"             23211.87                    5         -0.062207176    0.004553609665622                    0          54.00633656
         "BPMR.7L1.B1"             23250.94                    5           0.04039022    0.003877288883421                    0           54.1307423
         "BPMR.5L1.B1"             23326.02                    5            0.1256261     0.00557965010482                    0          54.20309643
        "BPMYA.4L1.B1"             23347.14                    5           0.14402554    0.004493034549012                    0          54.20533727
        "BPMWB.4L1.B1"             23368.28                    5          -0.56612854    0.006259008282037                    0          54.20675454
        "BPMSY.4L1.B1"                23461                    5            -1.315468    0.005355414904572                    0          54.21180426
         "BPMS.2L1.B1"             23487.84                    5       -0.01639662952    0.009346995042861                    0          54.21265087
        "BPMSW.1L1.B1"             23497.79                    5         0.0050338716    0.006091896795437                    0          54.21327761
        "BPMSW.1R1.B1"             23540.93                    5          -0.54125088    0.005573122133755                    0          54.70884527
         "BPMS.2R1.B1"              23550.9                    5            1.0160274     0.00734942562655                    0          54.70965283
        "BPMSY.4R1.B1"             23577.62                    5          -0.98747728      0.0108454510227                    0          54.71090366
        "BPMWB.4R1.B1"             23670.46                    5           0.16214146    0.002618197814263                    0          54.71684575
        "BPMYA.4R1.B1"              23691.6                    5          -0.31160998    0.001215454087084                    0          54.72281855
          "BPM.5R1.B1"                23719                    5           -0.2717388    0.001817984974709                    0          54.74482448
         "BPMR.6R1.B1"              23750.9                    5          -0.24347904    0.002703158072817                    0          55.12042753
        "BPMSX.7R1.B1"             23757.12                    5          -0.37558276    0.002821387062185                    0          55.15243192
        "BPM_A.7R1.B1"             23778.63                    5           0.64854386    0.005050618191733                    0           55.1834701
          "BPM.8R1.B1"             23820.07                    5          -0.74625628   0.0005572294622842                    0          55.24588629
          "BPM.9R1.B1"             23859.13                    5            -2.740056    0.004060834643409                    0          55.49063476
         "BPM.10R1.B1"              23899.6                    5           -1.2323462    0.004970933328893                    0          55.62355109
         "BPM.11R1.B1"             23952.38                    5           0.27875968    0.002662696516287                    0          55.70393897
         "BPM.12R1.B1"             24007.11                    5          -0.43873658   0.0004877272987203                    0           55.7648688
         "BPM.13R1.B1"             24060.56                    5          -0.26200464    0.007458440942892                    0          55.92490913
         "BPM.14R1.B1"             24114.01                    5          -0.31229916    0.001322566179308                    0            56.110478
         "BPM.15R1.B1"             24167.46                    5          -0.03797856    0.003397235611685                    0          56.20177309
         "BPM.16R1.B1"             24220.91                    5          -0.34492508    0.003075543640047                    0          56.26352047
         "BPM.17R1.B1"             24274.37                    5            2.1122742    0.006068874867746                    0            56.424909
         "BPM.18R1.B1"             24327.82                    5           0.43574824    0.004004781286741                    0            56.610478
         "BPM.19R1.B1"             24381.27                    5          -0.09311777    0.003924211644192                    0          56.70177309
         "BPM.20R1.B1"             24434.72                    5          -0.44710938    0.001244569296514                    0          56.76352047
         "BPM.21R1.B1"             24488.17                    5          -0.10977314    0.006517587880391                    0            56.924909
         "BPM.22R1.B1"             24541.62                    5           0.32040774    0.002516503107621                    0            57.110478
         "BPM.23R1.B1"             24595.08                    5           -0.1587204     0.00364090443492                    0          57.20177309
         "BPM.24R1.B1"             24648.53                    5          -0.36641372    0.002427076735875                    0          57.26352047
         "BPM.25R1.B1"             24701.98                    5         -0.089887422     0.00643092814797                    0            57.424909
         "BPM.26R1.B1"             24755.43                    5          -0.31470418     0.00338666114777                    0            57.610478
         "BPM.27R1.B1"             24808.88                    5           0.02713023    0.001992607504016                    0          57.70177309
         "BPM.28R1.B1"             24862.33                    5        -0.0002254896    0.002680357163153                    0          57.76352047
         "BPM.29R1.B1"             24915.78                    5          -0.21971402    0.004934889603408                    0            57.924909
         "BPM.30R1.B1"             24969.24                    5          -0.24480428    0.001292517567315                    0            58.110478
         "BPM.31R1.B1"             25022.69                    5         -0.028013216    0.004324451096933                    0          58.20177309
         "BPM.32R1.B1"             25076.14                    5         -0.094506362    0.003475214587808                    0          58.26352047
         "BPM.33R1.B1"             25129.59                    5          -0.46893936    0.006310783883056                    0            58.424909
         "BPM.34R1.B1"             25183.04                    5            0.5305555    0.002834089357145                    0            58.610478
         "BPM.33L2.B1"             25236.49                    5          -0.28870184    0.003362763129127                    0          58.70177309
         "BPM.32L2.B1"             25289.94                    5           0.11860132    0.001944981302177                    0          58.76352047
         "BPM.31L2.B1"              25343.4                    5          -0.08487832    0.004800477618148                    0            58.924909
         "BPM.30L2.B1"             25396.85                    5           -0.6234124    0.002459115327934                    0            59.110478
         "BPM.29L2.B1"              25450.3                    5         -0.038752042    0.003880284752169                    0          59.20177309
         "BPM.28L2.B1"             25503.75                    5           0.09696386     0.00253856833095                    0          59.26352047
         "BPM.27L2.B1"              25557.2                    5          -0.27727856    0.008130401488404                    0            59.424909
         "BPM.26L2.B1"             25610.65                    5          0.076856158    0.002192255536272                    0            59.610478
         "BPM.25L2.B1"              25664.1                    5          -0.23780164    0.004118155982795                    0          59.70177309
         "BPM.24L2.B1"             25717.56                    5           0.10786884    0.001263814952681                    0          59.76352047
         "BPM.23L2.B1"             25771.01                    5           -0.1226835    0.005925910297348                    0            59.924909
         "BPM.22L2.B1"             25824.46                    5          -0.16281028    0.003855947985363                    0            60.110478
         "BPM.21L2.B1"             25877.91                    5          -0.20786478    0.002186005764358                    0          60.20177309
         "BPM.20L2.B1"             25931.36                    5          -0.06906769    0.002464903992495                    0          60.26352047
         "BPM.19L2.B1"             25984.81                    5        0.00710131026    0.006128470806755                    0            60.424909
         "BPM.18L2.B1"             26038.27                    5          -0.16275306    0.003334882237593                    0            60.610478
         "BPM.17L2.B1"             26091.72                    5          -0.23756226    0.004414486902758                    0          60.70177309
         "BPM.16L2.B1"             26145.17                    5            0.1263965    0.002325567527341                    0          60.76352047
         "BPM.15L2.B1"             26198.62                    5          -0.12890588    0.006589081598054                    0            60.924909
         "BPM.14L2.B1"             26252.07                    5           0.18850122    0.005253309478587                    0            61.110478
         "BPM.13L2.B1"             26305.52                    5          -0.22766366    0.002143858314024                    0          61.20177309
         "BPM.12L2.B1"             26358.97                    5          -0.18606142   0.0007413114040815                    0           61.2700641
         "BPM.11L2.B1"             26412.43                    5          0.006860014    0.007311800220822                    0          61.46107146
         "BPM.10L2.B1"             26464.27                    5           0.33338242    0.001841324896332                    0           61.6196291
          "BPM.9L2.B1"             26503.33                    5           0.15057222    0.002488721777504                    0          61.69606356
          "BPM.8L2.B1"              26543.8                    5         -0.086777382    0.001216521392429                    0          61.79049439
          "BPM.7L2.B1"             26582.87                    5              0.41212    0.007212138955693                    0          62.08337525
         "BPMR.6L2.B1"             26614.97                    5         -0.019388602    0.003605091827396                    0          62.16320223