@ GetLLMVersion %s "V3.0.0 Dev"
@ Command %s "/afs/cern.ch/eng/sl/lintrack/miniconda2/bin/python '/afs/cern.ch/eng/sl/lintrack/Beta-Beat.src/GetLLM/GetLLM.py' '--accel=LHCB1' '--model=/user/slops/data/LHC_DATA/OP_DATA/Betabeat/2022-04-27/models/LHCB1/b1_30cm_forlocal_2022/twiss.dat' '--files=/user/slops/data/LHC_DATA/OP_DATA/Betabeat/2022-04-27/LHCB1/Measurements/Beam1@Turn@2022_04_27@22_45_02_462-1_6600/Beam1@Turn@2022_04_27@22_45_02_462.sdds.clean,/user/slops/data/LHC_DATA/OP_DATA/Betabeat/2022-04-27/LHCB1/Measurements/Beam1@Turn@2022_04_27@22_47_00_319-1_6600/Beam1@Turn@2022_04_27@22_47_00_319.sdds.clean,/user/slops/data/LHC_DATA/OP_DATA/Betabeat/2022-04-27/LHCB1/Measurements/Beam1@Turn@2022_04_27@22_48_29_082-1_6600/Beam1@Turn@2022_04_27@22_48_29_082.sdds.clean,/user/slops/data/LHC_DATA/OP_DATA/Betabeat/2022-04-27/LHCB1/Measurements/Beam1@Turn@2022_04_27@22_50_43_853-1_6600/Beam1@Turn@2022_04_27@22_50_43_853.sdds.clean,/user/slops/data/LHC_DATA/OP_DATA/Betabeat/2022-04-27/LHCB1/Measurements/Beam1@Turn@2022_04_27@22_52_01_475-1_6600/Beam1@Turn@2022_04_27@22_52_01_475.sdds.clean' '--output=/user/slops/data/LHC_DATA/OP_DATA/Betabeat/2022-04-27/LHCB1/Results/b1_30cm_beforeKmod' '--tbtana=SUSSIX' '--bpmu=mm' '--useerrorofmean=false' '--lhcphase=0' '--errordefs=/user/slops/data/LHC_DATA/OP_DATA/Betabeat/2022-04-27/models/LHCB1/b1_30cm_forlocal_2022/error_deff.txt' '--calibration=/afs/cern.ch/eng/sl/lintrack/LHC_commissioning2017/Calibration_factors_2017/Calibration_factors_2017_beam1' '--range=11'"
@ CWD %s "/nfs/cs-ccr-nfsop/nfs2/vol1/u1/lhcop"
@ Date %s "28. April 2022, 01:17:57"
@ TABLE %s "ORBIT"
@ TYPE %s "ORBIT"
@ SEQUENCE %s "LHCB1"
@ Q1 %le 0.26998810745173746
@ Q2 %le 0.3219859684952381
@ FILES %s "/user/slops/data/LHC_DATA/OP_DATA/Betabeat/2022-04-27/LHCB1/Measurements/Beam1@Turn@2022_04_27@22_45_02_462-1_6600/Beam1@Turn@2022_04_27@22_45_02_462.sdds.clean_liny,/user/slops/data/LHC_DATA/OP_DATA/Betabeat/2022-04-27/LHCB1/Measurements/Beam1@Turn@2022_04_27@22_47_00_319-1_6600/Beam1@Turn@2022_04_27@22_47_00_319.sdds.clean_liny,/user/slops/data/LHC_DATA/OP_DATA/Betabeat/2022-04-27/LHCB1/Measurements/Beam1@Turn@2022_04_27@22_48_29_082-1_6600/Beam1@Turn@2022_04_27@22_48_29_082.sdds.clean_liny,/user/slops/data/LHC_DATA/OP_DATA/Betabeat/2022-04-27/LHCB1/Measurements/Beam1@Turn@2022_04_27@22_50_43_853-1_6600/Beam1@Turn@2022_04_27@22_50_43_853.sdds.clean_liny,/user/slops/data/LHC_DATA/OP_DATA/Betabeat/2022-04-27/LHCB1/Measurements/Beam1@Turn@2022_04_27@22_52_01_475-1_6600/Beam1@Turn@2022_04_27@22_52_01_475.sdds.clean_liny"
*                 NAME                    S                COUNT                    Y                 STDY                 YMDL               MUYMDL
$                   %s                  %le                  %le                  %le                  %le                  %le                  %le
        "BPMYB.5L2.B1"               28.288                    5          -0.21095808    0.003434995139124                    0         0.1288149927
        "BPMYB.4L2.B1"               48.858                    5           -0.1643883    0.004143418560106                    0           0.18377066
        "BPMWI.4L2.B1"              73.3255                    5          0.019729096    0.002292645294816                    0         0.2188270116
        "BPMSX.4L2.B1"             123.4225                    5         -0.081472002    0.003741627395505                    0         0.3002505176
         "BPMS.2L2.B1"              161.394                    5           -0.7896357    0.001531388874234                    0          0.343889329
        "BPMSW.1L2.B1"              171.328                    5           0.37635204    0.003887963247078                    0         0.3618233924
        "BPMSW.1R2.B1"              214.518                    5            2.1784426    0.003612441811379                    0         0.7236300453
         "BPMS.2R2.B1"              224.452                    5            1.0351036    0.004323773194833                    0         0.7471123247
        "BPMSX.4R2.B1"             262.3035                    5           0.25129442    0.001815321718547                    0          0.797548567
        "BPMWB.4R2.B1"             312.5965                    5           0.13065184    0.002787228156183                    0         0.8668142804
        "BPMYB.4R2.B1"              336.988                    5          0.024855932    0.006200665435735                    0         0.9178217237
         "BPMR.5R2.B1"              366.522                    5            0.1271393    0.002482421513809                    0         0.9519395108
          "BPM.6R2.B1"              439.818                    5            0.1282012    0.002683329869439                    0          1.130184579
        "BPM_A.7R2.B1"              452.693                    5          -0.15773582    0.001838110455283                    0          1.160207909
          "BPM.8R2.B1"               494.13                    5           0.09556229    0.003530610075194                    0          1.282933566
          "BPM.9R2.B1"              533.195                    5          0.062962916    0.002766371606441                    0           1.41646986
         "BPM.10R2.B1"              573.658                    5          -0.27203852    0.003093552216114                    0          1.505993376
         "BPM.11R2.B1"             625.4967                    5         -0.035913332     0.00237507960269                    0          1.632276833
         "BPM.12R2.B1"             680.2203                    5          0.069805632    0.002016887168038                    0          1.754235445
         "BPM.13R2.B1"             733.6688                    5          0.032487518    0.002990871632383                    0          1.902715285
         "BPM.14R2.B1"             787.1173                    5         -0.077904242    0.003609113639634                    0          2.014269882
         "BPM.15R2.B1"             840.5658                    5           0.11724826    0.003201194511213                    0          2.146114081
         "BPM.16R2.B1"             894.0143                    5           0.10329158    0.001996237749823                    0          2.253406124
         "BPM.17R2.B1"             947.4628                    5          -0.23112924    0.002390121400811                    0          2.381137697
         "BPM.19R2.B1"              1054.36                    5          -0.12470366    0.002607182244995                    0          2.624637222
         "BPM.20R2.B1"             1107.808                    5           0.36646018    0.001669170660484                    0          2.732467172
         "BPM.21R2.B1"             1161.257                    5          -0.32585266    0.003452879472357                    0          2.859713929
         "BPM.22R2.B1"             1214.705                    5           0.46476052    0.003211968771615                    0          2.970144278
         "BPM.23R2.B1"             1268.154                    5          0.101027096    0.003100982372418                    0          3.102088026
         "BPM.24R2.B1"             1321.602                    5          -0.11511996     0.00281879939879                    0          3.213410205
         "BPM.25R2.B1"             1375.051                    5          -0.17412008    0.002530164691441                    0          3.345677326
         "BPM.26R2.B1"             1428.499                    5           0.07750663    0.002322540781218                    0          3.456132534
         "BPM.27R2.B1"             1481.948                    5          -0.75808974    0.003104396186492                    0          3.587988369
         "BPM.28R2.B1"             1535.397                    5           -0.1697118    0.001833535919534                    0          3.699278728
         "BPM.29R2.B1"             1588.845                    5          -0.18995674    0.001816482581974                    0          3.831630954
         "BPM.30R2.B1"             1642.294                    5            0.2411771     0.00288092676898                    0          3.942124072
         "BPM.31R2.B1"             1695.742                    5           0.29945648    0.002093254114008                    0          4.073899148
         "BPM.32R2.B1"             1749.191                    5           -0.4213617    0.002417833994339                    0          4.185144879
         "BPM.33R2.B1"             1802.639                    5           0.05871534    0.002250991056646                    0          4.317573876
         "BPM.34R2.B1"             1856.088                    5           -0.3215249    0.001254941692758                    0          4.428116968
         "BPM.33L3.B1"             1909.536                    5        0.00639766812    0.004212901414656                    0          4.559820933
         "BPM.32L3.B1"             1962.985                    5           0.43343674    0.004099635961233                    0          4.671010647
         "BPM.31L3.B1"             2016.433                    5          -0.22721508    0.002978703130864                    0          4.803505659
         "BPM.30L3.B1"             2069.882                    5          -0.05345412    0.003975723802532                    0          4.914109258
         "BPM.29L3.B1"              2123.33                    5           0.18847192    0.006671301626955                    0          5.045753951
         "BPM.28L3.B1"             2176.779                    5          0.048179184    0.001643305956906                    0           5.15687803
         "BPM.27L3.B1"             2230.227                    5         -0.052249962    0.002370972501856                    0          5.289426216
         "BPM.26L3.B1"             2283.676                    5         -0.088713672    0.001724583256267                    0          5.400098994
         "BPM.25L3.B1"             2337.124                    5           0.05509201    0.002909686912666                    0          5.531698078
         "BPM.24L3.B1"             2390.573                    5          -0.09309501     0.00387070404965                    0          5.642748974
         "BPM.23L3.B1"             2444.021                    5         -0.111792008       0.011975244115                    0          5.775335813
         "BPM.22L3.B1"              2497.47                    5           0.42652424    0.003679711026515                    0          5.886084306
         "BPM.21L3.B1"             2550.918                    5          0.053733382     0.01261231989851                    0          6.017652843
         "BPM.20L3.B1"             2604.367                    5          -0.31664706    0.004066038933241                    0          6.124963223
         "BPM.19L3.B1"             2657.815                    5          0.032648642    0.004820947622503                    0           6.25296634
         "BPM.18L3.B1"             2711.264                    5           0.51382712    0.004674147887033                    0          6.364041996
         "BPM.17L3.B1"             2764.712                    5          -0.38668978    0.002836068614438                    0          6.496209852
         "BPM.16L3.B1"             2818.161                    5          0.049849462    0.002614727086852                    0           6.60399547
         "BPM.15L3.B1"             2871.609                    5           0.11189818     0.00433656908602                    0          6.731502327
         "BPM.14L3.B1"             2925.058                    5         -0.016008602    0.002927691487728                    0          6.842017257
         "BPM.13L3.B1"             2978.506                    5          -0.33454238    0.008415724007228                    0          6.974621749
         "BPM.12L3.B1"             3031.955                    5            0.5235363    0.006253038392353                    0          7.089041947
         "BPM.11L3.B1"             3085.403                    5            0.1872194     0.00811187531661                    0          7.221441899
         "BPM.10L3.B1"             3138.184                    5          -0.41048972    0.005957541816038                    0          7.329280312
          "BPM.9L3.B1"             3177.249                    5          -0.37101968     0.01523609182887                    0          7.446567113
          "BPM.8L3.B1"             3217.712                    5          0.022750442    0.006859415930272                    0          7.613110673
          "BPM.7L3.B1"             3256.776                    5           0.21196764     0.01145571949424                    0          7.786634285
          "BPM.6L3.B1"             3329.415                    5          -0.92589262    0.004502071092912                    0          7.905753551
       "BPMWG.A5L3.B1"              3371.12                    5           0.45032412    0.008253801218216                    0          7.952399834
         "BPMW.5L3.B1"              3400.09                    5           0.16934674    0.005682445698344                    0          7.967965005
        "BPMWE.4L3.B1"             3475.218                    5          -0.39679576    0.009034600667799                    0          8.041329244
         "BPMW.4R3.B1"             3547.728                    5         -0.080774928    0.006389730777361                    0          8.122239552
        "BPMWE.4R3.B1"             3575.273                    5           0.42730644     0.01499044772989                    0           8.13355968
         "BPMW.5R3.B1"             3650.401                    5            0.8520974    0.007066199021568                    0          8.207147222
       "BPMWJ.A5R3.B1"             3679.119                    5          0.079167506     0.01330098504111                    0          8.270594653
        "BPMWC.6R3.B1"             3718.937                    5           0.23921986    0.005739530578245                    0          8.315529194
         "BPMR.6R3.B1"             3731.015                    5          -0.33273446     0.01586693233447                    0          8.323193215
        "BPM_A.7R3.B1"             3786.839                    5          -0.44882556      0.0105976198129                    0          8.394536487
          "BPM.8R3.B1"             3825.903                    5           0.14884332     0.01925561639236                    0          8.456383625
          "BPM.9R3.B1"             3864.968                    5         -0.052756234    0.009013628966072                    0          8.509065169
         "BPM.10R3.B1"             3905.431                    5           0.05532458     0.01871335314568                    0          8.572308453
         "BPM.11R3.B1"             3958.212                    5          -0.32434436    0.008144395744721                    0          8.674264088
         "BPM.12R3.B1"             4012.935                    5           0.05542373     0.02444686603353                    0          8.796502025
         "BPM.13R3.B1"             4066.384                    5        0.00082455928    0.005660052782205                    0          8.911225449
         "BPM.14R3.B1"             4119.833                    5           0.20136156     0.01508584398576                    0           9.04170967
         "BPM.15R3.B1"             4173.281                    5          -0.17635518    0.007698802472711                    0          9.148502905
         "BPM.16R3.B1"              4226.73                    5           0.26862696     0.01249213547808                    0          9.277477306
         "BPM.17R3.B1"             4280.178                    5          -0.47865818    0.004561880534799                    0          9.389222504
         "BPM.18R3.B1"             4333.627                    5           0.21916518    0.008705721852082                    0          9.520481009
         "BPM.19R3.B1"             4387.075                    5          -0.38264748    0.006183774442666                    0          9.627532199
         "BPM.20R3.B1"             4440.524                    5         0.0361156848     0.02542831435262                    0          9.755790667
         "BPM.21R3.B1"             4493.972                    5           0.08440717    0.009832777769163                    0          9.867170502
         "BPM.22R3.B1"             4547.421                    5         -0.049819686     0.02245682307498                    0          9.999114731
         "BPM.23R3.B1"             4600.869                    5           0.45340166    0.009843674658305                    0          10.11024382
         "BPM.24R3.B1"             4654.318                    5          0.002558052      0.0191576218903                    0          10.24249271
         "BPM.25R3.B1"             4707.766                    5          -0.15728852    0.008858427142886                    0          10.35313864
         "BPM.26R3.B1"             4761.215                    5         -0.006790287     0.01158107142411                    0          10.48503302
         "BPM.27R3.B1"             4814.663                    5            3.2376986     0.00545960117945                    0          10.59613477
         "BPM.28R3.B1"             4868.112                    5         -0.061238322     0.01020384708434                    0          10.72843009
         "BPM.29R3.B1"              4921.56                    5        -0.0144184602    0.004342610774834                    0          10.83910673
         "BPM.30R3.B1"             4975.009                    5           0.24060266    0.009931364571832                    0          10.97095802
         "BPM.31R3.B1"             5028.457                    5           -0.4831937    0.006864835262425                    0          11.08202552
         "BPM.32R3.B1"             5081.906                    5           0.42392364    0.009290820774213                    0          11.21436068
         "BPM.33R3.B1"             5135.354                    5          -0.51458492    0.007630846094227                    0           11.3250744
         "BPM.34R3.B1"             5188.803                    5          0.112102266     0.01210807231062                    0          11.45688985
         "BPM.33L4.B1"             5242.251                    5         -0.100719872    0.004568631593534                    0           11.5679173
         "BPM.32L4.B1"               5295.7                    5           0.10936664    0.003424302548932                    0          11.70028445
         "BPM.31L4.B1"             5349.148                    5           -0.4362722    0.003677998582414                    0          11.81104047
         "BPM.30L4.B1"             5402.597                    5          0.043392838    0.001470828597531                    0          11.94282843
         "BPM.29L4.B1"             5456.045                    5            0.2953779    0.003647373625533                    0          12.05381128
         "BPM.28L4.B1"             5509.494                    5          -0.02127643    0.001841509258402                    0          12.18620156
         "BPM.27L4.B1"             5562.942                    5           0.24958476    0.002369729953946                    0          12.29700381
         "BPM.26L4.B1"             5616.391                    5           -0.2184308    0.002456460395815                    0          12.42877347
         "BPM.25L4.B1"             5669.839                    5           0.19829768    0.001556279323846                    0          12.53970857
         "BPM.24L4.B1"             5723.288                    5         -0.081724352    0.002109023841002                    0           12.6721124
         "BPM.23L4.B1"             5776.736                    5          -0.14098092    0.002422114926633                    0          12.78296335
         "BPM.22L4.B1"             5830.185                    5           0.14625788    0.002489168013175                    0          12.91472449
         "BPM.21L4.B1"             5883.634                    5           -0.2657063    0.002807726353517                    0          13.02561017
         "BPM.20L4.B1"             5937.082                    5             0.238607    0.002358763677059                    0          13.15893512
         "BPM.19L4.B1"             5990.531                    5         -0.040440416    0.002361215412927                    0          13.26700231
         "BPM.18L4.B1"             6043.979                    5           0.01593363    0.002545531771623                    0          13.39344321
         "BPM.17L4.B1"             6097.428                    5          -0.16044716    0.002437838567792                    0          13.50350475
         "BPM.16L4.B1"             6150.876                    5           -0.2227485    0.001204059626519                    0          13.63715318
         "BPM.15L4.B1"             6204.325                    5           0.51183916    0.003951801458388                    0          13.74605566
         "BPM.14L4.B1"             6257.773                    5         -0.071900756    0.003178920199666                    0          13.87232486
         "BPM.13L4.B1"             6311.222                    5          -0.20533246    0.004784454528012                    0          13.98151518
         "BPM.12L4.B1"              6364.67                    5         -0.059967354    0.003137477569756                    0          14.11120199
         "BPM.11L4.B1"             6418.119                    5           0.77868856    0.001997857921527                    0          14.21093744
         "BPM.10L4.B1"             6469.957                    5         -0.014521045    0.003808486551968                    0          14.32566758
          "BPM.9L4.B1"             6509.022                    5          -0.44844196    0.002703926553481                    0          14.38490092
          "BPM.8L4.B1"             6549.485                    5           -0.3569408    0.003656598797275                    0          14.45632231
          "BPM.7L4.B1"             6588.549                    5           0.75347754    0.004551112094263                    0           14.4988639
        "BPMYB.6L4.B1"             6685.153                    5            0.2458075    0.003259195211737                    0          14.57396589
        "BPMYA.5L4.B1"             6722.153                    5           0.55986948    0.003574939962281                    0          14.58980757
       "BPMWA.B5L4.B1"              6824.62                    5          -0.20344216    0.002104543519777                    0          14.66514999
       "BPMWA.A5L4.B1"             6833.505                    5          -0.49315622    0.003433528198487                    0           14.6714496
       "BPMWA.A5R4.B1"             6881.554                    5           -0.4170001    0.004965754509861                    0          14.70298764
       "BPMWA.B5R4.B1"             6890.439                    5        0.00160264736    0.004435561274283                    0           14.7082793
        "BPMYB.5R4.B1"             6992.829                    5           0.41099284    0.003153836913141                    0          14.75674101
        "BPMYA.6R4.B1"             7024.393                    5            0.7316486    0.004658618147503                    0          14.78078995
          "BPM.7R4.B1"             7120.909                    5         -0.033161106    0.003380566735606                    0          15.01036668
          "BPM.8R4.B1"             7158.698                    5          0.047785064    0.004781404465184                    0          15.10354418
          "BPM.9R4.B1"             7197.763                    5         -0.103575254    0.005332346657137                    0           15.1694697
         "BPM.10R4.B1"             7238.226                    5            0.1884797    0.003968153347871                    0          15.21799429
         "BPM.11R4.B1"             7290.065                    5          0.014878124    0.003767984684842                    0          15.36379659
         "BPM.12R4.B1"             7344.789                    5         -0.063489834    0.005858918093901                    0          15.55282457
         "BPM.13R4.B1"             7398.237                    5         -0.096492506    0.003411394155486                    0           15.6443497
         "BPM.14R4.B1"             7451.686                    5          -0.11958638    0.006518497286784                    0          15.71247875
         "BPM.15R4.B1"             7505.134                    5           0.16915978    0.002927695817842                    0          15.90920735
         "BPM.16R4.B1"             7558.583                    5          -0.15749846    0.004463794380863                    0          16.06431664
         "BPM.17R4.B1"             7612.031                    5           0.24310362    0.004550170026034                    0          16.14433175
         "BPM.18R4.B1"              7665.48                    5          -0.26339998    0.004134343592619                    0          16.21245008
         "BPM.19R4.B1"             7718.928                    5           0.15657754    0.002422205931505                    0          16.40913638
         "BPM.20R4.B1"             7772.377                    5          -0.33388442     0.00348558738663                    0          16.56428746
         "BPM.21R4.B1"             7825.825                    5          -0.16864512    0.006379117862042                    0          16.64431359
         "BPM.22R4.B1"             7879.274                    5           0.45247452    0.005999315165736                    0           16.7124214
         "BPM.23R4.B1"             7932.722                    5         -0.025583914    0.002938679253189                    0          16.90906541
         "BPM.24R4.B1"             7986.171                    5         -0.088317764     0.00449056689481                    0          17.06425828
         "BPM.25R4.B1"             8039.619                    5           0.14808764    0.006728228706473                    0          17.14429543
         "BPM.26R4.B1"             8093.068                    5       0.006578710818    0.006675769098717                    0          17.21239274
         "BPM.27R4.B1"             8146.516                    5          -0.16614034    0.002757687388849                    0          17.40899443
         "BPM.28R4.B1"             8199.965                    5           0.36954398    0.005154329252365                    0           17.5642291
         "BPM.29R4.B1"             8253.413                    5           0.08888981    0.002600752162114                    0          17.64427727
         "BPM.30R4.B1"             8306.862                    5          -0.89459916    0.004057092803808                    0          17.71236409
         "BPM.31R4.B1"              8360.31                    5           0.24099782     0.00472322122008                    0          17.90892344
         "BPM.32R4.B1"             8413.759                    5            0.2343152    0.003452169135518                    0           18.0641999
         "BPM.33R4.B1"             8467.208                    5          0.007090472    0.007055926998119                    0          18.14425911
         "BPM.34R4.B1"             8520.656                    5           0.15030312    0.002431307148393                    0          18.21233544
         "BPM.33L5.B1"             8574.105                    5          -0.17787034    0.006716353219019                    0          18.40885245
         "BPM.32L5.B1"             8627.553                    5           0.29404794    0.002790624843754                    0           18.5641707
         "BPM.31L5.B1"             8681.002                    5          -0.22105356    0.005325225805411                    0          18.64424095
         "BPM.30L5.B1"              8734.45                    5           0.12063542    0.001700586205348                    0           18.7123068
         "BPM.29L5.B1"             8787.899                    5         -0.078100538    0.002610122315202                    0          18.90878146
         "BPM.28L5.B1"             8841.347                    5            0.3366299    0.001973633910384                    0          19.06414149
         "BPM.27L5.B1"             8894.796                    5         -0.064239874    0.004187273368655                    0          19.14422279
         "BPM.26L5.B1"             8948.244                    5           0.21942056    0.001972760253709                    0          19.21227816
         "BPM.25L5.B1"             9001.693                    5           0.01397778    0.003539378249984                    0          19.40871045
         "BPM.24L5.B1"             9055.141                    5          -0.37090632    0.001986915118936                    0          19.56411227
         "BPM.23L5.B1"              9108.59                    5           0.08228736    0.005726308397977                    0          19.64420463
         "BPM.22L5.B1"             9162.038                    5          -0.26133758    0.003324298385194                    0          19.71224954
         "BPM.21L5.B1"             9215.487                    5           0.14699976    0.009389060268345                    0          19.90863945
         "BPM.20L5.B1"             9268.935                    5          0.027259556    0.004060663325774                    0          20.06408304
         "BPM.19L5.B1"             9322.384                    5          0.100369914    0.007065152211215                    0          20.14418647
         "BPM.18L5.B1"             9375.832                    5         0.0068292626    0.002002880222467                    0          20.21222092
         "BPM.17L5.B1"             9429.281                    5         -0.027215754    0.003641397943796                    0          20.40856843
         "BPM.16L5.B1"             9482.729                    5          0.019335084    0.003706974846211                    0           20.5640538
         "BPM.15L5.B1"             9536.178                    5          -0.11912858     0.00490585345458                    0          20.64416831
         "BPM.14L5.B1"             9589.626                    5           -0.0292238    0.002590534561912                    0          20.71219231
         "BPM.13L5.B1"             9643.075                    5          0.071664714    0.003310885756042                    0          20.90849741
         "BPM.12L5.B1"             9696.523                    5            0.2036945    0.002254812896945                    0          21.06155189
         "BPM.11L5.B1"             9749.972                    5           -0.0866838    0.009818247777355                    0          21.14108838
         "BPM.10L5.B1"             9802.753                    5            0.2587881    0.003560657098377                    0          21.19300847
          "BPM.9L5.B1"             9841.818                    5          -0.10950339     0.01005141438727                    0          21.26198052
          "BPM.8L5.B1"             9882.281                    5           0.44334878    0.002314399080073                    0          21.49192646
         "BPMR.7L5.B1"             9921.347                    5         0.0156358792     0.01132697698281                    0          21.66027995
          "BPM.6L5.B1"             9958.241                    5          -0.28231572    0.005747726392743                    0          21.72320101
         "BPMR.5L5.B1"             9990.141                    5           0.15845886    0.004050968627207                    0          22.10539364
        "BPMYA.4L5.B1"             10017.55                    5           0.02477516    0.004815544060745                    0          22.12747061
        "BPMWB.4L5.B1"             10038.68                    5         -0.083692878    0.003393631307357                    0          22.13346174
        "BPMSY.4L5.B1"              10131.4                    5          -0.32299076      0.0076315943049                    0          22.13941891
         "BPMS.2L5.B1"             10158.25                    5           -1.5694914    0.006120302495819                    0          22.14067643
        "BPMSW.1L5.B1"             10168.21                    5          -0.69146442    0.007265851630609                    0          22.14148648
        "BPMSW.1R5.B1"             10211.34                    5           -1.0689678    0.008260915770066                    0          22.63703904
         "BPMS.2R5.B1"              10221.3                    5            1.5836512    0.008967526379119                    0          22.63766922
        "BPMSY.4R5.B1"             10248.03                    5          -0.23628566      0.0110167261601                    0          22.63851284
        "BPMWB.4R5.B1"             10340.87                    5          -0.26509656    0.006583438566479                    0          22.64358374
        "BPMYA.4R5.B1"                10362                    5           0.12080072    0.006967719693115                    0          22.64500549
          "BPM.5R5.B1"             10383.12                    5          -0.28887484    0.005256225388873                    0          22.64725348
         "BPMR.6R5.B1"             10415.02                    5           -0.2443976    0.003771235117071                    0          22.65543003
        "BPM_A.7R5.B1"             10449.03                    5           -0.5716423    0.003575710889916                    0          22.69697694
          "BPM.8R5.B1"             10490.47                    5            0.3535119    0.002927354145338                    0          22.93500326
          "BPM.9R5.B1"             10529.54                    5         -0.102348014    0.006433776956361                    0           23.0677672
         "BPM.10R5.B1"             10570.01                    5           0.08857817    0.002210637993038                    0          23.13092469
         "BPM.11R5.B1"             10622.79                    5          0.079239322     0.00650468478063                    0          23.19756227
         "BPM.12R5.B1"             10677.51                    5         -0.090995704    0.002450684985861                    0          23.41029554
         "BPM.13R5.B1"             10730.97                    5          -0.10158314    0.004935815519586                    0          23.56501369
         "BPM.14R5.B1"             10784.42                    5          0.030851542    0.004141228902275                    0          23.64477267
         "BPM.15R5.B1"             10837.87                    5          -0.32221596    0.003427127313459                    0          23.71315452
         "BPM.16R5.B1"             10891.32                    5           0.30116744     0.00178702110637                    0          23.91089257
         "BPM.17R5.B1"             10944.77                    5          -0.34674864    0.005151540348928                    0          24.06501397
         "BPM.18R5.B1"             10998.22                    5           0.29691932    0.004204625221087                    0          24.14477267
         "BPM.19R5.B1"             11051.68                    5          -0.25843208    0.005242916939432                    0          24.21315452
         "BPM.20R5.B1"             11105.13                    5          0.014371884   0.0008626164590616                    0          24.41089257
         "BPM.21R5.B1"             11158.58                    5          -0.15533872    0.007270776485756                    0          24.56501397
         "BPM.22R5.B1"             11212.03                    5           0.06517007     0.00391314424614                    0          24.64477267
         "BPM.23R5.B1"             11265.48                    5          -0.36438462     0.00661635047121                    0          24.71315452
         "BPM.24R5.B1"             11318.93                    5          -0.01505781    0.002270197191369                    0          24.91089257
         "BPM.25R5.B1"             11372.38                    5          -0.27029992    0.004582666489917                    0          25.06501397
         "BPM.26R5.B1"             11425.84                    5           0.13390758    0.001249961358531                    0          25.14477267
         "BPM.27R5.B1"             11479.29                    5           0.14482016    0.002492958779969                    0          25.21315452
         "BPM.28R5.B1"             11532.74                    5          -0.33569798    0.003475280101208                    0          25.41089257
         "BPM.29R5.B1"             11586.19                    5          -0.40356136    0.001219955772405                    0          25.56501397
         "BPM.30R5.B1"             11639.64                    5          0.058617662      0.0043285889947                    0          25.64477267
         "BPM.31R5.B1"             11693.09                    5         -0.100494132    0.003997037991813                    0          25.71315452
         "BPM.32R5.B1"             11746.54                    5          0.090708652    0.003718730442266                    0          25.91089257
         "BPM.33R5.B1"                11800                    5           0.16176862    0.005395460523609                    0          26.06501397
         "BPM.34R5.B1"             11853.45                    5         -0.070464394    0.005507539120661                    0          26.14477267
         "BPM.33L6.B1"              11906.9                    5            0.3874667    0.003792605002929                    0          26.21315452
         "BPM.32L6.B1"             11960.35                    5          -0.20454666    0.004220921112104                    0          26.41089257
         "BPM.31L6.B1"              12013.8                    5         -0.060943206    0.003060628829415                    0          26.56501397
         "BPM.29L6.B1"              12120.7                    5           0.41335532    0.002819262025759                    0          26.71315452
         "BPM.28L6.B1"             12174.16                    5         -0.083725366      0.0109499442005                    0          26.91089257
         "BPM.27L6.B1"             12227.61                    5             0.122397    0.005009147479184                    0          27.06501397
         "BPM.26L6.B1"             12281.06                    5           0.12856106     0.01180189369833                    0          27.14477267
         "BPM.25L6.B1"             12334.51                    5           -0.3294821    0.006323958345864                    0          27.21315452
         "BPM.24L6.B1"             12387.96                    5          0.035254606    0.009890542898632                    0          27.41089257
         "BPM.23L6.B1"             12441.41                    5           -0.2530765    0.005788134379936                    0          27.56501397
         "BPM.22L6.B1"             12494.87                    5          -0.20558872    0.006481846219235                    0          27.64477267
         "BPM.21L6.B1"             12548.32                    5           0.49028248    0.004190401303195                    0          27.71315452
         "BPM.20L6.B1"             12601.77                    5         -0.047370746    0.002731340703992                    0          27.91089257
         "BPM.19L6.B1"             12655.22                    5          0.018001426    0.004627851531275                    0          28.06501397
         "BPM.18L6.B1"             12708.67                    5           0.25708664      0.0096420183739                    0          28.14477267
         "BPM.17L6.B1"             12762.12                    5          -0.57133324    0.004029370348164                    0          28.21315452
         "BPM.16L6.B1"             12815.57                    5         -0.101328928    0.008392702379231                    0          28.41089257
         "BPM.15L6.B1"             12869.03                    5           0.33752618      0.0042019084471                    0          28.56501397
         "BPM.14L6.B1"             12922.48                    5          -0.19032026     0.01120845523516                    0          28.64477267
         "BPM.13L6.B1"             12975.93                    5         -0.098695786    0.006911177781667                    0          28.71315452
         "BPM.12L6.B1"             13029.38                    5         0.0089377146    0.008503650430941                    0          28.91203517
         "BPM.11L6.B1"             13082.83                    5           0.34029642     0.00682565774866                    0          29.07915019
         "BPM.10L6.B1"             13134.67                    5          -0.22211392    0.008613129357081                    0          29.16196483
          "BPM.8L6.B1"              13214.2                    5           -0.3342077     0.00596701800234                    0          29.56433506
        "BPMYA.5L6.B1"             13311.29                    5           0.24714904     0.00458026714446                    0          29.65489241
        "BPMYB.4L6.B1"             13347.69                    5         -0.088626564    0.005061427330942                    0          29.67349576
       "BPMSX.B4L6.B1"             13383.23                    5         -0.050840502    0.003440445865297                    0          29.68305948
       "BPMSX.A4L6.B1"             13383.82                    5          -0.44154862    0.009751039203173                    0          29.68323656
        "BPMSA.4R6.B1"             13568.51                    5          -0.15828412    0.003795882408851                    0          29.80914796
        "BPMYA.4R6.B1"             13691.29                    5           0.21125926    0.002910061198433                    0          29.95627564
        "BPMYB.5R6.B1"             13727.69                    5           0.19338322    0.005960606353537                    0          29.97440373
          "BPM.8R6.B1"             13823.42                    5          -0.07464189    0.001958390842324                    0          30.11679217
          "BPM.9R6.B1"             13862.49                    5           0.27577988    0.006410546968692                    0          30.28249525
         "BPM.10R6.B1"             13902.95                    5          -0.68471714    0.001621127966116                    0          30.39133027
         "BPM.11R6.B1"             13954.79                    5          0.015654862    0.001548046682189                    0          30.54131247
         "BPM.12R6.B1"             14009.52                    5         0.0119732066    0.001639525536068                    0          30.65012871
         "BPM.13R6.B1"             14062.97                    5        -0.0075569028    0.002309947269611                    0          30.78167351
         "BPM.14R6.B1"             14116.42                    5          0.036156962    0.002007185867237                    0          30.89904772
         "BPM.15R6.B1"             14169.87                    5           0.21494532    0.003611586129919                    0          31.03773421
         "BPM.16R6.B1"             14223.33                    5          -0.28496328    0.003225142207376                    0          31.15620146
         "BPM.17R6.B1"             14276.78                    5          0.030299302    0.002844517526372                    0          31.30115385
         "BPM.18R6.B1"             14330.23                    5          0.046279356     0.00178292504722                    0          31.41787809
         "BPM.19R6.B1"             14383.68                    5          -0.14621814    0.001821982323358                    0           31.5568007
         "BPM.20R6.B1"             14437.13                    5          0.053560476    0.001215575544244                    0           31.6759082
         "BPM.21R6.B1"             14490.58                    5           -0.1084883    0.002834850024291                    0          31.82051901
         "BPM.22R6.B1"             14544.04                    5            0.3513335    0.001656722194034                    0          31.93665759
         "BPM.23R6.B1"             14597.49                    5          0.056815274    0.002925709463519                    0          32.07646576
         "BPM.24R6.B1"             14650.94                    5          -0.13351688    0.002372977961511                    0          32.19317169
         "BPM.25R6.B1"             14704.39                    5          -0.01456907    0.002971789128229                    0          32.33322388
         "BPM.26R6.B1"             14757.84                    5          0.031943594   0.0006946751661917                    0          32.44934548
         "BPM.27R6.B1"             14811.29                    5          -0.13106736     0.00518025893741                    0          32.58920744
         "BPM.28R6.B1"             14864.74                    5           0.02364913    0.002268951623984                    0          32.70592661
         "BPM.29R6.B1"              14918.2                    5          0.059149554    0.005269304246593                    0          32.84592368
         "BPM.30R6.B1"             14971.65                    5        -0.0038324268    0.001118928927537                    0          32.96203596
         "BPM.31R6.B1"              15025.1                    5          0.052513496    0.004789252685241                    0          33.10195382
         "BPM.32R6.B1"             15078.55                    5           0.18687322    0.001615387849966                    0           33.2186785
         "BPM.33R6.B1"                15132                    5          -0.13024592     0.00376427899681                    0          33.35861912
         "BPM.34R6.B1"             15185.45                    5          0.006990941    0.002201474106189                    0          33.47472983
         "BPM.33L7.B1"              15238.9                    5          0.065714024    0.004608643460282                    0          33.61470427
         "BPM.32L7.B1"             15292.36                    5            -0.523395     0.00155179607171                    0           33.7314266
         "BPM.31L7.B1"             15345.81                    5            0.2012209    0.003189162606114                    0          33.87131087
         "BPM.30L7.B1"             15399.26                    5          0.046678838    0.003749655647192                    0           33.9874278
         "BPM.29L7.B1"             15452.71                    5          0.073781788    0.005230146489527                    0          34.12745806
         "BPM.28L7.B1"             15506.16                    5         0.0057718584    0.002445471260525                    0          34.24417023
         "BPM.27L7.B1"             15559.61                    5          -0.13821234    0.002876756125678                    0           34.3839997
         "BPM.26L7.B1"             15613.06                    5           0.16635314    0.002643273894742                    0          34.50013049
         "BPM.25L7.B1"             15666.52                    5         -0.087204348    0.002596548862347                    0          34.64021439
         "BPM.24L7.B1"             15719.97                    5          -0.10094331    0.002146053494351                    0          34.75690886
         "BPM.23L7.B1"             15773.42                    5          0.053027546    0.001883565135928                    0          34.89668646
         "BPM.22L7.B1"             15826.87                    5           0.16232726    0.002310337739512                    0          35.01283839
         "BPM.21L7.B1"             15880.32                    5          0.058708734    0.003262294806323                    0          35.15297237
         "BPM.20L7.B1"             15933.77                    5          -0.12337412    0.002333991441677                    0          35.27296846
         "BPM.19L7.B1"             15987.23                    5         -0.052293002    0.002423487390311                    0           35.4161987
         "BPM.18L7.B1"             16040.68                    5          -0.11565084    0.002102705111664                    0           35.5316401
         "BPM.17L7.B1"             16094.13                    5           0.07479458    0.004441689129867                    0          35.67240038
         "BPM.16L7.B1"             16147.58                    5          -0.25986694   0.0007552584528442                    0          35.79266328
         "BPM.15L7.B1"             16201.03                    5         -0.016990084    0.003700446648517                    0          35.93521453
         "BPM.14L7.B1"             16254.48                    5           0.40438552    0.002606500336809                    0          36.05047416
         "BPM.13L7.B1"             16307.93                    5           0.13713936    0.003820361255512                    0           36.1919273
         "BPM.12L7.B1"             16361.39                    5          -0.17355508    0.001493908103537                    0          36.31159525
         "BPM.11L7.B1"             16414.84                    5          -0.45686694    0.002708814847611                    0          36.45127933
         "BPM.10L7.B1"             16467.62                    5           -0.1218929    0.002274322346594                    0          36.54715428
          "BPM.9L7.B1"             16506.69                    5           0.76942164    0.004761102065126                    0          36.63574949
          "BPM.8L7.B1"             16547.15                    5         -0.039997252    0.002392426644367                    0          36.70287232
          "BPM.7L7.B1"             16586.22                    5          0.073377664    0.003980870919495                    0          36.77921642
          "BPM.6L7.B1"             16621.04                    5            -1.759302    0.004902241528181                    0          36.84213963
        "BPMWC.6L7.B1"             16633.14                    5           0.53802012    0.002913261966565                    0          36.88492579
        "BPMWE.5L7.B1"             16710.19                    5           0.15743606    0.005980958249865                    0          37.00033155
         "BPMW.5L7.B1"              16733.4                    5           0.33561878    0.003658150679486                    0          37.01210905
        "BPMWE.4L7.B1"             16768.48                    5            0.1259516    0.004694834872519                    0          37.04657879
         "BPMW.4L7.B1"             16796.59                    5           0.10993448    0.002222861710909                    0          37.11741614
         "BPMW.4R7.B1"             16912.63                    5          -0.29282546     0.00437816503419                    0          37.26822557
        "BPMWE.4R7.B1"             16940.74                    5           0.28716692    0.005538383201423                    0          37.28023571
         "BPMW.5R7.B1"             16975.82                    5           0.37783876    0.005697834719138                    0          37.31295216
        "BPMWE.5R7.B1"             16999.03                    5          -0.56838454    0.001397541480811                    0            37.371674
         "BPMR.6R7.B1"             17078.24                    5          -0.18333144    0.003327967346989                    0           37.5329962
        "BPM_A.7R7.B1"             17116.28                    5          -0.37041868    0.004091822946047                    0          37.58684309
          "BPM.8R7.B1"             17155.35                    5           0.45375018     0.00389555892598                    0          37.65199877
          "BPM.9R7.B1"             17194.41                    5           -0.2345176    0.002421907165896                    0          37.71188596
         "BPM.10R7.B1"             17234.88                    5         0.0103897004    0.003135014557265                    0          37.78375801
         "BPM.11R7.B1"             17287.66                    5          -0.48998608    0.001323264325014                    0          37.89743929
         "BPM.12R7.B1"             17342.39                    5           0.14703158    0.002857512335901                    0          38.04314112
         "BPM.13R7.B1"             17395.84                    5           0.37417896    0.003715564022144                    0          38.16063663
         "BPM.14R7.B1"             17449.29                    5         -0.079553464    0.002638249662122                    0          38.29977927
         "BPM.15R7.B1"             17502.74                    5          -0.18458564    0.001949316498318                    0          38.41836967
         "BPM.16R7.B1"             17556.19                    5           0.14907938    0.001714197271558                    0          38.56283514
         "BPM.17R7.B1"             17609.65                    5           -0.5797341    0.004316150270345                    0          38.67950159
         "BPM.18R7.B1"              17663.1                    5           0.26394764    0.004420535642047                    0          38.81890569
         "BPM.19R7.B1"             17716.55                    5          -0.24810584    0.001429539076279                    0          38.93803399
         "BPM.20R7.B1"                17770                    5           0.17682184    0.005662883776542                    0          39.08214824
         "BPM.21R7.B1"             17823.45                    5         -0.101612702     0.00120012269616                    0          39.19832978
         "BPM.22R7.B1"              17876.9                    5           0.11173104    0.002699507102161                    0          39.33813615
         "BPM.23R7.B1"             17930.35                    5          -0.38268332    0.002186383920041                    0          39.45440164
         "BPM.24R7.B1"             17983.81                    5          0.048355022    0.002192800933609                    0          39.59449616
         "BPM.25R7.B1"             18037.26                    5          -0.18136816    0.001821379956683                    0          39.71105478
         "BPM.26R7.B1"             18090.71                    5           0.17850186    0.003558922369288                    0          39.85083466
         "BPM.27R7.B1"             18144.16                    5          -0.28802678    0.001969267568888                    0          39.96712191
         "BPM.28R7.B1"             18197.61                    5           0.18199998    0.005074935725092                    0          40.10724148
         "BPM.29R7.B1"             18251.06                    5          -0.03563863    0.002536881584501                    0          40.22377652
         "BPM.30R7.B1"             18304.51                    5            0.1413771    0.004951024803839                    0           40.3635336
         "BPM.31R7.B1"             18357.97                    5          -0.48126806    0.001990858909773                    0          40.47984593
         "BPM.32R7.B1"             18411.42                    5          0.055586384    0.004216792978808                    0          40.61998606
         "BPM.33R7.B1"             18464.87                    5         -0.033017178    0.001652656074819                    0          40.73649453
         "BPM.34R7.B1"             18518.32                    5           0.28341886    0.003078304687756                    0          40.87623357
         "BPM.33L8.B1"             18571.77                    5          -0.65547342    0.002184652180536                    0          40.99257366
         "BPM.32L8.B1"             18625.22                    5           0.17987306    0.005620706923032                    0          41.13272934
         "BPM.31L8.B1"             18678.68                    5           0.29599336    0.001503788039131                    0           41.2492089
         "BPM.30L8.B1"             18732.13                    5            1.5287426    0.001527143032012                    0          41.38893511
         "BPM.29L8.B1"             18785.58                    5          -0.12596326    0.002136480285569                    0          41.50530494
         "BPM.28L8.B1"             18839.03                    5           -0.1640285    0.002968804088556                    0          41.64547075
         "BPM.27L8.B1"             18892.48                    5           0.25908994    0.001658567120919                    0          41.76191983
         "BPM.26L8.B1"             18945.93                    5           0.29205706    0.004777430019853                    0          41.90163875
         "BPM.25L8.B1"             18999.38                    5          -0.93743142    0.002155876718593                    0          42.01803954
         "BPM.24L8.B1"             19052.84                    5           0.28358384    0.003837811834185                    0          42.15820981
         "BPM.23L8.B1"             19106.29                    5           0.20221742    0.002691219932634                    0           42.2746276
         "BPM.22L8.B1"             19159.74                    5           0.10958138    0.003263576982057                    0          42.41434497
         "BPM.21L8.B1"             19213.19                    5          -0.67390426   0.0009376424279525                    0          42.53077713
         "BPM.20L8.B1"             19266.64                    5         0.0107891262     0.00401350200327                    0          42.67046411
         "BPM.19L8.B1"             19320.09                    5           0.25359544    0.002718185078799                    0          42.78980732
         "BPM.18L8.B1"             19373.54                    5          0.085148302    0.002211649821241                    0          42.93359865
         "BPM.17L8.B1"                19427                    5          -0.25797548      0.0013590355955                    0          43.04960955
         "BPM.16L8.B1"             19480.45                    5            0.1346342    0.003103117482183                    0          43.18975277
         "BPM.15L8.B1"              19533.9                    5          0.039173544    0.003541514023805                    0          43.30948709
         "BPM.14L8.B1"             19587.35                    5          0.028348786    0.003037737547953                    0          43.45275095
         "BPM.13L8.B1"              19640.8                    5          -0.31247964    0.002185503061226                    0          43.56844302
         "BPM.12L8.B1"             19694.25                    5           0.12441742    0.003324066290226                    0          43.71110829
         "BPM.11L8.B1"              19747.7                    5          -0.35961652    0.002383373307275                    0          43.82191874
         "BPM.10L8.B1"             19799.55                    5            0.1078817    0.001525930621038                    0          43.94713863
          "BPM.9L8.B1"             19838.61                    5           -0.2773913    0.002141049521197                    0          44.01040168
          "BPM.8L8.B1"             19879.08                    5           0.55075644    0.004378474552007                    0          44.09982596
          "BPM.7L8.B1"             19918.15                    5          -0.12272718    0.004424590400683                    0          44.17257113
         "BPMR.6L8.B1"             19950.61                    5          0.044952216    0.002004139934177                    0          44.24079275
          "BPM.5L8.B1"             20011.03                    5          -0.62257436    0.002389848772352                    0          44.62229908
        "BPMYB.4L8.B1"              20031.8                    5           0.35458094    0.003808731528298                    0          44.64369623
        "BPMWB.4L8.B1"                20061                    5          -0.10628682    0.004668662400069                    0          44.65525084
        "BPMSX.4L8.B1"             20106.36                    5          0.069746644    0.005819991946208                    0          44.67083621
         "BPMS.2L8.B1"             20144.34                    5            0.6757442    0.006799604055829                    0          44.67990067
        "BPMSW.1L8.B1"             20154.27                    5            1.4246826    0.006153306057764                    0          44.68402844
         "BPMS.2R8.B1"             20207.39                    5          -0.17254614     0.00645315335031                    0          45.15998678
        "BPMSX.4R8.B1"             20245.25                    5           0.40431172     0.00796393196416                    0          45.17029611
        "BPMWB.4R8.B1"             20290.66                    5           0.86472744    0.004896402733281                    0          45.18306485
        "BPMYB.4R8.B1"             20319.93                    5           0.42705674    0.006534621123723                    0          45.20082156
        "BPMYB.5R8.B1"             20340.51                    5         -0.068344228    0.003491843592826                    0          45.21407269
          "BPM.6R8.B1"             20424.62                    5          0.018973746    0.003330291210529                    0          45.43165406
        "BPM_A.7R8.B1"             20446.86                    5          -0.36603458    0.003429192187358                    0          45.49199907
          "BPM.8R8.B1"             20488.29                    5           0.42916428    0.001047028991869                    0          45.70613846
          "BPM.9R8.B1"             20527.36                    5          0.075667462    0.002280255393599                    0          45.87094922
         "BPM.10R8.B1"             20567.82                    5          -0.44098648    0.002018023924982                    0            45.923423
         "BPM.11R8.B1"             20619.66                    5           0.11940202    0.003032103804592                    0          46.09243445
         "BPM.12R8.B1"             20674.38                    5          -0.39483274    0.002130156798608                    0          46.26980227
         "BPM.13R8.B1"             20727.83                    5           0.40818402    0.004182069403284                    0           46.3553598
         "BPM.14R8.B1"             20781.28                    5          -0.41190334    0.002560931663793                    0          46.42324656
         "BPM.15R8.B1"             20834.73                    5           0.24609438    0.001594454836555                    0          46.62080407
         "BPM.16R8.B1"             20888.18                    5           -0.7581331     0.00134002331776                    0          46.77581238
         "BPM.17R8.B1"             20941.63                    5           0.10234453    0.002647212672192                    0          46.85534185
         "BPM.18R8.B1"             20995.07                    5           0.19157636    0.001313790644898                    0          46.92321791
         "BPM.19R8.B1"             21048.52                    5          0.070007756    0.002374097042567                    0          47.12073276
         "BPM.20R8.B1"             21101.97                    5          -0.39928064    0.003122421863659                    0          47.27578338
         "BPM.21R8.B1"             21155.42                    5           0.16652104    0.001818003280145                    0          47.35532379
         "BPM.22R8.B1"             21208.87                    5           0.30469474     0.00301842050394                    0          47.42318927
         "BPM.23R8.B1"             21262.32                    5          -0.11814004    0.002461807549468                    0          47.62066145
         "BPM.24R8.B1"             21315.76                    5          -0.14694308    0.002614359114167                    0          47.77575436
         "BPM.25R8.B1"             21369.21                    5           0.08751325    0.002690490583343                    0          47.85530573
         "BPM.26R8.B1"             21422.66                    5          -0.41273016    0.003895672287879                    0          47.92316065
         "BPM.27R8.B1"             21476.11                    5            0.1753683    0.004399888503612                    0          48.12059013
         "BPM.28R8.B1"             21529.56                    5          -0.15477874     0.00272125976243                    0          48.27572534
         "BPM.29R8.B1"             21583.01                    5           0.33063918    0.004652306222272                    0          48.35528767
         "BPM.30R8.B1"             21636.46                    5          -0.38122066    0.001765592049879                    0          48.42313202
         "BPM.31R8.B1"              21689.9                    5         -0.090936032    0.002515490705997                    0           48.6205188
         "BPM.32R8.B1"             21743.35                    5           0.53163058    0.003784559802905                    0          48.77569631
         "BPM.33R8.B1"              21796.8                    5          -0.19637424    0.001501082258448                    0          48.85526961
         "BPM.34R8.B1"             21850.25                    5          -0.20039248    0.001112143290145                    0          48.92310341
         "BPM.33L1.B1"              21903.7                    5          0.052479842    0.004185824309003                    0          49.12044747
         "BPM.32L1.B1"             21957.15                    5          0.019396158    0.002537400388026                    0          49.27566727
         "BPM.31L1.B1"              22010.6                    5          -0.08603521    0.004197347238233                    0          49.35525155
         "BPM.30L1.B1"             22064.04                    5           0.56096682    0.004484867234354                    0           49.4230748
         "BPM.29L1.B1"             22117.49                    5         -0.044216682     0.00399920870111                    0          49.62037613
         "BPM.28L1.B1"             22170.94                    5          -0.34789186    0.001303772901475                    0          49.77563822
         "BPM.27L1.B1"             22224.39                    5         0.0076736712    0.003821260638532                    0          49.85523349
         "BPM.26L1.B1"             22277.84                    5          -0.08658047    0.001328786554199                    0          49.92304621
         "BPM.25L1.B1"             22331.29                    5          0.017595968    0.003854671386881                    0          50.12030479
         "BPM.24L1.B1"             22384.74                    5          0.071521314    0.002799495548274                    0          50.27560916
         "BPM.23L1.B1"             22438.18                    5           0.13159492    0.004260186524768                    0          50.35521543
         "BPM.22L1.B1"             22491.63                    5          -0.15923218    0.005183499997281                    0          50.42301762
         "BPM.21L1.B1"             22545.08                    5          0.026707104    0.006579492404708                    0          50.62023343
         "BPM.20L1.B1"             22598.53                    5           0.12330136       0.004575440769                    0           50.7755801
         "BPM.19L1.B1"             22651.98                    5         -0.106242508    0.007746897403962                    0          50.85519737
         "BPM.18L1.B1"             22705.43                    5         -0.092485206    0.003638523480909                    0          50.92298903
         "BPM.17L1.B1"             22758.87                    5          0.080611862    0.006159918016594                    0          51.12016208
         "BPM.16L1.B1"             22812.32                    5          -0.34295926    0.004776930284878                    0          51.27555103
         "BPM.15L1.B1"             22865.77                    5           0.27944244    0.004122397944721                    0          51.35517931
         "BPM.14L1.B1"             22919.22                    5           0.06886109    0.003506316171987                    0          51.42296046
         "BPM.13L1.B1"             22972.67                    5         0.0080455624    0.003772734612194                    0          51.62009071
         "BPM.12L1.B1"             23026.12                    5          -0.26459806   0.0007298242875044                    0          51.77306307
         "BPM.11L1.B1"             23079.57                    5          3.23661e-05    0.008541758811798                    0          51.85211644
         "BPM.10L1.B1"             23132.35                    5           0.11207128    0.004748853932669                    0          51.90381402
          "BPM.9L1.B1"             23171.41                    5          -0.67077142    0.006146997818925                    0          51.97278602
          "BPM.8L1.B1"             23211.87                    5           0.25270728    0.005132140056724                    0          52.20368747
         "BPMR.7L1.B1"             23250.94                    5           0.42427988     0.00492664514795                    0          52.37120834
         "BPMR.5L1.B1"             23326.02                    5          -0.79270246     0.00582524028231                    0          52.82447265
        "BPMYA.4L1.B1"             23347.14                    5           0.32460836    0.005644894585253                    0          52.83857886
        "BPMWB.4L1.B1"             23368.28                    5          -0.33270072    0.004553264184495                    0          52.84453353
        "BPMSY.4L1.B1"                23461                    5            0.4465404     0.01407476505197                    0          52.85045638
         "BPMS.2L1.B1"             23487.84                    5            0.5019906    0.006507859307351                    0          52.85170681
        "BPMSW.1L1.B1"             23497.79                    5           0.43125234    0.006361905924375                    0          52.85251078
        "BPMSW.1R1.B1"             23540.93                    5           0.12418524    0.005186760209477                    0          53.34809008
         "BPMS.2R1.B1"              23550.9                    5            0.7994728    0.008274756439935                    0          53.34871665
        "BPMSY.4R1.B1"             23577.62                    5           0.57961026    0.005273402112729                    0          53.34955545
        "BPMWB.4R1.B1"             23670.46                    5           -0.3455952    0.008788392763422                    0          53.35459795
        "BPMYA.4R1.B1"              23691.6                    5            0.9841466    0.008156882452015                    0          53.35601191
          "BPM.5R1.B1"                23719                    5          -0.73035712      0.0064515927049                    0          53.35931892
         "BPMR.6R1.B1"              23750.9                    5          -0.28681828    0.002277611218322                    0          53.36928731
        "BPMSX.7R1.B1"             23757.12                    5            1.3165806    0.003582743060867                    0          53.37309501
        "BPM_A.7R1.B1"             23778.63                    5           -0.9280404    0.005059841232735                    0          53.40777248
          "BPM.8R1.B1"             23820.07                    5           0.32339144    0.001098250788577                    0          53.64670415
          "BPM.9R1.B1"             23859.13                    5          -0.42331684     0.00284638043743                    0          53.77924331
         "BPM.10R1.B1"              23899.6                    5            3.4058324    0.002474751915098                    0          53.84201144
         "BPM.11R1.B1"             23952.38                    5           -3.2385688    0.001766490916994                    0          53.90835644
         "BPM.12R1.B1"             24007.11                    5          0.085112488    0.002283105514634                    0          54.12189745
         "BPM.13R1.B1"             24060.56                    5          -0.32026928    0.002647755086451                    0           54.2765055
         "BPM.14R1.B1"             24114.01                    5          0.098936316    0.003865357552471                    0          54.35578036
         "BPM.15R1.B1"             24167.46                    5           0.37443626     0.00326881424658                    0          54.42392153
         "BPM.16R1.B1"             24220.91                    5          -0.12972562    0.003267286808014                    0           54.6224973
         "BPM.17R1.B1"             24274.37                    5            0.1068217    0.001252985243418                    0          54.77650578
         "BPM.18R1.B1"             24327.82                    5          -0.12714434     0.00489434326612                    0          54.85578036
         "BPM.19R1.B1"             24381.27                    5           -0.1727393    0.004503185512082                    0          54.92392153
         "BPM.20R1.B1"             24434.72                    5            0.1113793    0.001769951849124                    0           55.1224973
         "BPM.21R1.B1"             24488.17                    5          -0.31924844    0.002273740555692                    0          55.27650578
         "BPM.22R1.B1"             24541.62                    5           0.24148898    0.004934485834796                    0          55.35578036
         "BPM.23R1.B1"             24595.08                    5            -3.656325    0.003248117239816                    0          55.42392153
         "BPM.24R1.B1"             24648.53                    5          0.035780606    0.003030138117229                    0           55.6224973
         "BPM.25R1.B1"             24701.98                    5            2.7439916    0.002815127606568                    0          55.77650578
         "BPM.26R1.B1"             24755.43                    5         -0.080051982    0.003240851623731                    0          55.85578036
         "BPM.27R1.B1"             24808.88                    5          -0.18274306    0.003075251183662                    0          55.92392153
         "BPM.28R1.B1"             24862.33                    5          0.032619398    0.001792805243934                    0           56.1224973
         "BPM.29R1.B1"             24915.78                    5          0.016454928      0.0031050601816                    0          56.27650578
         "BPM.30R1.B1"             24969.24                    5           0.46370222    0.003156513554204                    0          56.35578036
         "BPM.31R1.B1"             25022.69                    5          -0.85714574    0.003754084886435                    0          56.42392153
         "BPM.32R1.B1"             25076.14                    5           0.42806172    0.003368730577806                    0           56.6224973
         "BPM.33R1.B1"             25129.59                    5          -0.44412418    0.003184788122593                    0          56.77650578
         "BPM.34R1.B1"             25183.04                    5          -0.10782128    0.002406019636208                    0          56.85578036
         "BPM.33L2.B1"             25236.49                    5            0.1550205    0.003430077144937                    0          56.92392153
         "BPM.32L2.B1"             25289.94                    5           0.13988472    0.003622917786787                    0           57.1224973
         "BPM.31L2.B1"              25343.4                    5           -0.5780349    0.001789311536952                    0          57.27650578
         "BPM.30L2.B1"             25396.85                    5           0.23343982    0.001010986447894                    0          57.35578036
         "BPM.29L2.B1"              25450.3                    5           0.29267276    0.002374886741432                    0          57.42392153
         "BPM.28L2.B1"             25503.75                    5           0.11938412    0.002439622636767                    0           57.6224973
         "BPM.27L2.B1"              25557.2                    5          -0.55435722    0.001746750796726                    0          57.77650578
         "BPM.26L2.B1"             25610.65                    5         -0.052668706    0.003836150518664                    0          57.85578036
         "BPM.25L2.B1"              25664.1                    5            0.0533545    0.002316241676428                    0          57.92392153
         "BPM.24L2.B1"             25717.56                    5           0.11506624     0.00387618668418                    0           58.1224973
         "BPM.23L2.B1"             25771.01                    5           -0.4193574    0.003002317803338                    0          58.27650578
         "BPM.22L2.B1"             25824.46                    5            0.2831536    0.001814894719873                    0          58.35578036
         "BPM.21L2.B1"             25877.91                    5        0.00025175278    0.003199992377117                    0          58.42392153
         "BPM.20L2.B1"             25931.36                    5           0.15753596    0.001126466522634                    0           58.6224973
         "BPM.19L2.B1"             25984.81                    5          -0.43467206    0.001923336144986                    0          58.77650578
         "BPM.18L2.B1"             26038.27                    5            0.1121628    0.002334850324159                    0          58.85578036
         "BPM.17L2.B1"             26091.72                    5            -0.530606    0.002445943436038                    0          58.92392153
         "BPM.16L2.B1"             26145.17                    5          0.038290962    0.003020441290255                    0           59.1224973
         "BPM.15L2.B1"             26198.62                    5           0.27747434    0.002011054795528                    0          59.27650578
         "BPM.14L2.B1"             26252.07                    5          0.036624354      0.0024274545611                    0          59.35578036
         "BPM.13L2.B1"             26305.52                    5           0.13488336    0.001101869363682                    0          59.42392153
         "BPM.12L2.B1"             26358.97                    5          -0.02977179    0.004257011446658                    0          59.61826175
         "BPM.11L2.B1"             26412.43                    5          -0.14950938    0.002819542310697                    0          59.78348275
         "BPM.10L2.B1"             26464.27                    5           0.32656722   0.0009920354518928                    0          59.86703539
          "BPM.9L2.B1"             26503.33                    5          -0.59223754    0.001964784446869                    0          59.90873017
          "BPM.8L2.B1"              26543.8                    5          -0.70455794    0.001920407667805                    0           60.0424837
          "BPM.7L2.B1"             26582.87                    5           0.38544052    0.002482789238295                    0          60.17363617
         "BPMR.6L2.B1"             26614.97                    5          0.052541756     0.00280996469111                    0           60.2361632